#
# There is insufficient memory for the Java Runtime Environment to continue.
# Native memory allocation (malloc) failed to allocate 302336 bytes. Error detail: Chunk::new
# Possible reasons:
#   The system is out of physical RAM or swap space
#   This process is running with CompressedOops enabled, and the Java Heap may be blocking the growth of the native heap
# Possible solutions:
#   Reduce memory load on the system
#   Increase physical memory or swap space
#   Check if swap backing store is full
#   Decrease Java heap size (-Xmx/-Xms)
#   Decrease number of Java threads
#   Decrease Java thread stack sizes (-Xss)
#   Set larger code cache with -XX:ReservedCodeCacheSize=
#   JVM is running with Unscaled Compressed Oops mode in which the Java heap is
#     placed in the first 4GB address space. The Java Heap base address is the
#     maximum limit for the native heap growth. Please use -XX:HeapBaseMinAddress
#     to set the Java Heap base and to place the Java Heap above 4GB virtual address.
# This output file may be truncated or incomplete.
#
#  Out of Memory Error (arena.cpp:168), pid=10964, tid=2220
#
# JRE version: OpenJDK Runtime Environment Temurin-21.0.10+7 (21.0.10+7) (build 21.0.10+7-LTS)
# Java VM: OpenJDK 64-Bit Server VM Temurin-21.0.10+7 (21.0.10+7-LTS, mixed mode, sharing, tiered, compressed oops, compressed class ptrs, parallel gc, windows-amd64)
# No core dump will be written. Minidumps are not enabled by default on client versions of Windows
#

---------------  S U M M A R Y ------------

Command Line: --add-modules=ALL-SYSTEM --add-opens=java.base/java.util=ALL-UNNAMED --add-opens=java.base/java.lang=ALL-UNNAMED --add-opens=java.base/sun.nio.fs=ALL-UNNAMED -Declipse.application=org.eclipse.jdt.ls.core.id1 -Dosgi.bundles.defaultStartLevel=4 -Declipse.product=org.eclipse.jdt.ls.core.product -Djava.import.generatesMetadataFilesAtProjectRoot=false -DDetectVMInstallationsJob.disabled=true -Dfile.encoding=utf8 -XX:+UseParallelGC -XX:GCTimeRatio=4 -XX:AdaptiveSizePolicyWeight=90 -Dsun.zip.disableMemoryMapping=true -Xmx2G -Xms100m -Xlog:disable -javaagent:c:\Users\umer\.antigravity\extensions\redhat.java-1.53.0-win32-x64\lombok\lombok-1.18.39-4050.jar c:\Users\umer\.antigravity\extensions\redhat.java-1.53.0-win32-x64\server\plugins\org.eclipse.equinox.launcher_1.7.100.v20251111-0406.jar -configuration c:\Users\umer\AppData\Roaming\Antigravity\User\globalStorage\redhat.java\1.53.0\config_ss_win -data c:\Users\umer\AppData\Roaming\Antigravity\User\workspaceStorage\6df3d27f3bd43c630c54ccd35b3d9e58\redhat.java\ss_ws --pipe=\\.\pipe\lsp-57f2462a9e957aad2ad4afd7d32587ec-sock

Host: Intel(R) Core(TM) i5-4570 CPU @ 3.20GHz, 4 cores, 7G,  Windows 10 , 64 bit Build 19041 (10.0.19041.5915)
Time: Wed Mar 25 01:06:09 2026 Pakistan Standard Time elapsed time: 0.571579 seconds (0d 0h 0m 0s)

---------------  T H R E A D  ---------------

Current thread (0x000001a3d5df3cd0):  JavaThread "C2 CompilerThread0" daemon [_thread_in_native, id=2220, stack(0x0000001df7900000,0x0000001df7a00000) (1024K)]


Current CompileTask:
C2:571  663       4       lombok.patcher.scripts.MethodLevelPatchScript::patch (21 bytes)

Stack: [0x0000001df7900000,0x0000001df7a00000]
Native frames: (J=compiled Java code, j=interpreted, Vv=VM code, C=native code)
V  [jvm.dll+0x6d7a39]
V  [jvm.dll+0x8b4b26]
V  [jvm.dll+0x8b70de]
V  [jvm.dll+0x8b77c3]
V  [jvm.dll+0x284346]
V  [jvm.dll+0xc66ed]
V  [jvm.dll+0xc6c31]
V  [jvm.dll+0x2fb29e]
V  [jvm.dll+0x5fe884]
V  [jvm.dll+0x255b17]
V  [jvm.dll+0x255edd]
V  [jvm.dll+0x24e500]
V  [jvm.dll+0x24ba42]
V  [jvm.dll+0x1cb34e]
V  [jvm.dll+0x25b85d]
V  [jvm.dll+0x259dea]
V  [jvm.dll+0x3f857e]
V  [jvm.dll+0x85f59d]
V  [jvm.dll+0x6d626d]
C  [ucrtbase.dll+0x21bb2]
C  [KERNEL32.DLL+0x17374]
C  [ntdll.dll+0x4cc91]


---------------  P R O C E S S  ---------------

Threads class SMR info:
_java_thread_list=0x000001a417acc780, length=12, elements={
0x000001a3bf3ff800, 0x000001a3d5dea530, 0x000001a3d5debe40, 0x000001a3d5ded750,
0x000001a3d5df0480, 0x000001a3d5df1420, 0x000001a3d5df2e90, 0x000001a3d5df3cd0,
0x000001a3d5e61830, 0x000001a417bf8550, 0x000001a417c43f70, 0x000001a417d5dd20
}

Java Threads: ( => current thread )
  0x000001a3bf3ff800 JavaThread "main"                              [_thread_in_vm, id=13020, stack(0x0000001df6f00000,0x0000001df7000000) (1024K)]
  0x000001a3d5dea530 JavaThread "Reference Handler"          daemon [_thread_blocked, id=4364, stack(0x0000001df7300000,0x0000001df7400000) (1024K)]
  0x000001a3d5debe40 JavaThread "Finalizer"                  daemon [_thread_blocked, id=10576, stack(0x0000001df7400000,0x0000001df7500000) (1024K)]
  0x000001a3d5ded750 JavaThread "Signal Dispatcher"          daemon [_thread_blocked, id=12168, stack(0x0000001df7500000,0x0000001df7600000) (1024K)]
  0x000001a3d5df0480 JavaThread "Attach Listener"            daemon [_thread_blocked, id=2092, stack(0x0000001df7600000,0x0000001df7700000) (1024K)]
  0x000001a3d5df1420 JavaThread "Service Thread"             daemon [_thread_blocked, id=12784, stack(0x0000001df7700000,0x0000001df7800000) (1024K)]
  0x000001a3d5df2e90 JavaThread "Monitor Deflation Thread"   daemon [_thread_blocked, id=9392, stack(0x0000001df7800000,0x0000001df7900000) (1024K)]
=>0x000001a3d5df3cd0 JavaThread "C2 CompilerThread0"         daemon [_thread_in_native, id=2220, stack(0x0000001df7900000,0x0000001df7a00000) (1024K)]
  0x000001a3d5e61830 JavaThread "C1 CompilerThread0"         daemon [_thread_blocked, id=8644, stack(0x0000001df7a00000,0x0000001df7b00000) (1024K)]
  0x000001a417bf8550 JavaThread "Common-Cleaner"             daemon [_thread_blocked, id=12224, stack(0x0000001df7b00000,0x0000001df7c00000) (1024K)]
  0x000001a417c43f70 JavaThread "Notification Thread"        daemon [_thread_blocked, id=11024, stack(0x0000001df7c00000,0x0000001df7d00000) (1024K)]
  0x000001a417d5dd20 JavaThread "C2 CompilerThread1"         daemon [_thread_in_native, id=5128, stack(0x0000001df7d00000,0x0000001df7e00000) (1024K)]
Total: 12

Other Threads:
  0x000001a3bf4be1e0 VMThread "VM Thread"                           [id=1584, stack(0x0000001df7200000,0x0000001df7300000) (1024K)]
  0x000001a3d5d9cbf0 WatcherThread "VM Periodic Task Thread"        [id=2068, stack(0x0000001df7100000,0x0000001df7200000) (1024K)]
  0x000001a3bf420100 WorkerThread "GC Thread#0"                     [id=9156, stack(0x0000001df7000000,0x0000001df7100000) (1024K)]
Total: 3

Threads with active compile tasks:
C2 CompilerThread0  615  663       4       lombok.patcher.scripts.MethodLevelPatchScript::patch (21 bytes)
C2 CompilerThread1  615  674       4       lombok.patcher.PatchScript::classMatches (41 bytes)
Total: 2

VM state: not at safepoint (normal execution)

VM Mutex/Monitor currently owned by a thread: None

Heap address: 0x0000000080000000, size: 2048 MB, Compressed Oops mode: 32-bit

CDS archive(s) mapped at: [0x000001a3d6000000-0x000001a3d6ba0000-0x000001a3d6ba0000), size 12189696, SharedBaseAddress: 0x000001a3d6000000, ArchiveRelocationMode: 1.
Compressed class space mapped at: 0x000001a3d7000000-0x000001a417000000, reserved size: 1073741824
Narrow klass base: 0x000001a3d6000000, Narrow klass shift: 0, Narrow klass range: 0x100000000

GC Precious Log:
 CardTable entry size: 512
 CPUs: 4 total, 4 available
 Memory: 8082M
 Large Page Support: Disabled
 NUMA Support: Disabled
 Compressed Oops: Enabled (32-bit)
 Alignments: Space 512K, Generation 512K, Heap 2M
 Heap Min Capacity: 100M
 Heap Initial Capacity: 100M
 Heap Max Capacity: 2G
 Pre-touch: Disabled
 Parallel Workers: 4

Heap:
 PSYoungGen      total 29696K, used 14427K [0x00000000d5580000, 0x00000000d7680000, 0x0000000100000000)
  eden space 25600K, 56% used [0x00000000d5580000,0x00000000d6396ef8,0x00000000d6e80000)
  from space 4096K, 0% used [0x00000000d7280000,0x00000000d7280000,0x00000000d7680000)
  to   space 4096K, 0% used [0x00000000d6e80000,0x00000000d6e80000,0x00000000d7280000)
 ParOldGen       total 68608K, used 0K [0x0000000080000000, 0x0000000084300000, 0x00000000d5580000)
  object space 68608K, 0% used [0x0000000080000000,0x0000000080000000,0x0000000084300000)
 Metaspace       used 2725K, committed 2944K, reserved 1114112K
  class space    used 288K, committed 384K, reserved 1048576K

Card table byte_map: [0x000001a3bedb0000,0x000001a3bf1c0000] _byte_map_base: 0x000001a3be9b0000

Marking Bits: (ParMarkBitMap*) 0x00007ffab7f03450
 Begin Bits: [0x000001a3d18c0000, 0x000001a3d38c0000)
 End Bits:   [0x000001a3d38c0000, 0x000001a3d58c0000)

Polling page: 0x000001a3bd1d0000

Metaspace:

Usage:
  Non-class:      2.38 MB used.
      Class:    288.39 KB used.
       Both:      2.66 MB used.

Virtual space:
  Non-class space:       64.00 MB reserved,       2.50 MB (  4%) committed,  1 nodes.
      Class space:        1.00 GB reserved,     384.00 KB ( <1%) committed,  1 nodes.
             Both:        1.06 GB reserved,       2.88 MB ( <1%) committed. 

Chunk freelists:
   Non-Class:  11.65 MB
       Class:  15.67 MB
        Both:  27.32 MB

MaxMetaspaceSize: unlimited
CompressedClassSpaceSize: 1.00 GB
Initial GC threshold: 21.00 MB
Current GC threshold: 21.00 MB
CDS: on
 - commit_granule_bytes: 65536.
 - commit_granule_words: 8192.
 - virtual_space_node_default_size: 8388608.
 - enlarge_chunks_in_place: 1.
 - use_allocation_guard: 0.


Internal statistics:

num_allocs_failed_limit: 0.
num_arena_births: 80.
num_arena_deaths: 0.
num_vsnodes_births: 2.
num_vsnodes_deaths: 0.
num_space_committed: 46.
num_space_uncommitted: 0.
num_chunks_returned_to_freelist: 0.
num_chunks_taken_from_freelist: 102.
num_chunk_merges: 0.
num_chunk_splits: 72.
num_chunks_enlarged: 46.
num_inconsistent_stats: 0.

CodeHeap 'non-profiled nmethods': size=120000Kb used=244Kb max_used=244Kb free=119755Kb
 bounds [0x000001a3ca0e0000, 0x000001a3ca350000, 0x000001a3d1610000]
CodeHeap 'profiled nmethods': size=120000Kb used=1019Kb max_used=1019Kb free=118980Kb
 bounds [0x000001a3c2610000, 0x000001a3c2880000, 0x000001a3c9b40000]
CodeHeap 'non-nmethods': size=5760Kb used=1181Kb max_used=1193Kb free=4578Kb
 bounds [0x000001a3c9b40000, 0x000001a3c9db0000, 0x000001a3ca0e0000]
CodeCache: size=245760Kb, used=2444Kb, max_used=2456Kb, free=243313Kb
 total_blobs=1116, nmethods=676, adapters=347, full_count=0
Compilation: enabled, stopped_count=0, restarted_count=0

Compilation events (20 events):
Event: 0.487 Thread 0x000001a3d5e61830  665       3       java.util.jar.Manifest$FastInputStream::readLine (296 bytes)
Event: 0.487 Thread 0x000001a3d5e61830 nmethod 665 0x000001a3c270a510 code [0x000001a3c270a740, 0x000001a3c270afa8]
Event: 0.488 Thread 0x000001a3d5e61830  666       3       java.util.Objects::checkFromIndexSize (8 bytes)
Event: 0.488 Thread 0x000001a3d5e61830 nmethod 666 0x000001a3c270b310 code [0x000001a3c270b4c0, 0x000001a3c270b6c8]
Event: 0.494 Thread 0x000001a3d5e61830  669       3       java.lang.Integer::rotateRight (9 bytes)
Event: 0.494 Thread 0x000001a3d5e61830 nmethod 669 0x000001a3c270b810 code [0x000001a3c270b9a0, 0x000001a3c270baa0]
Event: 0.494 Thread 0x000001a3d5e61830  670       3       sun.invoke.util.Wrapper::forPrimitiveType (122 bytes)
Event: 0.494 Thread 0x000001a3d5e61830 nmethod 670 0x000001a3c270bb10 code [0x000001a3c270bde0, 0x000001a3c270c8c0]
Event: 0.494 Thread 0x000001a3d5df3cd0 nmethod 662 0x000001a3ca11c310 code [0x000001a3ca11c520, 0x000001a3ca11cc40]
Event: 0.494 Thread 0x000001a3d5df3cd0  663       4       lombok.patcher.scripts.MethodLevelPatchScript::patch (21 bytes)
Event: 0.499 Thread 0x000001a3d5e61830  675       3       jdk.internal.org.objectweb.asm.SymbolTable::addConstantNameAndType (137 bytes)
Event: 0.500 Thread 0x000001a3d5e61830 nmethod 675 0x000001a3c270cb90 code [0x000001a3c270ce00, 0x000001a3c270d500]
Event: 0.500 Thread 0x000001a3d5e61830  676       3       jdk.internal.org.objectweb.asm.SymbolTable::hash (15 bytes)
Event: 0.500 Thread 0x000001a3d5e61830 nmethod 676 0x000001a3c270d910 code [0x000001a3c270dac0, 0x000001a3c270dc40]
Event: 0.501 Thread 0x000001a3d5e61830  677       3       java.lang.invoke.MethodType::erase (8 bytes)
Event: 0.501 Thread 0x000001a3d5e61830 nmethod 677 0x000001a3c270dd90 code [0x000001a3c270df20, 0x000001a3c270e050]
Event: 0.501 Thread 0x000001a3d5e61830  678       3       java.lang.invoke.MemberName::getModifiers (8 bytes)
Event: 0.501 Thread 0x000001a3d5e61830 nmethod 678 0x000001a3c270e110 code [0x000001a3c270e2a0, 0x000001a3c270e3b0]
Event: 0.503 Thread 0x000001a3d5e61830  679       3       java.lang.StringUTF16::putChar (54 bytes)
Event: 0.503 Thread 0x000001a3d5e61830 nmethod 679 0x000001a3c270e410 code [0x000001a3c270e5c0, 0x000001a3c270e710]

GC Heap History (0 events):
No events

Dll operation events (8 events):
Event: 0.019 Loaded shared library c:\Users\umer\.antigravity\extensions\redhat.java-1.53.0-win32-x64\jre\21.0.10-win32-x86_64\bin\java.dll
Event: 0.104 Loaded shared library c:\Users\umer\.antigravity\extensions\redhat.java-1.53.0-win32-x64\jre\21.0.10-win32-x86_64\bin\zip.dll
Event: 0.135 Loaded shared library C:\Users\umer\.antigravity\extensions\redhat.java-1.53.0-win32-x64\jre\21.0.10-win32-x86_64\bin\instrument.dll
Event: 0.139 Loaded shared library C:\Users\umer\.antigravity\extensions\redhat.java-1.53.0-win32-x64\jre\21.0.10-win32-x86_64\bin\net.dll
Event: 0.140 Loaded shared library C:\Users\umer\.antigravity\extensions\redhat.java-1.53.0-win32-x64\jre\21.0.10-win32-x86_64\bin\nio.dll
Event: 0.144 Loaded shared library C:\Users\umer\.antigravity\extensions\redhat.java-1.53.0-win32-x64\jre\21.0.10-win32-x86_64\bin\zip.dll
Event: 0.164 Loaded shared library C:\Users\umer\.antigravity\extensions\redhat.java-1.53.0-win32-x64\jre\21.0.10-win32-x86_64\bin\jimage.dll
Event: 0.248 Loaded shared library c:\Users\umer\.antigravity\extensions\redhat.java-1.53.0-win32-x64\jre\21.0.10-win32-x86_64\bin\verify.dll

Deoptimization events (20 events):
Event: 0.345 Thread 0x000001a3bf3ff800 Uncommon trap: trap_request=0xffffffde fr.pc=0x000001a3ca0ed420 relative=0x0000000000000780
Event: 0.345 Thread 0x000001a3bf3ff800 Uncommon trap: reason=class_check action=maybe_recompile pc=0x000001a3ca0ed420 method=java.util.HashMap.putVal(ILjava/lang/Object;Ljava/lang/Object;ZZ)Ljava/lang/Object; @ 152 c2
Event: 0.345 Thread 0x000001a3bf3ff800 DEOPT PACKING pc=0x000001a3ca0ed420 sp=0x0000001df6fff0a0
Event: 0.345 Thread 0x000001a3bf3ff800 DEOPT UNPACKING pc=0x000001a3c9b93aa2 sp=0x0000001df6fff000 mode 2
Event: 0.357 Thread 0x000001a3bf3ff800 DEOPT PACKING pc=0x000001a3c2658b3f sp=0x0000001df6ffb6f0
Event: 0.357 Thread 0x000001a3bf3ff800 DEOPT UNPACKING pc=0x000001a3c9b94242 sp=0x0000001df6ffaba0 mode 0
Event: 0.358 Thread 0x000001a3bf3ff800 DEOPT PACKING pc=0x000001a3c2658b3f sp=0x0000001df6ffbd30
Event: 0.358 Thread 0x000001a3bf3ff800 DEOPT UNPACKING pc=0x000001a3c9b94242 sp=0x0000001df6ffb1e0 mode 0
Event: 0.442 Thread 0x000001a3bf3ff800 Uncommon trap: trap_request=0xffffff45 fr.pc=0x000001a3ca1116fc relative=0x000000000000015c
Event: 0.442 Thread 0x000001a3bf3ff800 Uncommon trap: reason=unstable_if action=reinterpret pc=0x000001a3ca1116fc method=jdk.internal.util.ArraysSupport.vectorizedHashCode(Ljava/lang/Object;IIII)I @ 2 c2
Event: 0.442 Thread 0x000001a3bf3ff800 DEOPT PACKING pc=0x000001a3ca1116fc sp=0x0000001df6ffd070
Event: 0.442 Thread 0x000001a3bf3ff800 DEOPT UNPACKING pc=0x000001a3c9b93aa2 sp=0x0000001df6ffd020 mode 2
Event: 0.449 Thread 0x000001a3bf3ff800 Uncommon trap: trap_request=0xffffff45 fr.pc=0x000001a3ca101cf4 relative=0x00000000000000d4
Event: 0.449 Thread 0x000001a3bf3ff800 Uncommon trap: reason=unstable_if action=reinterpret pc=0x000001a3ca101cf4 method=java.net.URI.match(CJJ)Z @ 45 c2
Event: 0.449 Thread 0x000001a3bf3ff800 DEOPT PACKING pc=0x000001a3ca101cf4 sp=0x0000001df6ffd1f0
Event: 0.449 Thread 0x000001a3bf3ff800 DEOPT UNPACKING pc=0x000001a3c9b93aa2 sp=0x0000001df6ffd158 mode 2
Event: 0.503 Thread 0x000001a3bf3ff800 Uncommon trap: trap_request=0xffffff45 fr.pc=0x000001a3ca1007b4 relative=0x0000000000000194
Event: 0.503 Thread 0x000001a3bf3ff800 Uncommon trap: reason=unstable_if action=reinterpret pc=0x000001a3ca1007b4 method=java.lang.StringUTF16.compress([CI[BII)I @ 20 c2
Event: 0.503 Thread 0x000001a3bf3ff800 DEOPT PACKING pc=0x000001a3ca1007b4 sp=0x0000001df6ffbe80
Event: 0.503 Thread 0x000001a3bf3ff800 DEOPT UNPACKING pc=0x000001a3c9b93aa2 sp=0x0000001df6ffbdf0 mode 2

Classes loaded (20 events):
Event: 0.501 Loading class jdk/internal/icu/util/VersionInfo
Event: 0.501 Loading class jdk/internal/icu/util/VersionInfo done
Event: 0.501 Loading class jdk/internal/icu/util/CodePointTrie$Fast16
Event: 0.501 Loading class jdk/internal/icu/util/CodePointTrie$Fast
Event: 0.501 Loading class jdk/internal/icu/util/CodePointTrie
Event: 0.502 Loading class jdk/internal/icu/util/CodePointMap
Event: 0.502 Loading class jdk/internal/icu/util/CodePointMap done
Event: 0.502 Loading class jdk/internal/icu/util/CodePointTrie done
Event: 0.502 Loading class jdk/internal/icu/util/CodePointTrie$Fast done
Event: 0.502 Loading class jdk/internal/icu/util/CodePointTrie$Fast16 done
Event: 0.502 Loading class jdk/internal/icu/util/CodePointTrie$Type
Event: 0.502 Loading class jdk/internal/icu/util/CodePointTrie$Type done
Event: 0.502 Loading class jdk/internal/icu/util/CodePointTrie$ValueWidth
Event: 0.502 Loading class jdk/internal/icu/util/CodePointTrie$ValueWidth done
Event: 0.502 Loading class java/nio/ByteBufferAsCharBufferL
Event: 0.502 Loading class java/nio/ByteBufferAsCharBufferL done
Event: 0.502 Loading class jdk/internal/icu/util/CodePointTrie$Data16
Event: 0.502 Loading class jdk/internal/icu/util/CodePointTrie$Data
Event: 0.503 Loading class jdk/internal/icu/util/CodePointTrie$Data done
Event: 0.503 Loading class jdk/internal/icu/util/CodePointTrie$Data16 done

Classes unloaded (0 events):
No events

Classes redefined (0 events):
No events

Internal exceptions (12 events):
Event: 0.099 Thread 0x000001a3bf3ff800 Exception <a 'java/lang/NoSuchMethodError'{0x00000000d57a9058}: 'void java.lang.invoke.DirectMethodHandle$Holder.invokeStatic(java.lang.Object, java.lang.Object, java.lang.Object)'> (0x00000000d57a9058) 
thrown [s\src\hotspot\share\interpreter\linkResolver.cpp, line 773]
Event: 0.156 Thread 0x000001a3bf3ff800 Exception <a 'java/lang/NoSuchMethodError'{0x00000000d5911b78}: 'java.lang.Object java.lang.invoke.Invokers$Holder.invokeExact_MT(java.lang.Object, java.lang.Object, java.lang.Object, java.lang.Object, java.lang.Object)'> (0x00000000d5911b78) 
thrown [s\src\hotspot\share\interpreter\linkResolver.cpp, line 773]
Event: 0.198 Thread 0x000001a3bf3ff800 Exception <a 'java/lang/NoSuchMethodError'{0x00000000d59ca918}: 'int java.lang.invoke.DirectMethodHandle$Holder.invokeSpecial(java.lang.Object, java.lang.Object, java.lang.Object, int)'> (0x00000000d59ca918) 
thrown [s\src\hotspot\share\interpreter\linkResolver.cpp, line 773]
Event: 0.200 Thread 0x000001a3bf3ff800 Exception <a 'java/lang/NoSuchMethodError'{0x00000000d59dd300}: 'java.lang.Object java.lang.invoke.DirectMethodHandle$Holder.invokeStatic(java.lang.Object, java.lang.Object, java.lang.Object, java.lang.Object, int)'> (0x00000000d59dd300) 
thrown [s\src\hotspot\share\interpreter\linkResolver.cpp, line 773]
Event: 0.202 Thread 0x000001a3bf3ff800 Exception <a 'java/lang/NoSuchMethodError'{0x00000000d59e8740}: 'void java.lang.invoke.DelegatingMethodHandle$Holder.reinvoke_L(java.lang.Object, java.lang.Object, java.lang.Object, int, java.lang.Object)'> (0x00000000d59e8740) 
thrown [s\src\hotspot\share\interpreter\linkResolver.cpp, line 773]
Event: 0.204 Thread 0x000001a3bf3ff800 Exception <a 'java/lang/NoSuchMethodError'{0x00000000d59f9090}: 'int java.lang.invoke.DirectMethodHandle$Holder.invokeSpecial(java.lang.Object, java.lang.Object, java.lang.Object)'> (0x00000000d59f9090) 
thrown [s\src\hotspot\share\interpreter\linkResolver.cpp, line 773]
Event: 0.206 Thread 0x000001a3bf3ff800 Exception <a 'java/lang/NoSuchMethodError'{0x00000000d5a04d50}: 'java.lang.Object java.lang.invoke.DirectMethodHandle$Holder.invokeStatic(java.lang.Object, java.lang.Object, int)'> (0x00000000d5a04d50) 
thrown [s\src\hotspot\share\interpreter\linkResolver.cpp, line 773]
Event: 0.207 Thread 0x000001a3bf3ff800 Exception <a 'java/lang/NoSuchMethodError'{0x00000000d5a096a0}: 'void java.lang.invoke.DirectMethodHandle$Holder.invokeStatic(java.lang.Object, java.lang.Object, int, java.lang.Object)'> (0x00000000d5a096a0) 
thrown [s\src\hotspot\share\interpreter\linkResolver.cpp, line 773]
Event: 0.208 Thread 0x000001a3bf3ff800 Exception <a 'java/lang/NoSuchMethodError'{0x00000000d5a0d230}: 'void java.lang.invoke.DirectMethodHandle$Holder.invokeSpecial(java.lang.Object, java.lang.Object, java.lang.Object, int, java.lang.Object)'> (0x00000000d5a0d230) 
thrown [s\src\hotspot\share\interpreter\linkResolver.cpp, line 773]
Event: 0.208 Thread 0x000001a3bf3ff800 Exception <a 'java/lang/NoSuchMethodError'{0x00000000d5a106a0}: 'void java.lang.invoke.DelegatingMethodHandle$Holder.delegate(java.lang.Object, java.lang.Object, int, java.lang.Object)'> (0x00000000d5a106a0) 
thrown [s\src\hotspot\share\interpreter\linkResolver.cpp, line 773]
Event: 0.270 Thread 0x000001a3bf3ff800 Exception <a 'java/lang/NoSuchMethodError'{0x00000000d5bd04c8}: 'void java.lang.invoke.DelegatingMethodHandle$Holder.reinvoke_L(java.lang.Object, java.lang.Object, java.lang.Object, int)'> (0x00000000d5bd04c8) 
thrown [s\src\hotspot\share\interpreter\linkResolver.cpp, line 773]
Event: 0.410 Thread 0x000001a3bf3ff800 Exception <a 'java/lang/NoSuchMethodError'{0x00000000d6061070}: 'void java.lang.invoke.DirectMethodHandle$Holder.invokeVirtual(java.lang.Object, java.lang.Object)'> (0x00000000d6061070) 
thrown [s\src\hotspot\share\interpreter\linkResolver.cpp, line 773]

ZGC Phase Switch (0 events):
No events

VM Operations (4 events):
Event: 0.101 Executing non-safepoint VM operation: HandshakeAllThreads (Deoptimize)
Event: 0.101 Executing non-safepoint VM operation: HandshakeAllThreads (Deoptimize) done
Event: 0.177 Executing non-safepoint VM operation: HandshakeAllThreads (Deoptimize)
Event: 0.177 Executing non-safepoint VM operation: HandshakeAllThreads (Deoptimize) done

Memory protections (0 events):
No events

Nmethod flushes (0 events):
No events

Events (11 events):
Event: 0.048 Thread 0x000001a3bf3ff800 Thread added: 0x000001a3bf3ff800
Event: 0.062 Thread 0x000001a3bf3ff800 Thread added: 0x000001a3d5dea530
Event: 0.062 Thread 0x000001a3bf3ff800 Thread added: 0x000001a3d5debe40
Event: 0.062 Thread 0x000001a3bf3ff800 Thread added: 0x000001a3d5ded750
Event: 0.062 Thread 0x000001a3bf3ff800 Thread added: 0x000001a3d5df0480
Event: 0.062 Thread 0x000001a3bf3ff800 Thread added: 0x000001a3d5df1420
Event: 0.062 Thread 0x000001a3bf3ff800 Thread added: 0x000001a3d5df2e90
Event: 0.063 Thread 0x000001a3bf3ff800 Thread added: 0x000001a3d5df3cd0
Event: 0.067 Thread 0x000001a3bf3ff800 Thread added: 0x000001a3d5e61830
Event: 0.137 Thread 0x000001a3bf3ff800 Thread added: 0x000001a417bf8550
Event: 0.341 Thread 0x000001a3bf3ff800 Thread added: 0x000001a417c43f70


Dynamic libraries:
0x00007ff731fa0000 - 0x00007ff731fae000 	c:\Users\umer\.antigravity\extensions\redhat.java-1.53.0-win32-x64\jre\21.0.10-win32-x86_64\bin\java.exe
0x00007ffb14bb0000 - 0x00007ffb14da8000 	C:\Windows\SYSTEM32\ntdll.dll
0x00007ffb142c0000 - 0x00007ffb14382000 	C:\Windows\System32\KERNEL32.DLL
0x00007ffb12770000 - 0x00007ffb12a66000 	C:\Windows\System32\KERNELBASE.dll
0x00007ffb12270000 - 0x00007ffb12370000 	C:\Windows\System32\ucrtbase.dll
0x00007ffafcdf0000 - 0x00007ffafce08000 	c:\Users\umer\.antigravity\extensions\redhat.java-1.53.0-win32-x64\jre\21.0.10-win32-x86_64\bin\jli.dll
0x00007ffafe350000 - 0x00007ffafe36e000 	c:\Users\umer\.antigravity\extensions\redhat.java-1.53.0-win32-x64\jre\21.0.10-win32-x86_64\bin\VCRUNTIME140.dll
0x00007ffb14110000 - 0x00007ffb142b1000 	C:\Windows\System32\USER32.dll
0x00007ffb06280000 - 0x00007ffb0651b000 	C:\Windows\WinSxS\amd64_microsoft.windows.common-controls_6595b64144ccf1df_6.0.19041.6456_none_60b8a6cb71f64256\COMCTL32.dll
0x00007ffb145f0000 - 0x00007ffb1468e000 	C:\Windows\System32\msvcrt.dll
0x00007ffb12a70000 - 0x00007ffb12a92000 	C:\Windows\System32\win32u.dll
0x00007ffb14390000 - 0x00007ffb143bb000 	C:\Windows\System32\GDI32.dll
0x00007ffb12650000 - 0x00007ffb12769000 	C:\Windows\System32\gdi32full.dll
0x00007ffb12aa0000 - 0x00007ffb12b3d000 	C:\Windows\System32\msvcp_win.dll
0x00007ffb13db0000 - 0x00007ffb13ddf000 	C:\Windows\System32\IMM32.DLL
0x00007ffb03e00000 - 0x00007ffb03e0c000 	c:\Users\umer\.antigravity\extensions\redhat.java-1.53.0-win32-x64\jre\21.0.10-win32-x86_64\bin\vcruntime140_1.dll
0x00007ffaf3400000 - 0x00007ffaf348d000 	c:\Users\umer\.antigravity\extensions\redhat.java-1.53.0-win32-x64\jre\21.0.10-win32-x86_64\bin\msvcp140.dll
0x00007ffab7240000 - 0x00007ffab7fe1000 	c:\Users\umer\.antigravity\extensions\redhat.java-1.53.0-win32-x64\jre\21.0.10-win32-x86_64\bin\server\jvm.dll
0x00007ffb14690000 - 0x00007ffb14741000 	C:\Windows\System32\ADVAPI32.dll
0x00007ffb143c0000 - 0x00007ffb1445f000 	C:\Windows\System32\sechost.dll
0x00007ffb14470000 - 0x00007ffb14590000 	C:\Windows\System32\RPCRT4.dll
0x00007ffb12240000 - 0x00007ffb12267000 	C:\Windows\System32\bcrypt.dll
0x00007ffb13d40000 - 0x00007ffb13dab000 	C:\Windows\System32\WS2_32.dll
0x00007ffb120a0000 - 0x00007ffb120eb000 	C:\Windows\SYSTEM32\POWRPROF.dll
0x00007ffb06900000 - 0x00007ffb06927000 	C:\Windows\SYSTEM32\WINMM.dll
0x00007ffb06a00000 - 0x00007ffb06a0a000 	C:\Windows\SYSTEM32\VERSION.dll
0x00007ffb12080000 - 0x00007ffb12092000 	C:\Windows\SYSTEM32\UMPDC.dll
0x00007ffb0ffb0000 - 0x00007ffb0ffc2000 	C:\Windows\SYSTEM32\kernel.appcore.dll
0x00007ffb03a80000 - 0x00007ffb03a8a000 	c:\Users\umer\.antigravity\extensions\redhat.java-1.53.0-win32-x64\jre\21.0.10-win32-x86_64\bin\jimage.dll
0x00007ffb066c0000 - 0x00007ffb068c1000 	C:\Windows\SYSTEM32\DBGHELP.DLL
0x00007ffb024a0000 - 0x00007ffb024d4000 	C:\Windows\SYSTEM32\dbgcore.DLL
0x00007ffb12b40000 - 0x00007ffb12bc2000 	C:\Windows\System32\bcryptPrimitives.dll
0x00007ffb036e0000 - 0x00007ffb036ef000 	c:\Users\umer\.antigravity\extensions\redhat.java-1.53.0-win32-x64\jre\21.0.10-win32-x86_64\bin\instrument.dll
0x00007ffafe410000 - 0x00007ffafe430000 	c:\Users\umer\.antigravity\extensions\redhat.java-1.53.0-win32-x64\jre\21.0.10-win32-x86_64\bin\java.dll
0x00007ffb13290000 - 0x00007ffb13a00000 	C:\Windows\System32\SHELL32.dll
0x00007ffb10290000 - 0x00007ffb10a35000 	C:\Windows\SYSTEM32\windows.storage.dll
0x00007ffb14750000 - 0x00007ffb14aa4000 	C:\Windows\System32\combase.dll
0x00007ffb11ab0000 - 0x00007ffb11adb000 	C:\Windows\SYSTEM32\Wldp.dll
0x00007ffb13bb0000 - 0x00007ffb13c7d000 	C:\Windows\System32\OLEAUT32.dll
0x00007ffb131e0000 - 0x00007ffb1328d000 	C:\Windows\System32\SHCORE.dll
0x00007ffb14590000 - 0x00007ffb145eb000 	C:\Windows\System32\shlwapi.dll
0x00007ffb12170000 - 0x00007ffb12194000 	C:\Windows\SYSTEM32\profapi.dll
0x00007ffb02d00000 - 0x00007ffb02d18000 	c:\Users\umer\.antigravity\extensions\redhat.java-1.53.0-win32-x64\jre\21.0.10-win32-x86_64\bin\zip.dll
0x00007ffb0f0b0000 - 0x00007ffb0f0c0000 	C:\Users\umer\.antigravity\extensions\redhat.java-1.53.0-win32-x64\jre\21.0.10-win32-x86_64\bin\net.dll
0x00007ffb0bc20000 - 0x00007ffb0bd2a000 	C:\Windows\SYSTEM32\WINHTTP.dll
0x00007ffb11890000 - 0x00007ffb118fa000 	C:\Windows\system32\mswsock.dll
0x00007ffb02cc0000 - 0x00007ffb02cd6000 	C:\Users\umer\.antigravity\extensions\redhat.java-1.53.0-win32-x64\jre\21.0.10-win32-x86_64\bin\nio.dll
0x00007ffb0e8c0000 - 0x00007ffb0e8d0000 	c:\Users\umer\.antigravity\extensions\redhat.java-1.53.0-win32-x64\jre\21.0.10-win32-x86_64\bin\verify.dll

JVMTI agents:
c:\Users\umer\.antigravity\extensions\redhat.java-1.53.0-win32-x64\lombok\lombok-1.18.39-4050.jar path:c:\Users\umer\.antigravity\extensions\redhat.java-1.53.0-win32-x64\jre\21.0.10-win32-x86_64\bin\instrument.dll, loaded, initialized, instrumentlib options:none

dbghelp: loaded successfully - version: 4.0.5 - missing functions: none
symbol engine: initialized successfully - sym options: 0x614 - pdb path: .;c:\Users\umer\.antigravity\extensions\redhat.java-1.53.0-win32-x64\jre\21.0.10-win32-x86_64\bin;C:\Windows\SYSTEM32;C:\Windows\WinSxS\amd64_microsoft.windows.common-controls_6595b64144ccf1df_6.0.19041.6456_none_60b8a6cb71f64256;c:\Users\umer\.antigravity\extensions\redhat.java-1.53.0-win32-x64\jre\21.0.10-win32-x86_64\bin\server

VM Arguments:
jvm_args: --add-modules=ALL-SYSTEM --add-opens=java.base/java.util=ALL-UNNAMED --add-opens=java.base/java.lang=ALL-UNNAMED --add-opens=java.base/sun.nio.fs=ALL-UNNAMED -Declipse.application=org.eclipse.jdt.ls.core.id1 -Dosgi.bundles.defaultStartLevel=4 -Declipse.product=org.eclipse.jdt.ls.core.product -Djava.import.generatesMetadataFilesAtProjectRoot=false -DDetectVMInstallationsJob.disabled=true -Dfile.encoding=utf8 -XX:+UseParallelGC -XX:GCTimeRatio=4 -XX:AdaptiveSizePolicyWeight=90 -Dsun.zip.disableMemoryMapping=true -Xmx2G -Xms100m -Xlog:disable -javaagent:c:\Users\umer\.antigravity\extensions\redhat.java-1.53.0-win32-x64\lombok\lombok-1.18.39-4050.jar 
java_command: c:\Users\umer\.antigravity\extensions\redhat.java-1.53.0-win32-x64\server\plugins\org.eclipse.equinox.launcher_1.7.100.v20251111-0406.jar -configuration c:\Users\umer\AppData\Roaming\Antigravity\User\globalStorage\redhat.java\1.53.0\config_ss_win -data c:\Users\umer\AppData\Roaming\Antigravity\User\workspaceStorage\6df3d27f3bd43c630c54ccd35b3d9e58\redhat.java\ss_ws --pipe=\\.\pipe\lsp-57f2462a9e957aad2ad4afd7d32587ec-sock
java_class_path (initial): c:\Users\umer\.antigravity\extensions\redhat.java-1.53.0-win32-x64\server\plugins\org.eclipse.equinox.launcher_1.7.100.v20251111-0406.jar
Launcher Type: SUN_STANDARD

[Global flags]
    uintx AdaptiveSizePolicyWeight                 = 90                                        {product} {command line}
     intx CICompilerCount                          = 3                                         {product} {ergonomic}
    uintx GCTimeRatio                              = 4                                         {product} {command line}
   size_t InitialHeapSize                          = 104857600                                 {product} {command line}
   size_t MaxHeapSize                              = 2147483648                                {product} {command line}
   size_t MaxNewSize                               = 715653120                                 {product} {ergonomic}
   size_t MinHeapDeltaBytes                        = 524288                                    {product} {ergonomic}
   size_t MinHeapSize                              = 104857600                                 {product} {command line}
   size_t NewSize                                  = 34603008                                  {product} {ergonomic}
    uintx NonNMethodCodeHeapSize                   = 5832780                                {pd product} {ergonomic}
    uintx NonProfiledCodeHeapSize                  = 122912730                              {pd product} {ergonomic}
   size_t OldSize                                  = 70254592                                  {product} {ergonomic}
    uintx ProfiledCodeHeapSize                     = 122912730                              {pd product} {ergonomic}
    uintx ReservedCodeCacheSize                    = 251658240                              {pd product} {ergonomic}
     bool SegmentedCodeCache                       = true                                      {product} {ergonomic}
   size_t SoftMaxHeapSize                          = 2147483648                             {manageable} {ergonomic}
     bool UseCompressedOops                        = true                           {product lp64_product} {ergonomic}
     bool UseLargePagesIndividualAllocation        = false                                  {pd product} {ergonomic}
     bool UseParallelGC                            = true                                      {product} {command line}

Logging:
Log output configuration:
 #0: stdout all=off uptime,level,tags foldmultilines=false
 #1: stderr all=off uptime,level,tags foldmultilines=false

Release file:
JAVA_VERSION="21.0.10" 
MODULES="java.base java.compiler java.datatransfer java.xml java.prefs java.desktop java.instrument java.logging java.management java.security.sasl java.naming java.rmi java.management.rmi java.net.http java.scripting java.security.jgss java.transaction.xa java.sql java.sql.rowset java.xml.crypto java.se java.smartcardio jdk.accessibility jdk.internal.jvmstat jdk.attach jdk.charsets jdk.internal.opt jdk.zipfs jdk.compiler jdk.crypto.ec jdk.crypto.cryptoki jdk.crypto.mscapi jdk.dynalink jdk.internal.ed jdk.editpad jdk.hotspot.agent jdk.httpserver jdk.internal.le jdk.internal.vm.ci jdk.internal.vm.compiler jdk.internal.vm.compiler.management jdk.jartool jdk.javadoc jdk.jcmd jdk.management jdk.management.agent jdk.jconsole jdk.jdeps jdk.jdwp.agent jdk.jdi jdk.jfr jdk.jshell jdk.jsobject jdk.jstatd jdk.localedata jdk.management.jfr jdk.naming.dns jdk.naming.rmi jdk.net jdk.nio.mapmode jdk.random jdk.sctp jdk.security.auth jdk.security.jgss jdk.unsupported jdk.unsupported.desktop jdk.xml.dom" 

Environment Variables:
JAVA_HOME=C:\Program Files\Eclipse Adoptium\jdk-17.0.17.10-hotspot
PATH=C:\Program Files (x86)\NVIDIA Corporation\PhysX\Common;C:\Program Files\Eclipse Adoptium\jdk-17.0.17.10-hotspot\bin;C:\Program Files\Common Files\Oracle\Java\javapath;C:\Python313\Scripts\;C:\Python313\;C:\Windows\system32;C:\Windows;C:\Windows\System32\Wbem;C:\Windows\System32\WindowsPowerShell\v1.0\;C:\Windows\System32\OpenSSH\;C:\Program Files\nodejs\;C:\ProgramData\chocolatey\bin;C:\Program Files\Git\cmd;C:\Users\umer\AppData\Local\Android\Sdk\platform-tools;C:\Users\umer\AppData\Local\Android\Sdk\tools;C:\Users\umer\AppData\Local\Android\Sdk\cmdline-tools\tools\bin;C:\Program Files\Eclipse Adoptium\jdk-17.0.17.10-hotspot\bin;C:\flutter\bin;C:\Users\umer\AppData\Local\Microsoft\WindowsApps;C:\Users\umer\AppData\Roaming\npm;C:\Users\umer\bin;C:\Users\umer\bin;C:\Users\umer\AppData\Local\Programs\Microsoft VS Code\bin;C:\Users\umer\AppData\Local\Programs\Antigravity\bin
USERNAME=umer
OS=Windows_NT
PROCESSOR_IDENTIFIER=Intel64 Family 6 Model 60 Stepping 3, GenuineIntel
TMP=C:\Users\umer\AppData\Local\Temp
TEMP=C:\Users\umer\AppData\Local\Temp




Periodic native trim disabled

---------------  S Y S T E M  ---------------

OS:
 Windows 10 , 64 bit Build 19041 (10.0.19041.5915)
OS uptime: 0 days 1:30 hours
Hyper-V role detected

CPU: total 4 (initial active 4) (4 cores per cpu, 1 threads per core) family 6 model 60 stepping 3 microcode 0x27, cx8, cmov, fxsr, mmx, sse, sse2, sse3, ssse3, sse4.1, sse4.2, popcnt, lzcnt, tsc, tscinvbit, avx, avx2, aes, erms, clmul, bmi1, bmi2, fma, vzeroupper, clflush, hv, rdtscp, f16c
Processor Information for the first 4 processors :
  Max Mhz: 3201, Current Mhz: 3201, Mhz Limit: 3201

Memory: 4k page, system-wide physical 8082M (1468M free)
TotalPageFile size 15160M (AvailPageFile size 624M)
current process WorkingSet (physical memory assigned to process): 56M, peak: 56M
current process commit charge ("private bytes"): 216M, peak: 216M

vm_info: OpenJDK 64-Bit Server VM (21.0.10+7-LTS) for windows-amd64 JRE (21.0.10+7-LTS), built on 2026-01-20T00:00:00Z by "admin" with MS VC++ 17.12 (VS2022)

END.
