#
# There is insufficient memory for the Java Runtime Environment to continue.
# Native memory allocation (malloc) failed to allocate 972656 bytes. Error detail: Chunk::new
# Possible reasons:
#   The system is out of physical RAM or swap space
#   This process is running with CompressedOops enabled, and the Java Heap may be blocking the growth of the native heap
# Possible solutions:
#   Reduce memory load on the system
#   Increase physical memory or swap space
#   Check if swap backing store is full
#   Decrease Java heap size (-Xmx/-Xms)
#   Decrease number of Java threads
#   Decrease Java thread stack sizes (-Xss)
#   Set larger code cache with -XX:ReservedCodeCacheSize=
#   JVM is running with Unscaled Compressed Oops mode in which the Java heap is
#     placed in the first 4GB address space. The Java Heap base address is the
#     maximum limit for the native heap growth. Please use -XX:HeapBaseMinAddress
#     to set the Java Heap base and to place the Java Heap above 4GB virtual address.
# This output file may be truncated or incomplete.
#
#  Out of Memory Error (arena.cpp:168), pid=7696, tid=9856
#
# JRE version: OpenJDK Runtime Environment Temurin-21.0.10+7 (21.0.10+7) (build 21.0.10+7-LTS)
# Java VM: OpenJDK 64-Bit Server VM Temurin-21.0.10+7 (21.0.10+7-LTS, mixed mode, sharing, tiered, compressed oops, compressed class ptrs, g1 gc, windows-amd64)
# No core dump will be written. Minidumps are not enabled by default on client versions of Windows
#

---------------  S U M M A R Y ------------

Command Line: org.jetbrains.kotlin.cli.jvm.K2JVMCompiler @F:\Learnova\node_modules\expo-dev-launcher\expo-dev-launcher-gradle-plugin\build\20260325_1283477248659738578.compiler.options

Host: Intel(R) Core(TM) i5-4570 CPU @ 3.20GHz, 4 cores, 7G,  Windows 10 , 64 bit Build 19041 (10.0.19041.5915)
Time: Wed Mar 25 00:03:03 2026 Pakistan Standard Time elapsed time: 14.493023 seconds (0d 0h 0m 14s)

---------------  T H R E A D  ---------------

Current thread (0x000001bb2642bfb0):  JavaThread "C2 CompilerThread0" daemon [_thread_in_native, id=9856, stack(0x0000003b2b600000,0x0000003b2b700000) (1024K)]


Current CompileTask:
C2:14493 4585       4       org.jetbrains.org.objectweb.asm.ClassReader::readMethod (1093 bytes)

Stack: [0x0000003b2b600000,0x0000003b2b700000]
Native frames: (J=compiled Java code, j=interpreted, Vv=VM code, C=native code)
V  [jvm.dll+0x6d7a39]
V  [jvm.dll+0x8b4b26]
V  [jvm.dll+0x8b70de]
V  [jvm.dll+0x8b77c3]
V  [jvm.dll+0x284346]
V  [jvm.dll+0xc66ed]
V  [jvm.dll+0xc6c31]
V  [jvm.dll+0x2fb29e]
V  [jvm.dll+0x5fe884]
V  [jvm.dll+0x255b17]
V  [jvm.dll+0x255edd]
V  [jvm.dll+0x24e500]
V  [jvm.dll+0x24ba42]
V  [jvm.dll+0x1cb34e]
V  [jvm.dll+0x25b85d]
V  [jvm.dll+0x259dea]
V  [jvm.dll+0x3f857e]
V  [jvm.dll+0x85f59d]
V  [jvm.dll+0x6d626d]
C  [ucrtbase.dll+0x21bb2]
C  [KERNEL32.DLL+0x17374]
C  [ntdll.dll+0x4cc91]


---------------  P R O C E S S  ---------------

Threads class SMR info:
_java_thread_list=0x000001bb7d615a20, length=12, elements={
0x000001bb0f5af760, 0x000001bb26424800, 0x000001bb26425720, 0x000001bb26429300,
0x000001bb26429d60, 0x000001bb2642a7c0, 0x000001bb2642b220, 0x000001bb2642bfb0,
0x000001bb2642ece0, 0x000001bb2650be30, 0x000001bb26512680, 0x000001bb7f0e2ca0
}

Java Threads: ( => current thread )
  0x000001bb0f5af760 JavaThread "main"                              [_thread_in_vm, id=4084, stack(0x0000003b2a800000,0x0000003b2a900000) (1024K)]
  0x000001bb26424800 JavaThread "Reference Handler"          daemon [_thread_blocked, id=3016, stack(0x0000003b2b000000,0x0000003b2b100000) (1024K)]
  0x000001bb26425720 JavaThread "Finalizer"                  daemon [_thread_blocked, id=10956, stack(0x0000003b2b100000,0x0000003b2b200000) (1024K)]
  0x000001bb26429300 JavaThread "Signal Dispatcher"          daemon [_thread_blocked, id=2428, stack(0x0000003b2b200000,0x0000003b2b300000) (1024K)]
  0x000001bb26429d60 JavaThread "Attach Listener"            daemon [_thread_blocked, id=8464, stack(0x0000003b2b300000,0x0000003b2b400000) (1024K)]
  0x000001bb2642a7c0 JavaThread "Service Thread"             daemon [_thread_blocked, id=10216, stack(0x0000003b2b400000,0x0000003b2b500000) (1024K)]
  0x000001bb2642b220 JavaThread "Monitor Deflation Thread"   daemon [_thread_blocked, id=824, stack(0x0000003b2b500000,0x0000003b2b600000) (1024K)]
=>0x000001bb2642bfb0 JavaThread "C2 CompilerThread0"         daemon [_thread_in_native, id=9856, stack(0x0000003b2b600000,0x0000003b2b700000) (1024K)]
  0x000001bb2642ece0 JavaThread "C1 CompilerThread0"         daemon [_thread_blocked, id=10840, stack(0x0000003b2b700000,0x0000003b2b800000) (1024K)]
  0x000001bb2650be30 JavaThread "Notification Thread"        daemon [_thread_blocked, id=6592, stack(0x0000003b2b800000,0x0000003b2b900000) (1024K)]
  0x000001bb26512680 JavaThread "Common-Cleaner"             daemon [_thread_blocked, id=1848, stack(0x0000003b2b900000,0x0000003b2ba00000) (1024K)]
  0x000001bb7f0e2ca0 JavaThread "C2 CompilerThread1"         daemon [_thread_in_native, id=8068, stack(0x0000003b2ba00000,0x0000003b2bb00000) (1024K)]
Total: 12

Other Threads:
  0x000001bb26404580 VMThread "VM Thread"                           [id=76, stack(0x0000003b2af00000,0x0000003b2b000000) (1024K)]
  0x000001bb263f5b90 WatcherThread "VM Periodic Task Thread"        [id=10724, stack(0x0000003b2ae00000,0x0000003b2af00000) (1024K)]
  0x000001bb0f603770 WorkerThread "GC Thread#0"                     [id=2836, stack(0x0000003b2a900000,0x0000003b2aa00000) (1024K)]
  0x000001bb6c14f8f0 WorkerThread "GC Thread#1"                     [id=9868, stack(0x0000003b2bb00000,0x0000003b2bc00000) (1024K)]
  0x000001bb6c151fb0 WorkerThread "GC Thread#2"                     [id=12584, stack(0x0000003b2bc00000,0x0000003b2bd00000) (1024K)]
  0x000001bb6c141dc0 WorkerThread "GC Thread#3"                     [id=1644, stack(0x0000003b2bd00000,0x0000003b2be00000) (1024K)]
  0x000001bb0f614c30 ConcurrentGCThread "G1 Main Marker"            [id=9984, stack(0x0000003b2aa00000,0x0000003b2ab00000) (1024K)]
  0x000001bb0f615740 WorkerThread "G1 Conc#0"                       [id=6724, stack(0x0000003b2ab00000,0x0000003b2ac00000) (1024K)]
  0x000001bb0f67e720 ConcurrentGCThread "G1 Refine#0"               [id=4756, stack(0x0000003b2ac00000,0x0000003b2ad00000) (1024K)]
  0x000001bb262b5430 ConcurrentGCThread "G1 Service"                [id=7804, stack(0x0000003b2ad00000,0x0000003b2ae00000) (1024K)]
Total: 10

Threads with active compile tasks:
C2 CompilerThread0  14505 4585       4       org.jetbrains.org.objectweb.asm.ClassReader::readMethod (1093 bytes)
C2 CompilerThread1  14505 4589       4       org.jetbrains.kotlin.load.kotlin.FileBasedKotlinClass::resolveNameByInternalName (178 bytes)
Total: 2

VM state: not at safepoint (normal execution)

VM Mutex/Monitor currently owned by a thread: None

Heap address: 0x0000000081a00000, size: 2022 MB, Compressed Oops mode: 32-bit

CDS archive(s) mapped at: [0x000001bb27000000-0x000001bb27ba0000-0x000001bb27ba0000), size 12189696, SharedBaseAddress: 0x000001bb27000000, ArchiveRelocationMode: 1.
Compressed class space mapped at: 0x000001bb28000000-0x000001bb68000000, reserved size: 1073741824
Narrow klass base: 0x000001bb27000000, Narrow klass shift: 0, Narrow klass range: 0x100000000

GC Precious Log:
 CardTable entry size: 512
 Card Set container configuration: InlinePtr #cards 5 size 8 Array Of Cards #cards 12 size 40 Howl #buckets 4 coarsen threshold 1843 Howl Bitmap #cards 512 size 80 coarsen threshold 460 Card regions per heap region 1 cards per card region 2048
 CPUs: 4 total, 4 available
 Memory: 8082M
 Large Page Support: Disabled
 NUMA Support: Disabled
 Compressed Oops: Enabled (32-bit)
 Heap Region Size: 1M
 Heap Min Capacity: 8M
 Heap Initial Capacity: 128M
 Heap Max Capacity: 2022M
 Pre-touch: Disabled
 Parallel Workers: 4
 Concurrent Workers: 1
 Concurrent Refinement Workers: 4
 Periodic GC: Disabled

Heap:
 garbage-first heap   total 106496K, used 64589K [0x0000000081a00000, 0x0000000100000000)
  region size 1024K, 18 young (18432K), 6 survivors (6144K)
 Metaspace       used 46975K, committed 47360K, reserved 1114112K
  class space    used 5649K, committed 5824K, reserved 1048576K

Heap Regions: E=young(eden), S=young(survivor), O=old, HS=humongous(starts), HC=humongous(continues), CS=collection set, F=free, TAMS=top-at-mark-start, PB=parsable bottom
|   0|0x0000000081a00000, 0x0000000081b00000, 0x0000000081b00000|100%|HS|  |TAMS 0x0000000081a00000| PB 0x0000000081a00000| Complete 
|   1|0x0000000081b00000, 0x0000000081c00000, 0x0000000081c00000|100%|HC|  |TAMS 0x0000000081b00000| PB 0x0000000081b00000| Complete 
|   2|0x0000000081c00000, 0x0000000081d00000, 0x0000000081d00000|100%|HC|  |TAMS 0x0000000081c00000| PB 0x0000000081c00000| Complete 
|   3|0x0000000081d00000, 0x0000000081e00000, 0x0000000081e00000|100%|HS|  |TAMS 0x0000000081d00000| PB 0x0000000081d00000| Complete 
|   4|0x0000000081e00000, 0x0000000081f00000, 0x0000000081f00000|100%| O|  |TAMS 0x0000000081e00000| PB 0x0000000081e00000| Untracked 
|   5|0x0000000081f00000, 0x0000000082000000, 0x0000000082000000|100%| O|  |TAMS 0x0000000081f00000| PB 0x0000000081f00000| Untracked 
|   6|0x0000000082000000, 0x0000000082100000, 0x0000000082100000|100%| O|  |TAMS 0x0000000082000000| PB 0x0000000082000000| Untracked 
|   7|0x0000000082100000, 0x0000000082200000, 0x0000000082200000|100%| O|  |TAMS 0x0000000082100000| PB 0x0000000082100000| Untracked 
|   8|0x0000000082200000, 0x0000000082300000, 0x0000000082300000|100%| O|  |TAMS 0x0000000082200000| PB 0x0000000082200000| Untracked 
|   9|0x0000000082300000, 0x0000000082400000, 0x0000000082400000|100%| O|  |TAMS 0x0000000082300000| PB 0x0000000082300000| Untracked 
|  10|0x0000000082400000, 0x0000000082500000, 0x0000000082500000|100%| O|  |TAMS 0x0000000082400000| PB 0x0000000082400000| Untracked 
|  11|0x0000000082500000, 0x0000000082600000, 0x0000000082600000|100%| O|  |TAMS 0x0000000082500000| PB 0x0000000082500000| Untracked 
|  12|0x0000000082600000, 0x0000000082700000, 0x0000000082700000|100%| O|  |TAMS 0x0000000082600000| PB 0x0000000082600000| Untracked 
|  13|0x0000000082700000, 0x0000000082800000, 0x0000000082800000|100%| O|  |TAMS 0x0000000082700000| PB 0x0000000082700000| Untracked 
|  14|0x0000000082800000, 0x0000000082900000, 0x0000000082900000|100%| O|  |TAMS 0x0000000082800000| PB 0x0000000082800000| Untracked 
|  15|0x0000000082900000, 0x0000000082a00000, 0x0000000082a00000|100%| O|  |TAMS 0x0000000082900000| PB 0x0000000082900000| Untracked 
|  16|0x0000000082a00000, 0x0000000082b00000, 0x0000000082b00000|100%| O|  |TAMS 0x0000000082a00000| PB 0x0000000082a00000| Untracked 
|  17|0x0000000082b00000, 0x0000000082c00000, 0x0000000082c00000|100%| O|  |TAMS 0x0000000082b00000| PB 0x0000000082b00000| Untracked 
|  18|0x0000000082c00000, 0x0000000082d00000, 0x0000000082d00000|100%| O|  |TAMS 0x0000000082c00000| PB 0x0000000082c00000| Untracked 
|  19|0x0000000082d00000, 0x0000000082e00000, 0x0000000082e00000|100%| O|  |TAMS 0x0000000082d00000| PB 0x0000000082d00000| Untracked 
|  20|0x0000000082e00000, 0x0000000082f00000, 0x0000000082f00000|100%| O|  |TAMS 0x0000000082e00000| PB 0x0000000082e00000| Untracked 
|  21|0x0000000082f00000, 0x0000000083000000, 0x0000000083000000|100%| O|  |TAMS 0x0000000082f00000| PB 0x0000000082f00000| Untracked 
|  22|0x0000000083000000, 0x0000000083100000, 0x0000000083100000|100%| O|  |TAMS 0x0000000083000000| PB 0x0000000083000000| Untracked 
|  23|0x0000000083100000, 0x0000000083200000, 0x0000000083200000|100%| O|  |TAMS 0x0000000083100000| PB 0x0000000083100000| Untracked 
|  24|0x0000000083200000, 0x0000000083300000, 0x0000000083300000|100%| O|  |TAMS 0x0000000083200000| PB 0x0000000083200000| Untracked 
|  25|0x0000000083300000, 0x0000000083400000, 0x0000000083400000|100%| O|  |TAMS 0x0000000083300000| PB 0x0000000083300000| Untracked 
|  26|0x0000000083400000, 0x0000000083500000, 0x0000000083500000|100%| O|  |TAMS 0x0000000083400000| PB 0x0000000083400000| Untracked 
|  27|0x0000000083500000, 0x0000000083600000, 0x0000000083600000|100%| O|  |TAMS 0x0000000083500000| PB 0x0000000083500000| Untracked 
|  28|0x0000000083600000, 0x0000000083600000, 0x0000000083700000|  0%| F|  |TAMS 0x0000000083600000| PB 0x0000000083600000| Untracked 
|  29|0x0000000083700000, 0x0000000083800000, 0x0000000083800000|100%| O|  |TAMS 0x0000000083700000| PB 0x0000000083700000| Untracked 
|  30|0x0000000083800000, 0x0000000083900000, 0x0000000083900000|100%| O|  |TAMS 0x0000000083800000| PB 0x0000000083800000| Untracked 
|  31|0x0000000083900000, 0x0000000083a00000, 0x0000000083a00000|100%| O|  |TAMS 0x0000000083900000| PB 0x0000000083900000| Untracked 
|  32|0x0000000083a00000, 0x0000000083b00000, 0x0000000083b00000|100%| O|  |TAMS 0x0000000083a00000| PB 0x0000000083a00000| Untracked 
|  33|0x0000000083b00000, 0x0000000083c00000, 0x0000000083c00000|100%| O|  |TAMS 0x0000000083b00000| PB 0x0000000083b00000| Untracked 
|  34|0x0000000083c00000, 0x0000000083d00000, 0x0000000083d00000|100%| O|  |TAMS 0x0000000083c00000| PB 0x0000000083c00000| Untracked 
|  35|0x0000000083d00000, 0x0000000083e00000, 0x0000000083e00000|100%| O|  |TAMS 0x0000000083d00000| PB 0x0000000083d00000| Untracked 
|  36|0x0000000083e00000, 0x0000000083f00000, 0x0000000083f00000|100%| O|  |TAMS 0x0000000083e00000| PB 0x0000000083e00000| Untracked 
|  37|0x0000000083f00000, 0x0000000084000000, 0x0000000084000000|100%| O|  |TAMS 0x0000000083f00000| PB 0x0000000083f00000| Untracked 
|  38|0x0000000084000000, 0x0000000084100000, 0x0000000084100000|100%| O|  |TAMS 0x0000000084000000| PB 0x0000000084000000| Untracked 
|  39|0x0000000084100000, 0x0000000084200000, 0x0000000084200000|100%| O|  |TAMS 0x0000000084100000| PB 0x0000000084100000| Untracked 
|  40|0x0000000084200000, 0x0000000084300000, 0x0000000084300000|100%| O|  |TAMS 0x0000000084200000| PB 0x0000000084200000| Untracked 
|  41|0x0000000084300000, 0x0000000084400000, 0x0000000084400000|100%| O|  |TAMS 0x0000000084300000| PB 0x0000000084300000| Untracked 
|  42|0x0000000084400000, 0x0000000084500000, 0x0000000084500000|100%| O|  |TAMS 0x0000000084400000| PB 0x0000000084400000| Untracked 
|  43|0x0000000084500000, 0x0000000084600000, 0x0000000084600000|100%| O|  |TAMS 0x0000000084500000| PB 0x0000000084500000| Untracked 
|  44|0x0000000084600000, 0x0000000084700000, 0x0000000084700000|100%| O|  |TAMS 0x0000000084600000| PB 0x0000000084600000| Untracked 
|  45|0x0000000084700000, 0x0000000084800000, 0x0000000084800000|100%| O|  |TAMS 0x0000000084700000| PB 0x0000000084700000| Untracked 
|  46|0x0000000084800000, 0x0000000084900000, 0x0000000084900000|100%| O|  |TAMS 0x0000000084800000| PB 0x0000000084800000| Untracked 
|  47|0x0000000084900000, 0x0000000084913718, 0x0000000084a00000|  7%| O|  |TAMS 0x0000000084900000| PB 0x0000000084900000| Untracked 
|  48|0x0000000084a00000, 0x0000000084a00000, 0x0000000084b00000|  0%| F|  |TAMS 0x0000000084a00000| PB 0x0000000084a00000| Untracked 
|  49|0x0000000084b00000, 0x0000000084b00000, 0x0000000084c00000|  0%| F|  |TAMS 0x0000000084b00000| PB 0x0000000084b00000| Untracked 
|  50|0x0000000084c00000, 0x0000000084c00000, 0x0000000084d00000|  0%| F|  |TAMS 0x0000000084c00000| PB 0x0000000084c00000| Untracked 
|  51|0x0000000084d00000, 0x0000000084d00000, 0x0000000084e00000|  0%| F|  |TAMS 0x0000000084d00000| PB 0x0000000084d00000| Untracked 
|  52|0x0000000084e00000, 0x0000000084e00000, 0x0000000084f00000|  0%| F|  |TAMS 0x0000000084e00000| PB 0x0000000084e00000| Untracked 
|  53|0x0000000084f00000, 0x0000000084f00000, 0x0000000085000000|  0%| F|  |TAMS 0x0000000084f00000| PB 0x0000000084f00000| Untracked 
|  54|0x0000000085000000, 0x0000000085000000, 0x0000000085100000|  0%| F|  |TAMS 0x0000000085000000| PB 0x0000000085000000| Untracked 
|  55|0x0000000085100000, 0x0000000085100000, 0x0000000085200000|  0%| F|  |TAMS 0x0000000085100000| PB 0x0000000085100000| Untracked 
|  56|0x0000000085200000, 0x0000000085200000, 0x0000000085300000|  0%| F|  |TAMS 0x0000000085200000| PB 0x0000000085200000| Untracked 
|  57|0x0000000085300000, 0x0000000085300000, 0x0000000085400000|  0%| F|  |TAMS 0x0000000085300000| PB 0x0000000085300000| Untracked 
|  58|0x0000000085400000, 0x0000000085500000, 0x0000000085500000|100%| S|CS|TAMS 0x0000000085400000| PB 0x0000000085400000| Complete 
|  59|0x0000000085500000, 0x0000000085600000, 0x0000000085600000|100%| S|CS|TAMS 0x0000000085500000| PB 0x0000000085500000| Complete 
|  60|0x0000000085600000, 0x0000000085700000, 0x0000000085700000|100%| S|CS|TAMS 0x0000000085600000| PB 0x0000000085600000| Complete 
|  61|0x0000000085700000, 0x0000000085800000, 0x0000000085800000|100%| S|CS|TAMS 0x0000000085700000| PB 0x0000000085700000| Complete 
|  62|0x0000000085800000, 0x0000000085900000, 0x0000000085900000|100%| S|CS|TAMS 0x0000000085800000| PB 0x0000000085800000| Complete 
|  63|0x0000000085900000, 0x0000000085a00000, 0x0000000085a00000|100%| S|CS|TAMS 0x0000000085900000| PB 0x0000000085900000| Complete 
|  64|0x0000000085a00000, 0x0000000085a00000, 0x0000000085b00000|  0%| F|  |TAMS 0x0000000085a00000| PB 0x0000000085a00000| Untracked 
|  65|0x0000000085b00000, 0x0000000085b00000, 0x0000000085c00000|  0%| F|  |TAMS 0x0000000085b00000| PB 0x0000000085b00000| Untracked 
|  66|0x0000000085c00000, 0x0000000085c00000, 0x0000000085d00000|  0%| F|  |TAMS 0x0000000085c00000| PB 0x0000000085c00000| Untracked 
|  67|0x0000000085d00000, 0x0000000085d00000, 0x0000000085e00000|  0%| F|  |TAMS 0x0000000085d00000| PB 0x0000000085d00000| Untracked 
|  68|0x0000000085e00000, 0x0000000085e00000, 0x0000000085f00000|  0%| F|  |TAMS 0x0000000085e00000| PB 0x0000000085e00000| Untracked 
|  69|0x0000000085f00000, 0x0000000085f00000, 0x0000000086000000|  0%| F|  |TAMS 0x0000000085f00000| PB 0x0000000085f00000| Untracked 
|  70|0x0000000086000000, 0x0000000086000000, 0x0000000086100000|  0%| F|  |TAMS 0x0000000086000000| PB 0x0000000086000000| Untracked 
|  71|0x0000000086100000, 0x0000000086100000, 0x0000000086200000|  0%| F|  |TAMS 0x0000000086100000| PB 0x0000000086100000| Untracked 
|  72|0x0000000086200000, 0x0000000086200000, 0x0000000086300000|  0%| F|  |TAMS 0x0000000086200000| PB 0x0000000086200000| Untracked 
|  73|0x0000000086300000, 0x0000000086300000, 0x0000000086400000|  0%| F|  |TAMS 0x0000000086300000| PB 0x0000000086300000| Untracked 
|  74|0x0000000086400000, 0x0000000086400000, 0x0000000086500000|  0%| F|  |TAMS 0x0000000086400000| PB 0x0000000086400000| Untracked 
|  75|0x0000000086500000, 0x0000000086500000, 0x0000000086600000|  0%| F|  |TAMS 0x0000000086500000| PB 0x0000000086500000| Untracked 
|  76|0x0000000086600000, 0x0000000086600000, 0x0000000086700000|  0%| F|  |TAMS 0x0000000086600000| PB 0x0000000086600000| Untracked 
|  77|0x0000000086700000, 0x0000000086700000, 0x0000000086800000|  0%| F|  |TAMS 0x0000000086700000| PB 0x0000000086700000| Untracked 
|  78|0x0000000086800000, 0x0000000086800000, 0x0000000086900000|  0%| F|  |TAMS 0x0000000086800000| PB 0x0000000086800000| Untracked 
|  79|0x0000000086900000, 0x0000000086900000, 0x0000000086a00000|  0%| F|  |TAMS 0x0000000086900000| PB 0x0000000086900000| Untracked 
|  80|0x0000000086a00000, 0x0000000086a00000, 0x0000000086b00000|  0%| F|  |TAMS 0x0000000086a00000| PB 0x0000000086a00000| Untracked 
|  81|0x0000000086b00000, 0x0000000086b00000, 0x0000000086c00000|  0%| F|  |TAMS 0x0000000086b00000| PB 0x0000000086b00000| Untracked 
|  82|0x0000000086c00000, 0x0000000086c00000, 0x0000000086d00000|  0%| F|  |TAMS 0x0000000086c00000| PB 0x0000000086c00000| Untracked 
|  83|0x0000000086d00000, 0x0000000086d00000, 0x0000000086e00000|  0%| F|  |TAMS 0x0000000086d00000| PB 0x0000000086d00000| Untracked 
|  84|0x0000000086e00000, 0x0000000086e00000, 0x0000000086f00000|  0%| F|  |TAMS 0x0000000086e00000| PB 0x0000000086e00000| Untracked 
|  85|0x0000000086f00000, 0x0000000086f00000, 0x0000000087000000|  0%| F|  |TAMS 0x0000000086f00000| PB 0x0000000086f00000| Untracked 
|  86|0x0000000087000000, 0x0000000087000000, 0x0000000087100000|  0%| F|  |TAMS 0x0000000087000000| PB 0x0000000087000000| Untracked 
|  87|0x0000000087100000, 0x0000000087100000, 0x0000000087200000|  0%| F|  |TAMS 0x0000000087100000| PB 0x0000000087100000| Untracked 
|  88|0x0000000087200000, 0x0000000087200000, 0x0000000087300000|  0%| F|  |TAMS 0x0000000087200000| PB 0x0000000087200000| Untracked 
|  89|0x0000000087300000, 0x0000000087300000, 0x0000000087400000|  0%| F|  |TAMS 0x0000000087300000| PB 0x0000000087300000| Untracked 
|  90|0x0000000087400000, 0x0000000087400000, 0x0000000087500000|  0%| F|  |TAMS 0x0000000087400000| PB 0x0000000087400000| Untracked 
|  91|0x0000000087500000, 0x0000000087500000, 0x0000000087600000|  0%| F|  |TAMS 0x0000000087500000| PB 0x0000000087500000| Untracked 
|  92|0x0000000087600000, 0x0000000087680000, 0x0000000087700000| 50%| E|  |TAMS 0x0000000087600000| PB 0x0000000087600000| Complete 
|  93|0x0000000087700000, 0x0000000087800000, 0x0000000087800000|100%| E|CS|TAMS 0x0000000087700000| PB 0x0000000087700000| Complete 
|  94|0x0000000087800000, 0x0000000087900000, 0x0000000087900000|100%| E|CS|TAMS 0x0000000087800000| PB 0x0000000087800000| Complete 
|  95|0x0000000087900000, 0x0000000087a00000, 0x0000000087a00000|100%| E|CS|TAMS 0x0000000087900000| PB 0x0000000087900000| Complete 
|  96|0x0000000087a00000, 0x0000000087b00000, 0x0000000087b00000|100%| E|CS|TAMS 0x0000000087a00000| PB 0x0000000087a00000| Complete 
|  97|0x0000000087b00000, 0x0000000087c00000, 0x0000000087c00000|100%| E|CS|TAMS 0x0000000087b00000| PB 0x0000000087b00000| Complete 
|  98|0x0000000087c00000, 0x0000000087d00000, 0x0000000087d00000|100%| E|CS|TAMS 0x0000000087c00000| PB 0x0000000087c00000| Complete 
|  99|0x0000000087d00000, 0x0000000087e00000, 0x0000000087e00000|100%| E|CS|TAMS 0x0000000087d00000| PB 0x0000000087d00000| Complete 
| 100|0x0000000087e00000, 0x0000000087f00000, 0x0000000087f00000|100%| E|CS|TAMS 0x0000000087e00000| PB 0x0000000087e00000| Complete 
| 110|0x0000000088800000, 0x0000000088900000, 0x0000000088900000|100%| E|CS|TAMS 0x0000000088800000| PB 0x0000000088800000| Complete 
| 111|0x0000000088900000, 0x0000000088a00000, 0x0000000088a00000|100%| E|CS|TAMS 0x0000000088900000| PB 0x0000000088900000| Complete 
| 127|0x0000000089900000, 0x0000000089a00000, 0x0000000089a00000|100%| E|CS|TAMS 0x0000000089900000| PB 0x0000000089900000| Complete 

Card table byte_map: [0x000001bb21bc0000,0x000001bb21fc0000] _byte_map_base: 0x000001bb217b3000

Marking Bits: (CMBitMap*) 0x000001bb0f604690
 Bits: [0x000001bb21fc0000, 0x000001bb23f58000)

Polling page: 0x000001bb0d480000

Metaspace:

Usage:
  Non-class:     40.36 MB used.
      Class:      5.52 MB used.
       Both:     45.87 MB used.

Virtual space:
  Non-class space:       64.00 MB reserved,      40.56 MB ( 63%) committed,  1 nodes.
      Class space:        1.00 GB reserved,       5.69 MB ( <1%) committed,  1 nodes.
             Both:        1.06 GB reserved,      46.25 MB (  4%) committed. 

Chunk freelists:
   Non-Class:  6.42 MB
       Class:  10.27 MB
        Both:  16.69 MB

MaxMetaspaceSize: unlimited
CompressedClassSpaceSize: 1.00 GB
Initial GC threshold: 21.00 MB
Current GC threshold: 59.62 MB
CDS: on
 - commit_granule_bytes: 65536.
 - commit_granule_words: 8192.
 - virtual_space_node_default_size: 8388608.
 - enlarge_chunks_in_place: 1.
 - use_allocation_guard: 0.


Internal statistics:

num_allocs_failed_limit: 9.
num_arena_births: 328.
num_arena_deaths: 0.
num_vsnodes_births: 2.
num_vsnodes_deaths: 0.
num_space_committed: 740.
num_space_uncommitted: 0.
num_chunks_returned_to_freelist: 9.
num_chunks_taken_from_freelist: 1974.
num_chunk_merges: 9.
num_chunk_splits: 1592.
num_chunks_enlarged: 1409.
num_inconsistent_stats: 0.

CodeHeap 'non-profiled nmethods': size=120000Kb used=2344Kb max_used=2344Kb free=117655Kb
 bounds [0x000001bb1a290000, 0x000001bb1a500000, 0x000001bb217c0000]
CodeHeap 'profiled nmethods': size=120000Kb used=9495Kb max_used=9495Kb free=110504Kb
 bounds [0x000001bb127c0000, 0x000001bb13110000, 0x000001bb19cf0000]
CodeHeap 'non-nmethods': size=5760Kb used=1541Kb max_used=1572Kb free=4218Kb
 bounds [0x000001bb19cf0000, 0x000001bb19f60000, 0x000001bb1a290000]
CodeCache: size=245760Kb, used=13380Kb, max_used=13411Kb, free=232377Kb
 total_blobs=4987, nmethods=4302, adapters=589, full_count=0
Compilation: enabled, stopped_count=0, restarted_count=0

Compilation events (20 events):
Event: 14.368 Thread 0x000001bb2642ece0 nmethod 4579 0x000001bb13102e90 code [0x000001bb13103120, 0x000001bb13103af8]
Event: 14.368 Thread 0x000001bb2642ece0 4580       3       org.jetbrains.kotlin.metadata.deserialization.ProtoTypeTableUtilKt::returnType (66 bytes)
Event: 14.369 Thread 0x000001bb2642ece0 nmethod 4580 0x000001bb13103f10 code [0x000001bb13104220, 0x000001bb131051f8]
Event: 14.369 Thread 0x000001bb2642ece0 4582       3       java.util.AbstractList::clear (10 bytes)
Event: 14.369 Thread 0x000001bb2642ece0 nmethod 4582 0x000001bb13105790 code [0x000001bb13105940, 0x000001bb13105be8]
Event: 14.369 Thread 0x000001bb2642ece0 4581       1       org.jetbrains.kotlin.fir.declarations.impl.FirRegularClassImpl::setAnnotations-GqUYU-s (6 bytes)
Event: 14.369 Thread 0x000001bb2642ece0 nmethod 4581 0x000001bb1a4d2110 code [0x000001bb1a4d22a0, 0x000001bb1a4d23b0]
Event: 14.369 Thread 0x000001bb7f0e2ca0 4583       4       java.lang.Integer::stringSize (47 bytes)
Event: 14.370 Thread 0x000001bb2642bfb0 nmethod 4578 0x000001bb1a4d2410 code [0x000001bb1a4d25c0, 0x000001bb1a4d2950]
Event: 14.370 Thread 0x000001bb2642bfb0 4584       4       org.jetbrains.kotlin.load.kotlin.MemberSignature::hashCode (8 bytes)
Event: 14.370 Thread 0x000001bb7f0e2ca0 nmethod 4583 0x000001bb1a4d2c10 code [0x000001bb1a4d2da0, 0x000001bb1a4d2e98]
Event: 14.371 Thread 0x000001bb2642bfb0 nmethod 4584 0x000001bb1a4d2f90 code [0x000001bb1a4d3160, 0x000001bb1a4d3498]
Event: 14.405 Thread 0x000001bb2642bfb0 4585       4       org.jetbrains.org.objectweb.asm.ClassReader::readMethod (1093 bytes)
Event: 14.430 Thread 0x000001bb7f0e2ca0 4586       4       org.jetbrains.kotlin.fir.java.deserialization.AnnotationsLoader::loadAnnotationIfNotSpecial$java (36 bytes)
Event: 14.457 Thread 0x000001bb7f0e2ca0 nmethod 4586 0x000001bb1a4d3590 code [0x000001bb1a4d3940, 0x000001bb1a4d5540]
Event: 14.457 Thread 0x000001bb7f0e2ca0 4588       4       java.lang.Integer::getChars (121 bytes)
Event: 14.460 Thread 0x000001bb7f0e2ca0 nmethod 4588 0x000001bb1a4d6610 code [0x000001bb1a4d67c0, 0x000001bb1a4d6ad8]
Event: 14.460 Thread 0x000001bb7f0e2ca0 4587       4       java.lang.String::indexOf (64 bytes)
Event: 14.461 Thread 0x000001bb7f0e2ca0 nmethod 4587 0x000001bb1a4d6d10 code [0x000001bb1a4d6ea0, 0x000001bb1a4d7100]
Event: 14.463 Thread 0x000001bb7f0e2ca0 4589       4       org.jetbrains.kotlin.load.kotlin.FileBasedKotlinClass::resolveNameByInternalName (178 bytes)

GC Heap History (18 events):
Event: 0.815 GC heap before
{Heap before GC invocations=0 (full 0):
 garbage-first heap   total 131072K, used 16384K [0x0000000081a00000, 0x0000000100000000)
  region size 1024K, 13 young (13312K), 0 survivors (0K)
 Metaspace       used 4097K, committed 4224K, reserved 1114112K
  class space    used 320K, committed 384K, reserved 1048576K
}
Event: 0.826 GC heap after
{Heap after GC invocations=1 (full 0):
 garbage-first heap   total 131072K, used 5473K [0x0000000081a00000, 0x0000000100000000)
  region size 1024K, 2 young (2048K), 2 survivors (2048K)
 Metaspace       used 4097K, committed 4224K, reserved 1114112K
  class space    used 320K, committed 384K, reserved 1048576K
}
Event: 1.720 GC heap before
{Heap before GC invocations=1 (full 0):
 garbage-first heap   total 131072K, used 20833K [0x0000000081a00000, 0x0000000100000000)
  region size 1024K, 18 young (18432K), 2 survivors (2048K)
 Metaspace       used 9264K, committed 9536K, reserved 1114112K
  class space    used 936K, committed 1088K, reserved 1048576K
}
Event: 1.724 GC heap after
{Heap after GC invocations=2 (full 0):
 garbage-first heap   total 131072K, used 6676K [0x0000000081a00000, 0x0000000100000000)
  region size 1024K, 1 young (1024K), 1 survivors (1024K)
 Metaspace       used 9264K, committed 9536K, reserved 1114112K
  class space    used 936K, committed 1088K, reserved 1048576K
}
Event: 3.753 GC heap before
{Heap before GC invocations=2 (full 0):
 garbage-first heap   total 131072K, used 83476K [0x0000000081a00000, 0x0000000100000000)
  region size 1024K, 76 young (77824K), 1 survivors (1024K)
 Metaspace       used 16814K, committed 17088K, reserved 1114112K
  class space    used 1845K, committed 1984K, reserved 1048576K
}
Event: 3.788 GC heap after
{Heap after GC invocations=3 (full 0):
 garbage-first heap   total 131072K, used 29035K [0x0000000081a00000, 0x0000000100000000)
  region size 1024K, 10 young (10240K), 10 survivors (10240K)
 Metaspace       used 16814K, committed 17088K, reserved 1114112K
  class space    used 1845K, committed 1984K, reserved 1048576K
}
Event: 5.301 GC heap before
{Heap before GC invocations=3 (full 0):
 garbage-first heap   total 131072K, used 44395K [0x0000000081a00000, 0x0000000100000000)
  region size 1024K, 26 young (26624K), 10 survivors (10240K)
 Metaspace       used 21197K, committed 21504K, reserved 1114112K
  class space    used 2444K, committed 2560K, reserved 1048576K
}
Event: 5.325 GC heap after
{Heap after GC invocations=4 (full 0):
 garbage-first heap   total 131072K, used 31232K [0x0000000081a00000, 0x0000000100000000)
  region size 1024K, 2 young (2048K), 2 survivors (2048K)
 Metaspace       used 21197K, committed 21504K, reserved 1114112K
  class space    used 2444K, committed 2560K, reserved 1048576K
}
Event: 9.251 GC heap before
{Heap before GC invocations=5 (full 0):
 garbage-first heap   total 106496K, used 80384K [0x0000000081a00000, 0x0000000100000000)
  region size 1024K, 50 young (51200K), 2 survivors (2048K)
 Metaspace       used 33113K, committed 33408K, reserved 1114112K
  class space    used 4022K, committed 4160K, reserved 1048576K
}
Event: 9.261 GC heap after
{Heap after GC invocations=6 (full 0):
 garbage-first heap   total 106496K, used 34304K [0x0000000081a00000, 0x0000000100000000)
  region size 1024K, 5 young (5120K), 5 survivors (5120K)
 Metaspace       used 33113K, committed 33408K, reserved 1114112K
  class space    used 4022K, committed 4160K, reserved 1048576K
}
Event: 10.314 GC heap before
{Heap before GC invocations=6 (full 0):
 garbage-first heap   total 106496K, used 45568K [0x0000000081a00000, 0x0000000100000000)
  region size 1024K, 18 young (18432K), 5 survivors (5120K)
 Metaspace       used 35882K, committed 36096K, reserved 1114112K
  class space    used 4331K, committed 4416K, reserved 1048576K
}
Event: 10.328 GC heap after
{Heap after GC invocations=7 (full 0):
 garbage-first heap   total 106496K, used 35537K [0x0000000081a00000, 0x0000000100000000)
  region size 1024K, 1 young (1024K), 1 survivors (1024K)
 Metaspace       used 35882K, committed 36096K, reserved 1114112K
  class space    used 4331K, committed 4416K, reserved 1048576K
}
Event: 10.358 GC heap before
{Heap before GC invocations=7 (full 0):
 garbage-first heap   total 106496K, used 35537K [0x0000000081a00000, 0x0000000100000000)
  region size 1024K, 2 young (2048K), 1 survivors (1024K)
 Metaspace       used 36162K, committed 36416K, reserved 1114112K
  class space    used 4350K, committed 4480K, reserved 1048576K
}
Event: 10.361 GC heap after
{Heap after GC invocations=8 (full 0):
 garbage-first heap   total 106496K, used 35495K [0x0000000081a00000, 0x0000000100000000)
  region size 1024K, 1 young (1024K), 1 survivors (1024K)
 Metaspace       used 36162K, committed 36416K, reserved 1114112K
  class space    used 4350K, committed 4480K, reserved 1048576K
}
Event: 12.637 GC heap before
{Heap before GC invocations=9 (full 0):
 garbage-first heap   total 106496K, used 83623K [0x0000000081a00000, 0x0000000100000000)
  region size 1024K, 47 young (48128K), 1 survivors (1024K)
 Metaspace       used 43516K, committed 43904K, reserved 1114112K
  class space    used 5257K, committed 5440K, reserved 1048576K
}
Event: 12.656 GC heap after
{Heap after GC invocations=10 (full 0):
 garbage-first heap   total 106496K, used 44848K [0x0000000081a00000, 0x0000000100000000)
  region size 1024K, 6 young (6144K), 6 survivors (6144K)
 Metaspace       used 43516K, committed 43904K, reserved 1114112K
  class space    used 5257K, committed 5440K, reserved 1048576K
}
Event: 14.160 GC heap before
{Heap before GC invocations=10 (full 0):
 garbage-first heap   total 106496K, used 85808K [0x0000000081a00000, 0x0000000100000000)
  region size 1024K, 46 young (47104K), 6 survivors (6144K)
 Metaspace       used 46838K, committed 47232K, reserved 1114112K
  class space    used 5643K, committed 5824K, reserved 1048576K
}
Event: 14.192 GC heap after
{Heap after GC invocations=11 (full 0):
 garbage-first heap   total 106496K, used 53325K [0x0000000081a00000, 0x0000000100000000)
  region size 1024K, 6 young (6144K), 6 survivors (6144K)
 Metaspace       used 46838K, committed 47232K, reserved 1114112K
  class space    used 5643K, committed 5824K, reserved 1048576K
}

Dll operation events (7 events):
Event: 0.007 Loaded shared library C:\Users\umer\.antigravity\extensions\redhat.java-1.53.0-win32-x64\jre\21.0.10-win32-x86_64\bin\java.dll
Event: 0.216 Loaded shared library C:\Users\umer\.antigravity\extensions\redhat.java-1.53.0-win32-x64\jre\21.0.10-win32-x86_64\bin\net.dll
Event: 0.227 Loaded shared library C:\Users\umer\.antigravity\extensions\redhat.java-1.53.0-win32-x64\jre\21.0.10-win32-x86_64\bin\nio.dll
Event: 0.260 Loaded shared library C:\Users\umer\.antigravity\extensions\redhat.java-1.53.0-win32-x64\jre\21.0.10-win32-x86_64\bin\zip.dll
Event: 0.310 Loaded shared library C:\Users\umer\.antigravity\extensions\redhat.java-1.53.0-win32-x64\jre\21.0.10-win32-x86_64\bin\zip.dll
Event: 0.313 Loaded shared library C:\Users\umer\.antigravity\extensions\redhat.java-1.53.0-win32-x64\jre\21.0.10-win32-x86_64\bin\jimage.dll
Event: 3.432 Loaded shared library C:\Users\umer\.antigravity\extensions\redhat.java-1.53.0-win32-x64\jre\21.0.10-win32-x86_64\bin\verify.dll

Deoptimization events (20 events):
Event: 14.041 Thread 0x000001bb0f5af760 Uncommon trap: trap_request=0xffffffde fr.pc=0x000001bb1a41ad5c relative=0x00000000000015fc
Event: 14.041 Thread 0x000001bb0f5af760 Uncommon trap: reason=class_check action=maybe_recompile pc=0x000001bb1a41ad5c method=org.jetbrains.org.objectweb.asm.ClassReader.readElementValue(Lorg/jetbrains/org/objectweb/asm/AnnotationVisitor;ILjava/lang/String;[C)I @ 536 c2
Event: 14.041 Thread 0x000001bb0f5af760 DEOPT PACKING pc=0x000001bb1a41ad5c sp=0x0000003b2a8f6f90
Event: 14.041 Thread 0x000001bb0f5af760 DEOPT UNPACKING pc=0x000001bb19d44422 sp=0x0000003b2a8f6f20 mode 2
Event: 14.055 Thread 0x000001bb0f5af760 Uncommon trap: trap_request=0xffffff45 fr.pc=0x000001bb1a475fa4 relative=0x0000000000005584
Event: 14.055 Thread 0x000001bb0f5af760 Uncommon trap: reason=unstable_if action=reinterpret pc=0x000001bb1a475fa4 method=org.jetbrains.org.objectweb.asm.ClassReader.readMethod(Lorg/jetbrains/org/objectweb/asm/ClassVisitor;Lorg/jetbrains/org/objectweb/asm/Context;I)I @ 906 c2
Event: 14.055 Thread 0x000001bb0f5af760 DEOPT PACKING pc=0x000001bb1a475fa4 sp=0x0000003b2a8f5580
Event: 14.055 Thread 0x000001bb0f5af760 DEOPT UNPACKING pc=0x000001bb19d44422 sp=0x0000003b2a8f5548 mode 2
Event: 14.237 Thread 0x000001bb0f5af760 Uncommon trap: trap_request=0xffffffde fr.pc=0x000001bb1a41ad5c relative=0x00000000000015fc
Event: 14.237 Thread 0x000001bb0f5af760 Uncommon trap: reason=class_check action=maybe_recompile pc=0x000001bb1a41ad5c method=org.jetbrains.org.objectweb.asm.ClassReader.readElementValue(Lorg/jetbrains/org/objectweb/asm/AnnotationVisitor;ILjava/lang/String;[C)I @ 536 c2
Event: 14.237 Thread 0x000001bb0f5af760 DEOPT PACKING pc=0x000001bb1a41ad5c sp=0x0000003b2a8f8980
Event: 14.237 Thread 0x000001bb0f5af760 DEOPT UNPACKING pc=0x000001bb19d44422 sp=0x0000003b2a8f8910 mode 2
Event: 14.352 Thread 0x000001bb0f5af760 Uncommon trap: trap_request=0xffffff45 fr.pc=0x000001bb1a4ac66c relative=0x000000000000032c
Event: 14.352 Thread 0x000001bb0f5af760 Uncommon trap: reason=unstable_if action=reinterpret pc=0x000001bb1a4ac66c method=java.lang.String.indexOf([BBILjava/lang/String;I)I @ 22 c2
Event: 14.352 Thread 0x000001bb0f5af760 DEOPT PACKING pc=0x000001bb1a4ac66c sp=0x0000003b2a8f7a60
Event: 14.352 Thread 0x000001bb0f5af760 DEOPT UNPACKING pc=0x000001bb19d44422 sp=0x0000003b2a8f7958 mode 2
Event: 14.352 Thread 0x000001bb0f5af760 Uncommon trap: trap_request=0xffffff45 fr.pc=0x000001bb1a4ace44 relative=0x0000000000000304
Event: 14.352 Thread 0x000001bb0f5af760 Uncommon trap: reason=unstable_if action=reinterpret pc=0x000001bb1a4ace44 method=java.lang.String.indexOf([BBILjava/lang/String;I)I @ 22 c2
Event: 14.352 Thread 0x000001bb0f5af760 DEOPT PACKING pc=0x000001bb1a4ace44 sp=0x0000003b2a8f79c0
Event: 14.352 Thread 0x000001bb0f5af760 DEOPT UNPACKING pc=0x000001bb19d44422 sp=0x0000003b2a8f7950 mode 2

Classes loaded (20 events):
Event: 10.946 Loading class java/util/stream/DoubleStream
Event: 10.947 Loading class java/util/stream/DoubleStream done
Event: 10.996 Loading class java/util/AbstractList$SubList
Event: 10.996 Loading class java/util/AbstractList$SubList done
Event: 10.996 Loading class java/util/AbstractList$SubList$1
Event: 10.996 Loading class java/util/AbstractList$SubList$1 done
Event: 10.996 Loading class java/util/AbstractList$ListItr
Event: 10.997 Loading class java/util/AbstractList$ListItr done
Event: 11.283 Loading class java/util/EnumMap$EntrySet
Event: 11.284 Loading class java/util/EnumMap$EntrySet done
Event: 11.284 Loading class java/util/EnumMap$EntryIterator
Event: 11.284 Loading class java/util/EnumMap$EnumMapIterator
Event: 11.284 Loading class java/util/EnumMap$EnumMapIterator done
Event: 11.284 Loading class java/util/EnumMap$EntryIterator done
Event: 11.284 Loading class java/util/EnumMap$EntryIterator$Entry
Event: 11.284 Loading class java/util/EnumMap$EntryIterator$Entry done
Event: 12.186 Loading class java/security/CodeSigner
Event: 12.186 Loading class java/security/CodeSigner done
Event: 13.271 Loading class java/util/AbstractList$RandomAccessSubList
Event: 13.271 Loading class java/util/AbstractList$RandomAccessSubList done

Classes unloaded (0 events):
No events

Classes redefined (0 events):
No events

Internal exceptions (20 events):
Event: 10.150 Thread 0x000001bb0f5af760 Exception <a 'java/lang/NoSuchMethodError'{0x0000000087747500}: 'java.lang.Object java.lang.invoke.DirectMethodHandle$Holder.newInvokeSpecial(java.lang.Object, java.lang.Object, java.lang.Object, java.lang.Object, java.lang.Object, java.lang.Object)'> (0x0000000087747500) 
thrown [s\src\hotspot\share\interpreter\linkResolver.cpp, line 773]
Event: 10.994 Thread 0x000001bb0f5af760 Exception <a 'java/lang/NoSuchMethodError'{0x0000000087ac7888}: 'java.lang.Object java.lang.invoke.Invokers$Holder.invokeExact_MT(java.lang.Object, java.lang.Object, long, java.lang.Object)'> (0x0000000087ac7888) 
thrown [s\src\hotspot\share\interpreter\linkResolver.cpp, line 773]
Event: 11.068 Thread 0x000001bb0f5af760 Exception <a 'java/lang/NoSuchMethodError'{0x0000000087985f40}: 'java.lang.Object java.lang.invoke.DirectMethodHandle$Holder.newInvokeSpecial(java.lang.Object, java.lang.Object, java.lang.Object, java.lang.Object, int)'> (0x0000000087985f40) 
thrown [s\src\hotspot\share\interpreter\linkResolver.cpp, line 773]
Event: 11.068 Thread 0x000001bb0f5af760 Exception <a 'java/lang/NoSuchMethodError'{0x000000008798a348}: 'java.lang.Object java.lang.invoke.DirectMethodHandle$Holder.invokeSpecial(java.lang.Object, java.lang.Object, java.lang.Object, java.lang.Object, java.lang.Object, int)'> (0x000000008798a348) 
thrown [s\src\hotspot\share\interpreter\linkResolver.cpp, line 773]
Event: 11.068 Thread 0x000001bb0f5af760 Exception <a 'java/lang/NoSuchMethodError'{0x000000008798e088}: 'java.lang.Object java.lang.invoke.Invokers$Holder.linkToTargetMethod(java.lang.Object, java.lang.Object, java.lang.Object, int, java.lang.Object)'> (0x000000008798e088) 
thrown [s\src\hotspot\share\interpreter\linkResolver.cpp, line 773]
Event: 11.464 Thread 0x000001bb0f5af760 Implicit null exception at 0x000001bb1a34e5be to 0x000001bb1a34e830
Event: 11.955 Thread 0x000001bb0f5af760 Exception <a 'java/lang/NoSuchMethodError'{0x0000000086aa05b8}: 'java.lang.Object java.lang.invoke.DirectMethodHandle$Holder.invokeStaticInit(java.lang.Object, java.lang.Object, java.lang.Object, java.lang.Object)'> (0x0000000086aa05b8) 
thrown [s\src\hotspot\share\interpreter\linkResolver.cpp, line 773]
Event: 13.298 Thread 0x000001bb0f5af760 Exception <a 'java/lang/NoSuchMethodError'{0x000000008713f070}: 'java.lang.Object java.lang.invoke.DirectMethodHandle$Holder.newInvokeSpecial(java.lang.Object, int, java.lang.Object)'> (0x000000008713f070) 
thrown [s\src\hotspot\share\interpreter\linkResolver.cpp, line 773]
Event: 13.300 Thread 0x000001bb0f5af760 Exception <a 'java/lang/NoSuchMethodError'{0x0000000087157010}: 'java.lang.Object java.lang.invoke.DirectMethodHandle$Holder.newInvokeSpecial(java.lang.Object, java.lang.Object, java.lang.Object, java.lang.Object, int, java.lang.Object, java.lang.Object)'> (0x0000000087157010) 
thrown [s\src\hotspot\share\interpreter\linkResolver.cpp, line 773]
Event: 13.300 Thread 0x000001bb0f5af760 Exception <a 'java/lang/NoSuchMethodError'{0x000000008715f3a0}: 'java.lang.Object java.lang.invoke.Invokers$Holder.linkToTargetMethod(java.lang.Object, java.lang.Object, java.lang.Object, int, java.lang.Object, java.lang.Object, java.lang.Object)'> (0x000000008715f3a0) 
thrown [s\src\hotspot\share\interpreter\linkResolver.cpp, line 773]
Event: 13.639 Thread 0x000001bb0f5af760 Exception <a 'java/lang/NoSuchMethodError'{0x000000008670bca8}: 'java.lang.Object java.lang.invoke.DirectMethodHandle$Holder.newInvokeSpecial(java.lang.Object, java.lang.Object, java.lang.Object, java.lang.Object, java.lang.Object, java.lang.Object, java.lang.Object, java.lang.Object, java.lang.Object)'> (0x000000008670bca8) 
thrown [s\src\hotspot\share\interpreter\linkResolver.cpp, line 773]
Event: 13.641 Thread 0x000001bb0f5af760 Exception <a 'java/lang/NoSuchMethodError'{0x000000008671e1c0}: 'java.lang.Object java.lang.invoke.DirectMethodHandle$Holder.newInvokeSpecial(java.lang.Object, java.lang.Object, java.lang.Object, int)'> (0x000000008671e1c0) 
thrown [s\src\hotspot\share\interpreter\linkResolver.cpp, line 773]
Event: 13.641 Thread 0x000001bb0f5af760 Exception <a 'java/lang/NoSuchMethodError'{0x0000000086721f80}: 'java.lang.Object java.lang.invoke.DirectMethodHandle$Holder.invokeSpecial(java.lang.Object, java.lang.Object, java.lang.Object, java.lang.Object, int)'> (0x0000000086721f80) 
thrown [s\src\hotspot\share\interpreter\linkResolver.cpp, line 773]
Event: 13.641 Thread 0x000001bb0f5af760 Exception <a 'java/lang/NoSuchMethodError'{0x00000000867256c8}: 'java.lang.Object java.lang.invoke.Invokers$Holder.linkToTargetMethod(java.lang.Object, java.lang.Object, int, java.lang.Object)'> (0x00000000867256c8) 
thrown [s\src\hotspot\share\interpreter\linkResolver.cpp, line 773]
Event: 13.709 Thread 0x000001bb0f5af760 Exception <a 'java/lang/NoSuchMethodError'{0x000000008648e4a8}: 'java.lang.Object java.lang.invoke.DirectMethodHandle$Holder.invokeSpecial(java.lang.Object, java.lang.Object, int, java.lang.Object, java.lang.Object)'> (0x000000008648e4a8) 
thrown [s\src\hotspot\share\interpreter\linkResolver.cpp, line 773]
Event: 13.750 Thread 0x000001bb0f5af760 Exception <a 'java/lang/NoSuchMethodError'{0x0000000086376948}: 'java.lang.Object java.lang.invoke.DirectMethodHandle$Holder.invokeStatic(java.lang.Object, java.lang.Object, java.lang.Object, int, java.lang.Object, java.lang.Object)'> (0x0000000086376948) 
thrown [s\src\hotspot\share\interpreter\linkResolver.cpp, line 773]
Event: 13.758 Thread 0x000001bb0f5af760 Exception <a 'java/lang/NoSuchMethodError'{0x00000000863de198}: 'java.lang.Object java.lang.invoke.DirectMethodHandle$Holder.newInvokeSpecial(java.lang.Object, java.lang.Object, java.lang.Object, java.lang.Object, java.lang.Object, int)'> (0x00000000863de198) 
thrown [s\src\hotspot\share\interpreter\linkResolver.cpp, line 773]
Event: 13.758 Thread 0x000001bb0f5af760 Exception <a 'java/lang/NoSuchMethodError'{0x00000000863e28d0}: 'java.lang.Object java.lang.invoke.DirectMethodHandle$Holder.invokeSpecial(java.lang.Object, java.lang.Object, java.lang.Object, java.lang.Object, java.lang.Object, java.lang.Object, int)'> (0x00000000863e28d0) 
thrown [s\src\hotspot\share\interpreter\linkResolver.cpp, line 773]
Event: 13.759 Thread 0x000001bb0f5af760 Exception <a 'java/lang/NoSuchMethodError'{0x00000000863e69b8}: 'java.lang.Object java.lang.invoke.Invokers$Holder.linkToTargetMethod(java.lang.Object, java.lang.Object, java.lang.Object, java.lang.Object, int, java.lang.Object)'> (0x00000000863e69b8) 
thrown [s\src\hotspot\share\interpreter\linkResolver.cpp, line 773]
Event: 13.795 Thread 0x000001bb0f5af760 Exception <a 'java/lang/NoSuchMethodError'{0x00000000862abe60}: 'java.lang.Object java.lang.invoke.DirectMethodHandle$Holder.invokeStatic(java.lang.Object, int, java.lang.Object, java.lang.Object)'> (0x00000000862abe60) 
thrown [s\src\hotspot\share\interpreter\linkResolver.cpp, line 773]

ZGC Phase Switch (0 events):
No events

VM Operations (20 events):
Event: 10.979 Executing non-safepoint VM operation: HandshakeAllThreads (Deoptimize)
Event: 10.979 Executing non-safepoint VM operation: HandshakeAllThreads (Deoptimize) done
Event: 10.997 Executing non-safepoint VM operation: HandshakeAllThreads (Deoptimize)
Event: 10.997 Executing non-safepoint VM operation: HandshakeAllThreads (Deoptimize) done
Event: 12.006 Executing safepoint VM operation: Cleanup
Event: 12.021 Executing safepoint VM operation: Cleanup done
Event: 12.637 Executing safepoint VM operation: G1CollectForAllocation (G1 Evacuation Pause)
Event: 12.656 Executing safepoint VM operation: G1CollectForAllocation (G1 Evacuation Pause) done
Event: 13.498 Executing non-safepoint VM operation: HandshakeAllThreads (Deoptimize)
Event: 13.498 Executing non-safepoint VM operation: HandshakeAllThreads (Deoptimize) done
Event: 13.502 Executing non-safepoint VM operation: HandshakeAllThreads (Deoptimize)
Event: 13.502 Executing non-safepoint VM operation: HandshakeAllThreads (Deoptimize) done
Event: 13.523 Executing safepoint VM operation: ICBufferFull
Event: 13.523 Executing safepoint VM operation: ICBufferFull done
Event: 13.602 Executing non-safepoint VM operation: HandshakeAllThreads (Deoptimize)
Event: 13.602 Executing non-safepoint VM operation: HandshakeAllThreads (Deoptimize) done
Event: 13.877 Executing safepoint VM operation: ICBufferFull
Event: 13.878 Executing safepoint VM operation: ICBufferFull done
Event: 14.160 Executing safepoint VM operation: G1CollectForAllocation (G1 Evacuation Pause)
Event: 14.192 Executing safepoint VM operation: G1CollectForAllocation (G1 Evacuation Pause) done

Memory protections (0 events):
No events

Nmethod flushes (20 events):
Event: 10.434 Thread 0x000001bb26404580 flushing  nmethod 0x000001bb129b7310
Event: 10.434 Thread 0x000001bb26404580 flushing  nmethod 0x000001bb129b7f10
Event: 10.434 Thread 0x000001bb26404580 flushing  nmethod 0x000001bb129b8890
Event: 10.434 Thread 0x000001bb26404580 flushing  nmethod 0x000001bb129bb710
Event: 10.434 Thread 0x000001bb26404580 flushing  nmethod 0x000001bb129bc210
Event: 10.434 Thread 0x000001bb26404580 flushing  nmethod 0x000001bb129bc890
Event: 10.434 Thread 0x000001bb26404580 flushing  nmethod 0x000001bb129bd310
Event: 10.434 Thread 0x000001bb26404580 flushing  nmethod 0x000001bb129be590
Event: 10.434 Thread 0x000001bb26404580 flushing  nmethod 0x000001bb129bea90
Event: 10.434 Thread 0x000001bb26404580 flushing  nmethod 0x000001bb129bef10
Event: 10.434 Thread 0x000001bb26404580 flushing  nmethod 0x000001bb129d5890
Event: 10.434 Thread 0x000001bb26404580 flushing  nmethod 0x000001bb129d5c10
Event: 10.434 Thread 0x000001bb26404580 flushing  nmethod 0x000001bb129d7a90
Event: 10.434 Thread 0x000001bb26404580 flushing  nmethod 0x000001bb129d8690
Event: 10.434 Thread 0x000001bb26404580 flushing osr nmethod 0x000001bb129da490
Event: 10.434 Thread 0x000001bb26404580 flushing  nmethod 0x000001bb129e9d90
Event: 10.434 Thread 0x000001bb26404580 flushing  nmethod 0x000001bb129eb090
Event: 10.434 Thread 0x000001bb26404580 flushing  nmethod 0x000001bb12a34b90
Event: 10.434 Thread 0x000001bb26404580 flushing  nmethod 0x000001bb12a35390
Event: 10.434 Thread 0x000001bb26404580 flushing  nmethod 0x000001bb12a82c90

Events (20 events):
Event: 0.028 Thread 0x000001bb0f5af760 Thread added: 0x000001bb0f5af760
Event: 0.071 Thread 0x000001bb0f5af760 Thread added: 0x000001bb26424800
Event: 0.071 Thread 0x000001bb0f5af760 Thread added: 0x000001bb26425720
Event: 0.071 Thread 0x000001bb0f5af760 Thread added: 0x000001bb26429300
Event: 0.071 Thread 0x000001bb0f5af760 Thread added: 0x000001bb26429d60
Event: 0.071 Thread 0x000001bb0f5af760 Thread added: 0x000001bb2642a7c0
Event: 0.071 Thread 0x000001bb0f5af760 Thread added: 0x000001bb2642b220
Event: 0.071 Thread 0x000001bb0f5af760 Thread added: 0x000001bb2642bfb0
Event: 0.073 Thread 0x000001bb0f5af760 Thread added: 0x000001bb2642ece0
Event: 0.202 Thread 0x000001bb0f5af760 Thread added: 0x000001bb2650be30
Event: 0.206 Thread 0x000001bb0f5af760 Thread added: 0x000001bb26512680
Event: 0.251 Thread 0x000001bb2642bfb0 Thread added: 0x000001bb2659ed30
Event: 0.952 Thread 0x000001bb2659ed30 Thread exited: 0x000001bb2659ed30
Event: 2.800 Thread 0x000001bb2642bfb0 Thread added: 0x000001bb6c895420
Event: 3.163 Thread 0x000001bb6c895420 Thread exited: 0x000001bb6c895420
Event: 10.187 Thread 0x000001bb2642ece0 Thread added: 0x000001bb7d3d1eb0
Event: 10.504 Thread 0x000001bb7d3d1eb0 Thread exited: 0x000001bb7d3d1eb0
Event: 11.084 Thread 0x000001bb2642ece0 Thread added: 0x000001bb7d3d1eb0
Event: 11.840 Thread 0x000001bb7d3d1eb0 Thread exited: 0x000001bb7d3d1eb0
Event: 12.367 Thread 0x000001bb2642ece0 Thread added: 0x000001bb7f0e2ca0


Dynamic libraries:
0x00007ff731fa0000 - 0x00007ff731fae000 	C:\Users\umer\.antigravity\extensions\redhat.java-1.53.0-win32-x64\jre\21.0.10-win32-x86_64\bin\java.exe
0x00007ffb14bb0000 - 0x00007ffb14da8000 	C:\Windows\SYSTEM32\ntdll.dll
0x00007ffb142c0000 - 0x00007ffb14382000 	C:\Windows\System32\KERNEL32.DLL
0x00007ffb12770000 - 0x00007ffb12a66000 	C:\Windows\System32\KERNELBASE.dll
0x00007ffb12270000 - 0x00007ffb12370000 	C:\Windows\System32\ucrtbase.dll
0x00007ffafe350000 - 0x00007ffafe36e000 	C:\Users\umer\.antigravity\extensions\redhat.java-1.53.0-win32-x64\jre\21.0.10-win32-x86_64\bin\VCRUNTIME140.dll
0x00007ffafcdf0000 - 0x00007ffafce08000 	C:\Users\umer\.antigravity\extensions\redhat.java-1.53.0-win32-x64\jre\21.0.10-win32-x86_64\bin\jli.dll
0x00007ffb14110000 - 0x00007ffb142b1000 	C:\Windows\System32\USER32.dll
0x00007ffb12a70000 - 0x00007ffb12a92000 	C:\Windows\System32\win32u.dll
0x00007ffb14390000 - 0x00007ffb143bb000 	C:\Windows\System32\GDI32.dll
0x00007ffb12650000 - 0x00007ffb12769000 	C:\Windows\System32\gdi32full.dll
0x00007ffb12aa0000 - 0x00007ffb12b3d000 	C:\Windows\System32\msvcp_win.dll
0x00007ffb06280000 - 0x00007ffb0651b000 	C:\Windows\WinSxS\amd64_microsoft.windows.common-controls_6595b64144ccf1df_6.0.19041.6456_none_60b8a6cb71f64256\COMCTL32.dll
0x00007ffb145f0000 - 0x00007ffb1468e000 	C:\Windows\System32\msvcrt.dll
0x00007ffb13db0000 - 0x00007ffb13ddf000 	C:\Windows\System32\IMM32.DLL
0x00007ffb03e00000 - 0x00007ffb03e0c000 	C:\Users\umer\.antigravity\extensions\redhat.java-1.53.0-win32-x64\jre\21.0.10-win32-x86_64\bin\vcruntime140_1.dll
0x00007ffaf3400000 - 0x00007ffaf348d000 	C:\Users\umer\.antigravity\extensions\redhat.java-1.53.0-win32-x64\jre\21.0.10-win32-x86_64\bin\msvcp140.dll
0x00007ffab7240000 - 0x00007ffab7fe1000 	C:\Users\umer\.antigravity\extensions\redhat.java-1.53.0-win32-x64\jre\21.0.10-win32-x86_64\bin\server\jvm.dll
0x00007ffb14690000 - 0x00007ffb14741000 	C:\Windows\System32\ADVAPI32.dll
0x00007ffb143c0000 - 0x00007ffb1445f000 	C:\Windows\System32\sechost.dll
0x00007ffb14470000 - 0x00007ffb14590000 	C:\Windows\System32\RPCRT4.dll
0x00007ffb12240000 - 0x00007ffb12267000 	C:\Windows\System32\bcrypt.dll
0x00007ffb13d40000 - 0x00007ffb13dab000 	C:\Windows\System32\WS2_32.dll
0x00007ffb120a0000 - 0x00007ffb120eb000 	C:\Windows\SYSTEM32\POWRPROF.dll
0x00007ffb06900000 - 0x00007ffb06927000 	C:\Windows\SYSTEM32\WINMM.dll
0x00007ffb06a00000 - 0x00007ffb06a0a000 	C:\Windows\SYSTEM32\VERSION.dll
0x00007ffb12080000 - 0x00007ffb12092000 	C:\Windows\SYSTEM32\UMPDC.dll
0x00007ffb0ffb0000 - 0x00007ffb0ffc2000 	C:\Windows\SYSTEM32\kernel.appcore.dll
0x00007ffb03a80000 - 0x00007ffb03a8a000 	C:\Users\umer\.antigravity\extensions\redhat.java-1.53.0-win32-x64\jre\21.0.10-win32-x86_64\bin\jimage.dll
0x00007ffb066c0000 - 0x00007ffb068c1000 	C:\Windows\SYSTEM32\DBGHELP.DLL
0x00007ffb024a0000 - 0x00007ffb024d4000 	C:\Windows\SYSTEM32\dbgcore.DLL
0x00007ffb12b40000 - 0x00007ffb12bc2000 	C:\Windows\System32\bcryptPrimitives.dll
0x00007ffafe410000 - 0x00007ffafe430000 	C:\Users\umer\.antigravity\extensions\redhat.java-1.53.0-win32-x64\jre\21.0.10-win32-x86_64\bin\java.dll
0x00007ffb13290000 - 0x00007ffb13a00000 	C:\Windows\System32\SHELL32.dll
0x00007ffb10290000 - 0x00007ffb10a35000 	C:\Windows\SYSTEM32\windows.storage.dll
0x00007ffb14750000 - 0x00007ffb14aa4000 	C:\Windows\System32\combase.dll
0x00007ffb11ab0000 - 0x00007ffb11adb000 	C:\Windows\SYSTEM32\Wldp.dll
0x00007ffb13bb0000 - 0x00007ffb13c7d000 	C:\Windows\System32\OLEAUT32.dll
0x00007ffb131e0000 - 0x00007ffb1328d000 	C:\Windows\System32\SHCORE.dll
0x00007ffb14590000 - 0x00007ffb145eb000 	C:\Windows\System32\shlwapi.dll
0x00007ffb12170000 - 0x00007ffb12194000 	C:\Windows\SYSTEM32\profapi.dll
0x00007ffb0f0b0000 - 0x00007ffb0f0c0000 	C:\Users\umer\.antigravity\extensions\redhat.java-1.53.0-win32-x64\jre\21.0.10-win32-x86_64\bin\net.dll
0x00007ffb0bc20000 - 0x00007ffb0bd2a000 	C:\Windows\SYSTEM32\WINHTTP.dll
0x00007ffb11890000 - 0x00007ffb118fa000 	C:\Windows\system32\mswsock.dll
0x00007ffb02cc0000 - 0x00007ffb02cd6000 	C:\Users\umer\.antigravity\extensions\redhat.java-1.53.0-win32-x64\jre\21.0.10-win32-x86_64\bin\nio.dll
0x00007ffb02d00000 - 0x00007ffb02d18000 	C:\Users\umer\.antigravity\extensions\redhat.java-1.53.0-win32-x64\jre\21.0.10-win32-x86_64\bin\zip.dll
0x00007ffb0e8c0000 - 0x00007ffb0e8d0000 	C:\Users\umer\.antigravity\extensions\redhat.java-1.53.0-win32-x64\jre\21.0.10-win32-x86_64\bin\verify.dll

JVMTI agents: none

dbghelp: loaded successfully - version: 4.0.5 - missing functions: none
symbol engine: initialized successfully - sym options: 0x614 - pdb path: .;C:\Users\umer\.antigravity\extensions\redhat.java-1.53.0-win32-x64\jre\21.0.10-win32-x86_64\bin;C:\Windows\SYSTEM32;C:\Windows\WinSxS\amd64_microsoft.windows.common-controls_6595b64144ccf1df_6.0.19041.6456_none_60b8a6cb71f64256;C:\Users\umer\.antigravity\extensions\redhat.java-1.53.0-win32-x64\jre\21.0.10-win32-x86_64\bin\server

VM Arguments:
java_command: org.jetbrains.kotlin.cli.jvm.K2JVMCompiler @F:\Learnova\node_modules\expo-dev-launcher\expo-dev-launcher-gradle-plugin\build\20260325_1283477248659738578.compiler.options
java_class_path (initial): C:\Users\umer\.gradle\caches\modules-2\files-2.1\org.jetbrains.kotlin\kotlin-compiler-embeddable\2.1.20\4ef56b3316798316bfac7a0ae443391c9e900ea1\kotlin-compiler-embeddable-2.1.20.jar;C:\Users\umer\.gradle\caches\modules-2\files-2.1\org.jetbrains.kotlin\kotlin-stdlib\2.1.20\aa8ca79cd50578314f6d1180c47cbe14c0fee567\kotlin-stdlib-2.1.20.jar;C:\Users\umer\.gradle\caches\modules-2\files-2.1\org.jetbrains.kotlin\kotlin-script-runtime\2.1.20\f7c623d7f7bdb01f5ccd6b437bc0a937fcd7c57e\kotlin-script-runtime-2.1.20.jar;C:\Users\umer\.gradle\caches\modules-2\files-2.1\org.jetbrains.kotlin\kotlin-reflect\1.6.10\1cbe9c92c12a94eea200d23c2bbaedaf3daf5132\kotlin-reflect-1.6.10.jar;C:\Users\umer\.gradle\caches\modules-2\files-2.1\org.jetbrains.kotlin\kotlin-daemon-embeddable\2.1.20\95670fce77befd02a70a0bc3abe8ee4533521334\kotlin-daemon-embeddable-2.1.20.jar;C:\Users\umer\.gradle\caches\modules-2\files-2.1\org.jetbrains.intellij.deps\trove4j\1.0.20200330\3afb14d5f9ceb459d724e907a21145e8ff394f02\trove4j-1.0.20200330.jar;C:\Users\umer\.gradle\caches\modules-2\files-2.1\org.jetbrains.kotlinx\kotlinx-coroutines-core-jvm\1.8.0\ac1dc37a30a93150b704022f8d895ee1bd3a36b3\kotlinx-coroutines-core-jvm-1.8.0.jar;C:\Users\umer\.gradle\caches\modules-2\files-2.1\org.jetbrains\annotations\13.0\919f0dfe192fb4e063e7dacadee7f8bb9a2672a9\annotations-13.0.jar
Launcher Type: SUN_STANDARD

[Global flags]
     intx CICompilerCount                          = 3                                         {product} {ergonomic}
     uint ConcGCThreads                            = 1                                         {product} {ergonomic}
     uint G1ConcRefinementThreads                  = 4                                         {product} {ergonomic}
   size_t G1HeapRegionSize                         = 1048576                                   {product} {ergonomic}
    uintx GCDrainStackTargetSize                   = 64                                        {product} {ergonomic}
   size_t InitialHeapSize                          = 134217728                                 {product} {ergonomic}
   size_t MarkStackSize                            = 4194304                                   {product} {ergonomic}
   size_t MaxHeapSize                              = 2120220672                                {product} {ergonomic}
   size_t MaxNewSize                               = 1271922688                                {product} {ergonomic}
   size_t MinHeapDeltaBytes                        = 1048576                                   {product} {ergonomic}
   size_t MinHeapSize                              = 8388608                                   {product} {ergonomic}
    uintx NonNMethodCodeHeapSize                   = 5832780                                {pd product} {ergonomic}
    uintx NonProfiledCodeHeapSize                  = 122912730                              {pd product} {ergonomic}
    uintx ProfiledCodeHeapSize                     = 122912730                              {pd product} {ergonomic}
    uintx ReservedCodeCacheSize                    = 251658240                              {pd product} {ergonomic}
     bool SegmentedCodeCache                       = true                                      {product} {ergonomic}
   size_t SoftMaxHeapSize                          = 2120220672                             {manageable} {ergonomic}
     bool UseCompressedOops                        = true                           {product lp64_product} {ergonomic}
     bool UseG1GC                                  = true                                      {product} {ergonomic}
     bool UseLargePagesIndividualAllocation        = false                                  {pd product} {ergonomic}

Logging:
Log output configuration:
 #0: stdout all=warning uptime,level,tags foldmultilines=false
 #1: stderr all=off uptime,level,tags foldmultilines=false

Release file:
JAVA_VERSION="21.0.10" 
MODULES="java.base java.compiler java.datatransfer java.xml java.prefs java.desktop java.instrument java.logging java.management java.security.sasl java.naming java.rmi java.management.rmi java.net.http java.scripting java.security.jgss java.transaction.xa java.sql java.sql.rowset java.xml.crypto java.se java.smartcardio jdk.accessibility jdk.internal.jvmstat jdk.attach jdk.charsets jdk.internal.opt jdk.zipfs jdk.compiler jdk.crypto.ec jdk.crypto.cryptoki jdk.crypto.mscapi jdk.dynalink jdk.internal.ed jdk.editpad jdk.hotspot.agent jdk.httpserver jdk.internal.le jdk.internal.vm.ci jdk.internal.vm.compiler jdk.internal.vm.compiler.management jdk.jartool jdk.javadoc jdk.jcmd jdk.management jdk.management.agent jdk.jconsole jdk.jdeps jdk.jdwp.agent jdk.jdi jdk.jfr jdk.jshell jdk.jsobject jdk.jstatd jdk.localedata jdk.management.jfr jdk.naming.dns jdk.naming.rmi jdk.net jdk.nio.mapmode jdk.random jdk.sctp jdk.security.auth jdk.security.jgss jdk.unsupported jdk.unsupported.desktop jdk.xml.dom" 

Environment Variables:
JAVA_HOME=C:\Program Files\Eclipse Adoptium\jdk-17.0.17.10-hotspot
PATH=C:\Program Files (x86)\NVIDIA Corporation\PhysX\Common;C:\Program Files\Eclipse Adoptium\jdk-17.0.17.10-hotspot\bin;C:\Program Files\Common Files\Oracle\Java\javapath;C:\Python313\Scripts\;C:\Python313\;C:\Windows\system32;C:\Windows;C:\Windows\System32\Wbem;C:\Windows\System32\WindowsPowerShell\v1.0\;C:\Windows\System32\OpenSSH\;C:\Program Files\nodejs\;C:\ProgramData\chocolatey\bin;C:\Program Files\Git\cmd;C:\Users\umer\AppData\Local\Android\Sdk\platform-tools;C:\Users\umer\AppData\Local\Android\Sdk\tools;C:\Users\umer\AppData\Local\Android\Sdk\cmdline-tools\tools\bin;C:\Program Files\Eclipse Adoptium\jdk-17.0.17.10-hotspot\bin;C:\flutter\bin;C:\Users\umer\AppData\Local\Microsoft\WindowsApps;C:\Users\umer\AppData\Roaming\npm;C:\Users\umer\bin;C:\Users\umer\bin;C:\Users\umer\AppData\Local\Programs\Microsoft VS Code\bin;C:\Users\umer\AppData\Local\Programs\Antigravity\bin
USERNAME=umer
OS=Windows_NT
PROCESSOR_IDENTIFIER=Intel64 Family 6 Model 60 Stepping 3, GenuineIntel
TMP=C:\Users\umer\AppData\Local\Temp
TEMP=C:\Users\umer\AppData\Local\Temp




Periodic native trim disabled

---------------  S Y S T E M  ---------------

OS:
 Windows 10 , 64 bit Build 19041 (10.0.19041.5915)
OS uptime: 0 days 0:27 hours
Hyper-V role detected

CPU: total 4 (initial active 4) (4 cores per cpu, 1 threads per core) family 6 model 60 stepping 3 microcode 0x27, cx8, cmov, fxsr, mmx, sse, sse2, sse3, ssse3, sse4.1, sse4.2, popcnt, lzcnt, tsc, tscinvbit, avx, avx2, aes, erms, clmul, bmi1, bmi2, fma, vzeroupper, clflush, hv, rdtscp, f16c
Processor Information for the first 4 processors :
  Max Mhz: 3201, Current Mhz: 3201, Mhz Limit: 3201

Memory: 4k page, system-wide physical 8082M (303M free)
TotalPageFile size 14651M (AvailPageFile size 3M)
current process WorkingSet (physical memory assigned to process): 262M, peak: 262M
current process commit charge ("private bytes"): 290M, peak: 291M

vm_info: OpenJDK 64-Bit Server VM (21.0.10+7-LTS) for windows-amd64 JRE (21.0.10+7-LTS), built on 2026-01-20T00:00:00Z by "admin" with MS VC++ 17.12 (VS2022)

END.
