#
# There is insufficient memory for the Java Runtime Environment to continue.
# Native memory allocation (malloc) failed to allocate 1706576 bytes. Error detail: Chunk::new
# Possible reasons:
#   The system is out of physical RAM or swap space
#   This process is running with CompressedOops enabled, and the Java Heap may be blocking the growth of the native heap
# Possible solutions:
#   Reduce memory load on the system
#   Increase physical memory or swap space
#   Check if swap backing store is full
#   Decrease Java heap size (-Xmx/-Xms)
#   Decrease number of Java threads
#   Decrease Java thread stack sizes (-Xss)
#   Set larger code cache with -XX:ReservedCodeCacheSize=
#   JVM is running with Unscaled Compressed Oops mode in which the Java heap is
#     placed in the first 4GB address space. The Java Heap base address is the
#     maximum limit for the native heap growth. Please use -XX:HeapBaseMinAddress
#     to set the Java Heap base and to place the Java Heap above 4GB virtual address.
# This output file may be truncated or incomplete.
#
#  Out of Memory Error (arena.cpp:168), pid=2368, tid=12200
#
# JRE version: OpenJDK Runtime Environment Temurin-21.0.10+7 (21.0.10+7) (build 21.0.10+7-LTS)
# Java VM: OpenJDK 64-Bit Server VM Temurin-21.0.10+7 (21.0.10+7-LTS, mixed mode, sharing, tiered, compressed oops, compressed class ptrs, g1 gc, windows-amd64)
# No core dump will be written. Minidumps are not enabled by default on client versions of Windows
#

---------------  S U M M A R Y ------------

Command Line: org.jetbrains.kotlin.cli.jvm.K2JVMCompiler @F:\Learnova\node_modules\expo-dev-launcher\expo-dev-launcher-gradle-plugin\build\20260422_7973321270993018261.compiler.options

Host: Intel(R) Core(TM) i5-4570 CPU @ 3.20GHz, 4 cores, 7G,  Windows 10 , 64 bit Build 19041 (10.0.19041.5915)
Time: Wed Apr 22 18:29:51 2026 Pakistan Standard Time elapsed time: 3.775060 seconds (0d 0h 0m 3s)

---------------  T H R E A D  ---------------

Current thread (0x000002039dee9400):  JavaThread "C2 CompilerThread0" daemon [_thread_in_native, id=12200, stack(0x000000ac01b00000,0x000000ac01c00000) (1024K)]


Current CompileTask:
C2:3775 1848   !   4       jdk.internal.loader.BuiltinClassLoader::loadClassOrNull (143 bytes)

Stack: [0x000000ac01b00000,0x000000ac01c00000]
Native frames: (J=compiled Java code, j=interpreted, Vv=VM code, C=native code)
V  [jvm.dll+0x6d7a39]
V  [jvm.dll+0x8b4b26]
V  [jvm.dll+0x8b70de]
V  [jvm.dll+0x8b77c3]
V  [jvm.dll+0x284346]
V  [jvm.dll+0xc66ed]
V  [jvm.dll+0xc6c31]
V  [jvm.dll+0x3bec01]
V  [jvm.dll+0x38b162]
V  [jvm.dll+0x38a5aa]
V  [jvm.dll+0x24c560]
V  [jvm.dll+0x24bb40]
V  [jvm.dll+0x1cb34e]
V  [jvm.dll+0x25b85d]
V  [jvm.dll+0x259dea]
V  [jvm.dll+0x3f857e]
V  [jvm.dll+0x85f59d]
V  [jvm.dll+0x6d626d]
C  [ucrtbase.dll+0x21bb2]
C  [KERNEL32.DLL+0x17374]
C  [ntdll.dll+0x4cc91]


---------------  P R O C E S S  ---------------

Threads class SMR info:
_java_thread_list=0x00000203e3b3d300, length=11, elements={
0x0000020384da0870, 0x000002039dee0a90, 0x000002039dee19b0, 0x000002039dee6750,
0x000002039dee71b0, 0x000002039dee7c10, 0x000002039dee8670, 0x000002039dee9400,
0x000002039dee9ea0, 0x00000203e30ddd70, 0x00000203e30e3400
}

Java Threads: ( => current thread )
  0x0000020384da0870 JavaThread "main"                              [_thread_in_vm, id=10724, stack(0x000000ac00d00000,0x000000ac00e00000) (1024K)]
  0x000002039dee0a90 JavaThread "Reference Handler"          daemon [_thread_blocked, id=11760, stack(0x000000ac01500000,0x000000ac01600000) (1024K)]
  0x000002039dee19b0 JavaThread "Finalizer"                  daemon [_thread_blocked, id=6732, stack(0x000000ac01600000,0x000000ac01700000) (1024K)]
  0x000002039dee6750 JavaThread "Signal Dispatcher"          daemon [_thread_blocked, id=9392, stack(0x000000ac01700000,0x000000ac01800000) (1024K)]
  0x000002039dee71b0 JavaThread "Attach Listener"            daemon [_thread_blocked, id=5396, stack(0x000000ac01800000,0x000000ac01900000) (1024K)]
  0x000002039dee7c10 JavaThread "Service Thread"             daemon [_thread_blocked, id=1868, stack(0x000000ac01900000,0x000000ac01a00000) (1024K)]
  0x000002039dee8670 JavaThread "Monitor Deflation Thread"   daemon [_thread_blocked, id=12252, stack(0x000000ac01a00000,0x000000ac01b00000) (1024K)]
=>0x000002039dee9400 JavaThread "C2 CompilerThread0"         daemon [_thread_in_native, id=12200, stack(0x000000ac01b00000,0x000000ac01c00000) (1024K)]
  0x000002039dee9ea0 JavaThread "C1 CompilerThread0"         daemon [_thread_blocked, id=11392, stack(0x000000ac01c00000,0x000000ac01d00000) (1024K)]
  0x00000203e30ddd70 JavaThread "Notification Thread"        daemon [_thread_blocked, id=8740, stack(0x000000ac01d00000,0x000000ac01e00000) (1024K)]
  0x00000203e30e3400 JavaThread "Common-Cleaner"             daemon [_thread_blocked, id=12176, stack(0x000000ac01e00000,0x000000ac01f00000) (1024K)]
Total: 11

Other Threads:
  0x000002039debe920 VMThread "VM Thread"                           [id=9104, stack(0x000000ac01400000,0x000000ac01500000) (1024K)]
  0x000002039deafb10 WatcherThread "VM Periodic Task Thread"        [id=7124, stack(0x000000ac01300000,0x000000ac01400000) (1024K)]
  0x00000203870a2b30 WorkerThread "GC Thread#0"                     [id=3560, stack(0x000000ac00e00000,0x000000ac00f00000) (1024K)]
  0x00000203e34ef860 WorkerThread "GC Thread#1"                     [id=4324, stack(0x000000ac02000000,0x000000ac02100000) (1024K)]
  0x00000203e34efc10 WorkerThread "GC Thread#2"                     [id=6432, stack(0x000000ac02100000,0x000000ac02200000) (1024K)]
  0x00000203e3569720 WorkerThread "GC Thread#3"                     [id=5724, stack(0x000000ac02200000,0x000000ac02300000) (1024K)]
  0x00000203870b37e0 ConcurrentGCThread "G1 Main Marker"            [id=8864, stack(0x000000ac00f00000,0x000000ac01000000) (1024K)]
  0x00000203870b42f0 WorkerThread "G1 Conc#0"                       [id=5668, stack(0x000000ac01000000,0x000000ac01100000) (1024K)]
  0x000002039dd720c0 ConcurrentGCThread "G1 Refine#0"               [id=5252, stack(0x000000ac01100000,0x000000ac01200000) (1024K)]
  0x00000203871198f0 ConcurrentGCThread "G1 Service"                [id=12120, stack(0x000000ac01200000,0x000000ac01300000) (1024K)]
Total: 10

Threads with active compile tasks:
C2 CompilerThread0  3784 1848   !   4       jdk.internal.loader.BuiltinClassLoader::loadClassOrNull (143 bytes)
Total: 1

VM state: not at safepoint (normal execution)

VM Mutex/Monitor currently owned by a thread: None

Heap address: 0x0000000081a00000, size: 2022 MB, Compressed Oops mode: 32-bit

CDS archive(s) mapped at: [0x000002039e000000-0x000002039eba0000-0x000002039eba0000), size 12189696, SharedBaseAddress: 0x000002039e000000, ArchiveRelocationMode: 1.
Compressed class space mapped at: 0x000002039f000000-0x00000203df000000, reserved size: 1073741824
Narrow klass base: 0x000002039e000000, Narrow klass shift: 0, Narrow klass range: 0x100000000

GC Precious Log:
 CardTable entry size: 512
 Card Set container configuration: InlinePtr #cards 5 size 8 Array Of Cards #cards 12 size 40 Howl #buckets 4 coarsen threshold 1843 Howl Bitmap #cards 512 size 80 coarsen threshold 460 Card regions per heap region 1 cards per card region 2048
 CPUs: 4 total, 4 available
 Memory: 8082M
 Large Page Support: Disabled
 NUMA Support: Disabled
 Compressed Oops: Enabled (32-bit)
 Heap Region Size: 1M
 Heap Min Capacity: 8M
 Heap Initial Capacity: 128M
 Heap Max Capacity: 2022M
 Pre-touch: Disabled
 Parallel Workers: 4
 Concurrent Workers: 1
 Concurrent Refinement Workers: 4
 Periodic GC: Disabled

Heap:
 garbage-first heap   total 131072K, used 38387K [0x0000000081a00000, 0x0000000100000000)
  region size 1024K, 20 young (20480K), 10 survivors (10240K)
 Metaspace       used 19570K, committed 19904K, reserved 1114112K
  class space    used 2114K, committed 2240K, reserved 1048576K

Heap Regions: E=young(eden), S=young(survivor), O=old, HS=humongous(starts), HC=humongous(continues), CS=collection set, F=free, TAMS=top-at-mark-start, PB=parsable bottom
|   0|0x0000000081a00000, 0x0000000081b00000, 0x0000000081b00000|100%|HS|  |TAMS 0x0000000081a00000| PB 0x0000000081a00000| Complete 
|   1|0x0000000081b00000, 0x0000000081c00000, 0x0000000081c00000|100%|HC|  |TAMS 0x0000000081b00000| PB 0x0000000081b00000| Complete 
|   2|0x0000000081c00000, 0x0000000081d00000, 0x0000000081d00000|100%|HC|  |TAMS 0x0000000081c00000| PB 0x0000000081c00000| Complete 
|   3|0x0000000081d00000, 0x0000000081e00000, 0x0000000081e00000|100%| O|  |TAMS 0x0000000081d00000| PB 0x0000000081d00000| Untracked 
|   4|0x0000000081e00000, 0x0000000081f00000, 0x0000000081f00000|100%| O|  |TAMS 0x0000000081e00000| PB 0x0000000081e00000| Untracked 
|   5|0x0000000081f00000, 0x0000000082000000, 0x0000000082000000|100%| O|  |TAMS 0x0000000081f00000| PB 0x0000000081f00000| Untracked 
|   6|0x0000000082000000, 0x0000000082100000, 0x0000000082100000|100%| O|  |TAMS 0x0000000082000000| PB 0x0000000082000000| Untracked 
|   7|0x0000000082100000, 0x0000000082200000, 0x0000000082200000|100%| O|  |TAMS 0x0000000082100000| PB 0x0000000082100000| Untracked 
|   8|0x0000000082200000, 0x0000000082300000, 0x0000000082300000|100%| O|  |TAMS 0x0000000082200000| PB 0x0000000082200000| Untracked 
|   9|0x0000000082300000, 0x0000000082400000, 0x0000000082400000|100%| O|  |TAMS 0x0000000082300000| PB 0x0000000082300000| Untracked 
|  10|0x0000000082400000, 0x0000000082500000, 0x0000000082500000|100%| O|  |TAMS 0x0000000082400000| PB 0x0000000082400000| Untracked 
|  11|0x0000000082500000, 0x0000000082600000, 0x0000000082600000|100%| O|  |TAMS 0x0000000082500000| PB 0x0000000082500000| Untracked 
|  12|0x0000000082600000, 0x0000000082700000, 0x0000000082700000|100%| O|  |TAMS 0x0000000082600000| PB 0x0000000082600000| Untracked 
|  13|0x0000000082700000, 0x0000000082800000, 0x0000000082800000|100%| O|  |TAMS 0x0000000082700000| PB 0x0000000082700000| Untracked 
|  14|0x0000000082800000, 0x0000000082900000, 0x0000000082900000|100%| O|  |TAMS 0x0000000082800000| PB 0x0000000082800000| Untracked 
|  15|0x0000000082900000, 0x0000000082a00000, 0x0000000082a00000|100%| O|  |TAMS 0x0000000082900000| PB 0x0000000082900000| Untracked 
|  16|0x0000000082a00000, 0x0000000082b00000, 0x0000000082b00000|100%| O|  |TAMS 0x0000000082a00000| PB 0x0000000082a00000| Untracked 
|  17|0x0000000082b00000, 0x0000000082c00000, 0x0000000082c00000|100%| O|  |TAMS 0x0000000082b00000| PB 0x0000000082b00000| Untracked 
|  18|0x0000000082c00000, 0x0000000082c7ce80, 0x0000000082d00000| 48%| O|  |TAMS 0x0000000082c00000| PB 0x0000000082c00000| Untracked 
|  19|0x0000000082d00000, 0x0000000082d00000, 0x0000000082e00000|  0%| F|  |TAMS 0x0000000082d00000| PB 0x0000000082d00000| Untracked 
|  20|0x0000000082e00000, 0x0000000082e00000, 0x0000000082f00000|  0%| F|  |TAMS 0x0000000082e00000| PB 0x0000000082e00000| Untracked 
|  21|0x0000000082f00000, 0x0000000082f00000, 0x0000000083000000|  0%| F|  |TAMS 0x0000000082f00000| PB 0x0000000082f00000| Untracked 
|  22|0x0000000083000000, 0x0000000083000000, 0x0000000083100000|  0%| F|  |TAMS 0x0000000083000000| PB 0x0000000083000000| Untracked 
|  23|0x0000000083100000, 0x0000000083100000, 0x0000000083200000|  0%| F|  |TAMS 0x0000000083100000| PB 0x0000000083100000| Untracked 
|  24|0x0000000083200000, 0x0000000083200000, 0x0000000083300000|  0%| F|  |TAMS 0x0000000083200000| PB 0x0000000083200000| Untracked 
|  25|0x0000000083300000, 0x0000000083300000, 0x0000000083400000|  0%| F|  |TAMS 0x0000000083300000| PB 0x0000000083300000| Untracked 
|  26|0x0000000083400000, 0x0000000083400000, 0x0000000083500000|  0%| F|  |TAMS 0x0000000083400000| PB 0x0000000083400000| Untracked 
|  27|0x0000000083500000, 0x0000000083500000, 0x0000000083600000|  0%| F|  |TAMS 0x0000000083500000| PB 0x0000000083500000| Untracked 
|  28|0x0000000083600000, 0x0000000083600000, 0x0000000083700000|  0%| F|  |TAMS 0x0000000083600000| PB 0x0000000083600000| Untracked 
|  29|0x0000000083700000, 0x0000000083700000, 0x0000000083800000|  0%| F|  |TAMS 0x0000000083700000| PB 0x0000000083700000| Untracked 
|  30|0x0000000083800000, 0x0000000083800000, 0x0000000083900000|  0%| F|  |TAMS 0x0000000083800000| PB 0x0000000083800000| Untracked 
|  31|0x0000000083900000, 0x0000000083900000, 0x0000000083a00000|  0%| F|  |TAMS 0x0000000083900000| PB 0x0000000083900000| Untracked 
|  32|0x0000000083a00000, 0x0000000083a00000, 0x0000000083b00000|  0%| F|  |TAMS 0x0000000083a00000| PB 0x0000000083a00000| Untracked 
|  33|0x0000000083b00000, 0x0000000083b00000, 0x0000000083c00000|  0%| F|  |TAMS 0x0000000083b00000| PB 0x0000000083b00000| Untracked 
|  34|0x0000000083c00000, 0x0000000083c00000, 0x0000000083d00000|  0%| F|  |TAMS 0x0000000083c00000| PB 0x0000000083c00000| Untracked 
|  35|0x0000000083d00000, 0x0000000083d00000, 0x0000000083e00000|  0%| F|  |TAMS 0x0000000083d00000| PB 0x0000000083d00000| Untracked 
|  36|0x0000000083e00000, 0x0000000083e00000, 0x0000000083f00000|  0%| F|  |TAMS 0x0000000083e00000| PB 0x0000000083e00000| Untracked 
|  37|0x0000000083f00000, 0x0000000083f00000, 0x0000000084000000|  0%| F|  |TAMS 0x0000000083f00000| PB 0x0000000083f00000| Untracked 
|  38|0x0000000084000000, 0x0000000084000000, 0x0000000084100000|  0%| F|  |TAMS 0x0000000084000000| PB 0x0000000084000000| Untracked 
|  39|0x0000000084100000, 0x0000000084100000, 0x0000000084200000|  0%| F|  |TAMS 0x0000000084100000| PB 0x0000000084100000| Untracked 
|  40|0x0000000084200000, 0x0000000084200000, 0x0000000084300000|  0%| F|  |TAMS 0x0000000084200000| PB 0x0000000084200000| Untracked 
|  41|0x0000000084300000, 0x0000000084300000, 0x0000000084400000|  0%| F|  |TAMS 0x0000000084300000| PB 0x0000000084300000| Untracked 
|  42|0x0000000084400000, 0x0000000084500000, 0x0000000084500000|100%| S|CS|TAMS 0x0000000084400000| PB 0x0000000084400000| Complete 
|  43|0x0000000084500000, 0x0000000084600000, 0x0000000084600000|100%| S|CS|TAMS 0x0000000084500000| PB 0x0000000084500000| Complete 
|  44|0x0000000084600000, 0x0000000084700000, 0x0000000084700000|100%| S|CS|TAMS 0x0000000084600000| PB 0x0000000084600000| Complete 
|  45|0x0000000084700000, 0x0000000084800000, 0x0000000084800000|100%| S|CS|TAMS 0x0000000084700000| PB 0x0000000084700000| Complete 
|  46|0x0000000084800000, 0x0000000084900000, 0x0000000084900000|100%| S|CS|TAMS 0x0000000084800000| PB 0x0000000084800000| Complete 
|  47|0x0000000084900000, 0x0000000084a00000, 0x0000000084a00000|100%| S|CS|TAMS 0x0000000084900000| PB 0x0000000084900000| Complete 
|  48|0x0000000084a00000, 0x0000000084b00000, 0x0000000084b00000|100%| S|CS|TAMS 0x0000000084a00000| PB 0x0000000084a00000| Complete 
|  49|0x0000000084b00000, 0x0000000084c00000, 0x0000000084c00000|100%| S|CS|TAMS 0x0000000084b00000| PB 0x0000000084b00000| Complete 
|  50|0x0000000084c00000, 0x0000000084d00000, 0x0000000084d00000|100%| S|CS|TAMS 0x0000000084c00000| PB 0x0000000084c00000| Complete 
|  51|0x0000000084d00000, 0x0000000084e00000, 0x0000000084e00000|100%| S|CS|TAMS 0x0000000084d00000| PB 0x0000000084d00000| Complete 
|  52|0x0000000084e00000, 0x0000000084e00000, 0x0000000084f00000|  0%| F|  |TAMS 0x0000000084e00000| PB 0x0000000084e00000| Untracked 
|  53|0x0000000084f00000, 0x0000000084f00000, 0x0000000085000000|  0%| F|  |TAMS 0x0000000084f00000| PB 0x0000000084f00000| Untracked 
|  54|0x0000000085000000, 0x0000000085000000, 0x0000000085100000|  0%| F|  |TAMS 0x0000000085000000| PB 0x0000000085000000| Untracked 
|  55|0x0000000085100000, 0x0000000085100000, 0x0000000085200000|  0%| F|  |TAMS 0x0000000085100000| PB 0x0000000085100000| Untracked 
|  56|0x0000000085200000, 0x0000000085200000, 0x0000000085300000|  0%| F|  |TAMS 0x0000000085200000| PB 0x0000000085200000| Untracked 
|  57|0x0000000085300000, 0x0000000085300000, 0x0000000085400000|  0%| F|  |TAMS 0x0000000085300000| PB 0x0000000085300000| Untracked 
|  58|0x0000000085400000, 0x0000000085400000, 0x0000000085500000|  0%| F|  |TAMS 0x0000000085400000| PB 0x0000000085400000| Untracked 
|  59|0x0000000085500000, 0x0000000085500000, 0x0000000085600000|  0%| F|  |TAMS 0x0000000085500000| PB 0x0000000085500000| Untracked 
|  60|0x0000000085600000, 0x0000000085600000, 0x0000000085700000|  0%| F|  |TAMS 0x0000000085600000| PB 0x0000000085600000| Untracked 
|  61|0x0000000085700000, 0x0000000085700000, 0x0000000085800000|  0%| F|  |TAMS 0x0000000085700000| PB 0x0000000085700000| Untracked 
|  62|0x0000000085800000, 0x0000000085800000, 0x0000000085900000|  0%| F|  |TAMS 0x0000000085800000| PB 0x0000000085800000| Untracked 
|  63|0x0000000085900000, 0x0000000085900000, 0x0000000085a00000|  0%| F|  |TAMS 0x0000000085900000| PB 0x0000000085900000| Untracked 
|  64|0x0000000085a00000, 0x0000000085a00000, 0x0000000085b00000|  0%| F|  |TAMS 0x0000000085a00000| PB 0x0000000085a00000| Untracked 
|  65|0x0000000085b00000, 0x0000000085b00000, 0x0000000085c00000|  0%| F|  |TAMS 0x0000000085b00000| PB 0x0000000085b00000| Untracked 
|  66|0x0000000085c00000, 0x0000000085c00000, 0x0000000085d00000|  0%| F|  |TAMS 0x0000000085c00000| PB 0x0000000085c00000| Untracked 
|  67|0x0000000085d00000, 0x0000000085d00000, 0x0000000085e00000|  0%| F|  |TAMS 0x0000000085d00000| PB 0x0000000085d00000| Untracked 
|  68|0x0000000085e00000, 0x0000000085e00000, 0x0000000085f00000|  0%| F|  |TAMS 0x0000000085e00000| PB 0x0000000085e00000| Untracked 
|  69|0x0000000085f00000, 0x0000000085f00000, 0x0000000086000000|  0%| F|  |TAMS 0x0000000085f00000| PB 0x0000000085f00000| Untracked 
|  70|0x0000000086000000, 0x0000000086000000, 0x0000000086100000|  0%| F|  |TAMS 0x0000000086000000| PB 0x0000000086000000| Untracked 
|  71|0x0000000086100000, 0x0000000086100000, 0x0000000086200000|  0%| F|  |TAMS 0x0000000086100000| PB 0x0000000086100000| Untracked 
|  72|0x0000000086200000, 0x0000000086200000, 0x0000000086300000|  0%| F|  |TAMS 0x0000000086200000| PB 0x0000000086200000| Untracked 
|  73|0x0000000086300000, 0x0000000086300000, 0x0000000086400000|  0%| F|  |TAMS 0x0000000086300000| PB 0x0000000086300000| Untracked 
|  74|0x0000000086400000, 0x0000000086400000, 0x0000000086500000|  0%| F|  |TAMS 0x0000000086400000| PB 0x0000000086400000| Untracked 
|  75|0x0000000086500000, 0x0000000086500000, 0x0000000086600000|  0%| F|  |TAMS 0x0000000086500000| PB 0x0000000086500000| Untracked 
|  76|0x0000000086600000, 0x0000000086600000, 0x0000000086700000|  0%| F|  |TAMS 0x0000000086600000| PB 0x0000000086600000| Untracked 
|  77|0x0000000086700000, 0x0000000086700000, 0x0000000086800000|  0%| F|  |TAMS 0x0000000086700000| PB 0x0000000086700000| Untracked 
|  78|0x0000000086800000, 0x0000000086800000, 0x0000000086900000|  0%| F|  |TAMS 0x0000000086800000| PB 0x0000000086800000| Untracked 
|  79|0x0000000086900000, 0x0000000086900000, 0x0000000086a00000|  0%| F|  |TAMS 0x0000000086900000| PB 0x0000000086900000| Untracked 
|  80|0x0000000086a00000, 0x0000000086a00000, 0x0000000086b00000|  0%| F|  |TAMS 0x0000000086a00000| PB 0x0000000086a00000| Untracked 
|  81|0x0000000086b00000, 0x0000000086b00000, 0x0000000086c00000|  0%| F|  |TAMS 0x0000000086b00000| PB 0x0000000086b00000| Untracked 
|  82|0x0000000086c00000, 0x0000000086c00000, 0x0000000086d00000|  0%| F|  |TAMS 0x0000000086c00000| PB 0x0000000086c00000| Untracked 
|  83|0x0000000086d00000, 0x0000000086d00000, 0x0000000086e00000|  0%| F|  |TAMS 0x0000000086d00000| PB 0x0000000086d00000| Untracked 
|  84|0x0000000086e00000, 0x0000000086e00000, 0x0000000086f00000|  0%| F|  |TAMS 0x0000000086e00000| PB 0x0000000086e00000| Untracked 
|  85|0x0000000086f00000, 0x0000000086f00000, 0x0000000087000000|  0%| F|  |TAMS 0x0000000086f00000| PB 0x0000000086f00000| Untracked 
|  86|0x0000000087000000, 0x0000000087000000, 0x0000000087100000|  0%| F|  |TAMS 0x0000000087000000| PB 0x0000000087000000| Untracked 
|  87|0x0000000087100000, 0x0000000087100000, 0x0000000087200000|  0%| F|  |TAMS 0x0000000087100000| PB 0x0000000087100000| Untracked 
|  88|0x0000000087200000, 0x0000000087200000, 0x0000000087300000|  0%| F|  |TAMS 0x0000000087200000| PB 0x0000000087200000| Untracked 
|  89|0x0000000087300000, 0x0000000087300000, 0x0000000087400000|  0%| F|  |TAMS 0x0000000087300000| PB 0x0000000087300000| Untracked 
|  90|0x0000000087400000, 0x0000000087400000, 0x0000000087500000|  0%| F|  |TAMS 0x0000000087400000| PB 0x0000000087400000| Untracked 
|  91|0x0000000087500000, 0x0000000087500000, 0x0000000087600000|  0%| F|  |TAMS 0x0000000087500000| PB 0x0000000087500000| Untracked 
|  92|0x0000000087600000, 0x0000000087600000, 0x0000000087700000|  0%| F|  |TAMS 0x0000000087600000| PB 0x0000000087600000| Untracked 
|  93|0x0000000087700000, 0x0000000087700000, 0x0000000087800000|  0%| F|  |TAMS 0x0000000087700000| PB 0x0000000087700000| Untracked 
|  94|0x0000000087800000, 0x0000000087800000, 0x0000000087900000|  0%| F|  |TAMS 0x0000000087800000| PB 0x0000000087800000| Untracked 
|  95|0x0000000087900000, 0x0000000087900000, 0x0000000087a00000|  0%| F|  |TAMS 0x0000000087900000| PB 0x0000000087900000| Untracked 
|  96|0x0000000087a00000, 0x0000000087a00000, 0x0000000087b00000|  0%| F|  |TAMS 0x0000000087a00000| PB 0x0000000087a00000| Untracked 
|  97|0x0000000087b00000, 0x0000000087b00000, 0x0000000087c00000|  0%| F|  |TAMS 0x0000000087b00000| PB 0x0000000087b00000| Untracked 
|  98|0x0000000087c00000, 0x0000000087c00000, 0x0000000087d00000|  0%| F|  |TAMS 0x0000000087c00000| PB 0x0000000087c00000| Untracked 
|  99|0x0000000087d00000, 0x0000000087d00000, 0x0000000087e00000|  0%| F|  |TAMS 0x0000000087d00000| PB 0x0000000087d00000| Untracked 
| 100|0x0000000087e00000, 0x0000000087e00000, 0x0000000087f00000|  0%| F|  |TAMS 0x0000000087e00000| PB 0x0000000087e00000| Untracked 
| 101|0x0000000087f00000, 0x0000000087f00000, 0x0000000088000000|  0%| F|  |TAMS 0x0000000087f00000| PB 0x0000000087f00000| Untracked 
| 102|0x0000000088000000, 0x0000000088000000, 0x0000000088100000|  0%| F|  |TAMS 0x0000000088000000| PB 0x0000000088000000| Untracked 
| 103|0x0000000088100000, 0x0000000088100000, 0x0000000088200000|  0%| F|  |TAMS 0x0000000088100000| PB 0x0000000088100000| Untracked 
| 104|0x0000000088200000, 0x0000000088200000, 0x0000000088300000|  0%| F|  |TAMS 0x0000000088200000| PB 0x0000000088200000| Untracked 
| 105|0x0000000088300000, 0x0000000088300000, 0x0000000088400000|  0%| F|  |TAMS 0x0000000088300000| PB 0x0000000088300000| Untracked 
| 106|0x0000000088400000, 0x0000000088400000, 0x0000000088500000|  0%| F|  |TAMS 0x0000000088400000| PB 0x0000000088400000| Untracked 
| 107|0x0000000088500000, 0x0000000088500000, 0x0000000088600000|  0%| F|  |TAMS 0x0000000088500000| PB 0x0000000088500000| Untracked 
| 108|0x0000000088600000, 0x0000000088600000, 0x0000000088700000|  0%| F|  |TAMS 0x0000000088600000| PB 0x0000000088600000| Untracked 
| 109|0x0000000088700000, 0x0000000088700000, 0x0000000088800000|  0%| F|  |TAMS 0x0000000088700000| PB 0x0000000088700000| Untracked 
| 110|0x0000000088800000, 0x0000000088800000, 0x0000000088900000|  0%| F|  |TAMS 0x0000000088800000| PB 0x0000000088800000| Untracked 
| 111|0x0000000088900000, 0x0000000088900000, 0x0000000088a00000|  0%| F|  |TAMS 0x0000000088900000| PB 0x0000000088900000| Untracked 
| 112|0x0000000088a00000, 0x0000000088a00000, 0x0000000088b00000|  0%| F|  |TAMS 0x0000000088a00000| PB 0x0000000088a00000| Untracked 
| 113|0x0000000088b00000, 0x0000000088b00000, 0x0000000088c00000|  0%| F|  |TAMS 0x0000000088b00000| PB 0x0000000088b00000| Untracked 
| 114|0x0000000088c00000, 0x0000000088c00000, 0x0000000088d00000|  0%| F|  |TAMS 0x0000000088c00000| PB 0x0000000088c00000| Untracked 
| 115|0x0000000088d00000, 0x0000000088d00000, 0x0000000088e00000|  0%| F|  |TAMS 0x0000000088d00000| PB 0x0000000088d00000| Untracked 
| 116|0x0000000088e00000, 0x0000000088e00000, 0x0000000088f00000|  0%| F|  |TAMS 0x0000000088e00000| PB 0x0000000088e00000| Untracked 
| 117|0x0000000088f00000, 0x0000000088f00000, 0x0000000089000000|  0%| F|  |TAMS 0x0000000088f00000| PB 0x0000000088f00000| Untracked 
| 118|0x0000000089000000, 0x0000000089080000, 0x0000000089100000| 50%| E|  |TAMS 0x0000000089000000| PB 0x0000000089000000| Complete 
| 119|0x0000000089100000, 0x0000000089200000, 0x0000000089200000|100%| E|CS|TAMS 0x0000000089100000| PB 0x0000000089100000| Complete 
| 120|0x0000000089200000, 0x0000000089300000, 0x0000000089300000|100%| E|CS|TAMS 0x0000000089200000| PB 0x0000000089200000| Complete 
| 121|0x0000000089300000, 0x0000000089400000, 0x0000000089400000|100%| E|CS|TAMS 0x0000000089300000| PB 0x0000000089300000| Complete 
| 122|0x0000000089400000, 0x0000000089500000, 0x0000000089500000|100%| E|CS|TAMS 0x0000000089400000| PB 0x0000000089400000| Complete 
| 123|0x0000000089500000, 0x0000000089600000, 0x0000000089600000|100%| E|CS|TAMS 0x0000000089500000| PB 0x0000000089500000| Complete 
| 124|0x0000000089600000, 0x0000000089700000, 0x0000000089700000|100%| E|CS|TAMS 0x0000000089600000| PB 0x0000000089600000| Complete 
| 125|0x0000000089700000, 0x0000000089800000, 0x0000000089800000|100%| E|CS|TAMS 0x0000000089700000| PB 0x0000000089700000| Complete 
| 126|0x0000000089800000, 0x0000000089900000, 0x0000000089900000|100%| E|CS|TAMS 0x0000000089800000| PB 0x0000000089800000| Complete 
| 127|0x0000000089900000, 0x0000000089a00000, 0x0000000089a00000|100%| E|CS|TAMS 0x0000000089900000| PB 0x0000000089900000| Complete 

Card table byte_map: [0x0000020399660000,0x0000020399a60000] _byte_map_base: 0x0000020399253000

Marking Bits: (CMBitMap*) 0x00000203870a3240
 Bits: [0x0000020399a60000, 0x000002039b9f8000)

Polling page: 0x0000020384f60000

Metaspace:

Usage:
  Non-class:     17.05 MB used.
      Class:      2.06 MB used.
       Both:     19.11 MB used.

Virtual space:
  Non-class space:       64.00 MB reserved,      17.25 MB ( 27%) committed,  1 nodes.
      Class space:        1.00 GB reserved,       2.19 MB ( <1%) committed,  1 nodes.
             Both:        1.06 GB reserved,      19.44 MB (  2%) committed. 

Chunk freelists:
   Non-Class:  13.17 MB
       Class:  13.81 MB
        Both:  26.98 MB

MaxMetaspaceSize: unlimited
CompressedClassSpaceSize: 1.00 GB
Initial GC threshold: 21.00 MB
Current GC threshold: 21.00 MB
CDS: on
 - commit_granule_bytes: 65536.
 - commit_granule_words: 8192.
 - virtual_space_node_default_size: 8388608.
 - enlarge_chunks_in_place: 1.
 - use_allocation_guard: 0.


Internal statistics:

num_allocs_failed_limit: 0.
num_arena_births: 224.
num_arena_deaths: 0.
num_vsnodes_births: 2.
num_vsnodes_deaths: 0.
num_space_committed: 311.
num_space_uncommitted: 0.
num_chunks_returned_to_freelist: 0.
num_chunks_taken_from_freelist: 914.
num_chunk_merges: 0.
num_chunk_splits: 695.
num_chunks_enlarged: 585.
num_inconsistent_stats: 0.

CodeHeap 'non-profiled nmethods': size=120000Kb used=831Kb max_used=831Kb free=119168Kb
 bounds [0x0000020391d30000, 0x0000020391fa0000, 0x0000020399260000]
CodeHeap 'profiled nmethods': size=120000Kb used=3193Kb max_used=3193Kb free=116806Kb
 bounds [0x000002038a260000, 0x000002038a580000, 0x0000020391790000]
CodeHeap 'non-nmethods': size=5760Kb used=1379Kb max_used=1391Kb free=4380Kb
 bounds [0x0000020391790000, 0x0000020391a00000, 0x0000020391d30000]
CodeCache: size=245760Kb, used=5403Kb, max_used=5415Kb, free=240354Kb
 total_blobs=2385, nmethods=1847, adapters=442, full_count=0
Compilation: enabled, stopped_count=0, restarted_count=0

Compilation events (20 events):
Event: 3.511 Thread 0x000002039dee9ea0 1839       3       kotlin.reflect.jvm.internal.pcollections.IntTree::<init> (44 bytes)
Event: 3.511 Thread 0x000002039dee9ea0 nmethod 1839 0x000002038a57a610 code [0x000002038a57a7c0, 0x000002038a57aa58]
Event: 3.522 Thread 0x000002039dee9400 nmethod 1837 0x0000020391dfd410 code [0x0000020391dfd640, 0x0000020391dfe648]
Event: 3.522 Thread 0x000002039dee9400 1838       4       java.lang.String::startsWith (123 bytes)
Event: 3.525 Thread 0x000002039dee9400 nmethod 1838 0x0000020391dfef10 code [0x0000020391dff0c0, 0x0000020391dff3d8]
Event: 3.528 Thread 0x000002039dee9ea0 1840       3       kotlin.reflect.jvm.internal.pcollections.IntTree::plus (111 bytes)
Event: 3.529 Thread 0x000002039dee9ea0 nmethod 1840 0x000002038a57ab90 code [0x000002038a57adc0, 0x000002038a57b2a8]
Event: 3.532 Thread 0x000002039dee9400 1841       4       jdk.internal.loader.URLClassPath$JarLoader$2::getCodeSourceURL (8 bytes)
Event: 3.532 Thread 0x000002039dee9400 nmethod 1841 0x0000020391dff610 code [0x0000020391dff7a0, 0x0000020391dff848]
Event: 3.612 Thread 0x000002039dee9ea0 1843       3       sun.invoke.util.VerifyAccess::getClassModifiers (24 bytes)
Event: 3.613 Thread 0x000002039dee9ea0 nmethod 1843 0x000002038a57b490 code [0x000002038a57b660, 0x000002038a57b898]
Event: 3.614 Thread 0x000002039dee9ea0 1844       3       kotlin.reflect.jvm.internal.impl.name.FqNameUnsafe::hashCode (8 bytes)
Event: 3.614 Thread 0x000002039dee9ea0 nmethod 1844 0x000002038a57b990 code [0x000002038a57bb40, 0x000002038a57bc80]
Event: 3.618 Thread 0x000002039dee9ea0 1845       3       kotlin.reflect.jvm.internal.pcollections.IntTree::rebalanced (449 bytes)
Event: 3.619 Thread 0x000002039dee9ea0 nmethod 1845 0x000002038a57bd90 code [0x000002038a57c060, 0x000002038a57ce98]
Event: 3.624 Thread 0x000002039dee9ea0 1846       3       java.lang.invoke.MethodHandle::isAncestorLoaderOf (35 bytes)
Event: 3.625 Thread 0x000002039dee9ea0 nmethod 1846 0x000002038a57d610 code [0x000002038a57d840, 0x000002038a57dfb0]
Event: 3.625 Thread 0x000002039dee9ea0 1847       3       kotlin.reflect.jvm.internal.impl.name.FqName::<init> (18 bytes)
Event: 3.625 Thread 0x000002039dee9ea0 nmethod 1847 0x000002038a57e210 code [0x000002038a57e3c0, 0x000002038a57e5f0]
Event: 3.625 Thread 0x000002039dee9400 1848   !   4       jdk.internal.loader.BuiltinClassLoader::loadClassOrNull (143 bytes)

GC Heap History (6 events):
Event: 0.641 GC heap before
{Heap before GC invocations=0 (full 0):
 garbage-first heap   total 131072K, used 16384K [0x0000000081a00000, 0x0000000100000000)
  region size 1024K, 13 young (13312K), 0 survivors (0K)
 Metaspace       used 4130K, committed 4224K, reserved 1114112K
  class space    used 321K, committed 384K, reserved 1048576K
}
Event: 0.654 GC heap after
{Heap after GC invocations=1 (full 0):
 garbage-first heap   total 131072K, used 5469K [0x0000000081a00000, 0x0000000100000000)
  region size 1024K, 2 young (2048K), 2 survivors (2048K)
 Metaspace       used 4130K, committed 4224K, reserved 1114112K
  class space    used 321K, committed 384K, reserved 1048576K
}
Event: 1.426 GC heap before
{Heap before GC invocations=1 (full 0):
 garbage-first heap   total 131072K, used 23901K [0x0000000081a00000, 0x0000000100000000)
  region size 1024K, 21 young (21504K), 2 survivors (2048K)
 Metaspace       used 10354K, committed 10624K, reserved 1114112K
  class space    used 1071K, committed 1216K, reserved 1048576K
}
Event: 1.430 GC heap after
{Heap after GC invocations=2 (full 0):
 garbage-first heap   total 131072K, used 6728K [0x0000000081a00000, 0x0000000100000000)
  region size 1024K, 2 young (2048K), 2 survivors (2048K)
 Metaspace       used 10354K, committed 10624K, reserved 1114112K
  class space    used 1071K, committed 1216K, reserved 1048576K
}
Event: 3.380 GC heap before
{Heap before GC invocations=2 (full 0):
 garbage-first heap   total 131072K, used 82504K [0x0000000081a00000, 0x0000000100000000)
  region size 1024K, 76 young (77824K), 2 survivors (2048K)
 Metaspace       used 17546K, committed 17792K, reserved 1114112K
  class space    used 1922K, committed 2048K, reserved 1048576K
}
Event: 3.418 GC heap after
{Heap after GC invocations=3 (full 0):
 garbage-first heap   total 131072K, used 29171K [0x0000000081a00000, 0x0000000100000000)
  region size 1024K, 10 young (10240K), 10 survivors (10240K)
 Metaspace       used 17546K, committed 17792K, reserved 1114112K
  class space    used 1922K, committed 2048K, reserved 1048576K
}

Dll operation events (7 events):
Event: 0.007 Loaded shared library C:\Users\umer\.antigravity\extensions\redhat.java-1.53.0-win32-x64\jre\21.0.10-win32-x86_64\bin\java.dll
Event: 0.094 Loaded shared library C:\Users\umer\.antigravity\extensions\redhat.java-1.53.0-win32-x64\jre\21.0.10-win32-x86_64\bin\net.dll
Event: 0.101 Loaded shared library C:\Users\umer\.antigravity\extensions\redhat.java-1.53.0-win32-x64\jre\21.0.10-win32-x86_64\bin\nio.dll
Event: 0.134 Loaded shared library C:\Users\umer\.antigravity\extensions\redhat.java-1.53.0-win32-x64\jre\21.0.10-win32-x86_64\bin\zip.dll
Event: 0.167 Loaded shared library C:\Users\umer\.antigravity\extensions\redhat.java-1.53.0-win32-x64\jre\21.0.10-win32-x86_64\bin\zip.dll
Event: 0.173 Loaded shared library C:\Users\umer\.antigravity\extensions\redhat.java-1.53.0-win32-x64\jre\21.0.10-win32-x86_64\bin\jimage.dll
Event: 2.865 Loaded shared library C:\Users\umer\.antigravity\extensions\redhat.java-1.53.0-win32-x64\jre\21.0.10-win32-x86_64\bin\verify.dll

Deoptimization events (20 events):
Event: 3.331 Thread 0x0000020384da0870 Uncommon trap: trap_request=0xffffff45 fr.pc=0x0000020391dcb708 relative=0x0000000000000068
Event: 3.331 Thread 0x0000020384da0870 Uncommon trap: reason=unstable_if action=reinterpret pc=0x0000020391dcb708 method=jdk.internal.misc.Unsafe.convEndian(ZI)I @ 4 c2
Event: 3.331 Thread 0x0000020384da0870 DEOPT PACKING pc=0x0000020391dcb708 sp=0x000000ac00dfdfe0
Event: 3.331 Thread 0x0000020384da0870 DEOPT UNPACKING pc=0x00000203917e4422 sp=0x000000ac00dfdf10 mode 2
Event: 3.446 Thread 0x0000020384da0870 Uncommon trap: trap_request=0xffffffde fr.pc=0x0000020391dc1fb8 relative=0x0000000000000958
Event: 3.446 Thread 0x0000020384da0870 Uncommon trap: reason=class_check action=maybe_recompile pc=0x0000020391dc1fb8 method=org.jetbrains.kotlin.cli.jvm.compiler.jarfs.LargeDynamicMappedBuffer.withMappedRange(JJLkotlin/jvm/functions/Function1;)Ljava/lang/Object; @ 209 c2
Event: 3.446 Thread 0x0000020384da0870 DEOPT PACKING pc=0x0000020391dc1fb8 sp=0x000000ac00dfe110
Event: 3.446 Thread 0x0000020384da0870 DEOPT UNPACKING pc=0x00000203917e4422 sp=0x000000ac00dfe088 mode 2
Event: 3.452 Thread 0x0000020384da0870 Uncommon trap: trap_request=0xffffffde fr.pc=0x0000020391dc1fb8 relative=0x0000000000000958
Event: 3.452 Thread 0x0000020384da0870 Uncommon trap: reason=class_check action=maybe_recompile pc=0x0000020391dc1fb8 method=org.jetbrains.kotlin.cli.jvm.compiler.jarfs.LargeDynamicMappedBuffer.withMappedRange(JJLkotlin/jvm/functions/Function1;)Ljava/lang/Object; @ 209 c2
Event: 3.452 Thread 0x0000020384da0870 DEOPT PACKING pc=0x0000020391dc1fb8 sp=0x000000ac00dfe110
Event: 3.452 Thread 0x0000020384da0870 DEOPT UNPACKING pc=0x00000203917e4422 sp=0x000000ac00dfe088 mode 2
Event: 3.466 Thread 0x0000020384da0870 Uncommon trap: trap_request=0xffffffde fr.pc=0x0000020391de6044 relative=0x0000000000000184
Event: 3.466 Thread 0x0000020384da0870 Uncommon trap: reason=class_check action=maybe_recompile pc=0x0000020391de6044 method=org.jetbrains.kotlin.com.intellij.openapi.vfs.VirtualFile.getNameSequence()Ljava/lang/CharSequence; @ 1 c2
Event: 3.466 Thread 0x0000020384da0870 DEOPT PACKING pc=0x0000020391de6044 sp=0x000000ac00dfe430
Event: 3.466 Thread 0x0000020384da0870 DEOPT UNPACKING pc=0x00000203917e4422 sp=0x000000ac00dfe3f0 mode 2
Event: 3.466 Thread 0x0000020384da0870 Uncommon trap: trap_request=0xffffffde fr.pc=0x0000020391dc1fb8 relative=0x0000000000000958
Event: 3.466 Thread 0x0000020384da0870 Uncommon trap: reason=class_check action=maybe_recompile pc=0x0000020391dc1fb8 method=org.jetbrains.kotlin.cli.jvm.compiler.jarfs.LargeDynamicMappedBuffer.withMappedRange(JJLkotlin/jvm/functions/Function1;)Ljava/lang/Object; @ 209 c2
Event: 3.466 Thread 0x0000020384da0870 DEOPT PACKING pc=0x0000020391dc1fb8 sp=0x000000ac00dfe110
Event: 3.466 Thread 0x0000020384da0870 DEOPT UNPACKING pc=0x00000203917e4422 sp=0x000000ac00dfe088 mode 2

Classes loaded (20 events):
Event: 2.863 Loading class sun/nio/ch/ChannelInputStream
Event: 2.863 Loading class sun/nio/ch/ChannelInputStream done
Event: 3.054 Loading class java/nio/file/attribute/PosixFilePermission
Event: 3.054 Loading class java/nio/file/attribute/PosixFilePermission done
Event: 3.182 Loading class sun/net/www/protocol/jar/JarURLConnection
Event: 3.183 Loading class java/net/JarURLConnection
Event: 3.183 Loading class java/net/JarURLConnection done
Event: 3.183 Loading class sun/net/www/protocol/jar/JarURLConnection done
Event: 3.183 Loading class sun/net/www/protocol/jar/JarFileFactory
Event: 3.183 Loading class sun/net/www/protocol/jar/URLJarFile$URLJarFileCloseController
Event: 3.183 Loading class sun/net/www/protocol/jar/URLJarFile$URLJarFileCloseController done
Event: 3.183 Loading class sun/net/www/protocol/jar/JarFileFactory done
Event: 3.183 Loading class sun/net/www/protocol/jar/URLJarFile
Event: 3.183 Loading class sun/net/www/protocol/jar/URLJarFile done
Event: 3.184 Loading class sun/net/www/protocol/jar/URLJarFile$URLJarFileEntry
Event: 3.185 Loading class sun/net/www/protocol/jar/URLJarFile$URLJarFileEntry done
Event: 3.185 Loading class sun/net/www/protocol/jar/JarURLConnection$JarURLInputStream
Event: 3.185 Loading class sun/net/www/protocol/jar/JarURLConnection$JarURLInputStream done
Event: 3.212 Loading class java/io/EOFException
Event: 3.212 Loading class java/io/EOFException done

Classes unloaded (0 events):
No events

Classes redefined (0 events):
No events

Internal exceptions (20 events):
Event: 1.212 Thread 0x0000020384da0870 Exception <a 'java/lang/NoSuchMethodError'{0x000000008884bb90}: 'int java.lang.invoke.DirectMethodHandle$Holder.invokeStaticInit(java.lang.Object, java.lang.Object)'> (0x000000008884bb90) 
thrown [s\src\hotspot\share\interpreter\linkResolver.cpp, line 773]
Event: 1.238 Thread 0x0000020384da0870 Exception <a 'java/lang/NoSuchMethodError'{0x0000000088701880}: 'int java.lang.invoke.DirectMethodHandle$Holder.invokeStatic(java.lang.Object)'> (0x0000000088701880) 
thrown [s\src\hotspot\share\interpreter\linkResolver.cpp, line 773]
Event: 1.240 Thread 0x0000020384da0870 Exception <a 'java/lang/NoSuchMethodError'{0x0000000088704cc8}: 'int java.lang.invoke.DirectMethodHandle$Holder.invokeStaticInit(java.lang.Object)'> (0x0000000088704cc8) 
thrown [s\src\hotspot\share\interpreter\linkResolver.cpp, line 773]
Event: 1.245 Thread 0x0000020384da0870 Exception <a 'java/lang/NoSuchMethodError'{0x000000008872c718}: 'java.lang.Object java.lang.invoke.DirectMethodHandle$Holder.invokeStatic(java.lang.Object, java.lang.Object, int, java.lang.Object, int)'> (0x000000008872c718) 
thrown [s\src\hotspot\share\interpreter\linkResolver.cpp, line 773]
Event: 1.247 Thread 0x0000020384da0870 Exception <a 'java/lang/NoSuchMethodError'{0x0000000088732fd8}: 'java.lang.Object java.lang.invoke.DirectMethodHandle$Holder.newInvokeSpecial(java.lang.Object, java.lang.Object, int)'> (0x0000000088732fd8) 
thrown [s\src\hotspot\share\interpreter\linkResolver.cpp, line 773]
Event: 1.577 Thread 0x0000020384da0870 Exception <a 'java/lang/NoSuchMethodError'{0x00000000896be600}: 'java.lang.Object java.lang.invoke.DirectMethodHandle$Holder.invokeInterface(java.lang.Object, java.lang.Object)'> (0x00000000896be600) 
thrown [s\src\hotspot\share\interpreter\linkResolver.cpp, line 773]
Event: 1.637 Thread 0x0000020384da0870 Exception <a 'java/lang/NoSuchMethodError'{0x000000008932e0f0}: 'void java.lang.invoke.DirectMethodHandle$Holder.invokeStaticInit(java.lang.Object, java.lang.Object)'> (0x000000008932e0f0) 
thrown [s\src\hotspot\share\interpreter\linkResolver.cpp, line 773]
Event: 1.707 Thread 0x0000020384da0870 Exception <a 'java/lang/NoSuchMethodError'{0x0000000089108078}: 'int java.lang.invoke.DirectMethodHandle$Holder.invokeVirtual(java.lang.Object, java.lang.Object, java.lang.Object)'> (0x0000000089108078) 
thrown [s\src\hotspot\share\interpreter\linkResolver.cpp, line 773]
Event: 1.797 Thread 0x0000020384da0870 Exception <a 'java/lang/NoSuchMethodError'{0x00000000890c21c0}: 'void java.lang.invoke.Invokers$Holder.invokeExact_MT(java.lang.Object, int, java.lang.Object)'> (0x00000000890c21c0) 
thrown [s\src\hotspot\share\interpreter\linkResolver.cpp, line 773]
Event: 1.906 Thread 0x0000020384da0870 Exception <a 'java/lang/NoSuchMethodError'{0x0000000088da8208}: 'void java.lang.invoke.DirectMethodHandle$Holder.invokeVirtual(java.lang.Object, java.lang.Object)'> (0x0000000088da8208) 
thrown [s\src\hotspot\share\interpreter\linkResolver.cpp, line 773]
Event: 1.996 Thread 0x0000020384da0870 Exception <a 'java/lang/NoSuchMethodError'{0x0000000088a4fc98}: 'long java.lang.invoke.DirectMethodHandle$Holder.invokeStatic(java.lang.Object, java.lang.Object, int)'> (0x0000000088a4fc98) 
thrown [s\src\hotspot\share\interpreter\linkResolver.cpp, line 773]
Event: 2.010 Thread 0x0000020384da0870 Exception <a 'java/lang/NoSuchMethodError'{0x0000000088a5af30}: 'java.lang.Object java.lang.invoke.DelegatingMethodHandle$Holder.reinvoke_L(java.lang.Object, int, long, java.lang.Object, java.lang.Object, int, java.lang.Object)'> (0x0000000088a5af30) 
thrown [s\src\hotspot\share\interpreter\linkResolver.cpp, line 773]
Event: 2.040 Thread 0x0000020384da0870 Exception <a 'java/lang/NoSuchMethodError'{0x0000000088a84ee8}: 'java.lang.Object java.lang.invoke.DirectMethodHandle$Holder.invokeStatic(java.lang.Object, java.lang.Object, int)'> (0x0000000088a84ee8) 
thrown [s\src\hotspot\share\interpreter\linkResolver.cpp, line 773]
Event: 2.041 Thread 0x0000020384da0870 Exception <a 'java/lang/NoSuchMethodError'{0x0000000088a8fe00}: 'void java.lang.invoke.DelegatingMethodHandle$Holder.delegate(java.lang.Object, java.lang.Object, int, java.lang.Object)'> (0x0000000088a8fe00) 
thrown [s\src\hotspot\share\interpreter\linkResolver.cpp, line 773]
Event: 2.059 Thread 0x0000020384da0870 Exception <a 'java/lang/NoSuchMethodError'{0x0000000088919578}: 'java.lang.Object java.lang.invoke.DirectMethodHandle$Holder.invokeStatic(java.lang.Object, java.lang.Object, long, long)'> (0x0000000088919578) 
thrown [s\src\hotspot\share\interpreter\linkResolver.cpp, line 773]
Event: 2.062 Thread 0x0000020384da0870 Exception <a 'java/lang/NoSuchMethodError'{0x0000000088945898}: 'java.lang.Object java.lang.invoke.DirectMethodHandle$Holder.invokeStatic(java.lang.Object, java.lang.Object, java.lang.Object, long, java.lang.Object)'> (0x0000000088945898) 
thrown [s\src\hotspot\share\interpreter\linkResolver.cpp, line 773]
Event: 2.063 Thread 0x0000020384da0870 Exception <a 'java/lang/NoSuchMethodError'{0x000000008894ce28}: 'java.lang.Object java.lang.invoke.DirectMethodHandle$Holder.newInvokeSpecial(java.lang.Object, java.lang.Object, java.lang.Object, long)'> (0x000000008894ce28) 
thrown [s\src\hotspot\share\interpreter\linkResolver.cpp, line 773]
Event: 2.697 Thread 0x0000020384da0870 Implicit null exception at 0x0000020391da0be7 to 0x0000020391da0ff0
Event: 2.707 Thread 0x0000020384da0870 Implicit null exception at 0x0000020391db61d2 to 0x0000020391db693c
Event: 3.481 Thread 0x0000020384da0870 Exception <a 'java/lang/NoSuchMethodError'{0x00000000896633c0}: 'java.lang.Object java.lang.invoke.DirectMethodHandle$Holder.newInvokeSpecial(java.lang.Object, java.lang.Object, java.lang.Object, java.lang.Object, java.lang.Object, java.lang.Object, java.lang.Object)'> (0x00000000896633c0) 
thrown [s\src\hotspot\share\interpreter\linkResolver.cpp, line 773]

ZGC Phase Switch (0 events):
No events

VM Operations (20 events):
Event: 1.426 Executing safepoint VM operation: G1CollectForAllocation (G1 Evacuation Pause)
Event: 1.430 Executing safepoint VM operation: G1CollectForAllocation (G1 Evacuation Pause) done
Event: 1.860 Executing non-safepoint VM operation: HandshakeAllThreads (Deoptimize)
Event: 1.860 Executing non-safepoint VM operation: HandshakeAllThreads (Deoptimize) done
Event: 1.860 Executing non-safepoint VM operation: HandshakeAllThreads (Deoptimize)
Event: 1.860 Executing non-safepoint VM operation: HandshakeAllThreads (Deoptimize) done
Event: 1.978 Executing non-safepoint VM operation: HandshakeAllThreads (Deoptimize)
Event: 1.978 Executing non-safepoint VM operation: HandshakeAllThreads (Deoptimize) done
Event: 1.981 Executing non-safepoint VM operation: HandshakeAllThreads (Deoptimize)
Event: 1.981 Executing non-safepoint VM operation: HandshakeAllThreads (Deoptimize) done
Event: 2.040 Executing non-safepoint VM operation: HandshakeAllThreads (Deoptimize)
Event: 2.040 Executing non-safepoint VM operation: HandshakeAllThreads (Deoptimize) done
Event: 3.048 Executing safepoint VM operation: Cleanup
Event: 3.048 Executing safepoint VM operation: Cleanup done
Event: 3.184 Executing non-safepoint VM operation: HandshakeAllThreads (Deoptimize)
Event: 3.184 Executing non-safepoint VM operation: HandshakeAllThreads (Deoptimize) done
Event: 3.184 Executing non-safepoint VM operation: HandshakeAllThreads (Deoptimize)
Event: 3.184 Executing non-safepoint VM operation: HandshakeAllThreads (Deoptimize) done
Event: 3.380 Executing safepoint VM operation: G1CollectForAllocation (G1 Evacuation Pause)
Event: 3.418 Executing safepoint VM operation: G1CollectForAllocation (G1 Evacuation Pause) done

Memory protections (0 events):
No events

Nmethod flushes (0 events):
No events

Events (17 events):
Event: 0.026 Thread 0x0000020384da0870 Thread added: 0x0000020384da0870
Event: 0.046 Thread 0x0000020384da0870 Thread added: 0x000002039dee0a90
Event: 0.047 Thread 0x0000020384da0870 Thread added: 0x000002039dee19b0
Event: 0.047 Thread 0x0000020384da0870 Thread added: 0x000002039dee6750
Event: 0.047 Thread 0x0000020384da0870 Thread added: 0x000002039dee71b0
Event: 0.047 Thread 0x0000020384da0870 Thread added: 0x000002039dee7c10
Event: 0.047 Thread 0x0000020384da0870 Thread added: 0x000002039dee8670
Event: 0.047 Thread 0x0000020384da0870 Thread added: 0x000002039dee9400
Event: 0.048 Thread 0x0000020384da0870 Thread added: 0x000002039dee9ea0
Event: 0.074 Thread 0x0000020384da0870 Thread added: 0x00000203e30ddd70
Event: 0.080 Thread 0x0000020384da0870 Thread added: 0x00000203e30e3400
Event: 0.125 Thread 0x000002039dee9400 Thread added: 0x00000203e30f6300
Event: 0.742 Thread 0x00000203e30f6300 Thread exited: 0x00000203e30f6300
Event: 2.126 Thread 0x000002039dee9400 Thread added: 0x00000203e3a80f30
Event: 2.456 Thread 0x00000203e3a80f30 Thread exited: 0x00000203e3a80f30
Event: 2.471 Thread 0x000002039dee9400 Thread added: 0x00000203e3c98740
Event: 3.330 Thread 0x00000203e3c98740 Thread exited: 0x00000203e3c98740


Dynamic libraries:
0x00007ff7f9750000 - 0x00007ff7f975e000 	C:\Users\umer\.antigravity\extensions\redhat.java-1.53.0-win32-x64\jre\21.0.10-win32-x86_64\bin\java.exe
0x00007ffffe6b0000 - 0x00007ffffe8a8000 	C:\Windows\SYSTEM32\ntdll.dll
0x00007ffffe5a0000 - 0x00007ffffe662000 	C:\Windows\System32\KERNEL32.DLL
0x00007ffffc030000 - 0x00007ffffc326000 	C:\Windows\System32\KERNELBASE.dll
0x00007ffffc330000 - 0x00007ffffc430000 	C:\Windows\System32\ucrtbase.dll
0x00007fffe0d80000 - 0x00007fffe0d98000 	C:\Users\umer\.antigravity\extensions\redhat.java-1.53.0-win32-x64\jre\21.0.10-win32-x86_64\bin\jli.dll
0x00007ffffc830000 - 0x00007ffffc9d1000 	C:\Windows\System32\USER32.dll
0x00007ffffbd40000 - 0x00007ffffbd62000 	C:\Windows\System32\win32u.dll
0x00007ffffcb80000 - 0x00007ffffcbab000 	C:\Windows\System32\GDI32.dll
0x00007ffffbf10000 - 0x00007ffffc029000 	C:\Windows\System32\gdi32full.dll
0x00007ffffbe70000 - 0x00007ffffbf0d000 	C:\Windows\System32\msvcp_win.dll
0x00007ffff7070000 - 0x00007ffff708e000 	C:\Users\umer\.antigravity\extensions\redhat.java-1.53.0-win32-x64\jre\21.0.10-win32-x86_64\bin\VCRUNTIME140.dll
0x00007fffefe20000 - 0x00007ffff00bb000 	C:\Windows\WinSxS\amd64_microsoft.windows.common-controls_6595b64144ccf1df_6.0.19041.6456_none_60b8a6cb71f64256\COMCTL32.dll
0x00007ffffd740000 - 0x00007ffffd7de000 	C:\Windows\System32\msvcrt.dll
0x00007ffffd7e0000 - 0x00007ffffd80f000 	C:\Windows\System32\IMM32.DLL
0x00007ffff70b0000 - 0x00007ffff70bc000 	C:\Users\umer\.antigravity\extensions\redhat.java-1.53.0-win32-x64\jre\21.0.10-win32-x86_64\bin\vcruntime140_1.dll
0x00007fffe0200000 - 0x00007fffe028d000 	C:\Users\umer\.antigravity\extensions\redhat.java-1.53.0-win32-x64\jre\21.0.10-win32-x86_64\bin\msvcp140.dll
0x00007fffa8030000 - 0x00007fffa8dd1000 	C:\Users\umer\.antigravity\extensions\redhat.java-1.53.0-win32-x64\jre\21.0.10-win32-x86_64\bin\server\jvm.dll
0x00007ffffc9f0000 - 0x00007ffffcaa1000 	C:\Windows\System32\ADVAPI32.dll
0x00007ffffcbb0000 - 0x00007ffffcc4f000 	C:\Windows\System32\sechost.dll
0x00007ffffd060000 - 0x00007ffffd180000 	C:\Windows\System32\RPCRT4.dll
0x00007ffffc430000 - 0x00007ffffc457000 	C:\Windows\System32\bcrypt.dll
0x00007ffffcab0000 - 0x00007ffffcb1b000 	C:\Windows\System32\WS2_32.dll
0x00007ffffbba0000 - 0x00007ffffbbeb000 	C:\Windows\SYSTEM32\POWRPROF.dll
0x00007ffff0150000 - 0x00007ffff0177000 	C:\Windows\SYSTEM32\WINMM.dll
0x00007ffff0430000 - 0x00007ffff043a000 	C:\Windows\SYSTEM32\VERSION.dll
0x00007ffffbb80000 - 0x00007ffffbb92000 	C:\Windows\SYSTEM32\UMPDC.dll
0x00007ffff9b90000 - 0x00007ffff9ba2000 	C:\Windows\SYSTEM32\kernel.appcore.dll
0x00007ffff70a0000 - 0x00007ffff70aa000 	C:\Users\umer\.antigravity\extensions\redhat.java-1.53.0-win32-x64\jre\21.0.10-win32-x86_64\bin\jimage.dll
0x00007ffff01d0000 - 0x00007ffff03d1000 	C:\Windows\SYSTEM32\DBGHELP.DLL
0x00007fffec8f0000 - 0x00007fffec924000 	C:\Windows\SYSTEM32\dbgcore.DLL
0x00007ffffc5c0000 - 0x00007ffffc642000 	C:\Windows\System32\bcryptPrimitives.dll
0x00007fffe1150000 - 0x00007fffe1170000 	C:\Users\umer\.antigravity\extensions\redhat.java-1.53.0-win32-x64\jre\21.0.10-win32-x86_64\bin\java.dll
0x00007ffffd870000 - 0x00007ffffdfe0000 	C:\Windows\System32\SHELL32.dll
0x00007ffff9d90000 - 0x00007ffffa535000 	C:\Windows\SYSTEM32\windows.storage.dll
0x00007ffffcd00000 - 0x00007ffffd054000 	C:\Windows\System32\combase.dll
0x00007ffffb5b0000 - 0x00007ffffb5db000 	C:\Windows\SYSTEM32\Wldp.dll
0x00007ffffc760000 - 0x00007ffffc82d000 	C:\Windows\System32\OLEAUT32.dll
0x00007ffffd570000 - 0x00007ffffd61d000 	C:\Windows\System32\SHCORE.dll
0x00007ffffdfe0000 - 0x00007ffffe03b000 	C:\Windows\System32\shlwapi.dll
0x00007ffffbc70000 - 0x00007ffffbc94000 	C:\Windows\SYSTEM32\profapi.dll
0x00007fffe1540000 - 0x00007fffe1550000 	C:\Users\umer\.antigravity\extensions\redhat.java-1.53.0-win32-x64\jre\21.0.10-win32-x86_64\bin\net.dll
0x00007ffff6f10000 - 0x00007ffff701a000 	C:\Windows\SYSTEM32\WINHTTP.dll
0x00007ffffb390000 - 0x00007ffffb3fa000 	C:\Windows\system32\mswsock.dll
0x00007fffe0dc0000 - 0x00007fffe0dd6000 	C:\Users\umer\.antigravity\extensions\redhat.java-1.53.0-win32-x64\jre\21.0.10-win32-x86_64\bin\nio.dll
0x00007fffe1130000 - 0x00007fffe1148000 	C:\Users\umer\.antigravity\extensions\redhat.java-1.53.0-win32-x64\jre\21.0.10-win32-x86_64\bin\zip.dll
0x00007fffeca30000 - 0x00007fffeca40000 	C:\Users\umer\.antigravity\extensions\redhat.java-1.53.0-win32-x64\jre\21.0.10-win32-x86_64\bin\verify.dll

JVMTI agents: none

dbghelp: loaded successfully - version: 4.0.5 - missing functions: none
symbol engine: initialized successfully - sym options: 0x614 - pdb path: .;C:\Users\umer\.antigravity\extensions\redhat.java-1.53.0-win32-x64\jre\21.0.10-win32-x86_64\bin;C:\Windows\SYSTEM32;C:\Windows\WinSxS\amd64_microsoft.windows.common-controls_6595b64144ccf1df_6.0.19041.6456_none_60b8a6cb71f64256;C:\Users\umer\.antigravity\extensions\redhat.java-1.53.0-win32-x64\jre\21.0.10-win32-x86_64\bin\server

VM Arguments:
java_command: org.jetbrains.kotlin.cli.jvm.K2JVMCompiler @F:\Learnova\node_modules\expo-dev-launcher\expo-dev-launcher-gradle-plugin\build\20260422_7973321270993018261.compiler.options
java_class_path (initial): C:\Users\umer\.gradle\caches\modules-2\files-2.1\org.jetbrains.kotlin\kotlin-compiler-embeddable\2.1.20\4ef56b3316798316bfac7a0ae443391c9e900ea1\kotlin-compiler-embeddable-2.1.20.jar;C:\Users\umer\.gradle\caches\modules-2\files-2.1\org.jetbrains.kotlin\kotlin-stdlib\2.1.20\aa8ca79cd50578314f6d1180c47cbe14c0fee567\kotlin-stdlib-2.1.20.jar;C:\Users\umer\.gradle\caches\modules-2\files-2.1\org.jetbrains.kotlin\kotlin-script-runtime\2.1.20\f7c623d7f7bdb01f5ccd6b437bc0a937fcd7c57e\kotlin-script-runtime-2.1.20.jar;C:\Users\umer\.gradle\caches\modules-2\files-2.1\org.jetbrains.kotlin\kotlin-reflect\1.6.10\1cbe9c92c12a94eea200d23c2bbaedaf3daf5132\kotlin-reflect-1.6.10.jar;C:\Users\umer\.gradle\caches\modules-2\files-2.1\org.jetbrains.kotlin\kotlin-daemon-embeddable\2.1.20\95670fce77befd02a70a0bc3abe8ee4533521334\kotlin-daemon-embeddable-2.1.20.jar;C:\Users\umer\.gradle\caches\modules-2\files-2.1\org.jetbrains.intellij.deps\trove4j\1.0.20200330\3afb14d5f9ceb459d724e907a21145e8ff394f02\trove4j-1.0.20200330.jar;C:\Users\umer\.gradle\caches\modules-2\files-2.1\org.jetbrains.kotlinx\kotlinx-coroutines-core-jvm\1.8.0\ac1dc37a30a93150b704022f8d895ee1bd3a36b3\kotlinx-coroutines-core-jvm-1.8.0.jar;C:\Users\umer\.gradle\caches\modules-2\files-2.1\org.jetbrains\annotations\13.0\919f0dfe192fb4e063e7dacadee7f8bb9a2672a9\annotations-13.0.jar
Launcher Type: SUN_STANDARD

[Global flags]
     intx CICompilerCount                          = 3                                         {product} {ergonomic}
     uint ConcGCThreads                            = 1                                         {product} {ergonomic}
     uint G1ConcRefinementThreads                  = 4                                         {product} {ergonomic}
   size_t G1HeapRegionSize                         = 1048576                                   {product} {ergonomic}
    uintx GCDrainStackTargetSize                   = 64                                        {product} {ergonomic}
   size_t InitialHeapSize                          = 134217728                                 {product} {ergonomic}
   size_t MarkStackSize                            = 4194304                                   {product} {ergonomic}
   size_t MaxHeapSize                              = 2120220672                                {product} {ergonomic}
   size_t MaxNewSize                               = 1271922688                                {product} {ergonomic}
   size_t MinHeapDeltaBytes                        = 1048576                                   {product} {ergonomic}
   size_t MinHeapSize                              = 8388608                                   {product} {ergonomic}
    uintx NonNMethodCodeHeapSize                   = 5832780                                {pd product} {ergonomic}
    uintx NonProfiledCodeHeapSize                  = 122912730                              {pd product} {ergonomic}
    uintx ProfiledCodeHeapSize                     = 122912730                              {pd product} {ergonomic}
    uintx ReservedCodeCacheSize                    = 251658240                              {pd product} {ergonomic}
     bool SegmentedCodeCache                       = true                                      {product} {ergonomic}
   size_t SoftMaxHeapSize                          = 2120220672                             {manageable} {ergonomic}
     bool UseCompressedOops                        = true                           {product lp64_product} {ergonomic}
     bool UseG1GC                                  = true                                      {product} {ergonomic}
     bool UseLargePagesIndividualAllocation        = false                                  {pd product} {ergonomic}

Logging:
Log output configuration:
 #0: stdout all=warning uptime,level,tags foldmultilines=false
 #1: stderr all=off uptime,level,tags foldmultilines=false

Release file:
JAVA_VERSION="21.0.10" 
MODULES="java.base java.compiler java.datatransfer java.xml java.prefs java.desktop java.instrument java.logging java.management java.security.sasl java.naming java.rmi java.management.rmi java.net.http java.scripting java.security.jgss java.transaction.xa java.sql java.sql.rowset java.xml.crypto java.se java.smartcardio jdk.accessibility jdk.internal.jvmstat jdk.attach jdk.charsets jdk.internal.opt jdk.zipfs jdk.compiler jdk.crypto.ec jdk.crypto.cryptoki jdk.crypto.mscapi jdk.dynalink jdk.internal.ed jdk.editpad jdk.hotspot.agent jdk.httpserver jdk.internal.le jdk.internal.vm.ci jdk.internal.vm.compiler jdk.internal.vm.compiler.management jdk.jartool jdk.javadoc jdk.jcmd jdk.management jdk.management.agent jdk.jconsole jdk.jdeps jdk.jdwp.agent jdk.jdi jdk.jfr jdk.jshell jdk.jsobject jdk.jstatd jdk.localedata jdk.management.jfr jdk.naming.dns jdk.naming.rmi jdk.net jdk.nio.mapmode jdk.random jdk.sctp jdk.security.auth jdk.security.jgss jdk.unsupported jdk.unsupported.desktop jdk.xml.dom" 

Environment Variables:
JAVA_HOME=C:\Program Files\Eclipse Adoptium\jdk-17.0.17.10-hotspot
PATH=C:\Program Files\Eclipse Adoptium\jdk-17.0.17.10-hotspot\bin;C:\Program Files\Common Files\Oracle\Java\javapath;C:\Python313\Scripts\;C:\Python313\;C:\Windows\system32;C:\Windows;C:\Windows\System32\Wbem;C:\Windows\System32\WindowsPowerShell\v1.0\;C:\Windows\System32\OpenSSH\;C:\Program Files\nodejs\;C:\ProgramData\chocolatey\bin;C:\Program Files\Git\cmd;C:\Users\umer\AppData\Local\Android\Sdk\platform-tools;C:\Users\umer\AppData\Local\Android\Sdk\tools;C:\Users\umer\AppData\Local\Android\Sdk\cmdline-tools\tools\bin;C:\Program Files\Eclipse Adoptium\jdk-17.0.17.10-hotspot\bin;C:\flutter\bin;C:\Users\umer\AppData\Local\Microsoft\WindowsApps;C:\Users\umer\AppData\Roaming\npm;C:\Users\umer\bin;C:\Users\umer\bin;C:\Users\umer\AppData\Local\Programs\Microsoft VS Code\bin;C:\Users\umer\AppData\Local\Programs\Antigravity\bin
USERNAME=umer
OS=Windows_NT
PROCESSOR_IDENTIFIER=Intel64 Family 6 Model 60 Stepping 3, GenuineIntel
TMP=C:\Users\umer\AppData\Local\Temp
TEMP=C:\Users\umer\AppData\Local\Temp




Periodic native trim disabled

---------------  S Y S T E M  ---------------

OS:
 Windows 10 , 64 bit Build 19041 (10.0.19041.5915)
OS uptime: 0 days 2:24 hours
Hyper-V role detected

CPU: total 4 (initial active 4) (4 cores per cpu, 1 threads per core) family 6 model 60 stepping 3 microcode 0x27, cx8, cmov, fxsr, mmx, sse, sse2, sse3, ssse3, sse4.1, sse4.2, popcnt, lzcnt, tsc, tscinvbit, avx, avx2, aes, erms, clmul, bmi1, bmi2, fma, vzeroupper, clflush, hv, rdtscp, f16c
Processor Information for the first 4 processors :
  Max Mhz: 3201, Current Mhz: 3201, Mhz Limit: 3201

Memory: 4k page, system-wide physical 8082M (443M free)
TotalPageFile size 15038M (AvailPageFile size 0M)
current process WorkingSet (physical memory assigned to process): 192M, peak: 192M
current process commit charge ("private bytes"): 249M, peak: 250M

vm_info: OpenJDK 64-Bit Server VM (21.0.10+7-LTS) for windows-amd64 JRE (21.0.10+7-LTS), built on 2026-01-20T00:00:00Z by "admin" with MS VC++ 17.12 (VS2022)

END.
