#
# There is insufficient memory for the Java Runtime Environment to continue.
# Native memory allocation (malloc) failed to allocate 1706576 bytes. Error detail: Chunk::new
# Possible reasons:
#   The system is out of physical RAM or swap space
#   This process is running with CompressedOops enabled, and the Java Heap may be blocking the growth of the native heap
# Possible solutions:
#   Reduce memory load on the system
#   Increase physical memory or swap space
#   Check if swap backing store is full
#   Decrease Java heap size (-Xmx/-Xms)
#   Decrease number of Java threads
#   Decrease Java thread stack sizes (-Xss)
#   Set larger code cache with -XX:ReservedCodeCacheSize=
#   JVM is running with Unscaled Compressed Oops mode in which the Java heap is
#     placed in the first 4GB address space. The Java Heap base address is the
#     maximum limit for the native heap growth. Please use -XX:HeapBaseMinAddress
#     to set the Java Heap base and to place the Java Heap above 4GB virtual address.
# This output file may be truncated or incomplete.
#
#  Out of Memory Error (arena.cpp:168), pid=10768, tid=5960
#
# JRE version: OpenJDK Runtime Environment Temurin-21.0.10+7 (21.0.10+7) (build 21.0.10+7-LTS)
# Java VM: OpenJDK 64-Bit Server VM Temurin-21.0.10+7 (21.0.10+7-LTS, mixed mode, sharing, tiered, compressed oops, compressed class ptrs, g1 gc, windows-amd64)
# No core dump will be written. Minidumps are not enabled by default on client versions of Windows
#

---------------  S U M M A R Y ------------

Command Line: org.jetbrains.kotlin.cli.jvm.K2JVMCompiler @F:\Learnova\node_modules\expo-modules-core\expo-module-gradle-plugin\build\20260422_6311605846296285940.compiler.options

Host: Intel(R) Core(TM) i5-4570 CPU @ 3.20GHz, 4 cores, 7G,  Windows 10 , 64 bit Build 19041 (10.0.19041.5915)
Time: Wed Apr 22 18:29:51 2026 Pakistan Standard Time elapsed time: 3.776352 seconds (0d 0h 0m 3s)

---------------  T H R E A D  ---------------

Current thread (0x000001b56c61b540):  JavaThread "C2 CompilerThread0" daemon [_thread_in_native, id=5960, stack(0x0000005a7bf00000,0x0000005a7c000000) (1024K)]


Current CompileTask:
C2:3776 1887   !   4       jdk.internal.loader.BuiltinClassLoader::loadClassOrNull (143 bytes)

Stack: [0x0000005a7bf00000,0x0000005a7c000000]
Native frames: (J=compiled Java code, j=interpreted, Vv=VM code, C=native code)
V  [jvm.dll+0x6d7a39]
V  [jvm.dll+0x8b4b26]
V  [jvm.dll+0x8b70de]
V  [jvm.dll+0x8b77c3]
V  [jvm.dll+0x284346]
V  [jvm.dll+0xc66ed]
V  [jvm.dll+0xc6c31]
V  [jvm.dll+0x3bec01]
V  [jvm.dll+0x38b162]
V  [jvm.dll+0x38a5aa]
V  [jvm.dll+0x24c560]
V  [jvm.dll+0x24bb40]
V  [jvm.dll+0x1cb34e]
V  [jvm.dll+0x25b85d]
V  [jvm.dll+0x259dea]
V  [jvm.dll+0x3f857e]
V  [jvm.dll+0x85f59d]
V  [jvm.dll+0x6d626d]
C  [ucrtbase.dll+0x21bb2]
C  [KERNEL32.DLL+0x17374]
C  [ntdll.dll+0x4cc91]


---------------  P R O C E S S  ---------------

Threads class SMR info:
_java_thread_list=0x000001b5724d6ca0, length=11, elements={
0x000001b5534a0da0, 0x000001b56c611840, 0x000001b56c612f20, 0x000001b56c618890,
0x000001b56c6192f0, 0x000001b56c619d50, 0x000001b56c61a7b0, 0x000001b56c61b540,
0x000001b56c67ca30, 0x000001b56c760570, 0x000001b56c761db0
}

Java Threads: ( => current thread )
  0x000001b5534a0da0 JavaThread "main"                              [_thread_in_native, id=3616, stack(0x0000005a7b100000,0x0000005a7b200000) (1024K)]
  0x000001b56c611840 JavaThread "Reference Handler"          daemon [_thread_blocked, id=11424, stack(0x0000005a7b900000,0x0000005a7ba00000) (1024K)]
  0x000001b56c612f20 JavaThread "Finalizer"                  daemon [_thread_blocked, id=12264, stack(0x0000005a7ba00000,0x0000005a7bb00000) (1024K)]
  0x000001b56c618890 JavaThread "Signal Dispatcher"          daemon [_thread_blocked, id=6800, stack(0x0000005a7bb00000,0x0000005a7bc00000) (1024K)]
  0x000001b56c6192f0 JavaThread "Attach Listener"            daemon [_thread_blocked, id=5340, stack(0x0000005a7bc00000,0x0000005a7bd00000) (1024K)]
  0x000001b56c619d50 JavaThread "Service Thread"             daemon [_thread_blocked, id=12184, stack(0x0000005a7bd00000,0x0000005a7be00000) (1024K)]
  0x000001b56c61a7b0 JavaThread "Monitor Deflation Thread"   daemon [_thread_blocked, id=8420, stack(0x0000005a7be00000,0x0000005a7bf00000) (1024K)]
=>0x000001b56c61b540 JavaThread "C2 CompilerThread0"         daemon [_thread_in_native, id=5960, stack(0x0000005a7bf00000,0x0000005a7c000000) (1024K)]
  0x000001b56c67ca30 JavaThread "C1 CompilerThread0"         daemon [_thread_blocked, id=10436, stack(0x0000005a7c000000,0x0000005a7c100000) (1024K)]
  0x000001b56c760570 JavaThread "Notification Thread"        daemon [_thread_blocked, id=1704, stack(0x0000005a7c100000,0x0000005a7c200000) (1024K)]
  0x000001b56c761db0 JavaThread "Common-Cleaner"             daemon [_thread_blocked, id=5512, stack(0x0000005a7c200000,0x0000005a7c300000) (1024K)]
Total: 11

Other Threads:
  0x000001b56c5f0df0 VMThread "VM Thread"                           [id=10632, stack(0x0000005a7b800000,0x0000005a7b900000) (1024K)]
  0x000001b56c5e1ab0 WatcherThread "VM Periodic Task Thread"        [id=11464, stack(0x0000005a7b700000,0x0000005a7b800000) (1024K)]
  0x000001b5557f4bd0 WorkerThread "GC Thread#0"                     [id=8888, stack(0x0000005a7b200000,0x0000005a7b300000) (1024K)]
  0x000001b57114d8e0 WorkerThread "GC Thread#1"                     [id=11316, stack(0x0000005a7c300000,0x0000005a7c400000) (1024K)]
  0x000001b57114dc90 WorkerThread "GC Thread#2"                     [id=1676, stack(0x0000005a7c400000,0x0000005a7c500000) (1024K)]
  0x000001b57116a650 WorkerThread "GC Thread#3"                     [id=192, stack(0x0000005a7c500000,0x0000005a7c600000) (1024K)]
  0x000001b555805880 ConcurrentGCThread "G1 Main Marker"            [id=7652, stack(0x0000005a7b300000,0x0000005a7b400000) (1024K)]
  0x000001b555806390 WorkerThread "G1 Conc#0"                       [id=9636, stack(0x0000005a7b400000,0x0000005a7b500000) (1024K)]
  0x000001b56c4a20c0 ConcurrentGCThread "G1 Refine#0"               [id=11476, stack(0x0000005a7b500000,0x0000005a7b600000) (1024K)]
  0x000001b55586bfe0 ConcurrentGCThread "G1 Service"                [id=7412, stack(0x0000005a7b600000,0x0000005a7b700000) (1024K)]
Total: 10

Threads with active compile tasks:
C2 CompilerThread0  3785 1887   !   4       jdk.internal.loader.BuiltinClassLoader::loadClassOrNull (143 bytes)
Total: 1

VM state: not at safepoint (normal execution)

VM Mutex/Monitor currently owned by a thread: None

Heap address: 0x0000000081a00000, size: 2022 MB, Compressed Oops mode: 32-bit

CDS archive(s) mapped at: [0x000001b500000000-0x000001b500ba0000-0x000001b500ba0000), size 12189696, SharedBaseAddress: 0x000001b500000000, ArchiveRelocationMode: 1.
Compressed class space mapped at: 0x000001b501000000-0x000001b541000000, reserved size: 1073741824
Narrow klass base: 0x000001b500000000, Narrow klass shift: 0, Narrow klass range: 0x100000000

GC Precious Log:
 CardTable entry size: 512
 Card Set container configuration: InlinePtr #cards 5 size 8 Array Of Cards #cards 12 size 40 Howl #buckets 4 coarsen threshold 1843 Howl Bitmap #cards 512 size 80 coarsen threshold 460 Card regions per heap region 1 cards per card region 2048
 CPUs: 4 total, 4 available
 Memory: 8082M
 Large Page Support: Disabled
 NUMA Support: Disabled
 Compressed Oops: Enabled (32-bit)
 Heap Region Size: 1M
 Heap Min Capacity: 8M
 Heap Initial Capacity: 128M
 Heap Max Capacity: 2022M
 Pre-touch: Disabled
 Parallel Workers: 4
 Concurrent Workers: 1
 Concurrent Refinement Workers: 4
 Periodic GC: Disabled

Heap:
 garbage-first heap   total 131072K, used 39936K [0x0000000081a00000, 0x0000000100000000)
  region size 1024K, 21 young (21504K), 10 survivors (10240K)
 Metaspace       used 19745K, committed 20096K, reserved 1114112K
  class space    used 2134K, committed 2304K, reserved 1048576K

Heap Regions: E=young(eden), S=young(survivor), O=old, HS=humongous(starts), HC=humongous(continues), CS=collection set, F=free, TAMS=top-at-mark-start, PB=parsable bottom
|   0|0x0000000081a00000, 0x0000000081b00000, 0x0000000081b00000|100%|HS|  |TAMS 0x0000000081a00000| PB 0x0000000081a00000| Complete 
|   1|0x0000000081b00000, 0x0000000081c00000, 0x0000000081c00000|100%|HC|  |TAMS 0x0000000081b00000| PB 0x0000000081b00000| Complete 
|   2|0x0000000081c00000, 0x0000000081d00000, 0x0000000081d00000|100%|HC|  |TAMS 0x0000000081c00000| PB 0x0000000081c00000| Complete 
|   3|0x0000000081d00000, 0x0000000081e00000, 0x0000000081e00000|100%| O|  |TAMS 0x0000000081d00000| PB 0x0000000081d00000| Untracked 
|   4|0x0000000081e00000, 0x0000000081f00000, 0x0000000081f00000|100%| O|  |TAMS 0x0000000081e00000| PB 0x0000000081e00000| Untracked 
|   5|0x0000000081f00000, 0x0000000082000000, 0x0000000082000000|100%| O|  |TAMS 0x0000000081f00000| PB 0x0000000081f00000| Untracked 
|   6|0x0000000082000000, 0x0000000082100000, 0x0000000082100000|100%| O|  |TAMS 0x0000000082000000| PB 0x0000000082000000| Untracked 
|   7|0x0000000082100000, 0x0000000082200000, 0x0000000082200000|100%| O|  |TAMS 0x0000000082100000| PB 0x0000000082100000| Untracked 
|   8|0x0000000082200000, 0x0000000082300000, 0x0000000082300000|100%| O|  |TAMS 0x0000000082200000| PB 0x0000000082200000| Untracked 
|   9|0x0000000082300000, 0x0000000082400000, 0x0000000082400000|100%| O|  |TAMS 0x0000000082300000| PB 0x0000000082300000| Untracked 
|  10|0x0000000082400000, 0x0000000082500000, 0x0000000082500000|100%| O|  |TAMS 0x0000000082400000| PB 0x0000000082400000| Untracked 
|  11|0x0000000082500000, 0x0000000082600000, 0x0000000082600000|100%| O|  |TAMS 0x0000000082500000| PB 0x0000000082500000| Untracked 
|  12|0x0000000082600000, 0x0000000082700000, 0x0000000082700000|100%| O|  |TAMS 0x0000000082600000| PB 0x0000000082600000| Untracked 
|  13|0x0000000082700000, 0x0000000082800000, 0x0000000082800000|100%| O|  |TAMS 0x0000000082700000| PB 0x0000000082700000| Untracked 
|  14|0x0000000082800000, 0x0000000082900000, 0x0000000082900000|100%| O|  |TAMS 0x0000000082800000| PB 0x0000000082800000| Untracked 
|  15|0x0000000082900000, 0x0000000082a00000, 0x0000000082a00000|100%| O|  |TAMS 0x0000000082900000| PB 0x0000000082900000| Untracked 
|  16|0x0000000082a00000, 0x0000000082b00000, 0x0000000082b00000|100%| O|  |TAMS 0x0000000082a00000| PB 0x0000000082a00000| Untracked 
|  17|0x0000000082b00000, 0x0000000082c00000, 0x0000000082c00000|100%| O|  |TAMS 0x0000000082b00000| PB 0x0000000082b00000| Untracked 
|  18|0x0000000082c00000, 0x0000000082d00000, 0x0000000082d00000|100%| O|  |TAMS 0x0000000082c00000| PB 0x0000000082c00000| Untracked 
|  19|0x0000000082d00000, 0x0000000082d00000, 0x0000000082e00000|  0%| F|  |TAMS 0x0000000082d00000| PB 0x0000000082d00000| Untracked 
|  20|0x0000000082e00000, 0x0000000082e00000, 0x0000000082f00000|  0%| F|  |TAMS 0x0000000082e00000| PB 0x0000000082e00000| Untracked 
|  21|0x0000000082f00000, 0x0000000082f00000, 0x0000000083000000|  0%| F|  |TAMS 0x0000000082f00000| PB 0x0000000082f00000| Untracked 
|  22|0x0000000083000000, 0x0000000083000000, 0x0000000083100000|  0%| F|  |TAMS 0x0000000083000000| PB 0x0000000083000000| Untracked 
|  23|0x0000000083100000, 0x0000000083100000, 0x0000000083200000|  0%| F|  |TAMS 0x0000000083100000| PB 0x0000000083100000| Untracked 
|  24|0x0000000083200000, 0x0000000083200000, 0x0000000083300000|  0%| F|  |TAMS 0x0000000083200000| PB 0x0000000083200000| Untracked 
|  25|0x0000000083300000, 0x0000000083300000, 0x0000000083400000|  0%| F|  |TAMS 0x0000000083300000| PB 0x0000000083300000| Untracked 
|  26|0x0000000083400000, 0x0000000083400000, 0x0000000083500000|  0%| F|  |TAMS 0x0000000083400000| PB 0x0000000083400000| Untracked 
|  27|0x0000000083500000, 0x0000000083500000, 0x0000000083600000|  0%| F|  |TAMS 0x0000000083500000| PB 0x0000000083500000| Untracked 
|  28|0x0000000083600000, 0x0000000083600000, 0x0000000083700000|  0%| F|  |TAMS 0x0000000083600000| PB 0x0000000083600000| Untracked 
|  29|0x0000000083700000, 0x0000000083700000, 0x0000000083800000|  0%| F|  |TAMS 0x0000000083700000| PB 0x0000000083700000| Untracked 
|  30|0x0000000083800000, 0x0000000083800000, 0x0000000083900000|  0%| F|  |TAMS 0x0000000083800000| PB 0x0000000083800000| Untracked 
|  31|0x0000000083900000, 0x0000000083900000, 0x0000000083a00000|  0%| F|  |TAMS 0x0000000083900000| PB 0x0000000083900000| Untracked 
|  32|0x0000000083a00000, 0x0000000083a00000, 0x0000000083b00000|  0%| F|  |TAMS 0x0000000083a00000| PB 0x0000000083a00000| Untracked 
|  33|0x0000000083b00000, 0x0000000083b00000, 0x0000000083c00000|  0%| F|  |TAMS 0x0000000083b00000| PB 0x0000000083b00000| Untracked 
|  34|0x0000000083c00000, 0x0000000083c00000, 0x0000000083d00000|  0%| F|  |TAMS 0x0000000083c00000| PB 0x0000000083c00000| Untracked 
|  35|0x0000000083d00000, 0x0000000083d00000, 0x0000000083e00000|  0%| F|  |TAMS 0x0000000083d00000| PB 0x0000000083d00000| Untracked 
|  36|0x0000000083e00000, 0x0000000083e00000, 0x0000000083f00000|  0%| F|  |TAMS 0x0000000083e00000| PB 0x0000000083e00000| Untracked 
|  37|0x0000000083f00000, 0x0000000083f00000, 0x0000000084000000|  0%| F|  |TAMS 0x0000000083f00000| PB 0x0000000083f00000| Untracked 
|  38|0x0000000084000000, 0x0000000084000000, 0x0000000084100000|  0%| F|  |TAMS 0x0000000084000000| PB 0x0000000084000000| Untracked 
|  39|0x0000000084100000, 0x0000000084100000, 0x0000000084200000|  0%| F|  |TAMS 0x0000000084100000| PB 0x0000000084100000| Untracked 
|  40|0x0000000084200000, 0x0000000084200000, 0x0000000084300000|  0%| F|  |TAMS 0x0000000084200000| PB 0x0000000084200000| Untracked 
|  41|0x0000000084300000, 0x0000000084300000, 0x0000000084400000|  0%| F|  |TAMS 0x0000000084300000| PB 0x0000000084300000| Untracked 
|  42|0x0000000084400000, 0x0000000084500000, 0x0000000084500000|100%| S|CS|TAMS 0x0000000084400000| PB 0x0000000084400000| Complete 
|  43|0x0000000084500000, 0x0000000084600000, 0x0000000084600000|100%| S|CS|TAMS 0x0000000084500000| PB 0x0000000084500000| Complete 
|  44|0x0000000084600000, 0x0000000084700000, 0x0000000084700000|100%| S|CS|TAMS 0x0000000084600000| PB 0x0000000084600000| Complete 
|  45|0x0000000084700000, 0x0000000084800000, 0x0000000084800000|100%| S|CS|TAMS 0x0000000084700000| PB 0x0000000084700000| Complete 
|  46|0x0000000084800000, 0x0000000084900000, 0x0000000084900000|100%| S|CS|TAMS 0x0000000084800000| PB 0x0000000084800000| Complete 
|  47|0x0000000084900000, 0x0000000084a00000, 0x0000000084a00000|100%| S|CS|TAMS 0x0000000084900000| PB 0x0000000084900000| Complete 
|  48|0x0000000084a00000, 0x0000000084b00000, 0x0000000084b00000|100%| S|CS|TAMS 0x0000000084a00000| PB 0x0000000084a00000| Complete 
|  49|0x0000000084b00000, 0x0000000084c00000, 0x0000000084c00000|100%| S|CS|TAMS 0x0000000084b00000| PB 0x0000000084b00000| Complete 
|  50|0x0000000084c00000, 0x0000000084d00000, 0x0000000084d00000|100%| S|CS|TAMS 0x0000000084c00000| PB 0x0000000084c00000| Complete 
|  51|0x0000000084d00000, 0x0000000084e00000, 0x0000000084e00000|100%| S|CS|TAMS 0x0000000084d00000| PB 0x0000000084d00000| Complete 
|  52|0x0000000084e00000, 0x0000000084e00000, 0x0000000084f00000|  0%| F|  |TAMS 0x0000000084e00000| PB 0x0000000084e00000| Untracked 
|  53|0x0000000084f00000, 0x0000000084f00000, 0x0000000085000000|  0%| F|  |TAMS 0x0000000084f00000| PB 0x0000000084f00000| Untracked 
|  54|0x0000000085000000, 0x0000000085000000, 0x0000000085100000|  0%| F|  |TAMS 0x0000000085000000| PB 0x0000000085000000| Untracked 
|  55|0x0000000085100000, 0x0000000085100000, 0x0000000085200000|  0%| F|  |TAMS 0x0000000085100000| PB 0x0000000085100000| Untracked 
|  56|0x0000000085200000, 0x0000000085200000, 0x0000000085300000|  0%| F|  |TAMS 0x0000000085200000| PB 0x0000000085200000| Untracked 
|  57|0x0000000085300000, 0x0000000085300000, 0x0000000085400000|  0%| F|  |TAMS 0x0000000085300000| PB 0x0000000085300000| Untracked 
|  58|0x0000000085400000, 0x0000000085400000, 0x0000000085500000|  0%| F|  |TAMS 0x0000000085400000| PB 0x0000000085400000| Untracked 
|  59|0x0000000085500000, 0x0000000085500000, 0x0000000085600000|  0%| F|  |TAMS 0x0000000085500000| PB 0x0000000085500000| Untracked 
|  60|0x0000000085600000, 0x0000000085600000, 0x0000000085700000|  0%| F|  |TAMS 0x0000000085600000| PB 0x0000000085600000| Untracked 
|  61|0x0000000085700000, 0x0000000085700000, 0x0000000085800000|  0%| F|  |TAMS 0x0000000085700000| PB 0x0000000085700000| Untracked 
|  62|0x0000000085800000, 0x0000000085800000, 0x0000000085900000|  0%| F|  |TAMS 0x0000000085800000| PB 0x0000000085800000| Untracked 
|  63|0x0000000085900000, 0x0000000085900000, 0x0000000085a00000|  0%| F|  |TAMS 0x0000000085900000| PB 0x0000000085900000| Untracked 
|  64|0x0000000085a00000, 0x0000000085a00000, 0x0000000085b00000|  0%| F|  |TAMS 0x0000000085a00000| PB 0x0000000085a00000| Untracked 
|  65|0x0000000085b00000, 0x0000000085b00000, 0x0000000085c00000|  0%| F|  |TAMS 0x0000000085b00000| PB 0x0000000085b00000| Untracked 
|  66|0x0000000085c00000, 0x0000000085c00000, 0x0000000085d00000|  0%| F|  |TAMS 0x0000000085c00000| PB 0x0000000085c00000| Untracked 
|  67|0x0000000085d00000, 0x0000000085d00000, 0x0000000085e00000|  0%| F|  |TAMS 0x0000000085d00000| PB 0x0000000085d00000| Untracked 
|  68|0x0000000085e00000, 0x0000000085e00000, 0x0000000085f00000|  0%| F|  |TAMS 0x0000000085e00000| PB 0x0000000085e00000| Untracked 
|  69|0x0000000085f00000, 0x0000000085f00000, 0x0000000086000000|  0%| F|  |TAMS 0x0000000085f00000| PB 0x0000000085f00000| Untracked 
|  70|0x0000000086000000, 0x0000000086000000, 0x0000000086100000|  0%| F|  |TAMS 0x0000000086000000| PB 0x0000000086000000| Untracked 
|  71|0x0000000086100000, 0x0000000086100000, 0x0000000086200000|  0%| F|  |TAMS 0x0000000086100000| PB 0x0000000086100000| Untracked 
|  72|0x0000000086200000, 0x0000000086200000, 0x0000000086300000|  0%| F|  |TAMS 0x0000000086200000| PB 0x0000000086200000| Untracked 
|  73|0x0000000086300000, 0x0000000086300000, 0x0000000086400000|  0%| F|  |TAMS 0x0000000086300000| PB 0x0000000086300000| Untracked 
|  74|0x0000000086400000, 0x0000000086400000, 0x0000000086500000|  0%| F|  |TAMS 0x0000000086400000| PB 0x0000000086400000| Untracked 
|  75|0x0000000086500000, 0x0000000086500000, 0x0000000086600000|  0%| F|  |TAMS 0x0000000086500000| PB 0x0000000086500000| Untracked 
|  76|0x0000000086600000, 0x0000000086600000, 0x0000000086700000|  0%| F|  |TAMS 0x0000000086600000| PB 0x0000000086600000| Untracked 
|  77|0x0000000086700000, 0x0000000086700000, 0x0000000086800000|  0%| F|  |TAMS 0x0000000086700000| PB 0x0000000086700000| Untracked 
|  78|0x0000000086800000, 0x0000000086800000, 0x0000000086900000|  0%| F|  |TAMS 0x0000000086800000| PB 0x0000000086800000| Untracked 
|  79|0x0000000086900000, 0x0000000086900000, 0x0000000086a00000|  0%| F|  |TAMS 0x0000000086900000| PB 0x0000000086900000| Untracked 
|  80|0x0000000086a00000, 0x0000000086a00000, 0x0000000086b00000|  0%| F|  |TAMS 0x0000000086a00000| PB 0x0000000086a00000| Untracked 
|  81|0x0000000086b00000, 0x0000000086b00000, 0x0000000086c00000|  0%| F|  |TAMS 0x0000000086b00000| PB 0x0000000086b00000| Untracked 
|  82|0x0000000086c00000, 0x0000000086c00000, 0x0000000086d00000|  0%| F|  |TAMS 0x0000000086c00000| PB 0x0000000086c00000| Untracked 
|  83|0x0000000086d00000, 0x0000000086d00000, 0x0000000086e00000|  0%| F|  |TAMS 0x0000000086d00000| PB 0x0000000086d00000| Untracked 
|  84|0x0000000086e00000, 0x0000000086e00000, 0x0000000086f00000|  0%| F|  |TAMS 0x0000000086e00000| PB 0x0000000086e00000| Untracked 
|  85|0x0000000086f00000, 0x0000000086f00000, 0x0000000087000000|  0%| F|  |TAMS 0x0000000086f00000| PB 0x0000000086f00000| Untracked 
|  86|0x0000000087000000, 0x0000000087000000, 0x0000000087100000|  0%| F|  |TAMS 0x0000000087000000| PB 0x0000000087000000| Untracked 
|  87|0x0000000087100000, 0x0000000087100000, 0x0000000087200000|  0%| F|  |TAMS 0x0000000087100000| PB 0x0000000087100000| Untracked 
|  88|0x0000000087200000, 0x0000000087200000, 0x0000000087300000|  0%| F|  |TAMS 0x0000000087200000| PB 0x0000000087200000| Untracked 
|  89|0x0000000087300000, 0x0000000087300000, 0x0000000087400000|  0%| F|  |TAMS 0x0000000087300000| PB 0x0000000087300000| Untracked 
|  90|0x0000000087400000, 0x0000000087400000, 0x0000000087500000|  0%| F|  |TAMS 0x0000000087400000| PB 0x0000000087400000| Untracked 
|  91|0x0000000087500000, 0x0000000087500000, 0x0000000087600000|  0%| F|  |TAMS 0x0000000087500000| PB 0x0000000087500000| Untracked 
|  92|0x0000000087600000, 0x0000000087600000, 0x0000000087700000|  0%| F|  |TAMS 0x0000000087600000| PB 0x0000000087600000| Untracked 
|  93|0x0000000087700000, 0x0000000087700000, 0x0000000087800000|  0%| F|  |TAMS 0x0000000087700000| PB 0x0000000087700000| Untracked 
|  94|0x0000000087800000, 0x0000000087800000, 0x0000000087900000|  0%| F|  |TAMS 0x0000000087800000| PB 0x0000000087800000| Untracked 
|  95|0x0000000087900000, 0x0000000087900000, 0x0000000087a00000|  0%| F|  |TAMS 0x0000000087900000| PB 0x0000000087900000| Untracked 
|  96|0x0000000087a00000, 0x0000000087a00000, 0x0000000087b00000|  0%| F|  |TAMS 0x0000000087a00000| PB 0x0000000087a00000| Untracked 
|  97|0x0000000087b00000, 0x0000000087b00000, 0x0000000087c00000|  0%| F|  |TAMS 0x0000000087b00000| PB 0x0000000087b00000| Untracked 
|  98|0x0000000087c00000, 0x0000000087c00000, 0x0000000087d00000|  0%| F|  |TAMS 0x0000000087c00000| PB 0x0000000087c00000| Untracked 
|  99|0x0000000087d00000, 0x0000000087d00000, 0x0000000087e00000|  0%| F|  |TAMS 0x0000000087d00000| PB 0x0000000087d00000| Untracked 
| 100|0x0000000087e00000, 0x0000000087e00000, 0x0000000087f00000|  0%| F|  |TAMS 0x0000000087e00000| PB 0x0000000087e00000| Untracked 
| 101|0x0000000087f00000, 0x0000000087f00000, 0x0000000088000000|  0%| F|  |TAMS 0x0000000087f00000| PB 0x0000000087f00000| Untracked 
| 102|0x0000000088000000, 0x0000000088000000, 0x0000000088100000|  0%| F|  |TAMS 0x0000000088000000| PB 0x0000000088000000| Untracked 
| 103|0x0000000088100000, 0x0000000088100000, 0x0000000088200000|  0%| F|  |TAMS 0x0000000088100000| PB 0x0000000088100000| Untracked 
| 104|0x0000000088200000, 0x0000000088200000, 0x0000000088300000|  0%| F|  |TAMS 0x0000000088200000| PB 0x0000000088200000| Untracked 
| 105|0x0000000088300000, 0x0000000088300000, 0x0000000088400000|  0%| F|  |TAMS 0x0000000088300000| PB 0x0000000088300000| Untracked 
| 106|0x0000000088400000, 0x0000000088400000, 0x0000000088500000|  0%| F|  |TAMS 0x0000000088400000| PB 0x0000000088400000| Untracked 
| 107|0x0000000088500000, 0x0000000088500000, 0x0000000088600000|  0%| F|  |TAMS 0x0000000088500000| PB 0x0000000088500000| Untracked 
| 108|0x0000000088600000, 0x0000000088600000, 0x0000000088700000|  0%| F|  |TAMS 0x0000000088600000| PB 0x0000000088600000| Untracked 
| 109|0x0000000088700000, 0x0000000088700000, 0x0000000088800000|  0%| F|  |TAMS 0x0000000088700000| PB 0x0000000088700000| Untracked 
| 110|0x0000000088800000, 0x0000000088800000, 0x0000000088900000|  0%| F|  |TAMS 0x0000000088800000| PB 0x0000000088800000| Untracked 
| 111|0x0000000088900000, 0x0000000088900000, 0x0000000088a00000|  0%| F|  |TAMS 0x0000000088900000| PB 0x0000000088900000| Untracked 
| 112|0x0000000088a00000, 0x0000000088a00000, 0x0000000088b00000|  0%| F|  |TAMS 0x0000000088a00000| PB 0x0000000088a00000| Untracked 
| 113|0x0000000088b00000, 0x0000000088b00000, 0x0000000088c00000|  0%| F|  |TAMS 0x0000000088b00000| PB 0x0000000088b00000| Untracked 
| 114|0x0000000088c00000, 0x0000000088c00000, 0x0000000088d00000|  0%| F|  |TAMS 0x0000000088c00000| PB 0x0000000088c00000| Untracked 
| 115|0x0000000088d00000, 0x0000000088d00000, 0x0000000088e00000|  0%| F|  |TAMS 0x0000000088d00000| PB 0x0000000088d00000| Untracked 
| 116|0x0000000088e00000, 0x0000000088e00000, 0x0000000088f00000|  0%| F|  |TAMS 0x0000000088e00000| PB 0x0000000088e00000| Untracked 
| 117|0x0000000088f00000, 0x0000000088f80000, 0x0000000089000000| 50%| E|  |TAMS 0x0000000088f00000| PB 0x0000000088f00000| Complete 
| 118|0x0000000089000000, 0x0000000089100000, 0x0000000089100000|100%| E|CS|TAMS 0x0000000089000000| PB 0x0000000089000000| Complete 
| 119|0x0000000089100000, 0x0000000089200000, 0x0000000089200000|100%| E|CS|TAMS 0x0000000089100000| PB 0x0000000089100000| Complete 
| 120|0x0000000089200000, 0x0000000089300000, 0x0000000089300000|100%| E|CS|TAMS 0x0000000089200000| PB 0x0000000089200000| Complete 
| 121|0x0000000089300000, 0x0000000089400000, 0x0000000089400000|100%| E|CS|TAMS 0x0000000089300000| PB 0x0000000089300000| Complete 
| 122|0x0000000089400000, 0x0000000089500000, 0x0000000089500000|100%| E|CS|TAMS 0x0000000089400000| PB 0x0000000089400000| Complete 
| 123|0x0000000089500000, 0x0000000089600000, 0x0000000089600000|100%| E|CS|TAMS 0x0000000089500000| PB 0x0000000089500000| Complete 
| 124|0x0000000089600000, 0x0000000089700000, 0x0000000089700000|100%| E|CS|TAMS 0x0000000089600000| PB 0x0000000089600000| Complete 
| 125|0x0000000089700000, 0x0000000089800000, 0x0000000089800000|100%| E|CS|TAMS 0x0000000089700000| PB 0x0000000089700000| Complete 
| 126|0x0000000089800000, 0x0000000089900000, 0x0000000089900000|100%| E|CS|TAMS 0x0000000089800000| PB 0x0000000089800000| Complete 
| 127|0x0000000089900000, 0x0000000089a00000, 0x0000000089a00000|100%| E|CS|TAMS 0x0000000089900000| PB 0x0000000089900000| Complete 

Card table byte_map: [0x000001b567db0000,0x000001b5681b0000] _byte_map_base: 0x000001b5679a3000

Marking Bits: (CMBitMap*) 0x000001b5557f52e0
 Bits: [0x000001b5681b0000, 0x000001b56a148000)

Polling page: 0x000001b553460000

Metaspace:

Usage:
  Non-class:     17.20 MB used.
      Class:      2.09 MB used.
       Both:     19.29 MB used.

Virtual space:
  Non-class space:       64.00 MB reserved,      17.38 MB ( 27%) committed,  1 nodes.
      Class space:        1.00 GB reserved,       2.25 MB ( <1%) committed,  1 nodes.
             Both:        1.06 GB reserved,      19.62 MB (  2%) committed. 

Chunk freelists:
   Non-Class:  13.00 MB
       Class:  13.80 MB
        Both:  26.80 MB

MaxMetaspaceSize: unlimited
CompressedClassSpaceSize: 1.00 GB
Initial GC threshold: 21.00 MB
Current GC threshold: 21.00 MB
CDS: on
 - commit_granule_bytes: 65536.
 - commit_granule_words: 8192.
 - virtual_space_node_default_size: 8388608.
 - enlarge_chunks_in_place: 1.
 - use_allocation_guard: 0.


Internal statistics:

num_allocs_failed_limit: 0.
num_arena_births: 224.
num_arena_deaths: 0.
num_vsnodes_births: 2.
num_vsnodes_deaths: 0.
num_space_committed: 314.
num_space_uncommitted: 0.
num_chunks_returned_to_freelist: 0.
num_chunks_taken_from_freelist: 922.
num_chunk_merges: 0.
num_chunk_splits: 694.
num_chunks_enlarged: 590.
num_inconsistent_stats: 0.

CodeHeap 'non-profiled nmethods': size=120000Kb used=852Kb max_used=852Kb free=119148Kb
 bounds [0x000001b560480000, 0x000001b5606f0000, 0x000001b5679b0000]
CodeHeap 'profiled nmethods': size=120000Kb used=3258Kb max_used=3258Kb free=116741Kb
 bounds [0x000001b5589b0000, 0x000001b558ce0000, 0x000001b55fee0000]
CodeHeap 'non-nmethods': size=5760Kb used=1381Kb max_used=1394Kb free=4378Kb
 bounds [0x000001b55fee0000, 0x000001b560150000, 0x000001b560480000]
CodeCache: size=245760Kb, used=5491Kb, max_used=5504Kb, free=240267Kb
 total_blobs=2433, nmethods=1891, adapters=446, full_count=0
Compilation: enabled, stopped_count=0, restarted_count=0

Compilation events (20 events):
Event: 3.545 Thread 0x000001b56c67ca30 nmethod 1880 0x000001b558cd9690 code [0x000001b558cd98c0, 0x000001b558cd9da8]
Event: 3.574 Thread 0x000001b56c67ca30 1882       3       sun.invoke.util.VerifyAccess::getClassModifiers (24 bytes)
Event: 3.575 Thread 0x000001b56c67ca30 nmethod 1882 0x000001b558cd9f90 code [0x000001b558cda160, 0x000001b558cda398]
Event: 3.577 Thread 0x000001b56c67ca30 1883       3       kotlin.reflect.jvm.internal.impl.name.FqNameUnsafe::hashCode (8 bytes)
Event: 3.577 Thread 0x000001b56c67ca30 nmethod 1883 0x000001b558cda490 code [0x000001b558cda640, 0x000001b558cda780]
Event: 3.583 Thread 0x000001b56c67ca30 1884       3       kotlin.reflect.jvm.internal.pcollections.IntTree::rebalanced (449 bytes)
Event: 3.584 Thread 0x000001b56c67ca30 nmethod 1884 0x000001b558cda890 code [0x000001b558cdab60, 0x000001b558cdb998]
Event: 3.592 Thread 0x000001b56c67ca30 1885       3       java.lang.invoke.MethodHandle::isAncestorLoaderOf (35 bytes)
Event: 3.592 Thread 0x000001b56c67ca30 nmethod 1885 0x000001b558cdc110 code [0x000001b558cdc340, 0x000001b558cdcab0]
Event: 3.592 Thread 0x000001b56c67ca30 1886       3       kotlin.reflect.jvm.internal.impl.name.FqName::<init> (18 bytes)
Event: 3.592 Thread 0x000001b56c67ca30 nmethod 1886 0x000001b558cdcd10 code [0x000001b558cdcec0, 0x000001b558cdd0f0]
Event: 3.593 Thread 0x000001b56c61b540 1887   !   4       jdk.internal.loader.BuiltinClassLoader::loadClassOrNull (143 bytes)
Event: 3.654 Thread 0x000001b56c67ca30 1888       3       kotlin.reflect.jvm.internal.pcollections.IntTree::rebalanced (32 bytes)
Event: 3.654 Thread 0x000001b56c67ca30 nmethod 1888 0x000001b558cdd210 code [0x000001b558cdd3c0, 0x000001b558cdd5b0]
Event: 3.655 Thread 0x000001b56c67ca30 1889       3       kotlin.reflect.jvm.internal.pcollections.HashPMap::getEntries (22 bytes)
Event: 3.655 Thread 0x000001b56c67ca30 nmethod 1889 0x000001b558cdd690 code [0x000001b558cdd860, 0x000001b558cddbc8]
Event: 3.655 Thread 0x000001b56c67ca30 1890       3       kotlin.reflect.jvm.internal.pcollections.IntTreePMap::get (10 bytes)
Event: 3.655 Thread 0x000001b56c67ca30 nmethod 1890 0x000001b558cddd10 code [0x000001b558cddec0, 0x000001b558cde008]
Event: 3.655 Thread 0x000001b56c67ca30 1891       3       kotlin.reflect.jvm.internal.impl.name.Name::<init> (23 bytes)
Event: 3.655 Thread 0x000001b56c67ca30 nmethod 1891 0x000001b558cde110 code [0x000001b558cde2c0, 0x000001b558cde500]

GC Heap History (6 events):
Event: 0.729 GC heap before
{Heap before GC invocations=0 (full 0):
 garbage-first heap   total 131072K, used 16384K [0x0000000081a00000, 0x0000000100000000)
  region size 1024K, 13 young (13312K), 0 survivors (0K)
 Metaspace       used 4150K, committed 4288K, reserved 1114112K
  class space    used 323K, committed 384K, reserved 1048576K
}
Event: 0.740 GC heap after
{Heap after GC invocations=1 (full 0):
 garbage-first heap   total 131072K, used 5533K [0x0000000081a00000, 0x0000000100000000)
  region size 1024K, 2 young (2048K), 2 survivors (2048K)
 Metaspace       used 4150K, committed 4288K, reserved 1114112K
  class space    used 323K, committed 384K, reserved 1048576K
}
Event: 1.353 GC heap before
{Heap before GC invocations=1 (full 0):
 garbage-first heap   total 131072K, used 23965K [0x0000000081a00000, 0x0000000100000000)
  region size 1024K, 21 young (21504K), 2 survivors (2048K)
 Metaspace       used 10352K, committed 10624K, reserved 1114112K
  class space    used 1071K, committed 1216K, reserved 1048576K
}
Event: 1.357 GC heap after
{Heap after GC invocations=2 (full 0):
 garbage-first heap   total 131072K, used 6939K [0x0000000081a00000, 0x0000000100000000)
  region size 1024K, 2 young (2048K), 2 survivors (2048K)
 Metaspace       used 10352K, committed 10624K, reserved 1114112K
  class space    used 1071K, committed 1216K, reserved 1048576K
}
Event: 3.272 GC heap before
{Heap before GC invocations=2 (full 0):
 garbage-first heap   total 131072K, used 82715K [0x0000000081a00000, 0x0000000100000000)
  region size 1024K, 76 young (77824K), 2 survivors (2048K)
 Metaspace       used 17400K, committed 17728K, reserved 1114112K
  class space    used 1906K, committed 2048K, reserved 1048576K
}
Event: 3.312 GC heap after
{Heap after GC invocations=3 (full 0):
 garbage-first heap   total 131072K, used 29696K [0x0000000081a00000, 0x0000000100000000)
  region size 1024K, 10 young (10240K), 10 survivors (10240K)
 Metaspace       used 17400K, committed 17728K, reserved 1114112K
  class space    used 1906K, committed 2048K, reserved 1048576K
}

Dll operation events (7 events):
Event: 0.006 Loaded shared library C:\Users\umer\.antigravity\extensions\redhat.java-1.53.0-win32-x64\jre\21.0.10-win32-x86_64\bin\java.dll
Event: 0.087 Loaded shared library C:\Users\umer\.antigravity\extensions\redhat.java-1.53.0-win32-x64\jre\21.0.10-win32-x86_64\bin\net.dll
Event: 0.088 Loaded shared library C:\Users\umer\.antigravity\extensions\redhat.java-1.53.0-win32-x64\jre\21.0.10-win32-x86_64\bin\nio.dll
Event: 0.160 Loaded shared library C:\Users\umer\.antigravity\extensions\redhat.java-1.53.0-win32-x64\jre\21.0.10-win32-x86_64\bin\zip.dll
Event: 0.191 Loaded shared library C:\Users\umer\.antigravity\extensions\redhat.java-1.53.0-win32-x64\jre\21.0.10-win32-x86_64\bin\zip.dll
Event: 0.197 Loaded shared library C:\Users\umer\.antigravity\extensions\redhat.java-1.53.0-win32-x64\jre\21.0.10-win32-x86_64\bin\jimage.dll
Event: 2.675 Loaded shared library C:\Users\umer\.antigravity\extensions\redhat.java-1.53.0-win32-x64\jre\21.0.10-win32-x86_64\bin\verify.dll

Deoptimization events (20 events):
Event: 3.249 Thread 0x000001b5534a0da0 Uncommon trap: trap_request=0xffffffde fr.pc=0x000001b56051d2b8 relative=0x0000000000000958
Event: 3.249 Thread 0x000001b5534a0da0 Uncommon trap: reason=class_check action=maybe_recompile pc=0x000001b56051d2b8 method=org.jetbrains.kotlin.cli.jvm.compiler.jarfs.LargeDynamicMappedBuffer.withMappedRange(JJLkotlin/jvm/functions/Function1;)Ljava/lang/Object; @ 209 c2
Event: 3.249 Thread 0x000001b5534a0da0 DEOPT PACKING pc=0x000001b56051d2b8 sp=0x0000005a7b1fe310
Event: 3.249 Thread 0x000001b5534a0da0 DEOPT UNPACKING pc=0x000001b55ff34422 sp=0x0000005a7b1fe288 mode 2
Event: 3.251 Thread 0x000001b5534a0da0 Uncommon trap: trap_request=0xffffff45 fr.pc=0x000001b560529408 relative=0x0000000000000068
Event: 3.251 Thread 0x000001b5534a0da0 Uncommon trap: reason=unstable_if action=reinterpret pc=0x000001b560529408 method=jdk.internal.misc.Unsafe.convEndian(ZI)I @ 4 c2
Event: 3.251 Thread 0x000001b5534a0da0 DEOPT PACKING pc=0x000001b560529408 sp=0x0000005a7b1fe1e0
Event: 3.251 Thread 0x000001b5534a0da0 DEOPT UNPACKING pc=0x000001b55ff34422 sp=0x0000005a7b1fe110 mode 2
Event: 3.349 Thread 0x000001b5534a0da0 Uncommon trap: trap_request=0xffffffde fr.pc=0x000001b56051d2b8 relative=0x0000000000000958
Event: 3.349 Thread 0x000001b5534a0da0 Uncommon trap: reason=class_check action=maybe_recompile pc=0x000001b56051d2b8 method=org.jetbrains.kotlin.cli.jvm.compiler.jarfs.LargeDynamicMappedBuffer.withMappedRange(JJLkotlin/jvm/functions/Function1;)Ljava/lang/Object; @ 209 c2
Event: 3.349 Thread 0x000001b5534a0da0 DEOPT PACKING pc=0x000001b56051d2b8 sp=0x0000005a7b1fe310
Event: 3.349 Thread 0x000001b5534a0da0 DEOPT UNPACKING pc=0x000001b55ff34422 sp=0x0000005a7b1fe288 mode 2
Event: 3.366 Thread 0x000001b5534a0da0 Uncommon trap: trap_request=0xffffffde fr.pc=0x000001b56051d2b8 relative=0x0000000000000958
Event: 3.366 Thread 0x000001b5534a0da0 Uncommon trap: reason=class_check action=maybe_recompile pc=0x000001b56051d2b8 method=org.jetbrains.kotlin.cli.jvm.compiler.jarfs.LargeDynamicMappedBuffer.withMappedRange(JJLkotlin/jvm/functions/Function1;)Ljava/lang/Object; @ 209 c2
Event: 3.366 Thread 0x000001b5534a0da0 DEOPT PACKING pc=0x000001b56051d2b8 sp=0x0000005a7b1fe310
Event: 3.366 Thread 0x000001b5534a0da0 DEOPT UNPACKING pc=0x000001b55ff34422 sp=0x0000005a7b1fe288 mode 2
Event: 3.371 Thread 0x000001b5534a0da0 Uncommon trap: trap_request=0xffffffde fr.pc=0x000001b56051d2b8 relative=0x0000000000000958
Event: 3.371 Thread 0x000001b5534a0da0 Uncommon trap: reason=class_check action=maybe_recompile pc=0x000001b56051d2b8 method=org.jetbrains.kotlin.cli.jvm.compiler.jarfs.LargeDynamicMappedBuffer.withMappedRange(JJLkotlin/jvm/functions/Function1;)Ljava/lang/Object; @ 209 c2
Event: 3.371 Thread 0x000001b5534a0da0 DEOPT PACKING pc=0x000001b56051d2b8 sp=0x0000005a7b1fe310
Event: 3.371 Thread 0x000001b5534a0da0 DEOPT UNPACKING pc=0x000001b55ff34422 sp=0x0000005a7b1fe288 mode 2

Classes loaded (20 events):
Event: 2.673 Loading class sun/nio/ch/ChannelInputStream
Event: 2.673 Loading class sun/nio/ch/ChannelInputStream done
Event: 3.091 Loading class java/nio/file/attribute/PosixFilePermission
Event: 3.091 Loading class java/nio/file/attribute/PosixFilePermission done
Event: 3.182 Loading class sun/net/www/protocol/jar/JarURLConnection
Event: 3.182 Loading class java/net/JarURLConnection
Event: 3.182 Loading class java/net/JarURLConnection done
Event: 3.182 Loading class sun/net/www/protocol/jar/JarURLConnection done
Event: 3.183 Loading class sun/net/www/protocol/jar/JarFileFactory
Event: 3.183 Loading class sun/net/www/protocol/jar/URLJarFile$URLJarFileCloseController
Event: 3.183 Loading class sun/net/www/protocol/jar/URLJarFile$URLJarFileCloseController done
Event: 3.183 Loading class sun/net/www/protocol/jar/JarFileFactory done
Event: 3.183 Loading class sun/net/www/protocol/jar/URLJarFile
Event: 3.183 Loading class sun/net/www/protocol/jar/URLJarFile done
Event: 3.185 Loading class sun/net/www/protocol/jar/URLJarFile$URLJarFileEntry
Event: 3.185 Loading class sun/net/www/protocol/jar/URLJarFile$URLJarFileEntry done
Event: 3.185 Loading class sun/net/www/protocol/jar/JarURLConnection$JarURLInputStream
Event: 3.185 Loading class sun/net/www/protocol/jar/JarURLConnection$JarURLInputStream done
Event: 3.190 Loading class java/io/EOFException
Event: 3.190 Loading class java/io/EOFException done

Classes unloaded (0 events):
No events

Classes redefined (0 events):
No events

Internal exceptions (20 events):
Event: 1.209 Thread 0x000001b5534a0da0 Exception <a 'java/lang/NoSuchMethodError'{0x000000008884a250}: 'int java.lang.invoke.DirectMethodHandle$Holder.invokeStaticInit(java.lang.Object, java.lang.Object)'> (0x000000008884a250) 
thrown [s\src\hotspot\share\interpreter\linkResolver.cpp, line 773]
Event: 1.243 Thread 0x000001b5534a0da0 Exception <a 'java/lang/NoSuchMethodError'{0x00000000888ffcf0}: 'int java.lang.invoke.DirectMethodHandle$Holder.invokeStatic(java.lang.Object)'> (0x00000000888ffcf0) 
thrown [s\src\hotspot\share\interpreter\linkResolver.cpp, line 773]
Event: 1.243 Thread 0x000001b5534a0da0 Exception <a 'java/lang/NoSuchMethodError'{0x00000000887033a0}: 'int java.lang.invoke.DirectMethodHandle$Holder.invokeStaticInit(java.lang.Object)'> (0x00000000887033a0) 
thrown [s\src\hotspot\share\interpreter\linkResolver.cpp, line 773]
Event: 1.248 Thread 0x000001b5534a0da0 Exception <a 'java/lang/NoSuchMethodError'{0x000000008872adf0}: 'java.lang.Object java.lang.invoke.DirectMethodHandle$Holder.invokeStatic(java.lang.Object, java.lang.Object, int, java.lang.Object, int)'> (0x000000008872adf0) 
thrown [s\src\hotspot\share\interpreter\linkResolver.cpp, line 773]
Event: 1.249 Thread 0x000001b5534a0da0 Exception <a 'java/lang/NoSuchMethodError'{0x00000000887316b0}: 'java.lang.Object java.lang.invoke.DirectMethodHandle$Holder.newInvokeSpecial(java.lang.Object, java.lang.Object, int)'> (0x00000000887316b0) 
thrown [s\src\hotspot\share\interpreter\linkResolver.cpp, line 773]
Event: 1.519 Thread 0x000001b5534a0da0 Exception <a 'java/lang/NoSuchMethodError'{0x00000000896b6fc8}: 'java.lang.Object java.lang.invoke.DirectMethodHandle$Holder.invokeInterface(java.lang.Object, java.lang.Object)'> (0x00000000896b6fc8) 
thrown [s\src\hotspot\share\interpreter\linkResolver.cpp, line 773]
Event: 1.599 Thread 0x000001b5534a0da0 Exception <a 'java/lang/NoSuchMethodError'{0x00000000893279f0}: 'void java.lang.invoke.DirectMethodHandle$Holder.invokeStaticInit(java.lang.Object, java.lang.Object)'> (0x00000000893279f0) 
thrown [s\src\hotspot\share\interpreter\linkResolver.cpp, line 773]
Event: 1.651 Thread 0x000001b5534a0da0 Exception <a 'java/lang/NoSuchMethodError'{0x00000000892fedf0}: 'int java.lang.invoke.DirectMethodHandle$Holder.invokeVirtual(java.lang.Object, java.lang.Object, java.lang.Object)'> (0x00000000892fedf0) 
thrown [s\src\hotspot\share\interpreter\linkResolver.cpp, line 773]
Event: 1.721 Thread 0x000001b5534a0da0 Exception <a 'java/lang/NoSuchMethodError'{0x00000000890d7c88}: 'void java.lang.invoke.Invokers$Holder.invokeExact_MT(java.lang.Object, int, java.lang.Object)'> (0x00000000890d7c88) 
thrown [s\src\hotspot\share\interpreter\linkResolver.cpp, line 773]
Event: 1.823 Thread 0x000001b5534a0da0 Exception <a 'java/lang/NoSuchMethodError'{0x0000000088da1460}: 'void java.lang.invoke.DirectMethodHandle$Holder.invokeVirtual(java.lang.Object, java.lang.Object)'> (0x0000000088da1460) 
thrown [s\src\hotspot\share\interpreter\linkResolver.cpp, line 773]
Event: 1.938 Thread 0x000001b5534a0da0 Exception <a 'java/lang/NoSuchMethodError'{0x0000000088a4a7e8}: 'long java.lang.invoke.DirectMethodHandle$Holder.invokeStatic(java.lang.Object, java.lang.Object, int)'> (0x0000000088a4a7e8) 
thrown [s\src\hotspot\share\interpreter\linkResolver.cpp, line 773]
Event: 1.939 Thread 0x000001b5534a0da0 Exception <a 'java/lang/NoSuchMethodError'{0x0000000088a55a80}: 'java.lang.Object java.lang.invoke.DelegatingMethodHandle$Holder.reinvoke_L(java.lang.Object, int, long, java.lang.Object, java.lang.Object, int, java.lang.Object)'> (0x0000000088a55a80) 
thrown [s\src\hotspot\share\interpreter\linkResolver.cpp, line 773]
Event: 1.944 Thread 0x000001b5534a0da0 Exception <a 'java/lang/NoSuchMethodError'{0x0000000088a7fa38}: 'java.lang.Object java.lang.invoke.DirectMethodHandle$Holder.invokeStatic(java.lang.Object, java.lang.Object, int)'> (0x0000000088a7fa38) 
thrown [s\src\hotspot\share\interpreter\linkResolver.cpp, line 773]
Event: 1.945 Thread 0x000001b5534a0da0 Exception <a 'java/lang/NoSuchMethodError'{0x0000000088a8a950}: 'void java.lang.invoke.DelegatingMethodHandle$Holder.delegate(java.lang.Object, java.lang.Object, int, java.lang.Object)'> (0x0000000088a8a950) 
thrown [s\src\hotspot\share\interpreter\linkResolver.cpp, line 773]
Event: 1.962 Thread 0x000001b5534a0da0 Exception <a 'java/lang/NoSuchMethodError'{0x0000000088913858}: 'java.lang.Object java.lang.invoke.DirectMethodHandle$Holder.invokeStatic(java.lang.Object, java.lang.Object, long, long)'> (0x0000000088913858) 
thrown [s\src\hotspot\share\interpreter\linkResolver.cpp, line 773]
Event: 2.059 Thread 0x000001b5534a0da0 Exception <a 'java/lang/NoSuchMethodError'{0x000000008893fb78}: 'java.lang.Object java.lang.invoke.DirectMethodHandle$Holder.invokeStatic(java.lang.Object, java.lang.Object, java.lang.Object, long, java.lang.Object)'> (0x000000008893fb78) 
thrown [s\src\hotspot\share\interpreter\linkResolver.cpp, line 773]
Event: 2.060 Thread 0x000001b5534a0da0 Exception <a 'java/lang/NoSuchMethodError'{0x0000000088947108}: 'java.lang.Object java.lang.invoke.DirectMethodHandle$Holder.newInvokeSpecial(java.lang.Object, java.lang.Object, java.lang.Object, long)'> (0x0000000088947108) 
thrown [s\src\hotspot\share\interpreter\linkResolver.cpp, line 773]
Event: 2.464 Thread 0x000001b5534a0da0 Implicit null exception at 0x000001b5604f1867 to 0x000001b5604f1c70
Event: 2.535 Thread 0x000001b5534a0da0 Implicit null exception at 0x000001b560501cd2 to 0x000001b56050243c
Event: 3.400 Thread 0x000001b5534a0da0 Exception <a 'java/lang/NoSuchMethodError'{0x00000000896e0b18}: 'java.lang.Object java.lang.invoke.DirectMethodHandle$Holder.newInvokeSpecial(java.lang.Object, java.lang.Object, java.lang.Object, java.lang.Object, java.lang.Object, java.lang.Object, java.lang.Object)'> (0x00000000896e0b18) 
thrown [s\src\hotspot\share\interpreter\linkResolver.cpp, line 773]

ZGC Phase Switch (0 events):
No events

VM Operations (20 events):
Event: 1.353 Executing safepoint VM operation: G1CollectForAllocation (G1 Evacuation Pause)
Event: 1.357 Executing safepoint VM operation: G1CollectForAllocation (G1 Evacuation Pause) done
Event: 1.771 Executing non-safepoint VM operation: HandshakeAllThreads (Deoptimize)
Event: 1.771 Executing non-safepoint VM operation: HandshakeAllThreads (Deoptimize) done
Event: 1.771 Executing non-safepoint VM operation: HandshakeAllThreads (Deoptimize)
Event: 1.771 Executing non-safepoint VM operation: HandshakeAllThreads (Deoptimize) done
Event: 1.884 Executing non-safepoint VM operation: HandshakeAllThreads (Deoptimize)
Event: 1.884 Executing non-safepoint VM operation: HandshakeAllThreads (Deoptimize) done
Event: 1.888 Executing non-safepoint VM operation: HandshakeAllThreads (Deoptimize)
Event: 1.888 Executing non-safepoint VM operation: HandshakeAllThreads (Deoptimize) done
Event: 1.944 Executing non-safepoint VM operation: HandshakeAllThreads (Deoptimize)
Event: 1.944 Executing non-safepoint VM operation: HandshakeAllThreads (Deoptimize) done
Event: 2.958 Executing safepoint VM operation: Cleanup
Event: 2.958 Executing safepoint VM operation: Cleanup done
Event: 3.184 Executing non-safepoint VM operation: HandshakeAllThreads (Deoptimize)
Event: 3.184 Executing non-safepoint VM operation: HandshakeAllThreads (Deoptimize) done
Event: 3.184 Executing non-safepoint VM operation: HandshakeAllThreads (Deoptimize)
Event: 3.184 Executing non-safepoint VM operation: HandshakeAllThreads (Deoptimize) done
Event: 3.272 Executing safepoint VM operation: G1CollectForAllocation (G1 Evacuation Pause)
Event: 3.312 Executing safepoint VM operation: G1CollectForAllocation (G1 Evacuation Pause) done

Memory protections (0 events):
No events

Nmethod flushes (0 events):
No events

Events (15 events):
Event: 0.034 Thread 0x000001b5534a0da0 Thread added: 0x000001b5534a0da0
Event: 0.053 Thread 0x000001b5534a0da0 Thread added: 0x000001b56c611840
Event: 0.053 Thread 0x000001b5534a0da0 Thread added: 0x000001b56c612f20
Event: 0.054 Thread 0x000001b5534a0da0 Thread added: 0x000001b56c618890
Event: 0.054 Thread 0x000001b5534a0da0 Thread added: 0x000001b56c6192f0
Event: 0.054 Thread 0x000001b5534a0da0 Thread added: 0x000001b56c619d50
Event: 0.054 Thread 0x000001b5534a0da0 Thread added: 0x000001b56c61a7b0
Event: 0.054 Thread 0x000001b5534a0da0 Thread added: 0x000001b56c61b540
Event: 0.058 Thread 0x000001b5534a0da0 Thread added: 0x000001b56c67ca30
Event: 0.081 Thread 0x000001b5534a0da0 Thread added: 0x000001b56c760570
Event: 0.084 Thread 0x000001b5534a0da0 Thread added: 0x000001b56c761db0
Event: 0.155 Thread 0x000001b56c61b540 Thread added: 0x000001b56c815720
Event: 0.727 Thread 0x000001b56c815720 Thread exited: 0x000001b56c815720
Event: 2.076 Thread 0x000001b56c67ca30 Thread added: 0x000001b5719143b0
Event: 3.654 Thread 0x000001b5719143b0 Thread exited: 0x000001b5719143b0


Dynamic libraries:
0x00007ff7f9750000 - 0x00007ff7f975e000 	C:\Users\umer\.antigravity\extensions\redhat.java-1.53.0-win32-x64\jre\21.0.10-win32-x86_64\bin\java.exe
0x00007ffffe6b0000 - 0x00007ffffe8a8000 	C:\Windows\SYSTEM32\ntdll.dll
0x00007ffffe5a0000 - 0x00007ffffe662000 	C:\Windows\System32\KERNEL32.DLL
0x00007ffffc030000 - 0x00007ffffc326000 	C:\Windows\System32\KERNELBASE.dll
0x00007ffffc330000 - 0x00007ffffc430000 	C:\Windows\System32\ucrtbase.dll
0x00007fffe0d80000 - 0x00007fffe0d98000 	C:\Users\umer\.antigravity\extensions\redhat.java-1.53.0-win32-x64\jre\21.0.10-win32-x86_64\bin\jli.dll
0x00007ffffc830000 - 0x00007ffffc9d1000 	C:\Windows\System32\USER32.dll
0x00007ffffbd40000 - 0x00007ffffbd62000 	C:\Windows\System32\win32u.dll
0x00007ffffcb80000 - 0x00007ffffcbab000 	C:\Windows\System32\GDI32.dll
0x00007ffffbf10000 - 0x00007ffffc029000 	C:\Windows\System32\gdi32full.dll
0x00007ffffbe70000 - 0x00007ffffbf0d000 	C:\Windows\System32\msvcp_win.dll
0x00007ffff7070000 - 0x00007ffff708e000 	C:\Users\umer\.antigravity\extensions\redhat.java-1.53.0-win32-x64\jre\21.0.10-win32-x86_64\bin\VCRUNTIME140.dll
0x00007fffefe20000 - 0x00007ffff00bb000 	C:\Windows\WinSxS\amd64_microsoft.windows.common-controls_6595b64144ccf1df_6.0.19041.6456_none_60b8a6cb71f64256\COMCTL32.dll
0x00007ffffd740000 - 0x00007ffffd7de000 	C:\Windows\System32\msvcrt.dll
0x00007ffffd7e0000 - 0x00007ffffd80f000 	C:\Windows\System32\IMM32.DLL
0x00007ffff70b0000 - 0x00007ffff70bc000 	C:\Users\umer\.antigravity\extensions\redhat.java-1.53.0-win32-x64\jre\21.0.10-win32-x86_64\bin\vcruntime140_1.dll
0x00007fffe0200000 - 0x00007fffe028d000 	C:\Users\umer\.antigravity\extensions\redhat.java-1.53.0-win32-x64\jre\21.0.10-win32-x86_64\bin\msvcp140.dll
0x00007fffa8030000 - 0x00007fffa8dd1000 	C:\Users\umer\.antigravity\extensions\redhat.java-1.53.0-win32-x64\jre\21.0.10-win32-x86_64\bin\server\jvm.dll
0x00007ffffc9f0000 - 0x00007ffffcaa1000 	C:\Windows\System32\ADVAPI32.dll
0x00007ffffcbb0000 - 0x00007ffffcc4f000 	C:\Windows\System32\sechost.dll
0x00007ffffd060000 - 0x00007ffffd180000 	C:\Windows\System32\RPCRT4.dll
0x00007ffffc430000 - 0x00007ffffc457000 	C:\Windows\System32\bcrypt.dll
0x00007ffffcab0000 - 0x00007ffffcb1b000 	C:\Windows\System32\WS2_32.dll
0x00007ffffbba0000 - 0x00007ffffbbeb000 	C:\Windows\SYSTEM32\POWRPROF.dll
0x00007ffff0150000 - 0x00007ffff0177000 	C:\Windows\SYSTEM32\WINMM.dll
0x00007ffff0430000 - 0x00007ffff043a000 	C:\Windows\SYSTEM32\VERSION.dll
0x00007ffffbb80000 - 0x00007ffffbb92000 	C:\Windows\SYSTEM32\UMPDC.dll
0x00007ffff9b90000 - 0x00007ffff9ba2000 	C:\Windows\SYSTEM32\kernel.appcore.dll
0x00007ffff70a0000 - 0x00007ffff70aa000 	C:\Users\umer\.antigravity\extensions\redhat.java-1.53.0-win32-x64\jre\21.0.10-win32-x86_64\bin\jimage.dll
0x00007ffff01d0000 - 0x00007ffff03d1000 	C:\Windows\SYSTEM32\DBGHELP.DLL
0x00007fffec8f0000 - 0x00007fffec924000 	C:\Windows\SYSTEM32\dbgcore.DLL
0x00007ffffc5c0000 - 0x00007ffffc642000 	C:\Windows\System32\bcryptPrimitives.dll
0x00007fffe1150000 - 0x00007fffe1170000 	C:\Users\umer\.antigravity\extensions\redhat.java-1.53.0-win32-x64\jre\21.0.10-win32-x86_64\bin\java.dll
0x00007ffffd870000 - 0x00007ffffdfe0000 	C:\Windows\System32\SHELL32.dll
0x00007ffff9d90000 - 0x00007ffffa535000 	C:\Windows\SYSTEM32\windows.storage.dll
0x00007ffffcd00000 - 0x00007ffffd054000 	C:\Windows\System32\combase.dll
0x00007ffffb5b0000 - 0x00007ffffb5db000 	C:\Windows\SYSTEM32\Wldp.dll
0x00007ffffc760000 - 0x00007ffffc82d000 	C:\Windows\System32\OLEAUT32.dll
0x00007ffffd570000 - 0x00007ffffd61d000 	C:\Windows\System32\SHCORE.dll
0x00007ffffdfe0000 - 0x00007ffffe03b000 	C:\Windows\System32\shlwapi.dll
0x00007ffffbc70000 - 0x00007ffffbc94000 	C:\Windows\SYSTEM32\profapi.dll
0x00007fffe1540000 - 0x00007fffe1550000 	C:\Users\umer\.antigravity\extensions\redhat.java-1.53.0-win32-x64\jre\21.0.10-win32-x86_64\bin\net.dll
0x00007ffff6f10000 - 0x00007ffff701a000 	C:\Windows\SYSTEM32\WINHTTP.dll
0x00007ffffb390000 - 0x00007ffffb3fa000 	C:\Windows\system32\mswsock.dll
0x00007fffe0dc0000 - 0x00007fffe0dd6000 	C:\Users\umer\.antigravity\extensions\redhat.java-1.53.0-win32-x64\jre\21.0.10-win32-x86_64\bin\nio.dll
0x00007fffe1130000 - 0x00007fffe1148000 	C:\Users\umer\.antigravity\extensions\redhat.java-1.53.0-win32-x64\jre\21.0.10-win32-x86_64\bin\zip.dll
0x00007fffeca30000 - 0x00007fffeca40000 	C:\Users\umer\.antigravity\extensions\redhat.java-1.53.0-win32-x64\jre\21.0.10-win32-x86_64\bin\verify.dll

JVMTI agents: none

dbghelp: loaded successfully - version: 4.0.5 - missing functions: none
symbol engine: initialized successfully - sym options: 0x614 - pdb path: .;C:\Users\umer\.antigravity\extensions\redhat.java-1.53.0-win32-x64\jre\21.0.10-win32-x86_64\bin;C:\Windows\SYSTEM32;C:\Windows\WinSxS\amd64_microsoft.windows.common-controls_6595b64144ccf1df_6.0.19041.6456_none_60b8a6cb71f64256;C:\Users\umer\.antigravity\extensions\redhat.java-1.53.0-win32-x64\jre\21.0.10-win32-x86_64\bin\server

VM Arguments:
java_command: org.jetbrains.kotlin.cli.jvm.K2JVMCompiler @F:\Learnova\node_modules\expo-modules-core\expo-module-gradle-plugin\build\20260422_6311605846296285940.compiler.options
java_class_path (initial): C:\Users\umer\.gradle\caches\modules-2\files-2.1\org.jetbrains.kotlin\kotlin-compiler-embeddable\2.1.20\4ef56b3316798316bfac7a0ae443391c9e900ea1\kotlin-compiler-embeddable-2.1.20.jar;C:\Users\umer\.gradle\caches\modules-2\files-2.1\org.jetbrains.kotlin\kotlin-stdlib\2.1.20\aa8ca79cd50578314f6d1180c47cbe14c0fee567\kotlin-stdlib-2.1.20.jar;C:\Users\umer\.gradle\caches\modules-2\files-2.1\org.jetbrains.kotlin\kotlin-script-runtime\2.1.20\f7c623d7f7bdb01f5ccd6b437bc0a937fcd7c57e\kotlin-script-runtime-2.1.20.jar;C:\Users\umer\.gradle\caches\modules-2\files-2.1\org.jetbrains.kotlin\kotlin-reflect\1.6.10\1cbe9c92c12a94eea200d23c2bbaedaf3daf5132\kotlin-reflect-1.6.10.jar;C:\Users\umer\.gradle\caches\modules-2\files-2.1\org.jetbrains.kotlin\kotlin-daemon-embeddable\2.1.20\95670fce77befd02a70a0bc3abe8ee4533521334\kotlin-daemon-embeddable-2.1.20.jar;C:\Users\umer\.gradle\caches\modules-2\files-2.1\org.jetbrains.intellij.deps\trove4j\1.0.20200330\3afb14d5f9ceb459d724e907a21145e8ff394f02\trove4j-1.0.20200330.jar;C:\Users\umer\.gradle\caches\modules-2\files-2.1\org.jetbrains.kotlinx\kotlinx-coroutines-core-jvm\1.8.0\ac1dc37a30a93150b704022f8d895ee1bd3a36b3\kotlinx-coroutines-core-jvm-1.8.0.jar;C:\Users\umer\.gradle\caches\modules-2\files-2.1\org.jetbrains\annotations\13.0\919f0dfe192fb4e063e7dacadee7f8bb9a2672a9\annotations-13.0.jar
Launcher Type: SUN_STANDARD

[Global flags]
     intx CICompilerCount                          = 3                                         {product} {ergonomic}
     uint ConcGCThreads                            = 1                                         {product} {ergonomic}
     uint G1ConcRefinementThreads                  = 4                                         {product} {ergonomic}
   size_t G1HeapRegionSize                         = 1048576                                   {product} {ergonomic}
    uintx GCDrainStackTargetSize                   = 64                                        {product} {ergonomic}
   size_t InitialHeapSize                          = 134217728                                 {product} {ergonomic}
   size_t MarkStackSize                            = 4194304                                   {product} {ergonomic}
   size_t MaxHeapSize                              = 2120220672                                {product} {ergonomic}
   size_t MaxNewSize                               = 1271922688                                {product} {ergonomic}
   size_t MinHeapDeltaBytes                        = 1048576                                   {product} {ergonomic}
   size_t MinHeapSize                              = 8388608                                   {product} {ergonomic}
    uintx NonNMethodCodeHeapSize                   = 5832780                                {pd product} {ergonomic}
    uintx NonProfiledCodeHeapSize                  = 122912730                              {pd product} {ergonomic}
    uintx ProfiledCodeHeapSize                     = 122912730                              {pd product} {ergonomic}
    uintx ReservedCodeCacheSize                    = 251658240                              {pd product} {ergonomic}
     bool SegmentedCodeCache                       = true                                      {product} {ergonomic}
   size_t SoftMaxHeapSize                          = 2120220672                             {manageable} {ergonomic}
     bool UseCompressedOops                        = true                           {product lp64_product} {ergonomic}
     bool UseG1GC                                  = true                                      {product} {ergonomic}
     bool UseLargePagesIndividualAllocation        = false                                  {pd product} {ergonomic}

Logging:
Log output configuration:
 #0: stdout all=warning uptime,level,tags foldmultilines=false
 #1: stderr all=off uptime,level,tags foldmultilines=false

Release file:
JAVA_VERSION="21.0.10" 
MODULES="java.base java.compiler java.datatransfer java.xml java.prefs java.desktop java.instrument java.logging java.management java.security.sasl java.naming java.rmi java.management.rmi java.net.http java.scripting java.security.jgss java.transaction.xa java.sql java.sql.rowset java.xml.crypto java.se java.smartcardio jdk.accessibility jdk.internal.jvmstat jdk.attach jdk.charsets jdk.internal.opt jdk.zipfs jdk.compiler jdk.crypto.ec jdk.crypto.cryptoki jdk.crypto.mscapi jdk.dynalink jdk.internal.ed jdk.editpad jdk.hotspot.agent jdk.httpserver jdk.internal.le jdk.internal.vm.ci jdk.internal.vm.compiler jdk.internal.vm.compiler.management jdk.jartool jdk.javadoc jdk.jcmd jdk.management jdk.management.agent jdk.jconsole jdk.jdeps jdk.jdwp.agent jdk.jdi jdk.jfr jdk.jshell jdk.jsobject jdk.jstatd jdk.localedata jdk.management.jfr jdk.naming.dns jdk.naming.rmi jdk.net jdk.nio.mapmode jdk.random jdk.sctp jdk.security.auth jdk.security.jgss jdk.unsupported jdk.unsupported.desktop jdk.xml.dom" 

Environment Variables:
JAVA_HOME=C:\Program Files\Eclipse Adoptium\jdk-17.0.17.10-hotspot
PATH=C:\Program Files\Eclipse Adoptium\jdk-17.0.17.10-hotspot\bin;C:\Program Files\Common Files\Oracle\Java\javapath;C:\Python313\Scripts\;C:\Python313\;C:\Windows\system32;C:\Windows;C:\Windows\System32\Wbem;C:\Windows\System32\WindowsPowerShell\v1.0\;C:\Windows\System32\OpenSSH\;C:\Program Files\nodejs\;C:\ProgramData\chocolatey\bin;C:\Program Files\Git\cmd;C:\Users\umer\AppData\Local\Android\Sdk\platform-tools;C:\Users\umer\AppData\Local\Android\Sdk\tools;C:\Users\umer\AppData\Local\Android\Sdk\cmdline-tools\tools\bin;C:\Program Files\Eclipse Adoptium\jdk-17.0.17.10-hotspot\bin;C:\flutter\bin;C:\Users\umer\AppData\Local\Microsoft\WindowsApps;C:\Users\umer\AppData\Roaming\npm;C:\Users\umer\bin;C:\Users\umer\bin;C:\Users\umer\AppData\Local\Programs\Microsoft VS Code\bin;C:\Users\umer\AppData\Local\Programs\Antigravity\bin
USERNAME=umer
OS=Windows_NT
PROCESSOR_IDENTIFIER=Intel64 Family 6 Model 60 Stepping 3, GenuineIntel
TMP=C:\Users\umer\AppData\Local\Temp
TEMP=C:\Users\umer\AppData\Local\Temp




Periodic native trim disabled

---------------  S Y S T E M  ---------------

OS:
 Windows 10 , 64 bit Build 19041 (10.0.19041.5915)
OS uptime: 0 days 2:24 hours
Hyper-V role detected

CPU: total 4 (initial active 4) (4 cores per cpu, 1 threads per core) family 6 model 60 stepping 3 microcode 0x27, cx8, cmov, fxsr, mmx, sse, sse2, sse3, ssse3, sse4.1, sse4.2, popcnt, lzcnt, tsc, tscinvbit, avx, avx2, aes, erms, clmul, bmi1, bmi2, fma, vzeroupper, clflush, hv, rdtscp, f16c
Processor Information for the first 4 processors :
  Max Mhz: 3201, Current Mhz: 3201, Mhz Limit: 3201

Memory: 4k page, system-wide physical 8082M (443M free)
TotalPageFile size 15038M (AvailPageFile size 3M)
current process WorkingSet (physical memory assigned to process): 192M, peak: 192M
current process commit charge ("private bytes"): 249M, peak: 250M

vm_info: OpenJDK 64-Bit Server VM (21.0.10+7-LTS) for windows-amd64 JRE (21.0.10+7-LTS), built on 2026-01-20T00:00:00Z by "admin" with MS VC++ 17.12 (VS2022)

END.
