#
# There is insufficient memory for the Java Runtime Environment to continue.
# Native memory allocation (malloc) failed to allocate 1706576 bytes. Error detail: Chunk::new
# Possible reasons:
#   The system is out of physical RAM or swap space
#   This process is running with CompressedOops enabled, and the Java Heap may be blocking the growth of the native heap
# Possible solutions:
#   Reduce memory load on the system
#   Increase physical memory or swap space
#   Check if swap backing store is full
#   Decrease Java heap size (-Xmx/-Xms)
#   Decrease number of Java threads
#   Decrease Java thread stack sizes (-Xss)
#   Set larger code cache with -XX:ReservedCodeCacheSize=
#   JVM is running with Unscaled Compressed Oops mode in which the Java heap is
#     placed in the first 4GB address space. The Java Heap base address is the
#     maximum limit for the native heap growth. Please use -XX:HeapBaseMinAddress
#     to set the Java Heap base and to place the Java Heap above 4GB virtual address.
# This output file may be truncated or incomplete.
#
#  Out of Memory Error (arena.cpp:168), pid=2956, tid=10736
#
# JRE version: OpenJDK Runtime Environment Temurin-21.0.10+7 (21.0.10+7) (build 21.0.10+7-LTS)
# Java VM: OpenJDK 64-Bit Server VM Temurin-21.0.10+7 (21.0.10+7-LTS, mixed mode, sharing, tiered, compressed oops, compressed class ptrs, g1 gc, windows-amd64)
# No core dump will be written. Minidumps are not enabled by default on client versions of Windows
#

---------------  S U M M A R Y ------------

Command Line: org.jetbrains.kotlin.cli.jvm.K2JVMCompiler @F:\Learnova\node_modules\expo-modules-autolinking\android\expo-gradle-plugin\expo-autolinking-plugin\build\20260422_9712410944359931820.compiler.options

Host: Intel(R) Core(TM) i5-4570 CPU @ 3.20GHz, 4 cores, 7G,  Windows 10 , 64 bit Build 19041 (10.0.19041.5915)
Time: Wed Apr 22 18:29:51 2026 Pakistan Standard Time elapsed time: 3.791668 seconds (0d 0h 0m 3s)

---------------  T H R E A D  ---------------

Current thread (0x0000024fec35a6f0):  JavaThread "C2 CompilerThread0" daemon [_thread_in_native, id=10736, stack(0x0000008289b00000,0x0000008289c00000) (1024K)]


Current CompileTask:
C2:3791 1864   !   4       jdk.internal.loader.BuiltinClassLoader::loadClassOrNull (143 bytes)

Stack: [0x0000008289b00000,0x0000008289c00000]
Native frames: (J=compiled Java code, j=interpreted, Vv=VM code, C=native code)
V  [jvm.dll+0x6d7a39]
V  [jvm.dll+0x8b4b26]
V  [jvm.dll+0x8b70de]
V  [jvm.dll+0x8b77c3]
V  [jvm.dll+0x284346]
V  [jvm.dll+0xc66ed]
V  [jvm.dll+0xc6c31]
V  [jvm.dll+0x3bec01]
V  [jvm.dll+0x38b162]
V  [jvm.dll+0x38a5aa]
V  [jvm.dll+0x24c560]
V  [jvm.dll+0x24bb40]
V  [jvm.dll+0x1cb34e]
V  [jvm.dll+0x25b85d]
V  [jvm.dll+0x259dea]
V  [jvm.dll+0x3f857e]
V  [jvm.dll+0x85f59d]
V  [jvm.dll+0x6d626d]
C  [ucrtbase.dll+0x21bb2]
C  [KERNEL32.DLL+0x17374]
C  [ntdll.dll+0x4cc91]


---------------  P R O C E S S  ---------------

Threads class SMR info:
_java_thread_list=0x0000024ff17fb820, length=11, elements={
0x0000024fd32407f0, 0x0000024fec350b30, 0x0000024fec351c00, 0x0000024fec353a20,
0x0000024fec356490, 0x0000024fec358f00, 0x0000024fec359960, 0x0000024fec35a6f0,
0x0000024fec35da10, 0x0000024fec49de70, 0x0000024fec4a4900
}

Java Threads: ( => current thread )
  0x0000024fd32407f0 JavaThread "main"                              [_thread_in_native, id=916, stack(0x0000008288d00000,0x0000008288e00000) (1024K)]
  0x0000024fec350b30 JavaThread "Reference Handler"          daemon [_thread_blocked, id=1512, stack(0x0000008289500000,0x0000008289600000) (1024K)]
  0x0000024fec351c00 JavaThread "Finalizer"                  daemon [_thread_blocked, id=2512, stack(0x0000008289600000,0x0000008289700000) (1024K)]
  0x0000024fec353a20 JavaThread "Signal Dispatcher"          daemon [_thread_blocked, id=10516, stack(0x0000008289700000,0x0000008289800000) (1024K)]
  0x0000024fec356490 JavaThread "Attach Listener"            daemon [_thread_blocked, id=6560, stack(0x0000008289800000,0x0000008289900000) (1024K)]
  0x0000024fec358f00 JavaThread "Service Thread"             daemon [_thread_blocked, id=1500, stack(0x0000008289900000,0x0000008289a00000) (1024K)]
  0x0000024fec359960 JavaThread "Monitor Deflation Thread"   daemon [_thread_blocked, id=10688, stack(0x0000008289a00000,0x0000008289b00000) (1024K)]
=>0x0000024fec35a6f0 JavaThread "C2 CompilerThread0"         daemon [_thread_in_native, id=10736, stack(0x0000008289b00000,0x0000008289c00000) (1024K)]
  0x0000024fec35da10 JavaThread "C1 CompilerThread0"         daemon [_thread_blocked, id=988, stack(0x0000008289c00000,0x0000008289d00000) (1024K)]
  0x0000024fec49de70 JavaThread "Notification Thread"        daemon [_thread_blocked, id=2056, stack(0x0000008289d00000,0x0000008289e00000) (1024K)]
  0x0000024fec4a4900 JavaThread "Common-Cleaner"             daemon [_thread_blocked, id=6604, stack(0x0000008289e00000,0x0000008289f00000) (1024K)]
Total: 11

Other Threads:
  0x0000024fec330760 VMThread "VM Thread"                           [id=10644, stack(0x0000008289400000,0x0000008289500000) (1024K)]
  0x0000024fec321950 WatcherThread "VM Periodic Task Thread"        [id=12172, stack(0x0000008289300000,0x0000008289400000) (1024K)]
  0x0000024fd5532c40 WorkerThread "GC Thread#0"                     [id=4016, stack(0x0000008288e00000,0x0000008288f00000) (1024K)]
  0x0000024fec908520 WorkerThread "GC Thread#1"                     [id=4744, stack(0x000000828a000000,0x000000828a100000) (1024K)]
  0x0000024fec9088d0 WorkerThread "GC Thread#2"                     [id=8376, stack(0x000000828a100000,0x000000828a200000) (1024K)]
  0x0000024fec912360 WorkerThread "GC Thread#3"                     [id=5452, stack(0x000000828a200000,0x000000828a300000) (1024K)]
  0x0000024fd55438f0 ConcurrentGCThread "G1 Main Marker"            [id=2672, stack(0x0000008288f00000,0x0000008289000000) (1024K)]
  0x0000024fd5544400 WorkerThread "G1 Conc#0"                       [id=9124, stack(0x0000008289000000,0x0000008289100000) (1024K)]
  0x0000024fec1e2270 ConcurrentGCThread "G1 Refine#0"               [id=10224, stack(0x0000008289100000,0x0000008289200000) (1024K)]
  0x0000024fd55a9a10 ConcurrentGCThread "G1 Service"                [id=5868, stack(0x0000008289200000,0x0000008289300000) (1024K)]
Total: 10

Threads with active compile tasks:
C2 CompilerThread0  3800 1864   !   4       jdk.internal.loader.BuiltinClassLoader::loadClassOrNull (143 bytes)
Total: 1

VM state: not at safepoint (normal execution)

VM Mutex/Monitor currently owned by a thread: None

Heap address: 0x0000000081a00000, size: 2022 MB, Compressed Oops mode: 32-bit

CDS archive(s) mapped at: [0x0000024f80000000-0x0000024f80ba0000-0x0000024f80ba0000), size 12189696, SharedBaseAddress: 0x0000024f80000000, ArchiveRelocationMode: 1.
Compressed class space mapped at: 0x0000024f81000000-0x0000024fc1000000, reserved size: 1073741824
Narrow klass base: 0x0000024f80000000, Narrow klass shift: 0, Narrow klass range: 0x100000000

GC Precious Log:
 CardTable entry size: 512
 Card Set container configuration: InlinePtr #cards 5 size 8 Array Of Cards #cards 12 size 40 Howl #buckets 4 coarsen threshold 1843 Howl Bitmap #cards 512 size 80 coarsen threshold 460 Card regions per heap region 1 cards per card region 2048
 CPUs: 4 total, 4 available
 Memory: 8082M
 Large Page Support: Disabled
 NUMA Support: Disabled
 Compressed Oops: Enabled (32-bit)
 Heap Region Size: 1M
 Heap Min Capacity: 8M
 Heap Initial Capacity: 128M
 Heap Max Capacity: 2022M
 Pre-touch: Disabled
 Parallel Workers: 4
 Concurrent Workers: 1
 Concurrent Refinement Workers: 4
 Periodic GC: Disabled

Heap:
 garbage-first heap   total 131072K, used 39405K [0x0000000081a00000, 0x0000000100000000)
  region size 1024K, 21 young (21504K), 10 survivors (10240K)
 Metaspace       used 19624K, committed 19904K, reserved 1114112K
  class space    used 2118K, committed 2240K, reserved 1048576K

Heap Regions: E=young(eden), S=young(survivor), O=old, HS=humongous(starts), HC=humongous(continues), CS=collection set, F=free, TAMS=top-at-mark-start, PB=parsable bottom
|   0|0x0000000081a00000, 0x0000000081b00000, 0x0000000081b00000|100%|HS|  |TAMS 0x0000000081a00000| PB 0x0000000081a00000| Complete 
|   1|0x0000000081b00000, 0x0000000081c00000, 0x0000000081c00000|100%|HC|  |TAMS 0x0000000081b00000| PB 0x0000000081b00000| Complete 
|   2|0x0000000081c00000, 0x0000000081d00000, 0x0000000081d00000|100%|HC|  |TAMS 0x0000000081c00000| PB 0x0000000081c00000| Complete 
|   3|0x0000000081d00000, 0x0000000081e00000, 0x0000000081e00000|100%| O|  |TAMS 0x0000000081d00000| PB 0x0000000081d00000| Untracked 
|   4|0x0000000081e00000, 0x0000000081f00000, 0x0000000081f00000|100%| O|  |TAMS 0x0000000081e00000| PB 0x0000000081e00000| Untracked 
|   5|0x0000000081f00000, 0x0000000082000000, 0x0000000082000000|100%| O|  |TAMS 0x0000000081f00000| PB 0x0000000081f00000| Untracked 
|   6|0x0000000082000000, 0x0000000082100000, 0x0000000082100000|100%| O|  |TAMS 0x0000000082000000| PB 0x0000000082000000| Untracked 
|   7|0x0000000082100000, 0x0000000082200000, 0x0000000082200000|100%| O|  |TAMS 0x0000000082100000| PB 0x0000000082100000| Untracked 
|   8|0x0000000082200000, 0x0000000082300000, 0x0000000082300000|100%| O|  |TAMS 0x0000000082200000| PB 0x0000000082200000| Untracked 
|   9|0x0000000082300000, 0x0000000082400000, 0x0000000082400000|100%| O|  |TAMS 0x0000000082300000| PB 0x0000000082300000| Untracked 
|  10|0x0000000082400000, 0x0000000082500000, 0x0000000082500000|100%| O|  |TAMS 0x0000000082400000| PB 0x0000000082400000| Untracked 
|  11|0x0000000082500000, 0x0000000082600000, 0x0000000082600000|100%| O|  |TAMS 0x0000000082500000| PB 0x0000000082500000| Untracked 
|  12|0x0000000082600000, 0x0000000082700000, 0x0000000082700000|100%| O|  |TAMS 0x0000000082600000| PB 0x0000000082600000| Untracked 
|  13|0x0000000082700000, 0x0000000082800000, 0x0000000082800000|100%| O|  |TAMS 0x0000000082700000| PB 0x0000000082700000| Untracked 
|  14|0x0000000082800000, 0x0000000082900000, 0x0000000082900000|100%| O|  |TAMS 0x0000000082800000| PB 0x0000000082800000| Untracked 
|  15|0x0000000082900000, 0x0000000082a00000, 0x0000000082a00000|100%| O|  |TAMS 0x0000000082900000| PB 0x0000000082900000| Untracked 
|  16|0x0000000082a00000, 0x0000000082b00000, 0x0000000082b00000|100%| O|  |TAMS 0x0000000082a00000| PB 0x0000000082a00000| Untracked 
|  17|0x0000000082b00000, 0x0000000082c00000, 0x0000000082c00000|100%| O|  |TAMS 0x0000000082b00000| PB 0x0000000082b00000| Untracked 
|  18|0x0000000082c00000, 0x0000000082c7b4c0, 0x0000000082d00000| 48%| O|  |TAMS 0x0000000082c00000| PB 0x0000000082c00000| Untracked 
|  19|0x0000000082d00000, 0x0000000082d00000, 0x0000000082e00000|  0%| F|  |TAMS 0x0000000082d00000| PB 0x0000000082d00000| Untracked 
|  20|0x0000000082e00000, 0x0000000082e00000, 0x0000000082f00000|  0%| F|  |TAMS 0x0000000082e00000| PB 0x0000000082e00000| Untracked 
|  21|0x0000000082f00000, 0x0000000082f00000, 0x0000000083000000|  0%| F|  |TAMS 0x0000000082f00000| PB 0x0000000082f00000| Untracked 
|  22|0x0000000083000000, 0x0000000083000000, 0x0000000083100000|  0%| F|  |TAMS 0x0000000083000000| PB 0x0000000083000000| Untracked 
|  23|0x0000000083100000, 0x0000000083100000, 0x0000000083200000|  0%| F|  |TAMS 0x0000000083100000| PB 0x0000000083100000| Untracked 
|  24|0x0000000083200000, 0x0000000083200000, 0x0000000083300000|  0%| F|  |TAMS 0x0000000083200000| PB 0x0000000083200000| Untracked 
|  25|0x0000000083300000, 0x0000000083300000, 0x0000000083400000|  0%| F|  |TAMS 0x0000000083300000| PB 0x0000000083300000| Untracked 
|  26|0x0000000083400000, 0x0000000083400000, 0x0000000083500000|  0%| F|  |TAMS 0x0000000083400000| PB 0x0000000083400000| Untracked 
|  27|0x0000000083500000, 0x0000000083500000, 0x0000000083600000|  0%| F|  |TAMS 0x0000000083500000| PB 0x0000000083500000| Untracked 
|  28|0x0000000083600000, 0x0000000083600000, 0x0000000083700000|  0%| F|  |TAMS 0x0000000083600000| PB 0x0000000083600000| Untracked 
|  29|0x0000000083700000, 0x0000000083700000, 0x0000000083800000|  0%| F|  |TAMS 0x0000000083700000| PB 0x0000000083700000| Untracked 
|  30|0x0000000083800000, 0x0000000083800000, 0x0000000083900000|  0%| F|  |TAMS 0x0000000083800000| PB 0x0000000083800000| Untracked 
|  31|0x0000000083900000, 0x0000000083900000, 0x0000000083a00000|  0%| F|  |TAMS 0x0000000083900000| PB 0x0000000083900000| Untracked 
|  32|0x0000000083a00000, 0x0000000083a00000, 0x0000000083b00000|  0%| F|  |TAMS 0x0000000083a00000| PB 0x0000000083a00000| Untracked 
|  33|0x0000000083b00000, 0x0000000083b00000, 0x0000000083c00000|  0%| F|  |TAMS 0x0000000083b00000| PB 0x0000000083b00000| Untracked 
|  34|0x0000000083c00000, 0x0000000083c00000, 0x0000000083d00000|  0%| F|  |TAMS 0x0000000083c00000| PB 0x0000000083c00000| Untracked 
|  35|0x0000000083d00000, 0x0000000083d00000, 0x0000000083e00000|  0%| F|  |TAMS 0x0000000083d00000| PB 0x0000000083d00000| Untracked 
|  36|0x0000000083e00000, 0x0000000083e00000, 0x0000000083f00000|  0%| F|  |TAMS 0x0000000083e00000| PB 0x0000000083e00000| Untracked 
|  37|0x0000000083f00000, 0x0000000083f00000, 0x0000000084000000|  0%| F|  |TAMS 0x0000000083f00000| PB 0x0000000083f00000| Untracked 
|  38|0x0000000084000000, 0x0000000084000000, 0x0000000084100000|  0%| F|  |TAMS 0x0000000084000000| PB 0x0000000084000000| Untracked 
|  39|0x0000000084100000, 0x0000000084100000, 0x0000000084200000|  0%| F|  |TAMS 0x0000000084100000| PB 0x0000000084100000| Untracked 
|  40|0x0000000084200000, 0x0000000084200000, 0x0000000084300000|  0%| F|  |TAMS 0x0000000084200000| PB 0x0000000084200000| Untracked 
|  41|0x0000000084300000, 0x0000000084300000, 0x0000000084400000|  0%| F|  |TAMS 0x0000000084300000| PB 0x0000000084300000| Untracked 
|  42|0x0000000084400000, 0x0000000084500000, 0x0000000084500000|100%| S|CS|TAMS 0x0000000084400000| PB 0x0000000084400000| Complete 
|  43|0x0000000084500000, 0x0000000084600000, 0x0000000084600000|100%| S|CS|TAMS 0x0000000084500000| PB 0x0000000084500000| Complete 
|  44|0x0000000084600000, 0x0000000084700000, 0x0000000084700000|100%| S|CS|TAMS 0x0000000084600000| PB 0x0000000084600000| Complete 
|  45|0x0000000084700000, 0x0000000084800000, 0x0000000084800000|100%| S|CS|TAMS 0x0000000084700000| PB 0x0000000084700000| Complete 
|  46|0x0000000084800000, 0x0000000084900000, 0x0000000084900000|100%| S|CS|TAMS 0x0000000084800000| PB 0x0000000084800000| Complete 
|  47|0x0000000084900000, 0x0000000084a00000, 0x0000000084a00000|100%| S|CS|TAMS 0x0000000084900000| PB 0x0000000084900000| Complete 
|  48|0x0000000084a00000, 0x0000000084b00000, 0x0000000084b00000|100%| S|CS|TAMS 0x0000000084a00000| PB 0x0000000084a00000| Complete 
|  49|0x0000000084b00000, 0x0000000084c00000, 0x0000000084c00000|100%| S|CS|TAMS 0x0000000084b00000| PB 0x0000000084b00000| Complete 
|  50|0x0000000084c00000, 0x0000000084d00000, 0x0000000084d00000|100%| S|CS|TAMS 0x0000000084c00000| PB 0x0000000084c00000| Complete 
|  51|0x0000000084d00000, 0x0000000084e00000, 0x0000000084e00000|100%| S|CS|TAMS 0x0000000084d00000| PB 0x0000000084d00000| Complete 
|  52|0x0000000084e00000, 0x0000000084e00000, 0x0000000084f00000|  0%| F|  |TAMS 0x0000000084e00000| PB 0x0000000084e00000| Untracked 
|  53|0x0000000084f00000, 0x0000000084f00000, 0x0000000085000000|  0%| F|  |TAMS 0x0000000084f00000| PB 0x0000000084f00000| Untracked 
|  54|0x0000000085000000, 0x0000000085000000, 0x0000000085100000|  0%| F|  |TAMS 0x0000000085000000| PB 0x0000000085000000| Untracked 
|  55|0x0000000085100000, 0x0000000085100000, 0x0000000085200000|  0%| F|  |TAMS 0x0000000085100000| PB 0x0000000085100000| Untracked 
|  56|0x0000000085200000, 0x0000000085200000, 0x0000000085300000|  0%| F|  |TAMS 0x0000000085200000| PB 0x0000000085200000| Untracked 
|  57|0x0000000085300000, 0x0000000085300000, 0x0000000085400000|  0%| F|  |TAMS 0x0000000085300000| PB 0x0000000085300000| Untracked 
|  58|0x0000000085400000, 0x0000000085400000, 0x0000000085500000|  0%| F|  |TAMS 0x0000000085400000| PB 0x0000000085400000| Untracked 
|  59|0x0000000085500000, 0x0000000085500000, 0x0000000085600000|  0%| F|  |TAMS 0x0000000085500000| PB 0x0000000085500000| Untracked 
|  60|0x0000000085600000, 0x0000000085600000, 0x0000000085700000|  0%| F|  |TAMS 0x0000000085600000| PB 0x0000000085600000| Untracked 
|  61|0x0000000085700000, 0x0000000085700000, 0x0000000085800000|  0%| F|  |TAMS 0x0000000085700000| PB 0x0000000085700000| Untracked 
|  62|0x0000000085800000, 0x0000000085800000, 0x0000000085900000|  0%| F|  |TAMS 0x0000000085800000| PB 0x0000000085800000| Untracked 
|  63|0x0000000085900000, 0x0000000085900000, 0x0000000085a00000|  0%| F|  |TAMS 0x0000000085900000| PB 0x0000000085900000| Untracked 
|  64|0x0000000085a00000, 0x0000000085a00000, 0x0000000085b00000|  0%| F|  |TAMS 0x0000000085a00000| PB 0x0000000085a00000| Untracked 
|  65|0x0000000085b00000, 0x0000000085b00000, 0x0000000085c00000|  0%| F|  |TAMS 0x0000000085b00000| PB 0x0000000085b00000| Untracked 
|  66|0x0000000085c00000, 0x0000000085c00000, 0x0000000085d00000|  0%| F|  |TAMS 0x0000000085c00000| PB 0x0000000085c00000| Untracked 
|  67|0x0000000085d00000, 0x0000000085d00000, 0x0000000085e00000|  0%| F|  |TAMS 0x0000000085d00000| PB 0x0000000085d00000| Untracked 
|  68|0x0000000085e00000, 0x0000000085e00000, 0x0000000085f00000|  0%| F|  |TAMS 0x0000000085e00000| PB 0x0000000085e00000| Untracked 
|  69|0x0000000085f00000, 0x0000000085f00000, 0x0000000086000000|  0%| F|  |TAMS 0x0000000085f00000| PB 0x0000000085f00000| Untracked 
|  70|0x0000000086000000, 0x0000000086000000, 0x0000000086100000|  0%| F|  |TAMS 0x0000000086000000| PB 0x0000000086000000| Untracked 
|  71|0x0000000086100000, 0x0000000086100000, 0x0000000086200000|  0%| F|  |TAMS 0x0000000086100000| PB 0x0000000086100000| Untracked 
|  72|0x0000000086200000, 0x0000000086200000, 0x0000000086300000|  0%| F|  |TAMS 0x0000000086200000| PB 0x0000000086200000| Untracked 
|  73|0x0000000086300000, 0x0000000086300000, 0x0000000086400000|  0%| F|  |TAMS 0x0000000086300000| PB 0x0000000086300000| Untracked 
|  74|0x0000000086400000, 0x0000000086400000, 0x0000000086500000|  0%| F|  |TAMS 0x0000000086400000| PB 0x0000000086400000| Untracked 
|  75|0x0000000086500000, 0x0000000086500000, 0x0000000086600000|  0%| F|  |TAMS 0x0000000086500000| PB 0x0000000086500000| Untracked 
|  76|0x0000000086600000, 0x0000000086600000, 0x0000000086700000|  0%| F|  |TAMS 0x0000000086600000| PB 0x0000000086600000| Untracked 
|  77|0x0000000086700000, 0x0000000086700000, 0x0000000086800000|  0%| F|  |TAMS 0x0000000086700000| PB 0x0000000086700000| Untracked 
|  78|0x0000000086800000, 0x0000000086800000, 0x0000000086900000|  0%| F|  |TAMS 0x0000000086800000| PB 0x0000000086800000| Untracked 
|  79|0x0000000086900000, 0x0000000086900000, 0x0000000086a00000|  0%| F|  |TAMS 0x0000000086900000| PB 0x0000000086900000| Untracked 
|  80|0x0000000086a00000, 0x0000000086a00000, 0x0000000086b00000|  0%| F|  |TAMS 0x0000000086a00000| PB 0x0000000086a00000| Untracked 
|  81|0x0000000086b00000, 0x0000000086b00000, 0x0000000086c00000|  0%| F|  |TAMS 0x0000000086b00000| PB 0x0000000086b00000| Untracked 
|  82|0x0000000086c00000, 0x0000000086c00000, 0x0000000086d00000|  0%| F|  |TAMS 0x0000000086c00000| PB 0x0000000086c00000| Untracked 
|  83|0x0000000086d00000, 0x0000000086d00000, 0x0000000086e00000|  0%| F|  |TAMS 0x0000000086d00000| PB 0x0000000086d00000| Untracked 
|  84|0x0000000086e00000, 0x0000000086e00000, 0x0000000086f00000|  0%| F|  |TAMS 0x0000000086e00000| PB 0x0000000086e00000| Untracked 
|  85|0x0000000086f00000, 0x0000000086f00000, 0x0000000087000000|  0%| F|  |TAMS 0x0000000086f00000| PB 0x0000000086f00000| Untracked 
|  86|0x0000000087000000, 0x0000000087000000, 0x0000000087100000|  0%| F|  |TAMS 0x0000000087000000| PB 0x0000000087000000| Untracked 
|  87|0x0000000087100000, 0x0000000087100000, 0x0000000087200000|  0%| F|  |TAMS 0x0000000087100000| PB 0x0000000087100000| Untracked 
|  88|0x0000000087200000, 0x0000000087200000, 0x0000000087300000|  0%| F|  |TAMS 0x0000000087200000| PB 0x0000000087200000| Untracked 
|  89|0x0000000087300000, 0x0000000087300000, 0x0000000087400000|  0%| F|  |TAMS 0x0000000087300000| PB 0x0000000087300000| Untracked 
|  90|0x0000000087400000, 0x0000000087400000, 0x0000000087500000|  0%| F|  |TAMS 0x0000000087400000| PB 0x0000000087400000| Untracked 
|  91|0x0000000087500000, 0x0000000087500000, 0x0000000087600000|  0%| F|  |TAMS 0x0000000087500000| PB 0x0000000087500000| Untracked 
|  92|0x0000000087600000, 0x0000000087600000, 0x0000000087700000|  0%| F|  |TAMS 0x0000000087600000| PB 0x0000000087600000| Untracked 
|  93|0x0000000087700000, 0x0000000087700000, 0x0000000087800000|  0%| F|  |TAMS 0x0000000087700000| PB 0x0000000087700000| Untracked 
|  94|0x0000000087800000, 0x0000000087800000, 0x0000000087900000|  0%| F|  |TAMS 0x0000000087800000| PB 0x0000000087800000| Untracked 
|  95|0x0000000087900000, 0x0000000087900000, 0x0000000087a00000|  0%| F|  |TAMS 0x0000000087900000| PB 0x0000000087900000| Untracked 
|  96|0x0000000087a00000, 0x0000000087a00000, 0x0000000087b00000|  0%| F|  |TAMS 0x0000000087a00000| PB 0x0000000087a00000| Untracked 
|  97|0x0000000087b00000, 0x0000000087b00000, 0x0000000087c00000|  0%| F|  |TAMS 0x0000000087b00000| PB 0x0000000087b00000| Untracked 
|  98|0x0000000087c00000, 0x0000000087c00000, 0x0000000087d00000|  0%| F|  |TAMS 0x0000000087c00000| PB 0x0000000087c00000| Untracked 
|  99|0x0000000087d00000, 0x0000000087d00000, 0x0000000087e00000|  0%| F|  |TAMS 0x0000000087d00000| PB 0x0000000087d00000| Untracked 
| 100|0x0000000087e00000, 0x0000000087e00000, 0x0000000087f00000|  0%| F|  |TAMS 0x0000000087e00000| PB 0x0000000087e00000| Untracked 
| 101|0x0000000087f00000, 0x0000000087f00000, 0x0000000088000000|  0%| F|  |TAMS 0x0000000087f00000| PB 0x0000000087f00000| Untracked 
| 102|0x0000000088000000, 0x0000000088000000, 0x0000000088100000|  0%| F|  |TAMS 0x0000000088000000| PB 0x0000000088000000| Untracked 
| 103|0x0000000088100000, 0x0000000088100000, 0x0000000088200000|  0%| F|  |TAMS 0x0000000088100000| PB 0x0000000088100000| Untracked 
| 104|0x0000000088200000, 0x0000000088200000, 0x0000000088300000|  0%| F|  |TAMS 0x0000000088200000| PB 0x0000000088200000| Untracked 
| 105|0x0000000088300000, 0x0000000088300000, 0x0000000088400000|  0%| F|  |TAMS 0x0000000088300000| PB 0x0000000088300000| Untracked 
| 106|0x0000000088400000, 0x0000000088400000, 0x0000000088500000|  0%| F|  |TAMS 0x0000000088400000| PB 0x0000000088400000| Untracked 
| 107|0x0000000088500000, 0x0000000088500000, 0x0000000088600000|  0%| F|  |TAMS 0x0000000088500000| PB 0x0000000088500000| Untracked 
| 108|0x0000000088600000, 0x0000000088600000, 0x0000000088700000|  0%| F|  |TAMS 0x0000000088600000| PB 0x0000000088600000| Untracked 
| 109|0x0000000088700000, 0x0000000088700000, 0x0000000088800000|  0%| F|  |TAMS 0x0000000088700000| PB 0x0000000088700000| Untracked 
| 110|0x0000000088800000, 0x0000000088800000, 0x0000000088900000|  0%| F|  |TAMS 0x0000000088800000| PB 0x0000000088800000| Untracked 
| 111|0x0000000088900000, 0x0000000088900000, 0x0000000088a00000|  0%| F|  |TAMS 0x0000000088900000| PB 0x0000000088900000| Untracked 
| 112|0x0000000088a00000, 0x0000000088a00000, 0x0000000088b00000|  0%| F|  |TAMS 0x0000000088a00000| PB 0x0000000088a00000| Untracked 
| 113|0x0000000088b00000, 0x0000000088b00000, 0x0000000088c00000|  0%| F|  |TAMS 0x0000000088b00000| PB 0x0000000088b00000| Untracked 
| 114|0x0000000088c00000, 0x0000000088c00000, 0x0000000088d00000|  0%| F|  |TAMS 0x0000000088c00000| PB 0x0000000088c00000| Untracked 
| 115|0x0000000088d00000, 0x0000000088d00000, 0x0000000088e00000|  0%| F|  |TAMS 0x0000000088d00000| PB 0x0000000088d00000| Untracked 
| 116|0x0000000088e00000, 0x0000000088e00000, 0x0000000088f00000|  0%| F|  |TAMS 0x0000000088e00000| PB 0x0000000088e00000| Untracked 
| 117|0x0000000088f00000, 0x0000000089000000, 0x0000000089000000|100%| E|  |TAMS 0x0000000088f00000| PB 0x0000000088f00000| Complete 
| 118|0x0000000089000000, 0x0000000089100000, 0x0000000089100000|100%| E|CS|TAMS 0x0000000089000000| PB 0x0000000089000000| Complete 
| 119|0x0000000089100000, 0x0000000089200000, 0x0000000089200000|100%| E|CS|TAMS 0x0000000089100000| PB 0x0000000089100000| Complete 
| 120|0x0000000089200000, 0x0000000089300000, 0x0000000089300000|100%| E|CS|TAMS 0x0000000089200000| PB 0x0000000089200000| Complete 
| 121|0x0000000089300000, 0x0000000089400000, 0x0000000089400000|100%| E|CS|TAMS 0x0000000089300000| PB 0x0000000089300000| Complete 
| 122|0x0000000089400000, 0x0000000089500000, 0x0000000089500000|100%| E|CS|TAMS 0x0000000089400000| PB 0x0000000089400000| Complete 
| 123|0x0000000089500000, 0x0000000089600000, 0x0000000089600000|100%| E|CS|TAMS 0x0000000089500000| PB 0x0000000089500000| Complete 
| 124|0x0000000089600000, 0x0000000089700000, 0x0000000089700000|100%| E|CS|TAMS 0x0000000089600000| PB 0x0000000089600000| Complete 
| 125|0x0000000089700000, 0x0000000089800000, 0x0000000089800000|100%| E|CS|TAMS 0x0000000089700000| PB 0x0000000089700000| Complete 
| 126|0x0000000089800000, 0x0000000089900000, 0x0000000089900000|100%| E|CS|TAMS 0x0000000089800000| PB 0x0000000089800000| Complete 
| 127|0x0000000089900000, 0x0000000089a00000, 0x0000000089a00000|100%| E|CS|TAMS 0x0000000089900000| PB 0x0000000089900000| Complete 

Card table byte_map: [0x0000024fe7af0000,0x0000024fe7ef0000] _byte_map_base: 0x0000024fe76e3000

Marking Bits: (CMBitMap*) 0x0000024fd5533350
 Bits: [0x0000024fe7ef0000, 0x0000024fe9e88000)

Polling page: 0x0000024fd3340000

Metaspace:

Usage:
  Non-class:     17.10 MB used.
      Class:      2.07 MB used.
       Both:     19.16 MB used.

Virtual space:
  Non-class space:       64.00 MB reserved,      17.25 MB ( 27%) committed,  1 nodes.
      Class space:        1.00 GB reserved,       2.19 MB ( <1%) committed,  1 nodes.
             Both:        1.06 GB reserved,      19.44 MB (  2%) committed. 

Chunk freelists:
   Non-Class:  13.12 MB
       Class:  13.81 MB
        Both:  26.94 MB

MaxMetaspaceSize: unlimited
CompressedClassSpaceSize: 1.00 GB
Initial GC threshold: 21.00 MB
Current GC threshold: 21.00 MB
CDS: on
 - commit_granule_bytes: 65536.
 - commit_granule_words: 8192.
 - virtual_space_node_default_size: 8388608.
 - enlarge_chunks_in_place: 1.
 - use_allocation_guard: 0.


Internal statistics:

num_allocs_failed_limit: 0.
num_arena_births: 224.
num_arena_deaths: 0.
num_vsnodes_births: 2.
num_vsnodes_deaths: 0.
num_space_committed: 311.
num_space_uncommitted: 0.
num_chunks_returned_to_freelist: 0.
num_chunks_taken_from_freelist: 916.
num_chunk_merges: 0.
num_chunk_splits: 687.
num_chunks_enlarged: 586.
num_inconsistent_stats: 0.

CodeHeap 'non-profiled nmethods': size=120000Kb used=836Kb max_used=836Kb free=119163Kb
 bounds [0x0000024fe01c0000, 0x0000024fe0430000, 0x0000024fe76f0000]
CodeHeap 'profiled nmethods': size=120000Kb used=3239Kb max_used=3239Kb free=116760Kb
 bounds [0x0000024fd86f0000, 0x0000024fd8a20000, 0x0000024fdfc20000]
CodeHeap 'non-nmethods': size=5760Kb used=1382Kb max_used=1398Kb free=4377Kb
 bounds [0x0000024fdfc20000, 0x0000024fdfe90000, 0x0000024fe01c0000]
CodeCache: size=245760Kb, used=5457Kb, max_used=5473Kb, free=240300Kb
 total_blobs=2409, nmethods=1868, adapters=445, full_count=0
Compilation: enabled, stopped_count=0, restarted_count=0

Compilation events (20 events):
Event: 3.588 Thread 0x0000024fec35da10 1860       3       kotlin.reflect.jvm.internal.impl.name.FqNameUnsafe::hashCode (8 bytes)
Event: 3.589 Thread 0x0000024fec35da10 nmethod 1860 0x0000024fd8a15190 code [0x0000024fd8a15340, 0x0000024fd8a15480]
Event: 3.593 Thread 0x0000024fec35da10 1861       3       kotlin.reflect.jvm.internal.pcollections.IntTree::rebalanced (449 bytes)
Event: 3.593 Thread 0x0000024fec35da10 nmethod 1861 0x0000024fd8a15590 code [0x0000024fd8a15860, 0x0000024fd8a16698]
Event: 3.596 Thread 0x0000024fec35da10 1862       3       java.lang.invoke.MethodHandle::isAncestorLoaderOf (35 bytes)
Event: 3.597 Thread 0x0000024fec35da10 nmethod 1862 0x0000024fd8a16e10 code [0x0000024fd8a17040, 0x0000024fd8a177b0]
Event: 3.597 Thread 0x0000024fec35da10 1863       3       kotlin.reflect.jvm.internal.impl.name.FqName::<init> (18 bytes)
Event: 3.597 Thread 0x0000024fec35da10 nmethod 1863 0x0000024fd8a17a10 code [0x0000024fd8a17bc0, 0x0000024fd8a17df0]
Event: 3.620 Thread 0x0000024fec35a6f0 nmethod 1858 0x0000024fe028f110 code [0x0000024fe028f340, 0x0000024fe0290a50]
Event: 3.620 Thread 0x0000024fec35a6f0 1864   !   4       jdk.internal.loader.BuiltinClassLoader::loadClassOrNull (143 bytes)
Event: 3.724 Thread 0x0000024fec35da10 1865       3       java.lang.invoke.MethodHandleNatives::canBeCalledVirtual (49 bytes)
Event: 3.724 Thread 0x0000024fec35da10 nmethod 1865 0x0000024fd8a17f10 code [0x0000024fd8a18100, 0x0000024fd8a18590]
Event: 3.729 Thread 0x0000024fec35da10 1866       3       kotlin.reflect.jvm.internal.pcollections.IntTree::rebalanced (32 bytes)
Event: 3.729 Thread 0x0000024fec35da10 nmethod 1866 0x0000024fd8a18710 code [0x0000024fd8a188c0, 0x0000024fd8a18ab0]
Event: 3.730 Thread 0x0000024fec35da10 1868       3       kotlin.reflect.jvm.internal.pcollections.HashPMap::getEntries (22 bytes)
Event: 3.730 Thread 0x0000024fec35da10 nmethod 1868 0x0000024fd8a18b90 code [0x0000024fd8a18d60, 0x0000024fd8a190c8]
Event: 3.730 Thread 0x0000024fec35da10 1869       3       kotlin.reflect.jvm.internal.impl.name.Name::<init> (23 bytes)
Event: 3.730 Thread 0x0000024fec35da10 nmethod 1869 0x0000024fd8a19210 code [0x0000024fd8a193c0, 0x0000024fd8a19600]
Event: 3.730 Thread 0x0000024fec35da10 1870       3       kotlin.reflect.jvm.internal.impl.name.FqName::<init> (26 bytes)
Event: 3.730 Thread 0x0000024fec35da10 nmethod 1870 0x0000024fd8a19710 code [0x0000024fd8a19900, 0x0000024fd8a19d98]

GC Heap History (6 events):
Event: 0.632 GC heap before
{Heap before GC invocations=0 (full 0):
 garbage-first heap   total 131072K, used 16384K [0x0000000081a00000, 0x0000000100000000)
  region size 1024K, 13 young (13312K), 0 survivors (0K)
 Metaspace       used 4115K, committed 4224K, reserved 1114112K
  class space    used 320K, committed 384K, reserved 1048576K
}
Event: 0.645 GC heap after
{Heap after GC invocations=1 (full 0):
 garbage-first heap   total 131072K, used 5469K [0x0000000081a00000, 0x0000000100000000)
  region size 1024K, 2 young (2048K), 2 survivors (2048K)
 Metaspace       used 4115K, committed 4224K, reserved 1114112K
  class space    used 320K, committed 384K, reserved 1048576K
}
Event: 1.284 GC heap before
{Heap before GC invocations=1 (full 0):
 garbage-first heap   total 131072K, used 21853K [0x0000000081a00000, 0x0000000100000000)
  region size 1024K, 19 young (19456K), 2 survivors (2048K)
 Metaspace       used 9784K, committed 9984K, reserved 1114112K
  class space    used 992K, committed 1088K, reserved 1048576K
}
Event: 1.288 GC heap after
{Heap after GC invocations=2 (full 0):
 garbage-first heap   total 131072K, used 6506K [0x0000000081a00000, 0x0000000100000000)
  region size 1024K, 1 young (1024K), 1 survivors (1024K)
 Metaspace       used 9784K, committed 9984K, reserved 1114112K
  class space    used 992K, committed 1088K, reserved 1048576K
}
Event: 3.137 GC heap before
{Heap before GC invocations=2 (full 0):
 garbage-first heap   total 131072K, used 83306K [0x0000000081a00000, 0x0000000100000000)
  region size 1024K, 76 young (77824K), 1 survivors (1024K)
 Metaspace       used 17059K, committed 17408K, reserved 1114112K
  class space    used 1872K, committed 2048K, reserved 1048576K
}
Event: 3.170 GC heap after
{Heap after GC invocations=3 (full 0):
 garbage-first heap   total 131072K, used 29165K [0x0000000081a00000, 0x0000000100000000)
  region size 1024K, 10 young (10240K), 10 survivors (10240K)
 Metaspace       used 17059K, committed 17408K, reserved 1114112K
  class space    used 1872K, committed 2048K, reserved 1048576K
}

Dll operation events (7 events):
Event: 0.008 Loaded shared library C:\Users\umer\.antigravity\extensions\redhat.java-1.53.0-win32-x64\jre\21.0.10-win32-x86_64\bin\java.dll
Event: 0.095 Loaded shared library C:\Users\umer\.antigravity\extensions\redhat.java-1.53.0-win32-x64\jre\21.0.10-win32-x86_64\bin\net.dll
Event: 0.097 Loaded shared library C:\Users\umer\.antigravity\extensions\redhat.java-1.53.0-win32-x64\jre\21.0.10-win32-x86_64\bin\nio.dll
Event: 0.146 Loaded shared library C:\Users\umer\.antigravity\extensions\redhat.java-1.53.0-win32-x64\jre\21.0.10-win32-x86_64\bin\zip.dll
Event: 0.181 Loaded shared library C:\Users\umer\.antigravity\extensions\redhat.java-1.53.0-win32-x64\jre\21.0.10-win32-x86_64\bin\zip.dll
Event: 0.183 Loaded shared library C:\Users\umer\.antigravity\extensions\redhat.java-1.53.0-win32-x64\jre\21.0.10-win32-x86_64\bin\jimage.dll
Event: 2.707 Loaded shared library C:\Users\umer\.antigravity\extensions\redhat.java-1.53.0-win32-x64\jre\21.0.10-win32-x86_64\bin\verify.dll

Deoptimization events (20 events):
Event: 3.128 Thread 0x0000024fd32407f0 Uncommon trap: trap_request=0xffffffde fr.pc=0x0000024fe02559b8 relative=0x0000000000000958
Event: 3.128 Thread 0x0000024fd32407f0 Uncommon trap: reason=class_check action=maybe_recompile pc=0x0000024fe02559b8 method=org.jetbrains.kotlin.cli.jvm.compiler.jarfs.LargeDynamicMappedBuffer.withMappedRange(JJLkotlin/jvm/functions/Function1;)Ljava/lang/Object; @ 209 c2
Event: 3.128 Thread 0x0000024fd32407f0 DEOPT PACKING pc=0x0000024fe02559b8 sp=0x0000008288dfe3f0
Event: 3.128 Thread 0x0000024fd32407f0 DEOPT UNPACKING pc=0x0000024fdfc74422 sp=0x0000008288dfe368 mode 2
Event: 3.133 Thread 0x0000024fd32407f0 Uncommon trap: trap_request=0xffffff45 fr.pc=0x0000024fe0257e08 relative=0x0000000000000068
Event: 3.133 Thread 0x0000024fd32407f0 Uncommon trap: reason=unstable_if action=reinterpret pc=0x0000024fe0257e08 method=jdk.internal.misc.Unsafe.convEndian(ZI)I @ 4 c2
Event: 3.133 Thread 0x0000024fd32407f0 DEOPT PACKING pc=0x0000024fe0257e08 sp=0x0000008288dfe2c0
Event: 3.133 Thread 0x0000024fd32407f0 DEOPT UNPACKING pc=0x0000024fdfc74422 sp=0x0000008288dfe1f0 mode 2
Event: 3.308 Thread 0x0000024fd32407f0 Uncommon trap: trap_request=0xffffffde fr.pc=0x0000024fe02559b8 relative=0x0000000000000958
Event: 3.308 Thread 0x0000024fd32407f0 Uncommon trap: reason=class_check action=maybe_recompile pc=0x0000024fe02559b8 method=org.jetbrains.kotlin.cli.jvm.compiler.jarfs.LargeDynamicMappedBuffer.withMappedRange(JJLkotlin/jvm/functions/Function1;)Ljava/lang/Object; @ 209 c2
Event: 3.308 Thread 0x0000024fd32407f0 DEOPT PACKING pc=0x0000024fe02559b8 sp=0x0000008288dfe3f0
Event: 3.308 Thread 0x0000024fd32407f0 DEOPT UNPACKING pc=0x0000024fdfc74422 sp=0x0000008288dfe368 mode 2
Event: 3.318 Thread 0x0000024fd32407f0 Uncommon trap: trap_request=0xffffffde fr.pc=0x0000024fe02559b8 relative=0x0000000000000958
Event: 3.318 Thread 0x0000024fd32407f0 Uncommon trap: reason=class_check action=maybe_recompile pc=0x0000024fe02559b8 method=org.jetbrains.kotlin.cli.jvm.compiler.jarfs.LargeDynamicMappedBuffer.withMappedRange(JJLkotlin/jvm/functions/Function1;)Ljava/lang/Object; @ 209 c2
Event: 3.318 Thread 0x0000024fd32407f0 DEOPT PACKING pc=0x0000024fe02559b8 sp=0x0000008288dfe3f0
Event: 3.318 Thread 0x0000024fd32407f0 DEOPT UNPACKING pc=0x0000024fdfc74422 sp=0x0000008288dfe368 mode 2
Event: 3.329 Thread 0x0000024fd32407f0 Uncommon trap: trap_request=0xffffffde fr.pc=0x0000024fe02559b8 relative=0x0000000000000958
Event: 3.329 Thread 0x0000024fd32407f0 Uncommon trap: reason=class_check action=maybe_recompile pc=0x0000024fe02559b8 method=org.jetbrains.kotlin.cli.jvm.compiler.jarfs.LargeDynamicMappedBuffer.withMappedRange(JJLkotlin/jvm/functions/Function1;)Ljava/lang/Object; @ 209 c2
Event: 3.329 Thread 0x0000024fd32407f0 DEOPT PACKING pc=0x0000024fe02559b8 sp=0x0000008288dfe3f0
Event: 3.329 Thread 0x0000024fd32407f0 DEOPT UNPACKING pc=0x0000024fdfc74422 sp=0x0000008288dfe368 mode 2

Classes loaded (20 events):
Event: 2.705 Loading class sun/nio/ch/ChannelInputStream
Event: 2.705 Loading class sun/nio/ch/ChannelInputStream done
Event: 2.939 Loading class java/nio/file/attribute/PosixFilePermission
Event: 2.940 Loading class java/nio/file/attribute/PosixFilePermission done
Event: 3.076 Loading class sun/net/www/protocol/jar/JarURLConnection
Event: 3.076 Loading class java/net/JarURLConnection
Event: 3.076 Loading class java/net/JarURLConnection done
Event: 3.076 Loading class sun/net/www/protocol/jar/JarURLConnection done
Event: 3.076 Loading class sun/net/www/protocol/jar/JarFileFactory
Event: 3.076 Loading class sun/net/www/protocol/jar/URLJarFile$URLJarFileCloseController
Event: 3.076 Loading class sun/net/www/protocol/jar/URLJarFile$URLJarFileCloseController done
Event: 3.076 Loading class sun/net/www/protocol/jar/JarFileFactory done
Event: 3.077 Loading class sun/net/www/protocol/jar/URLJarFile
Event: 3.077 Loading class sun/net/www/protocol/jar/URLJarFile done
Event: 3.081 Loading class sun/net/www/protocol/jar/URLJarFile$URLJarFileEntry
Event: 3.082 Loading class sun/net/www/protocol/jar/URLJarFile$URLJarFileEntry done
Event: 3.082 Loading class sun/net/www/protocol/jar/JarURLConnection$JarURLInputStream
Event: 3.082 Loading class sun/net/www/protocol/jar/JarURLConnection$JarURLInputStream done
Event: 3.086 Loading class java/io/EOFException
Event: 3.087 Loading class java/io/EOFException done

Classes unloaded (0 events):
No events

Classes redefined (0 events):
No events

Internal exceptions (20 events):
Event: 1.224 Thread 0x0000024fd32407f0 Exception <a 'java/lang/NoSuchMethodError'{0x0000000088854220}: 'int java.lang.invoke.DirectMethodHandle$Holder.invokeStaticInit(java.lang.Object, java.lang.Object)'> (0x0000000088854220) 
thrown [s\src\hotspot\share\interpreter\linkResolver.cpp, line 773]
Event: 1.238 Thread 0x0000024fd32407f0 Exception <a 'java/lang/NoSuchMethodError'{0x000000008870a218}: 'int java.lang.invoke.DirectMethodHandle$Holder.invokeStatic(java.lang.Object)'> (0x000000008870a218) 
thrown [s\src\hotspot\share\interpreter\linkResolver.cpp, line 773]
Event: 1.238 Thread 0x0000024fd32407f0 Exception <a 'java/lang/NoSuchMethodError'{0x000000008870d660}: 'int java.lang.invoke.DirectMethodHandle$Holder.invokeStaticInit(java.lang.Object)'> (0x000000008870d660) 
thrown [s\src\hotspot\share\interpreter\linkResolver.cpp, line 773]
Event: 1.250 Thread 0x0000024fd32407f0 Exception <a 'java/lang/NoSuchMethodError'{0x0000000088735428}: 'java.lang.Object java.lang.invoke.DirectMethodHandle$Holder.invokeStatic(java.lang.Object, java.lang.Object, int, java.lang.Object, int)'> (0x0000000088735428) 
thrown [s\src\hotspot\share\interpreter\linkResolver.cpp, line 773]
Event: 1.252 Thread 0x0000024fd32407f0 Exception <a 'java/lang/NoSuchMethodError'{0x000000008873bce8}: 'java.lang.Object java.lang.invoke.DirectMethodHandle$Holder.newInvokeSpecial(java.lang.Object, java.lang.Object, int)'> (0x000000008873bce8) 
thrown [s\src\hotspot\share\interpreter\linkResolver.cpp, line 773]
Event: 1.523 Thread 0x0000024fd32407f0 Exception <a 'java/lang/NoSuchMethodError'{0x00000000894ba270}: 'java.lang.Object java.lang.invoke.DirectMethodHandle$Holder.invokeInterface(java.lang.Object, java.lang.Object)'> (0x00000000894ba270) 
thrown [s\src\hotspot\share\interpreter\linkResolver.cpp, line 773]
Event: 1.619 Thread 0x0000024fd32407f0 Exception <a 'java/lang/NoSuchMethodError'{0x000000008912ce70}: 'void java.lang.invoke.DirectMethodHandle$Holder.invokeStaticInit(java.lang.Object, java.lang.Object)'> (0x000000008912ce70) 
thrown [s\src\hotspot\share\interpreter\linkResolver.cpp, line 773]
Event: 1.670 Thread 0x0000024fd32407f0 Exception <a 'java/lang/NoSuchMethodError'{0x0000000088f04968}: 'int java.lang.invoke.DirectMethodHandle$Holder.invokeVirtual(java.lang.Object, java.lang.Object, java.lang.Object)'> (0x0000000088f04968) 
thrown [s\src\hotspot\share\interpreter\linkResolver.cpp, line 773]
Event: 1.732 Thread 0x0000024fd32407f0 Exception <a 'java/lang/NoSuchMethodError'{0x0000000088edeae0}: 'void java.lang.invoke.Invokers$Holder.invokeExact_MT(java.lang.Object, int, java.lang.Object)'> (0x0000000088edeae0) 
thrown [s\src\hotspot\share\interpreter\linkResolver.cpp, line 773]
Event: 1.819 Thread 0x0000024fd32407f0 Exception <a 'java/lang/NoSuchMethodError'{0x0000000088ba4d20}: 'void java.lang.invoke.DirectMethodHandle$Holder.invokeVirtual(java.lang.Object, java.lang.Object)'> (0x0000000088ba4d20) 
thrown [s\src\hotspot\share\interpreter\linkResolver.cpp, line 773]
Event: 1.908 Thread 0x0000024fd32407f0 Exception <a 'java/lang/NoSuchMethodError'{0x000000008884cd00}: 'long java.lang.invoke.DirectMethodHandle$Holder.invokeStatic(java.lang.Object, java.lang.Object, int)'> (0x000000008884cd00) 
thrown [s\src\hotspot\share\interpreter\linkResolver.cpp, line 773]
Event: 1.913 Thread 0x0000024fd32407f0 Exception <a 'java/lang/NoSuchMethodError'{0x0000000088857f98}: 'java.lang.Object java.lang.invoke.DelegatingMethodHandle$Holder.reinvoke_L(java.lang.Object, int, long, java.lang.Object, java.lang.Object, int, java.lang.Object)'> (0x0000000088857f98) 
thrown [s\src\hotspot\share\interpreter\linkResolver.cpp, line 773]
Event: 1.941 Thread 0x0000024fd32407f0 Exception <a 'java/lang/NoSuchMethodError'{0x0000000088882210}: 'java.lang.Object java.lang.invoke.DirectMethodHandle$Holder.invokeStatic(java.lang.Object, java.lang.Object, int)'> (0x0000000088882210) 
thrown [s\src\hotspot\share\interpreter\linkResolver.cpp, line 773]
Event: 1.949 Thread 0x0000024fd32407f0 Exception <a 'java/lang/NoSuchMethodError'{0x000000008888d128}: 'void java.lang.invoke.DelegatingMethodHandle$Holder.delegate(java.lang.Object, java.lang.Object, int, java.lang.Object)'> (0x000000008888d128) 
thrown [s\src\hotspot\share\interpreter\linkResolver.cpp, line 773]
Event: 1.973 Thread 0x0000024fd32407f0 Exception <a 'java/lang/NoSuchMethodError'{0x0000000088715d08}: 'java.lang.Object java.lang.invoke.DirectMethodHandle$Holder.invokeStatic(java.lang.Object, java.lang.Object, long, long)'> (0x0000000088715d08) 
thrown [s\src\hotspot\share\interpreter\linkResolver.cpp, line 773]
Event: 1.979 Thread 0x0000024fd32407f0 Exception <a 'java/lang/NoSuchMethodError'{0x0000000088742028}: 'java.lang.Object java.lang.invoke.DirectMethodHandle$Holder.invokeStatic(java.lang.Object, java.lang.Object, java.lang.Object, long, java.lang.Object)'> (0x0000000088742028) 
thrown [s\src\hotspot\share\interpreter\linkResolver.cpp, line 773]
Event: 1.980 Thread 0x0000024fd32407f0 Exception <a 'java/lang/NoSuchMethodError'{0x00000000887495b8}: 'java.lang.Object java.lang.invoke.DirectMethodHandle$Holder.newInvokeSpecial(java.lang.Object, java.lang.Object, java.lang.Object, long)'> (0x00000000887495b8) 
thrown [s\src\hotspot\share\interpreter\linkResolver.cpp, line 773]
Event: 2.349 Thread 0x0000024fd32407f0 Implicit null exception at 0x0000024fe02317e7 to 0x0000024fe0231bf0
Event: 2.459 Thread 0x0000024fd32407f0 Implicit null exception at 0x0000024fe023b2d2 to 0x0000024fe023ba3c
Event: 3.392 Thread 0x0000024fd32407f0 Exception <a 'java/lang/NoSuchMethodError'{0x00000000895a6550}: 'java.lang.Object java.lang.invoke.DirectMethodHandle$Holder.newInvokeSpecial(java.lang.Object, java.lang.Object, java.lang.Object, java.lang.Object, java.lang.Object, java.lang.Object, java.lang.Object)'> (0x00000000895a6550) 
thrown [s\src\hotspot\share\interpreter\linkResolver.cpp, line 773]

ZGC Phase Switch (0 events):
No events

VM Operations (20 events):
Event: 1.284 Executing safepoint VM operation: G1CollectForAllocation (G1 Evacuation Pause)
Event: 1.288 Executing safepoint VM operation: G1CollectForAllocation (G1 Evacuation Pause) done
Event: 1.797 Executing non-safepoint VM operation: HandshakeAllThreads (Deoptimize)
Event: 1.797 Executing non-safepoint VM operation: HandshakeAllThreads (Deoptimize) done
Event: 1.797 Executing non-safepoint VM operation: HandshakeAllThreads (Deoptimize)
Event: 1.797 Executing non-safepoint VM operation: HandshakeAllThreads (Deoptimize) done
Event: 1.886 Executing non-safepoint VM operation: HandshakeAllThreads (Deoptimize)
Event: 1.886 Executing non-safepoint VM operation: HandshakeAllThreads (Deoptimize) done
Event: 1.889 Executing non-safepoint VM operation: HandshakeAllThreads (Deoptimize)
Event: 1.889 Executing non-safepoint VM operation: HandshakeAllThreads (Deoptimize) done
Event: 1.919 Executing non-safepoint VM operation: HandshakeAllThreads (Deoptimize)
Event: 1.919 Executing non-safepoint VM operation: HandshakeAllThreads (Deoptimize) done
Event: 2.919 Executing safepoint VM operation: Cleanup
Event: 2.919 Executing safepoint VM operation: Cleanup done
Event: 3.077 Executing non-safepoint VM operation: HandshakeAllThreads (Deoptimize)
Event: 3.077 Executing non-safepoint VM operation: HandshakeAllThreads (Deoptimize) done
Event: 3.079 Executing non-safepoint VM operation: HandshakeAllThreads (Deoptimize)
Event: 3.079 Executing non-safepoint VM operation: HandshakeAllThreads (Deoptimize) done
Event: 3.137 Executing safepoint VM operation: G1CollectForAllocation (G1 Evacuation Pause)
Event: 3.170 Executing safepoint VM operation: G1CollectForAllocation (G1 Evacuation Pause) done

Memory protections (0 events):
No events

Nmethod flushes (0 events):
No events

Events (15 events):
Event: 0.030 Thread 0x0000024fd32407f0 Thread added: 0x0000024fd32407f0
Event: 0.049 Thread 0x0000024fd32407f0 Thread added: 0x0000024fec350b30
Event: 0.049 Thread 0x0000024fd32407f0 Thread added: 0x0000024fec351c00
Event: 0.049 Thread 0x0000024fd32407f0 Thread added: 0x0000024fec353a20
Event: 0.049 Thread 0x0000024fd32407f0 Thread added: 0x0000024fec356490
Event: 0.049 Thread 0x0000024fd32407f0 Thread added: 0x0000024fec358f00
Event: 0.049 Thread 0x0000024fd32407f0 Thread added: 0x0000024fec359960
Event: 0.049 Thread 0x0000024fd32407f0 Thread added: 0x0000024fec35a6f0
Event: 0.050 Thread 0x0000024fd32407f0 Thread added: 0x0000024fec35da10
Event: 0.089 Thread 0x0000024fd32407f0 Thread added: 0x0000024fec49de70
Event: 0.092 Thread 0x0000024fd32407f0 Thread added: 0x0000024fec4a4900
Event: 0.129 Thread 0x0000024fec35a6f0 Thread added: 0x0000024fec4d70c0
Event: 0.647 Thread 0x0000024fec4d70c0 Thread exited: 0x0000024fec4d70c0
Event: 2.023 Thread 0x0000024fec35a6f0 Thread added: 0x0000024ff11de5b0
Event: 3.545 Thread 0x0000024ff11de5b0 Thread exited: 0x0000024ff11de5b0


Dynamic libraries:
0x00007ff7f9750000 - 0x00007ff7f975e000 	C:\Users\umer\.antigravity\extensions\redhat.java-1.53.0-win32-x64\jre\21.0.10-win32-x86_64\bin\java.exe
0x00007ffffe6b0000 - 0x00007ffffe8a8000 	C:\Windows\SYSTEM32\ntdll.dll
0x00007ffffe5a0000 - 0x00007ffffe662000 	C:\Windows\System32\KERNEL32.DLL
0x00007ffffc030000 - 0x00007ffffc326000 	C:\Windows\System32\KERNELBASE.dll
0x00007ffffc330000 - 0x00007ffffc430000 	C:\Windows\System32\ucrtbase.dll
0x00007fffe0d80000 - 0x00007fffe0d98000 	C:\Users\umer\.antigravity\extensions\redhat.java-1.53.0-win32-x64\jre\21.0.10-win32-x86_64\bin\jli.dll
0x00007ffffc830000 - 0x00007ffffc9d1000 	C:\Windows\System32\USER32.dll
0x00007ffffbd40000 - 0x00007ffffbd62000 	C:\Windows\System32\win32u.dll
0x00007ffffcb80000 - 0x00007ffffcbab000 	C:\Windows\System32\GDI32.dll
0x00007ffffbf10000 - 0x00007ffffc029000 	C:\Windows\System32\gdi32full.dll
0x00007ffffbe70000 - 0x00007ffffbf0d000 	C:\Windows\System32\msvcp_win.dll
0x00007ffff7070000 - 0x00007ffff708e000 	C:\Users\umer\.antigravity\extensions\redhat.java-1.53.0-win32-x64\jre\21.0.10-win32-x86_64\bin\VCRUNTIME140.dll
0x00007fffefe20000 - 0x00007ffff00bb000 	C:\Windows\WinSxS\amd64_microsoft.windows.common-controls_6595b64144ccf1df_6.0.19041.6456_none_60b8a6cb71f64256\COMCTL32.dll
0x00007ffffd740000 - 0x00007ffffd7de000 	C:\Windows\System32\msvcrt.dll
0x00007ffffd7e0000 - 0x00007ffffd80f000 	C:\Windows\System32\IMM32.DLL
0x00007ffff70b0000 - 0x00007ffff70bc000 	C:\Users\umer\.antigravity\extensions\redhat.java-1.53.0-win32-x64\jre\21.0.10-win32-x86_64\bin\vcruntime140_1.dll
0x00007fffe0200000 - 0x00007fffe028d000 	C:\Users\umer\.antigravity\extensions\redhat.java-1.53.0-win32-x64\jre\21.0.10-win32-x86_64\bin\msvcp140.dll
0x00007fffa8030000 - 0x00007fffa8dd1000 	C:\Users\umer\.antigravity\extensions\redhat.java-1.53.0-win32-x64\jre\21.0.10-win32-x86_64\bin\server\jvm.dll
0x00007ffffc9f0000 - 0x00007ffffcaa1000 	C:\Windows\System32\ADVAPI32.dll
0x00007ffffcbb0000 - 0x00007ffffcc4f000 	C:\Windows\System32\sechost.dll
0x00007ffffd060000 - 0x00007ffffd180000 	C:\Windows\System32\RPCRT4.dll
0x00007ffffc430000 - 0x00007ffffc457000 	C:\Windows\System32\bcrypt.dll
0x00007ffffcab0000 - 0x00007ffffcb1b000 	C:\Windows\System32\WS2_32.dll
0x00007ffffbba0000 - 0x00007ffffbbeb000 	C:\Windows\SYSTEM32\POWRPROF.dll
0x00007ffff0430000 - 0x00007ffff043a000 	C:\Windows\SYSTEM32\VERSION.dll
0x00007ffff0150000 - 0x00007ffff0177000 	C:\Windows\SYSTEM32\WINMM.dll
0x00007ffffbb80000 - 0x00007ffffbb92000 	C:\Windows\SYSTEM32\UMPDC.dll
0x00007ffff9b90000 - 0x00007ffff9ba2000 	C:\Windows\SYSTEM32\kernel.appcore.dll
0x00007ffff70a0000 - 0x00007ffff70aa000 	C:\Users\umer\.antigravity\extensions\redhat.java-1.53.0-win32-x64\jre\21.0.10-win32-x86_64\bin\jimage.dll
0x00007ffff01d0000 - 0x00007ffff03d1000 	C:\Windows\SYSTEM32\DBGHELP.DLL
0x00007fffec8f0000 - 0x00007fffec924000 	C:\Windows\SYSTEM32\dbgcore.DLL
0x00007ffffc5c0000 - 0x00007ffffc642000 	C:\Windows\System32\bcryptPrimitives.dll
0x00007fffe1150000 - 0x00007fffe1170000 	C:\Users\umer\.antigravity\extensions\redhat.java-1.53.0-win32-x64\jre\21.0.10-win32-x86_64\bin\java.dll
0x00007ffffd870000 - 0x00007ffffdfe0000 	C:\Windows\System32\SHELL32.dll
0x00007ffff9d90000 - 0x00007ffffa535000 	C:\Windows\SYSTEM32\windows.storage.dll
0x00007ffffcd00000 - 0x00007ffffd054000 	C:\Windows\System32\combase.dll
0x00007ffffb5b0000 - 0x00007ffffb5db000 	C:\Windows\SYSTEM32\Wldp.dll
0x00007ffffc760000 - 0x00007ffffc82d000 	C:\Windows\System32\OLEAUT32.dll
0x00007ffffd570000 - 0x00007ffffd61d000 	C:\Windows\System32\SHCORE.dll
0x00007ffffdfe0000 - 0x00007ffffe03b000 	C:\Windows\System32\shlwapi.dll
0x00007ffffbc70000 - 0x00007ffffbc94000 	C:\Windows\SYSTEM32\profapi.dll
0x00007fffe1540000 - 0x00007fffe1550000 	C:\Users\umer\.antigravity\extensions\redhat.java-1.53.0-win32-x64\jre\21.0.10-win32-x86_64\bin\net.dll
0x00007ffff6f10000 - 0x00007ffff701a000 	C:\Windows\SYSTEM32\WINHTTP.dll
0x00007ffffb390000 - 0x00007ffffb3fa000 	C:\Windows\system32\mswsock.dll
0x00007fffe0dc0000 - 0x00007fffe0dd6000 	C:\Users\umer\.antigravity\extensions\redhat.java-1.53.0-win32-x64\jre\21.0.10-win32-x86_64\bin\nio.dll
0x00007fffe1130000 - 0x00007fffe1148000 	C:\Users\umer\.antigravity\extensions\redhat.java-1.53.0-win32-x64\jre\21.0.10-win32-x86_64\bin\zip.dll
0x00007fffeca30000 - 0x00007fffeca40000 	C:\Users\umer\.antigravity\extensions\redhat.java-1.53.0-win32-x64\jre\21.0.10-win32-x86_64\bin\verify.dll

JVMTI agents: none

dbghelp: loaded successfully - version: 4.0.5 - missing functions: none
symbol engine: initialized successfully - sym options: 0x614 - pdb path: .;C:\Users\umer\.antigravity\extensions\redhat.java-1.53.0-win32-x64\jre\21.0.10-win32-x86_64\bin;C:\Windows\SYSTEM32;C:\Windows\WinSxS\amd64_microsoft.windows.common-controls_6595b64144ccf1df_6.0.19041.6456_none_60b8a6cb71f64256;C:\Users\umer\.antigravity\extensions\redhat.java-1.53.0-win32-x64\jre\21.0.10-win32-x86_64\bin\server

VM Arguments:
java_command: org.jetbrains.kotlin.cli.jvm.K2JVMCompiler @F:\Learnova\node_modules\expo-modules-autolinking\android\expo-gradle-plugin\expo-autolinking-plugin\build\20260422_9712410944359931820.compiler.options
java_class_path (initial): C:\Users\umer\.gradle\caches\modules-2\files-2.1\org.jetbrains.kotlin\kotlin-compiler-embeddable\2.1.20\4ef56b3316798316bfac7a0ae443391c9e900ea1\kotlin-compiler-embeddable-2.1.20.jar;C:\Users\umer\.gradle\caches\modules-2\files-2.1\org.jetbrains.kotlin\kotlin-stdlib\2.1.20\aa8ca79cd50578314f6d1180c47cbe14c0fee567\kotlin-stdlib-2.1.20.jar;C:\Users\umer\.gradle\caches\modules-2\files-2.1\org.jetbrains.kotlin\kotlin-script-runtime\2.1.20\f7c623d7f7bdb01f5ccd6b437bc0a937fcd7c57e\kotlin-script-runtime-2.1.20.jar;C:\Users\umer\.gradle\caches\modules-2\files-2.1\org.jetbrains.kotlin\kotlin-reflect\1.6.10\1cbe9c92c12a94eea200d23c2bbaedaf3daf5132\kotlin-reflect-1.6.10.jar;C:\Users\umer\.gradle\caches\modules-2\files-2.1\org.jetbrains.kotlin\kotlin-daemon-embeddable\2.1.20\95670fce77befd02a70a0bc3abe8ee4533521334\kotlin-daemon-embeddable-2.1.20.jar;C:\Users\umer\.gradle\caches\modules-2\files-2.1\org.jetbrains.intellij.deps\trove4j\1.0.20200330\3afb14d5f9ceb459d724e907a21145e8ff394f02\trove4j-1.0.20200330.jar;C:\Users\umer\.gradle\caches\modules-2\files-2.1\org.jetbrains.kotlinx\kotlinx-coroutines-core-jvm\1.8.0\ac1dc37a30a93150b704022f8d895ee1bd3a36b3\kotlinx-coroutines-core-jvm-1.8.0.jar;C:\Users\umer\.gradle\caches\modules-2\files-2.1\org.jetbrains\annotations\13.0\919f0dfe192fb4e063e7dacadee7f8bb9a2672a9\annotations-13.0.jar
Launcher Type: SUN_STANDARD

[Global flags]
     intx CICompilerCount                          = 3                                         {product} {ergonomic}
     uint ConcGCThreads                            = 1                                         {product} {ergonomic}
     uint G1ConcRefinementThreads                  = 4                                         {product} {ergonomic}
   size_t G1HeapRegionSize                         = 1048576                                   {product} {ergonomic}
    uintx GCDrainStackTargetSize                   = 64                                        {product} {ergonomic}
   size_t InitialHeapSize                          = 134217728                                 {product} {ergonomic}
   size_t MarkStackSize                            = 4194304                                   {product} {ergonomic}
   size_t MaxHeapSize                              = 2120220672                                {product} {ergonomic}
   size_t MaxNewSize                               = 1271922688                                {product} {ergonomic}
   size_t MinHeapDeltaBytes                        = 1048576                                   {product} {ergonomic}
   size_t MinHeapSize                              = 8388608                                   {product} {ergonomic}
    uintx NonNMethodCodeHeapSize                   = 5832780                                {pd product} {ergonomic}
    uintx NonProfiledCodeHeapSize                  = 122912730                              {pd product} {ergonomic}
    uintx ProfiledCodeHeapSize                     = 122912730                              {pd product} {ergonomic}
    uintx ReservedCodeCacheSize                    = 251658240                              {pd product} {ergonomic}
     bool SegmentedCodeCache                       = true                                      {product} {ergonomic}
   size_t SoftMaxHeapSize                          = 2120220672                             {manageable} {ergonomic}
     bool UseCompressedOops                        = true                           {product lp64_product} {ergonomic}
     bool UseG1GC                                  = true                                      {product} {ergonomic}
     bool UseLargePagesIndividualAllocation        = false                                  {pd product} {ergonomic}

Logging:
Log output configuration:
 #0: stdout all=warning uptime,level,tags foldmultilines=false
 #1: stderr all=off uptime,level,tags foldmultilines=false

Release file:
JAVA_VERSION="21.0.10" 
MODULES="java.base java.compiler java.datatransfer java.xml java.prefs java.desktop java.instrument java.logging java.management java.security.sasl java.naming java.rmi java.management.rmi java.net.http java.scripting java.security.jgss java.transaction.xa java.sql java.sql.rowset java.xml.crypto java.se java.smartcardio jdk.accessibility jdk.internal.jvmstat jdk.attach jdk.charsets jdk.internal.opt jdk.zipfs jdk.compiler jdk.crypto.ec jdk.crypto.cryptoki jdk.crypto.mscapi jdk.dynalink jdk.internal.ed jdk.editpad jdk.hotspot.agent jdk.httpserver jdk.internal.le jdk.internal.vm.ci jdk.internal.vm.compiler jdk.internal.vm.compiler.management jdk.jartool jdk.javadoc jdk.jcmd jdk.management jdk.management.agent jdk.jconsole jdk.jdeps jdk.jdwp.agent jdk.jdi jdk.jfr jdk.jshell jdk.jsobject jdk.jstatd jdk.localedata jdk.management.jfr jdk.naming.dns jdk.naming.rmi jdk.net jdk.nio.mapmode jdk.random jdk.sctp jdk.security.auth jdk.security.jgss jdk.unsupported jdk.unsupported.desktop jdk.xml.dom" 

Environment Variables:
JAVA_HOME=C:\Program Files\Eclipse Adoptium\jdk-17.0.17.10-hotspot
PATH=C:\Program Files\Eclipse Adoptium\jdk-17.0.17.10-hotspot\bin;C:\Program Files\Common Files\Oracle\Java\javapath;C:\Python313\Scripts\;C:\Python313\;C:\Windows\system32;C:\Windows;C:\Windows\System32\Wbem;C:\Windows\System32\WindowsPowerShell\v1.0\;C:\Windows\System32\OpenSSH\;C:\Program Files\nodejs\;C:\ProgramData\chocolatey\bin;C:\Program Files\Git\cmd;C:\Users\umer\AppData\Local\Android\Sdk\platform-tools;C:\Users\umer\AppData\Local\Android\Sdk\tools;C:\Users\umer\AppData\Local\Android\Sdk\cmdline-tools\tools\bin;C:\Program Files\Eclipse Adoptium\jdk-17.0.17.10-hotspot\bin;C:\flutter\bin;C:\Users\umer\AppData\Local\Microsoft\WindowsApps;C:\Users\umer\AppData\Roaming\npm;C:\Users\umer\bin;C:\Users\umer\bin;C:\Users\umer\AppData\Local\Programs\Microsoft VS Code\bin;C:\Users\umer\AppData\Local\Programs\Antigravity\bin
USERNAME=umer
OS=Windows_NT
PROCESSOR_IDENTIFIER=Intel64 Family 6 Model 60 Stepping 3, GenuineIntel
TMP=C:\Users\umer\AppData\Local\Temp
TEMP=C:\Users\umer\AppData\Local\Temp




Periodic native trim disabled

---------------  S Y S T E M  ---------------

OS:
 Windows 10 , 64 bit Build 19041 (10.0.19041.5915)
OS uptime: 0 days 2:24 hours
Hyper-V role detected

CPU: total 4 (initial active 4) (4 cores per cpu, 1 threads per core) family 6 model 60 stepping 3 microcode 0x27, cx8, cmov, fxsr, mmx, sse, sse2, sse3, ssse3, sse4.1, sse4.2, popcnt, lzcnt, tsc, tscinvbit, avx, avx2, aes, erms, clmul, bmi1, bmi2, fma, vzeroupper, clflush, hv, rdtscp, f16c
Processor Information for the first 4 processors :
  Max Mhz: 3201, Current Mhz: 3201, Mhz Limit: 3201

Memory: 4k page, system-wide physical 8082M (443M free)
TotalPageFile size 15038M (AvailPageFile size 1M)
current process WorkingSet (physical memory assigned to process): 192M, peak: 192M
current process commit charge ("private bytes"): 248M, peak: 250M

vm_info: OpenJDK 64-Bit Server VM (21.0.10+7-LTS) for windows-amd64 JRE (21.0.10+7-LTS), built on 2026-01-20T00:00:00Z by "admin" with MS VC++ 17.12 (VS2022)

END.
