#
# There is insufficient memory for the Java Runtime Environment to continue.
# Native memory allocation (malloc) failed to allocate 498816 bytes. Error detail: Chunk::new
# Possible reasons:
#   The system is out of physical RAM or swap space
#   This process is running with CompressedOops enabled, and the Java Heap may be blocking the growth of the native heap
# Possible solutions:
#   Reduce memory load on the system
#   Increase physical memory or swap space
#   Check if swap backing store is full
#   Decrease Java heap size (-Xmx/-Xms)
#   Decrease number of Java threads
#   Decrease Java thread stack sizes (-Xss)
#   Set larger code cache with -XX:ReservedCodeCacheSize=
#   JVM is running with Unscaled Compressed Oops mode in which the Java heap is
#     placed in the first 4GB address space. The Java Heap base address is the
#     maximum limit for the native heap growth. Please use -XX:HeapBaseMinAddress
#     to set the Java Heap base and to place the Java Heap above 4GB virtual address.
# This output file may be truncated or incomplete.
#
#  Out of Memory Error (arena.cpp:168), pid=1668, tid=3140
#
# JRE version: OpenJDK Runtime Environment Temurin-21.0.10+7 (21.0.10+7) (build 21.0.10+7-LTS)
# Java VM: OpenJDK 64-Bit Server VM Temurin-21.0.10+7 (21.0.10+7-LTS, mixed mode, sharing, tiered, compressed oops, compressed class ptrs, parallel gc, windows-amd64)
# No core dump will be written. Minidumps are not enabled by default on client versions of Windows
#

---------------  S U M M A R Y ------------

Command Line: --add-modules=ALL-SYSTEM --add-opens=java.base/java.util=ALL-UNNAMED --add-opens=java.base/java.lang=ALL-UNNAMED --add-opens=java.base/sun.nio.fs=ALL-UNNAMED -Declipse.application=org.eclipse.jdt.ls.core.id1 -Dosgi.bundles.defaultStartLevel=4 -Declipse.product=org.eclipse.jdt.ls.core.product -Djava.import.generatesMetadataFilesAtProjectRoot=false -DDetectVMInstallationsJob.disabled=true -Dfile.encoding=utf8 -XX:+UseParallelGC -XX:GCTimeRatio=4 -XX:AdaptiveSizePolicyWeight=90 -Dsun.zip.disableMemoryMapping=true -Xmx2G -Xms100m -Xlog:disable -javaagent:c:\Users\umer\.antigravity\extensions\redhat.java-1.53.0-win32-x64\lombok\lombok-1.18.39-4050.jar -XX:+HeapDumpOnOutOfMemoryError -XX:HeapDumpPath=c:\Users\umer\AppData\Roaming\Antigravity\User\workspaceStorage\6df3d27f3bd43c630c54ccd35b3d9e58\redhat.java -Daether.dependencyCollector.impl=bf c:\Users\umer\.antigravity\extensions\redhat.java-1.53.0-win32-x64\server\plugins\org.eclipse.equinox.launcher_1.7.100.v20251111-0406.jar -configuration c:\Users\umer\AppData\Roaming\Antigravity\User\globalStorage\redhat.java\1.53.0\config_win -data c:\Users\umer\AppData\Roaming\Antigravity\User\workspaceStorage\6df3d27f3bd43c630c54ccd35b3d9e58\redhat.java\jdt_ws --pipe=\\.\pipe\lsp-f68d25d8b41fb849f1117768775a7d47-sock

Host: Intel(R) Core(TM) i5-4570 CPU @ 3.20GHz, 4 cores, 7G,  Windows 10 , 64 bit Build 19041 (10.0.19041.5915)
Time: Fri Apr 10 15:59:30 2026 Pakistan Standard Time elapsed time: 3537.438802 seconds (0d 0h 58m 57s)

---------------  T H R E A D  ---------------

Current thread (0x0000017ef1233790):  JavaThread "C2 CompilerThread0" daemon [_thread_in_native, id=3140, stack(0x00000017dc500000,0x00000017dc600000) (1024K)]


Current CompileTask:
C2:3537439 11531  s    4       org.eclipse.jdt.internal.compiler.classfmt.MethodInfo::readCodeAttribute (122 bytes)

Stack: [0x00000017dc500000,0x00000017dc600000]
Native frames: (J=compiled Java code, j=interpreted, Vv=VM code, C=native code)
V  [jvm.dll+0x6d7a39]
V  [jvm.dll+0x8b4b26]
V  [jvm.dll+0x8b70de]
V  [jvm.dll+0x8b77c3]
V  [jvm.dll+0x284346]
V  [jvm.dll+0xc66ed]
V  [jvm.dll+0xc6c31]
V  [jvm.dll+0x2fb29e]
V  [jvm.dll+0x5fe884]
V  [jvm.dll+0x255b17]
V  [jvm.dll+0x255edd]
V  [jvm.dll+0x24e500]
V  [jvm.dll+0x24ba42]
V  [jvm.dll+0x1cb34e]
V  [jvm.dll+0x25b85d]
V  [jvm.dll+0x259dea]
V  [jvm.dll+0x3f857e]
V  [jvm.dll+0x85f59d]
V  [jvm.dll+0x6d626d]
C  [ucrtbase.dll+0x21bb2]
C  [KERNEL32.DLL+0x17374]
C  [ntdll.dll+0x4cc91]


---------------  P R O C E S S  ---------------

Threads class SMR info:
_java_thread_list=0x0000017ef9ccb550, length=34, elements={
0x0000017eda840500, 0x0000017ef122a250, 0x0000017ef122b7a0, 0x0000017ef122e820,
0x0000017ef122f480, 0x0000017ef1231ef0, 0x0000017ef1232950, 0x0000017ef1233790,
0x0000017ef12a80a0, 0x0000017ef6134750, 0x0000017ef627c040, 0x0000017ef69cd0a0,
0x0000017ef6b7ddf0, 0x0000017ef6787af0, 0x0000017ef6780580, 0x0000017ef6bf78e0,
0x0000017ef7069550, 0x0000017ef6f41450, 0x0000017ef7580650, 0x0000017ef7581a00,
0x0000017ef7582090, 0x0000017ef7582720, 0x0000017ef7521200, 0x0000017ef751f7c0,
0x0000017ef7523ff0, 0x0000017ef7521890, 0x0000017ef751fe50, 0x0000017ef75204e0,
0x0000017ef7522c40, 0x0000017ef751d6f0, 0x0000017ef75232d0, 0x0000017ef751f130,
0x0000017ef7523960, 0x0000017ef7524680
}

Java Threads: ( => current thread )
  0x0000017eda840500 JavaThread "main"                              [_thread_blocked, id=8036, stack(0x00000017dba00000,0x00000017dbb00000) (1024K)]
  0x0000017ef122a250 JavaThread "Reference Handler"          daemon [_thread_blocked, id=6240, stack(0x00000017dbf00000,0x00000017dc000000) (1024K)]
  0x0000017ef122b7a0 JavaThread "Finalizer"                  daemon [_thread_blocked, id=8996, stack(0x00000017dc000000,0x00000017dc100000) (1024K)]
  0x0000017ef122e820 JavaThread "Signal Dispatcher"          daemon [_thread_blocked, id=5164, stack(0x00000017dc100000,0x00000017dc200000) (1024K)]
  0x0000017ef122f480 JavaThread "Attach Listener"            daemon [_thread_blocked, id=5108, stack(0x00000017dc200000,0x00000017dc300000) (1024K)]
  0x0000017ef1231ef0 JavaThread "Service Thread"             daemon [_thread_blocked, id=1148, stack(0x00000017dc300000,0x00000017dc400000) (1024K)]
  0x0000017ef1232950 JavaThread "Monitor Deflation Thread"   daemon [_thread_blocked, id=3508, stack(0x00000017dc400000,0x00000017dc500000) (1024K)]
=>0x0000017ef1233790 JavaThread "C2 CompilerThread0"         daemon [_thread_in_native, id=3140, stack(0x00000017dc500000,0x00000017dc600000) (1024K)]
  0x0000017ef12a80a0 JavaThread "C1 CompilerThread0"         daemon [_thread_blocked, id=8772, stack(0x00000017dc600000,0x00000017dc700000) (1024K)]
  0x0000017ef6134750 JavaThread "Common-Cleaner"             daemon [_thread_blocked, id=8080, stack(0x00000017dc700000,0x00000017dc800000) (1024K)]
  0x0000017ef627c040 JavaThread "Notification Thread"        daemon [_thread_blocked, id=3492, stack(0x00000017dc900000,0x00000017dca00000) (1024K)]
  0x0000017ef69cd0a0 JavaThread "Active Thread: Equinox Container: 3ed1abb1-29d9-4fa3-962c-6fc383a67174"        [_thread_blocked, id=1552, stack(0x00000017dcd00000,0x00000017dce00000) (1024K)]
  0x0000017ef6b7ddf0 JavaThread "Refresh Thread: Equinox Container: 3ed1abb1-29d9-4fa3-962c-6fc383a67174" daemon [_thread_blocked, id=2472, stack(0x00000017dce00000,0x00000017dcf00000) (1024K)]
  0x0000017ef6787af0 JavaThread "Framework Event Dispatcher: Equinox Container: 3ed1abb1-29d9-4fa3-962c-6fc383a67174" daemon [_thread_blocked, id=8340, stack(0x00000017dcf00000,0x00000017dd000000) (1024K)]
  0x0000017ef6780580 JavaThread "Start Level: Equinox Container: 3ed1abb1-29d9-4fa3-962c-6fc383a67174" daemon [_thread_blocked, id=2852, stack(0x00000017dd000000,0x00000017dd100000) (1024K)]
  0x0000017ef6bf78e0 JavaThread "Bundle File Closer"         daemon [_thread_blocked, id=8116, stack(0x00000017dd100000,0x00000017dd200000) (1024K)]
  0x0000017ef7069550 JavaThread "SCR Component Actor"        daemon [_thread_blocked, id=488, stack(0x00000017dc800000,0x00000017dc900000) (1024K)]
  0x0000017ef6f41450 JavaThread "Worker-JM"                         [_thread_blocked, id=840, stack(0x00000017dd200000,0x00000017dd300000) (1024K)]
  0x0000017ef7580650 JavaThread "JNA Cleaner"                daemon [_thread_blocked, id=6492, stack(0x00000017dd300000,0x00000017dd400000) (1024K)]
  0x0000017ef7581a00 JavaThread "Worker-0"                          [_thread_blocked, id=1696, stack(0x00000017dd400000,0x00000017dd500000) (1024K)]
  0x0000017ef7582090 JavaThread "Worker-1"                          [_thread_blocked, id=2256, stack(0x00000017dd500000,0x00000017dd600000) (1024K)]
  0x0000017ef7582720 JavaThread "Java indexing"              daemon [_thread_blocked, id=5976, stack(0x00000017dd600000,0x00000017dd700000) (1024K)]
  0x0000017ef7521200 JavaThread "Thread-1"                   daemon [_thread_in_native, id=3188, stack(0x00000017ddd00000,0x00000017dde00000) (1024K)]
  0x0000017ef751f7c0 JavaThread "Thread-2"                   daemon [_thread_in_native, id=2184, stack(0x00000017dde00000,0x00000017ddf00000) (1024K)]
  0x0000017ef7523ff0 JavaThread "Thread-3"                   daemon [_thread_in_native, id=2248, stack(0x00000017ddf00000,0x00000017de000000) (1024K)]
  0x0000017ef7521890 JavaThread "Thread-4"                   daemon [_thread_in_native, id=2920, stack(0x00000017de000000,0x00000017de100000) (1024K)]
  0x0000017ef751fe50 JavaThread "Thread-5"                   daemon [_thread_in_native, id=8108, stack(0x00000017de100000,0x00000017de200000) (1024K)]
  0x0000017ef75204e0 JavaThread "pool-2-thread-1"                   [_thread_blocked, id=7492, stack(0x00000017de200000,0x00000017de300000) (1024K)]
  0x0000017ef7522c40 JavaThread "WorkspaceEventsHandler"            [_thread_blocked, id=5304, stack(0x00000017de600000,0x00000017de700000) (1024K)]
  0x0000017ef751d6f0 JavaThread "pool-1-thread-1"                   [_thread_blocked, id=5956, stack(0x00000017de700000,0x00000017de800000) (1024K)]
  0x0000017ef75232d0 JavaThread "Timer-0"                           [_thread_blocked, id=4844, stack(0x00000017de800000,0x00000017de900000) (1024K)]
  0x0000017ef751f130 JavaThread "ForkJoinPool.commonPool-worker-6" daemon [_thread_blocked, id=9548, stack(0x00000017db800000,0x00000017db900000) (1024K)]
  0x0000017ef7523960 JavaThread "ForkJoinPool.commonPool-worker-7" daemon [_thread_in_Java, id=8044, stack(0x00000017db900000,0x00000017dba00000) (1024K)]
  0x0000017ef7524680 JavaThread "ForkJoinPool.commonPool-worker-8" daemon [_thread_blocked, id=3616, stack(0x00000017dbb00000,0x00000017dbc00000) (1024K)]
Total: 34

Other Threads:
  0x0000017eda8fe600 VMThread "VM Thread"                           [id=5688, stack(0x00000017dbe00000,0x00000017dbf00000) (1024K)]
  0x0000017eda8a9d00 WatcherThread "VM Periodic Task Thread"        [id=6476, stack(0x00000017dbd00000,0x00000017dbe00000) (1024K)]
  0x0000017eda85d4b0 WorkerThread "GC Thread#0"                     [id=744, stack(0x00000017dbc00000,0x00000017dbd00000) (1024K)]
  0x0000017ef68eab70 WorkerThread "GC Thread#1"                     [id=6084, stack(0x00000017dca00000,0x00000017dcb00000) (1024K)]
  0x0000017ef673e0b0 WorkerThread "GC Thread#2"                     [id=8876, stack(0x00000017dcb00000,0x00000017dcc00000) (1024K)]
  0x0000017ef673e460 WorkerThread "GC Thread#3"                     [id=7668, stack(0x00000017dcc00000,0x00000017dcd00000) (1024K)]
Total: 6

Threads with active compile tasks:
C2 CompilerThread0  3537572 11531  s    4       org.eclipse.jdt.internal.compiler.classfmt.MethodInfo::readCodeAttribute (122 bytes)
Total: 1

VM state: not at safepoint (normal execution)

VM Mutex/Monitor currently owned by a thread: None

Heap address: 0x0000000080000000, size: 2048 MB, Compressed Oops mode: 32-bit

CDS archive(s) mapped at: [0x0000017e80000000-0x0000017e80ba0000-0x0000017e80ba0000), size 12189696, SharedBaseAddress: 0x0000017e80000000, ArchiveRelocationMode: 1.
Compressed class space mapped at: 0x0000017e81000000-0x0000017ec1000000, reserved size: 1073741824
Narrow klass base: 0x0000017e80000000, Narrow klass shift: 0, Narrow klass range: 0x100000000

GC Precious Log:
 CardTable entry size: 512
 CPUs: 4 total, 4 available
 Memory: 8082M
 Large Page Support: Disabled
 NUMA Support: Disabled
 Compressed Oops: Enabled (32-bit)
 Alignments: Space 512K, Generation 512K, Heap 2M
 Heap Min Capacity: 100M
 Heap Initial Capacity: 100M
 Heap Max Capacity: 2G
 Pre-touch: Disabled
 Parallel Workers: 4

Heap:
 PSYoungGen      total 9216K, used 7035K [0x00000000d5580000, 0x00000000d6000000, 0x0000000100000000)
  eden space 8704K, 79% used [0x00000000d5580000,0x00000000d5c3ec18,0x00000000d5e00000)
  from space 512K, 25% used [0x00000000d5f80000,0x00000000d5fa0000,0x00000000d6000000)
  to   space 512K, 0% used [0x00000000d5f00000,0x00000000d5f00000,0x00000000d5f80000)
 ParOldGen       total 1320448K, used 1320189K [0x0000000080000000, 0x00000000d0980000, 0x00000000d5580000)
  object space 1320448K, 99% used [0x0000000080000000,0x00000000d093f600,0x00000000d0980000)
 Metaspace       used 67610K, committed 69696K, reserved 1114112K
  class space    used 7807K, committed 8640K, reserved 1048576K

Card table byte_map: [0x0000017eda220000,0x0000017eda630000] _byte_map_base: 0x0000017ed9e20000

Marking Bits: (ParMarkBitMap*) 0x00007ff9969b3450
 Begin Bits: [0x0000017eecd00000, 0x0000017eeed00000)
 End Bits:   [0x0000017eeed00000, 0x0000017ef0d00000)

Polling page: 0x0000017eda010000

Metaspace:

Usage:
  Non-class:     58.40 MB used.
      Class:      7.62 MB used.
       Both:     66.03 MB used.

Virtual space:
  Non-class space:       64.00 MB reserved,      59.62 MB ( 93%) committed,  1 nodes.
      Class space:        1.00 GB reserved,       8.44 MB ( <1%) committed,  1 nodes.
             Both:        1.06 GB reserved,      68.06 MB (  6%) committed. 

Chunk freelists:
   Non-Class:  4.50 MB
       Class:  7.71 MB
        Both:  12.20 MB

MaxMetaspaceSize: unlimited
CompressedClassSpaceSize: 1.00 GB
Initial GC threshold: 21.00 MB
Current GC threshold: 113.44 MB
CDS: on
 - commit_granule_bytes: 65536.
 - commit_granule_words: 8192.
 - virtual_space_node_default_size: 8388608.
 - enlarge_chunks_in_place: 1.
 - use_allocation_guard: 0.


Internal statistics:

num_allocs_failed_limit: 11.
num_arena_births: 1290.
num_arena_deaths: 554.
num_vsnodes_births: 2.
num_vsnodes_deaths: 0.
num_space_committed: 1089.
num_space_uncommitted: 0.
num_chunks_returned_to_freelist: 634.
num_chunks_taken_from_freelist: 4116.
num_chunk_merges: 183.
num_chunk_splits: 2640.
num_chunks_enlarged: 1631.
num_inconsistent_stats: 0.

CodeHeap 'non-profiled nmethods': size=120000Kb used=7657Kb max_used=8027Kb free=112342Kb
 bounds [0x0000017ee5520000, 0x0000017ee5d00000, 0x0000017eeca50000]
CodeHeap 'profiled nmethods': size=120000Kb used=19430Kb max_used=22280Kb free=100569Kb
 bounds [0x0000017edda50000, 0x0000017edf020000, 0x0000017ee4f80000]
CodeHeap 'non-nmethods': size=5760Kb used=1448Kb max_used=1519Kb free=4311Kb
 bounds [0x0000017ee4f80000, 0x0000017ee51f0000, 0x0000017ee5520000]
CodeCache: size=245760Kb, used=28535Kb, max_used=31826Kb, free=217222Kb
 total_blobs=10474, nmethods=9718, adapters=661, full_count=0
Compilation: enabled, stopped_count=0, restarted_count=0

Compilation events (20 events):
Event: 3535.930 Thread 0x0000017ef1233790 nmethod 11521 0x0000017ee55f0390 code [0x0000017ee55f0700, 0x0000017ee55f1c58]
Event: 3535.976 Thread 0x0000017ef12a80a0 11522       3       org.eclipse.jdt.internal.compiler.classfmt.MethodInfo::decodeMethodParameters (129 bytes)
Event: 3535.977 Thread 0x0000017ef12a80a0 nmethod 11522 0x0000017eddb3f790 code [0x0000017eddb3fa20, 0x0000017eddb40840]
Event: 3536.153 Thread 0x0000017ef12a80a0 11523       3       org.eclipse.jdt.internal.compiler.classfmt.FieldInfoWithAnnotation::initialize (43 bytes)
Event: 3536.154 Thread 0x0000017ef12a80a0 nmethod 11523 0x0000017edda83c90 code [0x0000017edda83ee0, 0x0000017edda848a8]
Event: 3536.154 Thread 0x0000017ef12a80a0 11524       3       org.eclipse.jdt.internal.compiler.classfmt.FieldInfoWithAnnotation::reset (43 bytes)
Event: 3536.154 Thread 0x0000017ef12a80a0 nmethod 11524 0x0000017eddb23110 code [0x0000017eddb232c0, 0x0000017eddb23670]
Event: 3536.237 Thread 0x0000017ef1233790 11525       4       java.util.TreeMap::successor (66 bytes)
Event: 3536.239 Thread 0x0000017ef1233790 nmethod 11525 0x0000017ee55b0710 code [0x0000017ee55b08a0, 0x0000017ee55b09a0]
Event: 3536.413 Thread 0x0000017ef1233790 11526       4       java.util.TreeMap$PrivateEntryIterator::nextEntry (54 bytes)
Event: 3536.417 Thread 0x0000017ef1233790 nmethod 11526 0x0000017ee56c7710 code [0x0000017ee56c78a0, 0x0000017ee56c7a28]
Event: 3536.569 Thread 0x0000017ef1233790 11527       4       org.eclipse.jdt.internal.core.nd.util.CharArrayUtils::indexOf (25 bytes)
Event: 3536.573 Thread 0x0000017ef1233790 nmethod 11527 0x0000017ee564b810 code [0x0000017ee564b9a0, 0x0000017ee564bb50]
Event: 3536.976 Thread 0x0000017ef12a80a0 11528       1       org.eclipse.jdt.internal.core.TypeParameter::getElementName (5 bytes)
Event: 3536.976 Thread 0x0000017ef12a80a0 nmethod 11528 0x0000017ee58ba990 code [0x0000017ee58bab20, 0x0000017ee58babe8]
Event: 3536.976 Thread 0x0000017ef12a80a0 11529       1       org.eclipse.jdt.internal.core.TypeParameter::getElementType (3 bytes)
Event: 3536.977 Thread 0x0000017ef12a80a0 nmethod 11529 0x0000017ee57dc310 code [0x0000017ee57dc4a0, 0x0000017ee57dc568]
Event: 3537.126 Thread 0x0000017ef1233790 11530       4       org.eclipse.jdt.internal.core.Openable::resource (28 bytes)
Event: 3537.131 Thread 0x0000017ef1233790 nmethod 11530 0x0000017ee568cd10 code [0x0000017ee568cec0, 0x0000017ee568d030]
Event: 3537.387 Thread 0x0000017ef1233790 11531  s    4       org.eclipse.jdt.internal.compiler.classfmt.MethodInfo::readCodeAttribute (122 bytes)

GC Heap History (20 events):
Event: 3537.228 GC heap after
{Heap after GC invocations=590 (full 4):
 PSYoungGen      total 9216K, used 128K [0x00000000d5580000, 0x00000000d6000000, 0x0000000100000000)
  eden space 8704K, 0% used [0x00000000d5580000,0x00000000d5580000,0x00000000d5e00000)
  from space 512K, 25% used [0x00000000d5f00000,0x00000000d5f20000,0x00000000d5f80000)
  to   space 512K, 0% used [0x00000000d5f80000,0x00000000d5f80000,0x00000000d6000000)
 ParOldGen       total 1319936K, used 1319829K [0x0000000080000000, 0x00000000d0900000, 0x00000000d5580000)
  object space 1319936K, 99% used [0x0000000080000000,0x00000000d08e5600,0x00000000d0900000)
 Metaspace       used 67610K, committed 69696K, reserved 1114112K
  class space    used 7807K, committed 8640K, reserved 1048576K
}
Event: 3537.243 GC heap before
{Heap before GC invocations=591 (full 4):
 PSYoungGen      total 9216K, used 7035K [0x00000000d5580000, 0x00000000d6000000, 0x0000000100000000)
  eden space 8704K, 79% used [0x00000000d5580000,0x00000000d5c3ee40,0x00000000d5e00000)
  from space 512K, 25% used [0x00000000d5f00000,0x00000000d5f20000,0x00000000d5f80000)
  to   space 512K, 0% used [0x00000000d5f80000,0x00000000d5f80000,0x00000000d6000000)
 ParOldGen       total 1319936K, used 1319829K [0x0000000080000000, 0x00000000d0900000, 0x00000000d5580000)
  object space 1319936K, 99% used [0x0000000080000000,0x00000000d08e5600,0x00000000d0900000)
 Metaspace       used 67610K, committed 69696K, reserved 1114112K
  class space    used 7807K, committed 8640K, reserved 1048576K
}
Event: 3537.244 GC heap after
{Heap after GC invocations=591 (full 4):
 PSYoungGen      total 9216K, used 128K [0x00000000d5580000, 0x00000000d6000000, 0x0000000100000000)
  eden space 8704K, 0% used [0x00000000d5580000,0x00000000d5580000,0x00000000d5e00000)
  from space 512K, 25% used [0x00000000d5f80000,0x00000000d5fa0000,0x00000000d6000000)
  to   space 512K, 0% used [0x00000000d5f00000,0x00000000d5f00000,0x00000000d5f80000)
 ParOldGen       total 1319936K, used 1319853K [0x0000000080000000, 0x00000000d0900000, 0x00000000d5580000)
  object space 1319936K, 99% used [0x0000000080000000,0x00000000d08eb600,0x00000000d0900000)
 Metaspace       used 67610K, committed 69696K, reserved 1114112K
  class space    used 7807K, committed 8640K, reserved 1048576K
}
Event: 3537.260 GC heap before
{Heap before GC invocations=592 (full 4):
 PSYoungGen      total 9216K, used 7035K [0x00000000d5580000, 0x00000000d6000000, 0x0000000100000000)
  eden space 8704K, 79% used [0x00000000d5580000,0x00000000d5c3ee90,0x00000000d5e00000)
  from space 512K, 25% used [0x00000000d5f80000,0x00000000d5fa0000,0x00000000d6000000)
  to   space 512K, 0% used [0x00000000d5f00000,0x00000000d5f00000,0x00000000d5f80000)
 ParOldGen       total 1319936K, used 1319853K [0x0000000080000000, 0x00000000d0900000, 0x00000000d5580000)
  object space 1319936K, 99% used [0x0000000080000000,0x00000000d08eb600,0x00000000d0900000)
 Metaspace       used 67610K, committed 69696K, reserved 1114112K
  class space    used 7807K, committed 8640K, reserved 1048576K
}
Event: 3537.262 GC heap after
{Heap after GC invocations=592 (full 4):
 PSYoungGen      total 9216K, used 96K [0x00000000d5580000, 0x00000000d6000000, 0x0000000100000000)
  eden space 8704K, 0% used [0x00000000d5580000,0x00000000d5580000,0x00000000d5e00000)
  from space 512K, 18% used [0x00000000d5f00000,0x00000000d5f18000,0x00000000d5f80000)
  to   space 512K, 0% used [0x00000000d5f80000,0x00000000d5f80000,0x00000000d6000000)
 ParOldGen       total 1319936K, used 1319877K [0x0000000080000000, 0x00000000d0900000, 0x00000000d5580000)
  object space 1319936K, 99% used [0x0000000080000000,0x00000000d08f1600,0x00000000d0900000)
 Metaspace       used 67610K, committed 69696K, reserved 1114112K
  class space    used 7807K, committed 8640K, reserved 1048576K
}
Event: 3537.284 GC heap before
{Heap before GC invocations=593 (full 4):
 PSYoungGen      total 9216K, used 7003K [0x00000000d5580000, 0x00000000d6000000, 0x0000000100000000)
  eden space 8704K, 79% used [0x00000000d5580000,0x00000000d5c3eea0,0x00000000d5e00000)
  from space 512K, 18% used [0x00000000d5f00000,0x00000000d5f18000,0x00000000d5f80000)
  to   space 512K, 0% used [0x00000000d5f80000,0x00000000d5f80000,0x00000000d6000000)
 ParOldGen       total 1319936K, used 1319877K [0x0000000080000000, 0x00000000d0900000, 0x00000000d5580000)
  object space 1319936K, 99% used [0x0000000080000000,0x00000000d08f1600,0x00000000d0900000)
 Metaspace       used 67610K, committed 69696K, reserved 1114112K
  class space    used 7807K, committed 8640K, reserved 1048576K
}
Event: 3537.286 GC heap after
{Heap after GC invocations=593 (full 4):
 PSYoungGen      total 9216K, used 64K [0x00000000d5580000, 0x00000000d6000000, 0x0000000100000000)
  eden space 8704K, 0% used [0x00000000d5580000,0x00000000d5580000,0x00000000d5e00000)
  from space 512K, 12% used [0x00000000d5f80000,0x00000000d5f90000,0x00000000d6000000)
  to   space 512K, 0% used [0x00000000d5f00000,0x00000000d5f00000,0x00000000d5f80000)
 ParOldGen       total 1319936K, used 1319885K [0x0000000080000000, 0x00000000d0900000, 0x00000000d5580000)
  object space 1319936K, 99% used [0x0000000080000000,0x00000000d08f3600,0x00000000d0900000)
 Metaspace       used 67610K, committed 69696K, reserved 1114112K
  class space    used 7807K, committed 8640K, reserved 1048576K
}
Event: 3537.303 GC heap before
{Heap before GC invocations=594 (full 4):
 PSYoungGen      total 9216K, used 6971K [0x00000000d5580000, 0x00000000d6000000, 0x0000000100000000)
  eden space 8704K, 79% used [0x00000000d5580000,0x00000000d5c3ee88,0x00000000d5e00000)
  from space 512K, 12% used [0x00000000d5f80000,0x00000000d5f90000,0x00000000d6000000)
  to   space 512K, 0% used [0x00000000d5f00000,0x00000000d5f00000,0x00000000d5f80000)
 ParOldGen       total 1319936K, used 1319885K [0x0000000080000000, 0x00000000d0900000, 0x00000000d5580000)
  object space 1319936K, 99% used [0x0000000080000000,0x00000000d08f3600,0x00000000d0900000)
 Metaspace       used 67610K, committed 69696K, reserved 1114112K
  class space    used 7807K, committed 8640K, reserved 1048576K
}
Event: 3537.305 GC heap after
{Heap after GC invocations=594 (full 4):
 PSYoungGen      total 9216K, used 128K [0x00000000d5580000, 0x00000000d6000000, 0x0000000100000000)
  eden space 8704K, 0% used [0x00000000d5580000,0x00000000d5580000,0x00000000d5e00000)
  from space 512K, 25% used [0x00000000d5f00000,0x00000000d5f20000,0x00000000d5f80000)
  to   space 512K, 0% used [0x00000000d5f80000,0x00000000d5f80000,0x00000000d6000000)
 ParOldGen       total 1319936K, used 1319917K [0x0000000080000000, 0x00000000d0900000, 0x00000000d5580000)
  object space 1319936K, 99% used [0x0000000080000000,0x00000000d08fb600,0x00000000d0900000)
 Metaspace       used 67610K, committed 69696K, reserved 1114112K
  class space    used 7807K, committed 8640K, reserved 1048576K
}
Event: 3537.321 GC heap before
{Heap before GC invocations=595 (full 4):
 PSYoungGen      total 9216K, used 7035K [0x00000000d5580000, 0x00000000d6000000, 0x0000000100000000)
  eden space 8704K, 79% used [0x00000000d5580000,0x00000000d5c3ee90,0x00000000d5e00000)
  from space 512K, 25% used [0x00000000d5f00000,0x00000000d5f20000,0x00000000d5f80000)
  to   space 512K, 0% used [0x00000000d5f80000,0x00000000d5f80000,0x00000000d6000000)
 ParOldGen       total 1319936K, used 1319917K [0x0000000080000000, 0x00000000d0900000, 0x00000000d5580000)
  object space 1319936K, 99% used [0x0000000080000000,0x00000000d08fb600,0x00000000d0900000)
 Metaspace       used 67610K, committed 69696K, reserved 1114112K
  class space    used 7807K, committed 8640K, reserved 1048576K
}
Event: 3537.323 GC heap after
{Heap after GC invocations=595 (full 4):
 PSYoungGen      total 9216K, used 128K [0x00000000d5580000, 0x00000000d6000000, 0x0000000100000000)
  eden space 8704K, 0% used [0x00000000d5580000,0x00000000d5580000,0x00000000d5e00000)
  from space 512K, 25% used [0x00000000d5f80000,0x00000000d5fa0000,0x00000000d6000000)
  to   space 512K, 0% used [0x00000000d5f00000,0x00000000d5f00000,0x00000000d5f80000)
 ParOldGen       total 1319936K, used 1319933K [0x0000000080000000, 0x00000000d0900000, 0x00000000d5580000)
  object space 1319936K, 99% used [0x0000000080000000,0x00000000d08ff600,0x00000000d0900000)
 Metaspace       used 67610K, committed 69696K, reserved 1114112K
  class space    used 7807K, committed 8640K, reserved 1048576K
}
Event: 3537.340 GC heap before
{Heap before GC invocations=596 (full 4):
 PSYoungGen      total 9216K, used 7035K [0x00000000d5580000, 0x00000000d6000000, 0x0000000100000000)
  eden space 8704K, 79% used [0x00000000d5580000,0x00000000d5c3ee88,0x00000000d5e00000)
  from space 512K, 25% used [0x00000000d5f80000,0x00000000d5fa0000,0x00000000d6000000)
  to   space 512K, 0% used [0x00000000d5f00000,0x00000000d5f00000,0x00000000d5f80000)
 ParOldGen       total 1319936K, used 1319933K [0x0000000080000000, 0x00000000d0900000, 0x00000000d5580000)
  object space 1319936K, 99% used [0x0000000080000000,0x00000000d08ff600,0x00000000d0900000)
 Metaspace       used 67610K, committed 69696K, reserved 1114112K
  class space    used 7807K, committed 8640K, reserved 1048576K
}
Event: 3537.342 GC heap after
{Heap after GC invocations=596 (full 4):
 PSYoungGen      total 9216K, used 128K [0x00000000d5580000, 0x00000000d6000000, 0x0000000100000000)
  eden space 8704K, 0% used [0x00000000d5580000,0x00000000d5580000,0x00000000d5e00000)
  from space 512K, 25% used [0x00000000d5f00000,0x00000000d5f20000,0x00000000d5f80000)
  to   space 512K, 0% used [0x00000000d5f80000,0x00000000d5f80000,0x00000000d6000000)
 ParOldGen       total 1320448K, used 1319965K [0x0000000080000000, 0x00000000d0980000, 0x00000000d5580000)
  object space 1320448K, 99% used [0x0000000080000000,0x00000000d0907600,0x00000000d0980000)
 Metaspace       used 67610K, committed 69696K, reserved 1114112K
  class space    used 7807K, committed 8640K, reserved 1048576K
}
Event: 3537.355 GC heap before
{Heap before GC invocations=597 (full 4):
 PSYoungGen      total 9216K, used 7035K [0x00000000d5580000, 0x00000000d6000000, 0x0000000100000000)
  eden space 8704K, 79% used [0x00000000d5580000,0x00000000d5c3eeb8,0x00000000d5e00000)
  from space 512K, 25% used [0x00000000d5f00000,0x00000000d5f20000,0x00000000d5f80000)
  to   space 512K, 0% used [0x00000000d5f80000,0x00000000d5f80000,0x00000000d6000000)
 ParOldGen       total 1320448K, used 1319965K [0x0000000080000000, 0x00000000d0980000, 0x00000000d5580000)
  object space 1320448K, 99% used [0x0000000080000000,0x00000000d0907600,0x00000000d0980000)
 Metaspace       used 67610K, committed 69696K, reserved 1114112K
  class space    used 7807K, committed 8640K, reserved 1048576K
}
Event: 3537.357 GC heap after
{Heap after GC invocations=597 (full 4):
 PSYoungGen      total 9216K, used 128K [0x00000000d5580000, 0x00000000d6000000, 0x0000000100000000)
  eden space 8704K, 0% used [0x00000000d5580000,0x00000000d5580000,0x00000000d5e00000)
  from space 512K, 25% used [0x00000000d5f80000,0x00000000d5fa0000,0x00000000d6000000)
  to   space 512K, 0% used [0x00000000d5f00000,0x00000000d5f00000,0x00000000d5f80000)
 ParOldGen       total 1320448K, used 1319989K [0x0000000080000000, 0x00000000d0980000, 0x00000000d5580000)
  object space 1320448K, 99% used [0x0000000080000000,0x00000000d090d600,0x00000000d0980000)
 Metaspace       used 67610K, committed 69696K, reserved 1114112K
  class space    used 7807K, committed 8640K, reserved 1048576K
}
Event: 3537.371 GC heap before
{Heap before GC invocations=598 (full 4):
 PSYoungGen      total 9216K, used 7035K [0x00000000d5580000, 0x00000000d6000000, 0x0000000100000000)
  eden space 8704K, 79% used [0x00000000d5580000,0x00000000d5c3ee88,0x00000000d5e00000)
  from space 512K, 25% used [0x00000000d5f80000,0x00000000d5fa0000,0x00000000d6000000)
  to   space 512K, 0% used [0x00000000d5f00000,0x00000000d5f00000,0x00000000d5f80000)
 ParOldGen       total 1320448K, used 1319989K [0x0000000080000000, 0x00000000d0980000, 0x00000000d5580000)
  object space 1320448K, 99% used [0x0000000080000000,0x00000000d090d600,0x00000000d0980000)
 Metaspace       used 67610K, committed 69696K, reserved 1114112K
  class space    used 7807K, committed 8640K, reserved 1048576K
}
Event: 3537.372 GC heap after
{Heap after GC invocations=598 (full 4):
 PSYoungGen      total 9216K, used 128K [0x00000000d5580000, 0x00000000d6000000, 0x0000000100000000)
  eden space 8704K, 0% used [0x00000000d5580000,0x00000000d5580000,0x00000000d5e00000)
  from space 512K, 25% used [0x00000000d5f00000,0x00000000d5f20000,0x00000000d5f80000)
  to   space 512K, 0% used [0x00000000d5f80000,0x00000000d5f80000,0x00000000d6000000)
 ParOldGen       total 1320448K, used 1320021K [0x0000000080000000, 0x00000000d0980000, 0x00000000d5580000)
  object space 1320448K, 99% used [0x0000000080000000,0x00000000d0915600,0x00000000d0980000)
 Metaspace       used 67610K, committed 69696K, reserved 1114112K
  class space    used 7807K, committed 8640K, reserved 1048576K
}
Event: 3537.389 GC heap before
{Heap before GC invocations=599 (full 4):
 PSYoungGen      total 9216K, used 7208K [0x00000000d5580000, 0x00000000d6000000, 0x0000000100000000)
  eden space 8704K, 81% used [0x00000000d5580000,0x00000000d5c6a3b0,0x00000000d5e00000)
  from space 512K, 25% used [0x00000000d5f00000,0x00000000d5f20000,0x00000000d5f80000)
  to   space 512K, 0% used [0x00000000d5f80000,0x00000000d5f80000,0x00000000d6000000)
 ParOldGen       total 1320448K, used 1320021K [0x0000000080000000, 0x00000000d0980000, 0x00000000d5580000)
  object space 1320448K, 99% used [0x0000000080000000,0x00000000d0915600,0x00000000d0980000)
 Metaspace       used 67610K, committed 69696K, reserved 1114112K
  class space    used 7807K, committed 8640K, reserved 1048576K
}
Event: 3537.391 GC heap after
{Heap after GC invocations=599 (full 4):
 PSYoungGen      total 9216K, used 128K [0x00000000d5580000, 0x00000000d6000000, 0x0000000100000000)
  eden space 8704K, 0% used [0x00000000d5580000,0x00000000d5580000,0x00000000d5e00000)
  from space 512K, 25% used [0x00000000d5f80000,0x00000000d5fa0000,0x00000000d6000000)
  to   space 512K, 0% used [0x00000000d5f00000,0x00000000d5f00000,0x00000000d5f80000)
 ParOldGen       total 1320448K, used 1320037K [0x0000000080000000, 0x00000000d0980000, 0x00000000d5580000)
  object space 1320448K, 99% used [0x0000000080000000,0x00000000d0919600,0x00000000d0980000)
 Metaspace       used 67610K, committed 69696K, reserved 1114112K
  class space    used 7807K, committed 8640K, reserved 1048576K
}
Event: 3537.411 GC heap before
{Heap before GC invocations=600 (full 4):
 PSYoungGen      total 9216K, used 7035K [0x00000000d5580000, 0x00000000d6000000, 0x0000000100000000)
  eden space 8704K, 79% used [0x00000000d5580000,0x00000000d5c3ef90,0x00000000d5e00000)
  from space 512K, 25% used [0x00000000d5f80000,0x00000000d5fa0000,0x00000000d6000000)
  to   space 512K, 0% used [0x00000000d5f00000,0x00000000d5f00000,0x00000000d5f80000)
 ParOldGen       total 1320448K, used 1320037K [0x0000000080000000, 0x00000000d0980000, 0x00000000d5580000)
  object space 1320448K, 99% used [0x0000000080000000,0x00000000d0919600,0x00000000d0980000)
 Metaspace       used 67610K, committed 69696K, reserved 1114112K
  class space    used 7807K, committed 8640K, reserved 1048576K
}

Dll operation events (15 events):
Event: 0.011 Loaded shared library c:\Users\umer\.antigravity\extensions\redhat.java-1.53.0-win32-x64\jre\21.0.10-win32-x86_64\bin\java.dll
Event: 0.095 Loaded shared library c:\Users\umer\.antigravity\extensions\redhat.java-1.53.0-win32-x64\jre\21.0.10-win32-x86_64\bin\zip.dll
Event: 0.147 Loaded shared library C:\Users\umer\.antigravity\extensions\redhat.java-1.53.0-win32-x64\jre\21.0.10-win32-x86_64\bin\instrument.dll
Event: 0.152 Loaded shared library C:\Users\umer\.antigravity\extensions\redhat.java-1.53.0-win32-x64\jre\21.0.10-win32-x86_64\bin\net.dll
Event: 0.153 Loaded shared library C:\Users\umer\.antigravity\extensions\redhat.java-1.53.0-win32-x64\jre\21.0.10-win32-x86_64\bin\nio.dll
Event: 0.158 Loaded shared library C:\Users\umer\.antigravity\extensions\redhat.java-1.53.0-win32-x64\jre\21.0.10-win32-x86_64\bin\zip.dll
Event: 0.183 Loaded shared library C:\Users\umer\.antigravity\extensions\redhat.java-1.53.0-win32-x64\jre\21.0.10-win32-x86_64\bin\jimage.dll
Event: 0.253 Loaded shared library c:\Users\umer\.antigravity\extensions\redhat.java-1.53.0-win32-x64\jre\21.0.10-win32-x86_64\bin\verify.dll
Event: 1.921 Loaded shared library C:\Users\umer\AppData\Roaming\Antigravity\User\globalStorage\redhat.java\1.53.0\config_win\org.eclipse.equinox.launcher\org.eclipse.equinox.launcher.win32.win32.x86_64_1.3.0.v20260203-2149\eclipse_11919.dll
Event: 3.680 Loaded shared library C:\Users\umer\AppData\Local\Temp\jna-3593541\jna10534584331518068706.dll
Event: 11.853 Loaded shared library C:\Users\umer\.antigravity\extensions\redhat.java-1.53.0-win32-x64\jre\21.0.10-win32-x86_64\bin\sunmscapi.dll
Event: 12.842 Loaded shared library C:\Users\umer\.antigravity\extensions\redhat.java-1.53.0-win32-x64\jre\21.0.10-win32-x86_64\bin\extnet.dll
Event: 40.810 Loaded shared library C:\Users\umer\.gradle\native\1def1411415f61bf3af743bc5b6707747c0891f09f0c88961ee8f79bc544acac\windows-amd64\native-platform.dll
Event: 42.228 Loaded shared library C:\Users\umer\.antigravity\extensions\redhat.java-1.53.0-win32-x64\jre\21.0.10-win32-x86_64\bin\management.dll
Event: 42.233 Loaded shared library C:\Users\umer\.antigravity\extensions\redhat.java-1.53.0-win32-x64\jre\21.0.10-win32-x86_64\bin\management_ext.dll

Deoptimization events (20 events):
Event: 3532.465 Thread 0x0000017ef7523960 Uncommon trap: trap_request=0xffffffd6 fr.pc=0x0000017ee585a754 relative=0x0000000000003094
Event: 3532.465 Thread 0x0000017ef7523960 Uncommon trap: reason=array_check action=maybe_recompile pc=0x0000017ee585a754 method=org.eclipse.jdt.internal.core.util.BootstrapMethodsAttribute.<init>([BLorg/eclipse/jdt/core/util/IConstantPool;I)V @ 71 c2
Event: 3532.465 Thread 0x0000017ef7523960 DEOPT PACKING pc=0x0000017ee585a754 sp=0x00000017db9fe450
Event: 3532.465 Thread 0x0000017ef7523960 DEOPT UNPACKING pc=0x0000017ee4fd3aa2 sp=0x00000017db9fe3e8 mode 2
Event: 3532.524 Thread 0x0000017ef7523960 Uncommon trap: trap_request=0xffffff45 fr.pc=0x0000017ee585f494 relative=0x0000000000007dd4
Event: 3532.524 Thread 0x0000017ef7523960 Uncommon trap: reason=unstable_if action=reinterpret pc=0x0000017ee585f494 method=org.eclipse.jdt.internal.core.util.ClassFileReader.<init>([BI)V @ 1432 c2
Event: 3532.524 Thread 0x0000017ef7523960 DEOPT PACKING pc=0x0000017ee585f494 sp=0x00000017db9fe450
Event: 3532.524 Thread 0x0000017ef7523960 DEOPT UNPACKING pc=0x0000017ee4fd3aa2 sp=0x00000017db9fe4a8 mode 2
Event: 3533.611 Thread 0x0000017ef7523960 Uncommon trap: trap_request=0xffffff45 fr.pc=0x0000017ee58c56b0 relative=0x0000000000000270
Event: 3533.611 Thread 0x0000017ef7523960 Uncommon trap: reason=unstable_if action=reinterpret pc=0x0000017ee58c56b0 method=java.util.HashMap.getNode(Ljava/lang/Object;)Ljava/util/HashMap$Node; @ 85 c2
Event: 3533.611 Thread 0x0000017ef7523960 DEOPT PACKING pc=0x0000017ee58c56b0 sp=0x00000017db9fe6a0
Event: 3533.611 Thread 0x0000017ef7523960 DEOPT UNPACKING pc=0x0000017ee4fd3aa2 sp=0x00000017db9fe5a0 mode 2
Event: 3534.058 Thread 0x0000017ef7523960 DEOPT PACKING pc=0x0000017ede66c52b sp=0x00000017db9fe320
Event: 3534.058 Thread 0x0000017ef7523960 DEOPT UNPACKING pc=0x0000017ee4fd4242 sp=0x00000017db9fd990 mode 0
Event: 3534.559 Thread 0x0000017ef7523960 DEOPT PACKING pc=0x0000017edeffb00a sp=0x00000017db9fdf00
Event: 3534.559 Thread 0x0000017ef7523960 DEOPT UNPACKING pc=0x0000017ee4fd4242 sp=0x00000017db9fd370 mode 0
Event: 3535.735 Thread 0x0000017ef7523960 DEOPT PACKING pc=0x0000017ede66c52b sp=0x00000017db9fe320
Event: 3535.735 Thread 0x0000017ef7523960 DEOPT UNPACKING pc=0x0000017ee4fd4242 sp=0x00000017db9fd990 mode 0
Event: 3536.570 Thread 0x0000017ef7523960 DEOPT PACKING pc=0x0000017edefacbc4 sp=0x00000017db9fdea0
Event: 3536.570 Thread 0x0000017ef7523960 DEOPT UNPACKING pc=0x0000017ee4fd4242 sp=0x00000017db9fd320 mode 0

Classes loaded (20 events):
Event: 194.576 Loading class jdk/internal/jrtfs/JrtPath
Event: 194.577 Loading class jdk/internal/jrtfs/JrtPath done
Event: 194.577 Loading class jdk/internal/jimage/ImageReader$Node
Event: 194.577 Loading class jdk/internal/jimage/ImageReader$Node done
Event: 194.584 Loading class java/nio/ByteBufferAsIntBufferL
Event: 194.585 Loading class java/nio/ByteBufferAsIntBufferL done
Event: 194.592 Loading class jdk/internal/jimage/ImageReader$Directory
Event: 194.592 Loading class jdk/internal/jimage/ImageReader$Directory done
Event: 194.790 Loading class java/util/regex/PatternSyntaxException
Event: 194.803 Loading class java/util/regex/PatternSyntaxException done
Event: 195.083 Loading class java/nio/channels/Channels$ReadableByteChannelImpl
Event: 195.083 Loading class java/nio/channels/Channels$ReadableByteChannelImpl done
Event: 195.083 Loading class java/nio/channels/NonWritableChannelException
Event: 195.083 Loading class java/nio/channels/NonWritableChannelException done
Event: 195.789 Loading class java/util/stream/DistinctOps
Event: 195.789 Loading class java/util/stream/DistinctOps done
Event: 195.789 Loading class java/util/stream/DistinctOps$1
Event: 195.790 Loading class java/util/stream/DistinctOps$1 done
Event: 195.792 Loading class java/util/stream/DistinctOps$1$2
Event: 195.792 Loading class java/util/stream/DistinctOps$1$2 done

Classes unloaded (20 events):
Event: 3530.078 Thread 0x0000017eda8fe600 Unloading class 0x0000017e8100d800 'java/lang/invoke/LambdaForm$MH+0x0000017e8100d800'
Event: 3530.079 Thread 0x0000017eda8fe600 Unloading class 0x0000017e8100d400 'java/lang/invoke/LambdaForm$MH+0x0000017e8100d400'
Event: 3530.079 Thread 0x0000017eda8fe600 Unloading class 0x0000017e8100d000 'java/lang/invoke/LambdaForm$MH+0x0000017e8100d000'
Event: 3530.079 Thread 0x0000017eda8fe600 Unloading class 0x0000017e8100cc00 'java/lang/invoke/LambdaForm$MH+0x0000017e8100cc00'
Event: 3530.079 Thread 0x0000017eda8fe600 Unloading class 0x0000017e8100c800 'java/lang/invoke/LambdaForm$BMH+0x0000017e8100c800'
Event: 3530.079 Thread 0x0000017eda8fe600 Unloading class 0x0000017e8100c000 'java/lang/invoke/LambdaForm$DMH+0x0000017e8100c000'
Event: 3530.080 Thread 0x0000017eda8fe600 Unloading class 0x0000017e81008c00 'java/lang/invoke/LambdaForm$MH+0x0000017e81008c00'
Event: 3530.080 Thread 0x0000017eda8fe600 Unloading class 0x0000017e81008800 'java/lang/invoke/LambdaForm$MH+0x0000017e81008800'
Event: 3530.080 Thread 0x0000017eda8fe600 Unloading class 0x0000017e81008400 'java/lang/invoke/LambdaForm$MH+0x0000017e81008400'
Event: 3530.081 Thread 0x0000017eda8fe600 Unloading class 0x0000017e81007000 'java/lang/invoke/LambdaForm$MH+0x0000017e81007000'
Event: 3530.081 Thread 0x0000017eda8fe600 Unloading class 0x0000017e81006800 'java/lang/invoke/LambdaForm$MH+0x0000017e81006800'
Event: 3530.081 Thread 0x0000017eda8fe600 Unloading class 0x0000017e81006400 'java/lang/invoke/LambdaForm$MH+0x0000017e81006400'
Event: 3530.081 Thread 0x0000017eda8fe600 Unloading class 0x0000017e81006000 'java/lang/invoke/LambdaForm$MH+0x0000017e81006000'
Event: 3530.081 Thread 0x0000017eda8fe600 Unloading class 0x0000017e81005c00 'java/lang/invoke/LambdaForm$BMH+0x0000017e81005c00'
Event: 3530.081 Thread 0x0000017eda8fe600 Unloading class 0x0000017e81004800 'java/lang/invoke/LambdaForm$DMH+0x0000017e81004800'
Event: 3530.081 Thread 0x0000017eda8fe600 Unloading class 0x0000017e81002800 'java/lang/invoke/LambdaForm$MH+0x0000017e81002800'
Event: 3530.081 Thread 0x0000017eda8fe600 Unloading class 0x0000017e81002400 'java/lang/invoke/LambdaForm$MH+0x0000017e81002400'
Event: 3530.081 Thread 0x0000017eda8fe600 Unloading class 0x0000017e81002000 'java/lang/invoke/LambdaForm$MH+0x0000017e81002000'
Event: 3530.081 Thread 0x0000017eda8fe600 Unloading class 0x0000017e81001800 'java/lang/invoke/LambdaForm$MH+0x0000017e81001800'
Event: 3530.081 Thread 0x0000017eda8fe600 Unloading class 0x0000017e81000400 'java/lang/invoke/LambdaForm$MH+0x0000017e81000400'

Classes redefined (0 events):
No events

Internal exceptions (20 events):
Event: 196.842 Thread 0x0000017ef7520b70 Exception <a 'sun/nio/fs/WindowsException'{0x00000000d55971a8}> (0x00000000d55971a8) 
thrown [s\src\hotspot\share\prims\jni.cpp, line 520]
Event: 196.842 Thread 0x0000017ef7520b70 Exception <a 'sun/nio/fs/WindowsException'{0x00000000d5597b80}> (0x00000000d5597b80) 
thrown [s\src\hotspot\share\prims\jni.cpp, line 520]
Event: 196.843 Thread 0x0000017ef7520b70 Exception <a 'sun/nio/fs/WindowsException'{0x00000000d56582f0}> (0x00000000d56582f0) 
thrown [s\src\hotspot\share\prims\jni.cpp, line 520]
Event: 196.843 Thread 0x0000017ef7520b70 Exception <a 'sun/nio/fs/WindowsException'{0x00000000d5658e30}> (0x00000000d5658e30) 
thrown [s\src\hotspot\share\prims\jni.cpp, line 520]
Event: 196.843 Thread 0x0000017ef7520b70 Exception <a 'sun/nio/fs/WindowsException'{0x00000000d565a1c8}> (0x00000000d565a1c8) 
thrown [s\src\hotspot\share\prims\jni.cpp, line 520]
Event: 196.843 Thread 0x0000017ef7520b70 Exception <a 'sun/nio/fs/WindowsException'{0x00000000d565aaa8}> (0x00000000d565aaa8) 
thrown [s\src\hotspot\share\prims\jni.cpp, line 520]
Event: 196.843 Thread 0x0000017ef7520b70 Exception <a 'sun/nio/fs/WindowsException'{0x00000000d565bd00}> (0x00000000d565bd00) 
thrown [s\src\hotspot\share\prims\jni.cpp, line 520]
Event: 196.843 Thread 0x0000017ef7520b70 Exception <a 'sun/nio/fs/WindowsException'{0x00000000d56c68e0}> (0x00000000d56c68e0) 
thrown [s\src\hotspot\share\prims\jni.cpp, line 520]
Event: 196.843 Thread 0x0000017ef7520b70 Exception <a 'sun/nio/fs/WindowsException'{0x00000000d56c7c90}> (0x00000000d56c7c90) 
thrown [s\src\hotspot\share\prims\jni.cpp, line 520]
Event: 196.843 Thread 0x0000017ef7520b70 Exception <a 'sun/nio/fs/WindowsException'{0x00000000d56c8668}> (0x00000000d56c8668) 
thrown [s\src\hotspot\share\prims\jni.cpp, line 520]
Event: 196.844 Thread 0x0000017ef7520b70 Exception <a 'sun/nio/fs/WindowsException'{0x00000000d574a770}> (0x00000000d574a770) 
thrown [s\src\hotspot\share\prims\jni.cpp, line 520]
Event: 196.844 Thread 0x0000017ef7520b70 Exception <a 'sun/nio/fs/WindowsException'{0x00000000d574b2b0}> (0x00000000d574b2b0) 
thrown [s\src\hotspot\share\prims\jni.cpp, line 520]
Event: 196.844 Thread 0x0000017ef7520b70 Exception <a 'sun/nio/fs/WindowsException'{0x00000000d574c648}> (0x00000000d574c648) 
thrown [s\src\hotspot\share\prims\jni.cpp, line 520]
Event: 196.844 Thread 0x0000017ef7520b70 Exception <a 'sun/nio/fs/WindowsException'{0x00000000d574cf28}> (0x00000000d574cf28) 
thrown [s\src\hotspot\share\prims\jni.cpp, line 520]
Event: 196.845 Thread 0x0000017ef7520b70 Exception <a 'sun/nio/fs/WindowsException'{0x00000000d580cf50}> (0x00000000d580cf50) 
thrown [s\src\hotspot\share\prims\jni.cpp, line 520]
Event: 196.845 Thread 0x0000017ef7520b70 Exception <a 'sun/nio/fs/WindowsException'{0x00000000d580d928}> (0x00000000d580d928) 
thrown [s\src\hotspot\share\prims\jni.cpp, line 520]
Event: 1210.337 Thread 0x0000017ef7581a00 Implicit null exception at 0x0000017ee5c08b0e to 0x0000017ee5c0a574
Event: 1210.355 Thread 0x0000017ef7581a00 Implicit null exception at 0x0000017ee5c052a3 to 0x0000017ee5c059dc
Event: 3519.264 Thread 0x0000017ef751d6f0 Exception <a 'java/lang/IncompatibleClassChangeError'{0x00000000d57b1778}: Found class java.lang.Object, but interface was expected> (0x00000000d57b1778) 
thrown [s\src\hotspot\share\interpreter\linkResolver.cpp, line 840]
Event: 3520.395 Thread 0x0000017ef7524680 Implicit null exception at 0x0000017ee5a7102a to 0x0000017ee5a717d8

ZGC Phase Switch (0 events):
No events

VM Operations (20 events):
Event: 3537.228 Executing safepoint VM operation: ParallelGCFailedAllocation (Allocation Failure) done
Event: 3537.243 Executing safepoint VM operation: ParallelGCFailedAllocation (Allocation Failure)
Event: 3537.244 Executing safepoint VM operation: ParallelGCFailedAllocation (Allocation Failure) done
Event: 3537.260 Executing safepoint VM operation: ParallelGCFailedAllocation (Allocation Failure)
Event: 3537.262 Executing safepoint VM operation: ParallelGCFailedAllocation (Allocation Failure) done
Event: 3537.284 Executing safepoint VM operation: ParallelGCFailedAllocation (Allocation Failure)
Event: 3537.286 Executing safepoint VM operation: ParallelGCFailedAllocation (Allocation Failure) done
Event: 3537.303 Executing safepoint VM operation: ParallelGCFailedAllocation (Allocation Failure)
Event: 3537.305 Executing safepoint VM operation: ParallelGCFailedAllocation (Allocation Failure) done
Event: 3537.321 Executing safepoint VM operation: ParallelGCFailedAllocation (Allocation Failure)
Event: 3537.323 Executing safepoint VM operation: ParallelGCFailedAllocation (Allocation Failure) done
Event: 3537.340 Executing safepoint VM operation: ParallelGCFailedAllocation (Allocation Failure)
Event: 3537.342 Executing safepoint VM operation: ParallelGCFailedAllocation (Allocation Failure) done
Event: 3537.355 Executing safepoint VM operation: ParallelGCFailedAllocation (Allocation Failure)
Event: 3537.357 Executing safepoint VM operation: ParallelGCFailedAllocation (Allocation Failure) done
Event: 3537.371 Executing safepoint VM operation: ParallelGCFailedAllocation (Allocation Failure)
Event: 3537.372 Executing safepoint VM operation: ParallelGCFailedAllocation (Allocation Failure) done
Event: 3537.389 Executing safepoint VM operation: ParallelGCFailedAllocation (Allocation Failure)
Event: 3537.391 Executing safepoint VM operation: ParallelGCFailedAllocation (Allocation Failure) done
Event: 3537.411 Executing safepoint VM operation: ParallelGCFailedAllocation (Allocation Failure)

Memory protections (0 events):
No events

Nmethod flushes (20 events):
Event: 3531.041 Thread 0x0000017eda8fe600 flushing  nmethod 0x0000017ede99eb90
Event: 3531.041 Thread 0x0000017eda8fe600 flushing  nmethod 0x0000017ede99f190
Event: 3531.041 Thread 0x0000017eda8fe600 flushing  nmethod 0x0000017ede9a0990
Event: 3531.041 Thread 0x0000017eda8fe600 flushing  nmethod 0x0000017ede9a1690
Event: 3531.042 Thread 0x0000017eda8fe600 flushing  nmethod 0x0000017ede9a4510
Event: 3531.042 Thread 0x0000017eda8fe600 flushing  nmethod 0x0000017ede9a6890
Event: 3531.042 Thread 0x0000017eda8fe600 flushing  nmethod 0x0000017ede9a7910
Event: 3531.042 Thread 0x0000017eda8fe600 flushing  nmethod 0x0000017ede9da510
Event: 3531.042 Thread 0x0000017eda8fe600 flushing  nmethod 0x0000017edea01510
Event: 3531.042 Thread 0x0000017eda8fe600 flushing  nmethod 0x0000017edea05690
Event: 3531.042 Thread 0x0000017eda8fe600 flushing  nmethod 0x0000017edea0f810
Event: 3531.042 Thread 0x0000017eda8fe600 flushing osr nmethod 0x0000017edea12590
Event: 3531.042 Thread 0x0000017eda8fe600 flushing  nmethod 0x0000017edea17210
Event: 3531.043 Thread 0x0000017eda8fe600 flushing  nmethod 0x0000017edea1ec90
Event: 3531.043 Thread 0x0000017eda8fe600 flushing  nmethod 0x0000017edea4e590
Event: 3531.044 Thread 0x0000017eda8fe600 flushing  nmethod 0x0000017edea4ee10
Event: 3531.044 Thread 0x0000017eda8fe600 flushing  nmethod 0x0000017edea5d010
Event: 3531.044 Thread 0x0000017eda8fe600 flushing  nmethod 0x0000017edea5d790
Event: 3531.045 Thread 0x0000017eda8fe600 flushing  nmethod 0x0000017edea60710
Event: 3531.045 Thread 0x0000017eda8fe600 flushing  nmethod 0x0000017edeb2fe90

Events (20 events):
Event: 176.210 Thread 0x0000017ef12a80a0 Thread added: 0x0000017ef6663ba0
Event: 176.456 Thread 0x0000017ef751f130 Thread exited: 0x0000017ef751f130
Event: 177.574 Thread 0x0000017ef6663ba0 Thread exited: 0x0000017ef6663ba0
Event: 193.991 Thread 0x0000017ef1233790 Thread added: 0x0000017ef6663ba0
Event: 194.142 Thread 0x0000017ef751d6f0 Thread added: 0x0000017ef7520b70
Event: 194.203 Thread 0x0000017ef7580ce0 Thread added: 0x0000017ef7523960
Event: 197.117 Thread 0x0000017ef6663ba0 Thread exited: 0x0000017ef6663ba0
Event: 197.673 Thread 0x0000017ef1233790 Thread added: 0x0000017ef6663ba0
Event: 203.238 Thread 0x0000017ef6663ba0 Thread exited: 0x0000017ef6663ba0
Event: 256.846 Thread 0x0000017ef7520b70 Thread exited: 0x0000017ef7520b70
Event: 257.686 Thread 0x0000017ef7580ce0 Thread exited: 0x0000017ef7580ce0
Event: 316.858 Thread 0x0000017ef7524680 Thread exited: 0x0000017ef7524680
Event: 376.858 Thread 0x0000017ef7523960 Thread exited: 0x0000017ef7523960
Event: 3519.404 Thread 0x0000017ef751d6f0 Thread added: 0x0000017ef751f130
Event: 3519.559 Thread 0x0000017ef751d6f0 Thread added: 0x0000017ef7523960
Event: 3520.339 Thread 0x0000017ef7523960 Thread added: 0x0000017ef7524680
Event: 3520.398 Thread 0x0000017ef12a80a0 Thread added: 0x0000017ef6663ba0
Event: 3520.742 Thread 0x0000017ef6663ba0 Thread exited: 0x0000017ef6663ba0
Event: 3521.978 Thread 0x0000017ef12a80a0 Thread added: 0x0000017ef656efb0
Event: 3523.509 Thread 0x0000017ef656efb0 Thread exited: 0x0000017ef656efb0


Dynamic libraries:
0x00007ff7718e0000 - 0x00007ff7718ee000 	c:\Users\umer\.antigravity\extensions\redhat.java-1.53.0-win32-x64\jre\21.0.10-win32-x86_64\bin\java.exe
0x00007ff9ca1d0000 - 0x00007ff9ca3c8000 	C:\Windows\SYSTEM32\ntdll.dll
0x00007ff9c90a0000 - 0x00007ff9c9162000 	C:\Windows\System32\KERNEL32.DLL
0x00007ff9c7ab0000 - 0x00007ff9c7da6000 	C:\Windows\System32\KERNELBASE.dll
0x00007ff9c7e50000 - 0x00007ff9c7f50000 	C:\Windows\System32\ucrtbase.dll
0x00007ff9c21c0000 - 0x00007ff9c21d8000 	c:\Users\umer\.antigravity\extensions\redhat.java-1.53.0-win32-x64\jre\21.0.10-win32-x86_64\bin\jli.dll
0x00007ff9c99e0000 - 0x00007ff9c9b81000 	C:\Windows\System32\USER32.dll
0x00007ff9c7980000 - 0x00007ff9c79a2000 	C:\Windows\System32\win32u.dll
0x00007ff9c9600000 - 0x00007ff9c962b000 	C:\Windows\System32\GDI32.dll
0x00007ff9c7860000 - 0x00007ff9c7979000 	C:\Windows\System32\gdi32full.dll
0x00007ff9c7db0000 - 0x00007ff9c7e4d000 	C:\Windows\System32\msvcp_win.dll
0x00007ff9b9070000 - 0x00007ff9b908e000 	c:\Users\umer\.antigravity\extensions\redhat.java-1.53.0-win32-x64\jre\21.0.10-win32-x86_64\bin\VCRUNTIME140.dll
0x00007ff9ada00000 - 0x00007ff9adc9b000 	C:\Windows\WinSxS\amd64_microsoft.windows.common-controls_6595b64144ccf1df_6.0.19041.6456_none_60b8a6cb71f64256\COMCTL32.dll
0x00007ff9c98f0000 - 0x00007ff9c998e000 	C:\Windows\System32\msvcrt.dll
0x00007ff9c99b0000 - 0x00007ff9c99df000 	C:\Windows\System32\IMM32.DLL
0x00007ff9c4c20000 - 0x00007ff9c4c2c000 	c:\Users\umer\.antigravity\extensions\redhat.java-1.53.0-win32-x64\jre\21.0.10-win32-x86_64\bin\vcruntime140_1.dll
0x00007ff9b59a0000 - 0x00007ff9b5a2d000 	c:\Users\umer\.antigravity\extensions\redhat.java-1.53.0-win32-x64\jre\21.0.10-win32-x86_64\bin\msvcp140.dll
0x00007ff995cf0000 - 0x00007ff996a91000 	c:\Users\umer\.antigravity\extensions\redhat.java-1.53.0-win32-x64\jre\21.0.10-win32-x86_64\bin\server\jvm.dll
0x00007ff9c82e0000 - 0x00007ff9c8391000 	C:\Windows\System32\ADVAPI32.dll
0x00007ff9c9850000 - 0x00007ff9c98ef000 	C:\Windows\System32\sechost.dll
0x00007ff9c8b10000 - 0x00007ff9c8c30000 	C:\Windows\System32\RPCRT4.dll
0x00007ff9c7a30000 - 0x00007ff9c7a57000 	C:\Windows\System32\bcrypt.dll
0x00007ff9ca000000 - 0x00007ff9ca06b000 	C:\Windows\System32\WS2_32.dll
0x00007ff9c76c0000 - 0x00007ff9c770b000 	C:\Windows\SYSTEM32\POWRPROF.dll
0x00007ff9b9420000 - 0x00007ff9b9447000 	C:\Windows\SYSTEM32\WINMM.dll
0x00007ff9b9450000 - 0x00007ff9b945a000 	C:\Windows\SYSTEM32\VERSION.dll
0x00007ff9c76a0000 - 0x00007ff9c76b2000 	C:\Windows\SYSTEM32\UMPDC.dll
0x00007ff9c56b0000 - 0x00007ff9c56c2000 	C:\Windows\SYSTEM32\kernel.appcore.dll
0x00007ff9b6380000 - 0x00007ff9b638a000 	c:\Users\umer\.antigravity\extensions\redhat.java-1.53.0-win32-x64\jre\21.0.10-win32-x86_64\bin\jimage.dll
0x00007ff9b90e0000 - 0x00007ff9b92e1000 	C:\Windows\SYSTEM32\DBGHELP.DLL
0x00007ff9b4d60000 - 0x00007ff9b4d94000 	C:\Windows\SYSTEM32\dbgcore.DLL
0x00007ff9c80b0000 - 0x00007ff9c8132000 	C:\Windows\System32\bcryptPrimitives.dll
0x00007ff9b6370000 - 0x00007ff9b637f000 	c:\Users\umer\.antigravity\extensions\redhat.java-1.53.0-win32-x64\jre\21.0.10-win32-x86_64\bin\instrument.dll
0x00007ff9b60e0000 - 0x00007ff9b6100000 	c:\Users\umer\.antigravity\extensions\redhat.java-1.53.0-win32-x64\jre\21.0.10-win32-x86_64\bin\java.dll
0x00007ff9c83a0000 - 0x00007ff9c8b10000 	C:\Windows\System32\SHELL32.dll
0x00007ff9c58b0000 - 0x00007ff9c6055000 	C:\Windows\SYSTEM32\windows.storage.dll
0x00007ff9c8d40000 - 0x00007ff9c9094000 	C:\Windows\System32\combase.dll
0x00007ff9c70d0000 - 0x00007ff9c70fb000 	C:\Windows\SYSTEM32\Wldp.dll
0x00007ff9c9170000 - 0x00007ff9c923d000 	C:\Windows\System32\OLEAUT32.dll
0x00007ff9c9550000 - 0x00007ff9c95fd000 	C:\Windows\System32\SHCORE.dll
0x00007ff9c97f0000 - 0x00007ff9c984b000 	C:\Windows\System32\shlwapi.dll
0x00007ff9c7790000 - 0x00007ff9c77b4000 	C:\Windows\SYSTEM32\profapi.dll
0x00007ff9b60c0000 - 0x00007ff9b60d8000 	c:\Users\umer\.antigravity\extensions\redhat.java-1.53.0-win32-x64\jre\21.0.10-win32-x86_64\bin\zip.dll
0x00007ff9b6360000 - 0x00007ff9b6370000 	C:\Users\umer\.antigravity\extensions\redhat.java-1.53.0-win32-x64\jre\21.0.10-win32-x86_64\bin\net.dll
0x00007ff9c2a30000 - 0x00007ff9c2b3a000 	C:\Windows\SYSTEM32\WINHTTP.dll
0x00007ff9c6eb0000 - 0x00007ff9c6f1a000 	C:\Windows\system32\mswsock.dll
0x00007ff9b60a0000 - 0x00007ff9b60b6000 	C:\Users\umer\.antigravity\extensions\redhat.java-1.53.0-win32-x64\jre\21.0.10-win32-x86_64\bin\nio.dll
0x00007ff9b6090000 - 0x00007ff9b60a0000 	c:\Users\umer\.antigravity\extensions\redhat.java-1.53.0-win32-x64\jre\21.0.10-win32-x86_64\bin\verify.dll
0x00007ff9b30a0000 - 0x00007ff9b30e5000 	C:\Users\umer\AppData\Roaming\Antigravity\User\globalStorage\redhat.java\1.53.0\config_win\org.eclipse.equinox.launcher\org.eclipse.equinox.launcher.win32.win32.x86_64_1.3.0.v20260203-2149\eclipse_11919.dll
0x00007ff9c9240000 - 0x00007ff9c936b000 	C:\Windows\System32\ole32.dll
0x00007ff9c7440000 - 0x00007ff9c7458000 	C:\Windows\SYSTEM32\CRYPTSP.dll
0x00007ff9c67f0000 - 0x00007ff9c6828000 	C:\Windows\system32\rsaenh.dll
0x00007ff9c7750000 - 0x00007ff9c777e000 	C:\Windows\SYSTEM32\USERENV.dll
0x00007ff9c7040000 - 0x00007ff9c704c000 	C:\Windows\SYSTEM32\CRYPTBASE.dll
0x00007ff9c6bb0000 - 0x00007ff9c6beb000 	C:\Windows\SYSTEM32\IPHLPAPI.DLL
0x00007ff9c9630000 - 0x00007ff9c9638000 	C:\Windows\System32\NSI.dll
0x00007ff9b25b0000 - 0x00007ff9b25f9000 	C:\Users\umer\AppData\Local\Temp\jna-3593541\jna10534584331518068706.dll
0x00007ff9c93d0000 - 0x00007ff9c93d8000 	C:\Windows\System32\PSAPI.DLL
0x00007ff9c15b0000 - 0x00007ff9c15c7000 	C:\Windows\SYSTEM32\dhcpcsvc6.DLL
0x00007ff9c1550000 - 0x00007ff9c156d000 	C:\Windows\SYSTEM32\dhcpcsvc.DLL
0x00007ff9b6500000 - 0x00007ff9b650e000 	C:\Users\umer\.antigravity\extensions\redhat.java-1.53.0-win32-x64\jre\21.0.10-win32-x86_64\bin\sunmscapi.dll
0x00007ff9c7f50000 - 0x00007ff9c80ad000 	C:\Windows\System32\CRYPT32.dll
0x00007ff9c7140000 - 0x00007ff9c7167000 	C:\Windows\SYSTEM32\ncrypt.dll
0x00007ff9c7100000 - 0x00007ff9c713b000 	C:\Windows\SYSTEM32\NTASN1.dll
0x00007ff9c6bf0000 - 0x00007ff9c6cba000 	C:\Windows\SYSTEM32\DNSAPI.dll
0x00007ff9be940000 - 0x00007ff9be94a000 	C:\Windows\System32\rasadhlp.dll
0x00007ff9bd080000 - 0x00007ff9bd100000 	C:\Windows\System32\fwpuclnt.dll
0x00007ff9b64f0000 - 0x00007ff9b64f9000 	C:\Users\umer\.antigravity\extensions\redhat.java-1.53.0-win32-x64\jre\21.0.10-win32-x86_64\bin\extnet.dll
0x00007ff9b5c00000 - 0x00007ff9b5c27000 	C:\Users\umer\.gradle\native\1def1411415f61bf3af743bc5b6707747c0891f09f0c88961ee8f79bc544acac\windows-amd64\native-platform.dll
0x00007ff9b5f30000 - 0x00007ff9b5f3a000 	C:\Users\umer\.antigravity\extensions\redhat.java-1.53.0-win32-x64\jre\21.0.10-win32-x86_64\bin\management.dll
0x00007ff9b5f20000 - 0x00007ff9b5f2c000 	C:\Users\umer\.antigravity\extensions\redhat.java-1.53.0-win32-x64\jre\21.0.10-win32-x86_64\bin\management_ext.dll
0x00007ff9b4c10000 - 0x00007ff9b4c17000 	C:\Windows\system32\wshunix.dll

JVMTI agents:
c:\Users\umer\.antigravity\extensions\redhat.java-1.53.0-win32-x64\lombok\lombok-1.18.39-4050.jar path:c:\Users\umer\.antigravity\extensions\redhat.java-1.53.0-win32-x64\jre\21.0.10-win32-x86_64\bin\instrument.dll, loaded, initialized, instrumentlib options:none

dbghelp: loaded successfully - version: 4.0.5 - missing functions: none
symbol engine: initialized successfully - sym options: 0x614 - pdb path: .;c:\Users\umer\.antigravity\extensions\redhat.java-1.53.0-win32-x64\jre\21.0.10-win32-x86_64\bin;C:\Windows\SYSTEM32;C:\Windows\WinSxS\amd64_microsoft.windows.common-controls_6595b64144ccf1df_6.0.19041.6456_none_60b8a6cb71f64256;c:\Users\umer\.antigravity\extensions\redhat.java-1.53.0-win32-x64\jre\21.0.10-win32-x86_64\bin\server;C:\Users\umer\AppData\Roaming\Antigravity\User\globalStorage\redhat.java\1.53.0\config_win\org.eclipse.equinox.launcher\org.eclipse.equinox.launcher.win32.win32.x86_64_1.3.0.v20260203-2149;C:\Users\umer\AppData\Local\Temp\jna-3593541;C:\Users\umer\.gradle\native\1def1411415f61bf3af743bc5b6707747c0891f09f0c88961ee8f79bc544acac\windows-amd64

VM Arguments:
jvm_args: --add-modules=ALL-SYSTEM --add-opens=java.base/java.util=ALL-UNNAMED --add-opens=java.base/java.lang=ALL-UNNAMED --add-opens=java.base/sun.nio.fs=ALL-UNNAMED -Declipse.application=org.eclipse.jdt.ls.core.id1 -Dosgi.bundles.defaultStartLevel=4 -Declipse.product=org.eclipse.jdt.ls.core.product -Djava.import.generatesMetadataFilesAtProjectRoot=false -DDetectVMInstallationsJob.disabled=true -Dfile.encoding=utf8 -XX:+UseParallelGC -XX:GCTimeRatio=4 -XX:AdaptiveSizePolicyWeight=90 -Dsun.zip.disableMemoryMapping=true -Xmx2G -Xms100m -Xlog:disable -javaagent:c:\Users\umer\.antigravity\extensions\redhat.java-1.53.0-win32-x64\lombok\lombok-1.18.39-4050.jar -XX:+HeapDumpOnOutOfMemoryError -XX:HeapDumpPath=c:\Users\umer\AppData\Roaming\Antigravity\User\workspaceStorage\6df3d27f3bd43c630c54ccd35b3d9e58\redhat.java -Daether.dependencyCollector.impl=bf 
java_command: c:\Users\umer\.antigravity\extensions\redhat.java-1.53.0-win32-x64\server\plugins\org.eclipse.equinox.launcher_1.7.100.v20251111-0406.jar -configuration c:\Users\umer\AppData\Roaming\Antigravity\User\globalStorage\redhat.java\1.53.0\config_win -data c:\Users\umer\AppData\Roaming\Antigravity\User\workspaceStorage\6df3d27f3bd43c630c54ccd35b3d9e58\redhat.java\jdt_ws --pipe=\\.\pipe\lsp-f68d25d8b41fb849f1117768775a7d47-sock
java_class_path (initial): c:\Users\umer\.antigravity\extensions\redhat.java-1.53.0-win32-x64\server\plugins\org.eclipse.equinox.launcher_1.7.100.v20251111-0406.jar
Launcher Type: SUN_STANDARD

[Global flags]
    uintx AdaptiveSizePolicyWeight                 = 90                                        {product} {command line}
     intx CICompilerCount                          = 3                                         {product} {ergonomic}
    uintx GCTimeRatio                              = 4                                         {product} {command line}
     bool HeapDumpOnOutOfMemoryError               = true                                   {manageable} {command line}
    ccstr HeapDumpPath                             = c:\Users\umer\AppData\Roaming\Antigravity\User\workspaceStorage\6df3d27f3bd43c630c54ccd35b3d9e58\redhat.java         {manageable} {command line}
   size_t InitialHeapSize                          = 104857600                                 {product} {command line}
   size_t MaxHeapSize                              = 2147483648                                {product} {command line}
   size_t MaxNewSize                               = 715653120                                 {product} {ergonomic}
   size_t MinHeapDeltaBytes                        = 524288                                    {product} {ergonomic}
   size_t MinHeapSize                              = 104857600                                 {product} {command line}
   size_t NewSize                                  = 34603008                                  {product} {ergonomic}
    uintx NonNMethodCodeHeapSize                   = 5832780                                {pd product} {ergonomic}
    uintx NonProfiledCodeHeapSize                  = 122912730                              {pd product} {ergonomic}
   size_t OldSize                                  = 70254592                                  {product} {ergonomic}
    uintx ProfiledCodeHeapSize                     = 122912730                              {pd product} {ergonomic}
    uintx ReservedCodeCacheSize                    = 251658240                              {pd product} {ergonomic}
     bool SegmentedCodeCache                       = true                                      {product} {ergonomic}
   size_t SoftMaxHeapSize                          = 2147483648                             {manageable} {ergonomic}
     bool UseCompressedOops                        = true                           {product lp64_product} {ergonomic}
     bool UseLargePagesIndividualAllocation        = false                                  {pd product} {ergonomic}
     bool UseParallelGC                            = true                                      {product} {command line}

Logging:
Log output configuration:
 #0: stdout all=off uptime,level,tags foldmultilines=false
 #1: stderr all=off uptime,level,tags foldmultilines=false

Release file:
JAVA_VERSION="21.0.10" 
MODULES="java.base java.compiler java.datatransfer java.xml java.prefs java.desktop java.instrument java.logging java.management java.security.sasl java.naming java.rmi java.management.rmi java.net.http java.scripting java.security.jgss java.transaction.xa java.sql java.sql.rowset java.xml.crypto java.se java.smartcardio jdk.accessibility jdk.internal.jvmstat jdk.attach jdk.charsets jdk.internal.opt jdk.zipfs jdk.compiler jdk.crypto.ec jdk.crypto.cryptoki jdk.crypto.mscapi jdk.dynalink jdk.internal.ed jdk.editpad jdk.hotspot.agent jdk.httpserver jdk.internal.le jdk.internal.vm.ci jdk.internal.vm.compiler jdk.internal.vm.compiler.management jdk.jartool jdk.javadoc jdk.jcmd jdk.management jdk.management.agent jdk.jconsole jdk.jdeps jdk.jdwp.agent jdk.jdi jdk.jfr jdk.jshell jdk.jsobject jdk.jstatd jdk.localedata jdk.management.jfr jdk.naming.dns jdk.naming.rmi jdk.net jdk.nio.mapmode jdk.random jdk.sctp jdk.security.auth jdk.security.jgss jdk.unsupported jdk.unsupported.desktop jdk.xml.dom" 

Environment Variables:
JAVA_HOME=C:\Program Files\Eclipse Adoptium\jdk-17.0.17.10-hotspot
PATH=C:\Program Files\Eclipse Adoptium\jdk-17.0.17.10-hotspot\bin;C:\Program Files\Common Files\Oracle\Java\javapath;C:\Python313\Scripts\;C:\Python313\;C:\Windows\system32;C:\Windows;C:\Windows\System32\Wbem;C:\Windows\System32\WindowsPowerShell\v1.0\;C:\Windows\System32\OpenSSH\;C:\Program Files\nodejs\;C:\ProgramData\chocolatey\bin;C:\Program Files\Git\cmd;C:\Users\umer\AppData\Local\Android\Sdk\platform-tools;C:\Users\umer\AppData\Local\Android\Sdk\tools;C:\Users\umer\AppData\Local\Android\Sdk\cmdline-tools\tools\bin;C:\Program Files\Eclipse Adoptium\jdk-17.0.17.10-hotspot\bin;C:\flutter\bin;C:\Users\umer\AppData\Local\Microsoft\WindowsApps;C:\Users\umer\AppData\Roaming\npm;C:\Users\umer\bin;C:\Users\umer\bin;C:\Users\umer\AppData\Local\Programs\Microsoft VS Code\bin;C:\Users\umer\AppData\Local\Programs\Antigravity\bin
USERNAME=umer
OS=Windows_NT
PROCESSOR_IDENTIFIER=Intel64 Family 6 Model 60 Stepping 3, GenuineIntel
TMP=C:\Users\umer\AppData\Local\Temp
TEMP=C:\Users\umer\AppData\Local\Temp




Periodic native trim disabled

---------------  S Y S T E M  ---------------

OS:
 Windows 10 , 64 bit Build 19041 (10.0.19041.5915)
OS uptime: 0 days 1:05 hours
Hyper-V role detected

CPU: total 4 (initial active 4) (4 cores per cpu, 1 threads per core) family 6 model 60 stepping 3 microcode 0x27, cx8, cmov, fxsr, mmx, sse, sse2, sse3, ssse3, sse4.1, sse4.2, popcnt, lzcnt, tsc, tscinvbit, avx, avx2, aes, erms, clmul, bmi1, bmi2, fma, vzeroupper, clflush, hv, rdtscp, f16c
Processor Information for the first 4 processors :
  Max Mhz: 3201, Current Mhz: 3201, Mhz Limit: 3201

Memory: 4k page, system-wide physical 8082M (499M free)
TotalPageFile size 14970M (AvailPageFile size 3M)
current process WorkingSet (physical memory assigned to process): 1162M, peak: 1290M
current process commit charge ("private bytes"): 1589M, peak: 1685M

vm_info: OpenJDK 64-Bit Server VM (21.0.10+7-LTS) for windows-amd64 JRE (21.0.10+7-LTS), built on 2026-01-20T00:00:00Z by "admin" with MS VC++ 17.12 (VS2022)

END.
